[0.096s] Invoking command in '/home/robotics_roomba_2/slam2d/build/tmf882x_interfaces': CMAKE_PREFIX_PATH=${CMAKE_PREFIX_PATH}:/home/robotics_roomba_2/slam2d/install/tmf882x:/home/robotics_roomba_2/slam2d/install/create3_teleop:/home/robotics_roomba_2/slam2d/install/create3_examples_py:/opt/ros/humble /usr/bin/cmake --build /home/robotics_roomba_2/slam2d/build/tmf882x_interfaces -- -j4 -l4
[0.531s] [  3%] Built target tmf882x_interfaces__cpp
[0.588s] [ 12%] Built target tmf882x_interfaces__rosidl_generator_c
[0.706s] [ 12%] Built target ament_cmake_python_symlink_tmf882x_interfaces
[0.791s] [ 22%] Built target tmf882x_interfaces__rosidl_typesupport_introspection_cpp
[0.861s] [ 32%] Built target tmf882x_interfaces__rosidl_typesupport_cpp
[0.918s] [ 41%] Built target tmf882x_interfaces__rosidl_typesupport_fastrtps_cpp
[1.071s] [ 51%] Built target tmf882x_interfaces__rosidl_typesupport_fastrtps_c
[1.094s] [ 61%] Built target tmf882x_interfaces__rosidl_typesupport_c
[1.121s] [ 70%] Built target tmf882x_interfaces__rosidl_typesupport_introspection_c
[1.439s] [ 70%] Built target tmf882x_interfaces
[1.702s] [ 74%] Built target tmf882x_interfaces__py
[2.021s] [ 80%] Built target tmf882x_interfaces__rosidl_generator_py
[2.262s] [ 87%] Built target tmf882x_interfaces__rosidl_typesupport_c__pyext
[2.303s] [ 93%] Built target tmf882x_interfaces__rosidl_typesupport_fastrtps_c__pyext
[2.306s] [100%] Built target tmf882x_interfaces__rosidl_typesupport_introspection_c__pyext
[3.546s] running egg_info
[3.551s] writing tmf882x_interfaces.egg-info/PKG-INFO
[3.557s] writing dependency_links to tmf882x_interfaces.egg-info/dependency_links.txt
[3.563s] writing top-level names to tmf882x_interfaces.egg-info/top_level.txt
[3.583s] reading manifest file 'tmf882x_interfaces.egg-info/SOURCES.txt'
[3.590s] writing manifest file 'tmf882x_interfaces.egg-info/SOURCES.txt'
[3.852s] [100%] Built target ament_cmake_python_build_tmf882x_interfaces_egg
[3.946s] Invoked command in '/home/robotics_roomba_2/slam2d/build/tmf882x_interfaces' returned '0': CMAKE_PREFIX_PATH=${CMAKE_PREFIX_PATH}:/home/robotics_roomba_2/slam2d/install/tmf882x:/home/robotics_roomba_2/slam2d/install/create3_teleop:/home/robotics_roomba_2/slam2d/install/create3_examples_py:/opt/ros/humble /usr/bin/cmake --build /home/robotics_roomba_2/slam2d/build/tmf882x_interfaces -- -j4 -l4
[4.522s] Invoking command in '/home/robotics_roomba_2/slam2d/build/tmf882x_interfaces': CMAKE_PREFIX_PATH=${CMAKE_PREFIX_PATH}:/home/robotics_roomba_2/slam2d/install/tmf882x:/home/robotics_roomba_2/slam2d/install/create3_teleop:/home/robotics_roomba_2/slam2d/install/create3_examples_py:/opt/ros/humble /usr/bin/cmake --install /home/robotics_roomba_2/slam2d/build/tmf882x_interfaces
[4.567s] -- Install configuration: ""
[4.574s] -- Execute custom install script
[4.580s] -- Up-to-date symlink: /home/robotics_roomba_2/slam2d/install/tmf882x_interfaces/share/ament_index/resource_index/rosidl_interfaces/tmf882x_interfaces
[4.591s] -- Up-to-date symlink: /home/robotics_roomba_2/slam2d/install/tmf882x_interfaces/include/tmf882x_interfaces/tmf882x_interfaces/msg/detail/tmf882_x_measure__functions.h
[4.597s] -- Up-to-date symlink: /home/robotics_roomba_2/slam2d/install/tmf882x_interfaces/include/tmf882x_interfaces/tmf882x_interfaces/msg/detail/tmf882_x_measure__struct.h
[4.602s] -- Up-to-date symlink: /home/robotics_roomba_2/slam2d/install/tmf882x_interfaces/include/tmf882x_interfaces/tmf882x_interfaces/msg/detail/tmf882_x_measure__type_support.h
[4.608s] -- Up-to-date symlink: /home/robotics_roomba_2/slam2d/install/tmf882x_interfaces/include/tmf882x_interfaces/tmf882x_interfaces/msg/rosidl_generator_c__visibility_control.h
[4.615s] -- Up-to-date symlink: /home/robotics_roomba_2/slam2d/install/tmf882x_interfaces/include/tmf882x_interfaces/tmf882x_interfaces/msg/tmf882_x_measure.h
[4.620s] -- Up-to-date symlink: /home/robotics_roomba_2/slam2d/install/tmf882x_interfaces/share/tmf882x_interfaces/environment/library_path.sh
[4.626s] -- Up-to-date symlink: /home/robotics_roomba_2/slam2d/install/tmf882x_interfaces/share/tmf882x_interfaces/environment/library_path.dsv
[4.634s] -- Up-to-date symlink: /home/robotics_roomba_2/slam2d/install/tmf882x_interfaces/include/tmf882x_interfaces/tmf882x_interfaces/msg/detail/tmf882_x_measure__rosidl_typesupport_fastrtps_c.h
[4.639s] -- Up-to-date symlink: /home/robotics_roomba_2/slam2d/install/tmf882x_interfaces/include/tmf882x_interfaces/tmf882x_interfaces/msg/rosidl_typesupport_fastrtps_c__visibility_control.h
[4.647s] -- Up-to-date symlink: /home/robotics_roomba_2/slam2d/install/tmf882x_interfaces/include/tmf882x_interfaces/tmf882x_interfaces/msg/detail/tmf882_x_measure__rosidl_typesupport_introspection_c.h
[4.652s] -- Up-to-date symlink: /home/robotics_roomba_2/slam2d/install/tmf882x_interfaces/include/tmf882x_interfaces/tmf882x_interfaces/msg/rosidl_typesupport_introspection_c__visibility_control.h
[4.659s] -- Up-to-date symlink: /home/robotics_roomba_2/slam2d/install/tmf882x_interfaces/include/tmf882x_interfaces/tmf882x_interfaces/msg/detail/tmf882_x_measure__builder.hpp
[4.664s] -- Up-to-date symlink: /home/robotics_roomba_2/slam2d/install/tmf882x_interfaces/include/tmf882x_interfaces/tmf882x_interfaces/msg/detail/tmf882_x_measure__struct.hpp
[4.670s] -- Up-to-date symlink: /home/robotics_roomba_2/slam2d/install/tmf882x_interfaces/include/tmf882x_interfaces/tmf882x_interfaces/msg/detail/tmf882_x_measure__traits.hpp
[4.675s] -- Up-to-date symlink: /home/robotics_roomba_2/slam2d/install/tmf882x_interfaces/include/tmf882x_interfaces/tmf882x_interfaces/msg/tmf882_x_measure.hpp
[4.684s] -- Up-to-date symlink: /home/robotics_roomba_2/slam2d/install/tmf882x_interfaces/include/tmf882x_interfaces/tmf882x_interfaces/msg/detail/tmf882_x_measure__rosidl_typesupport_fastrtps_cpp.hpp
[4.693s] -- Up-to-date symlink: /home/robotics_roomba_2/slam2d/install/tmf882x_interfaces/include/tmf882x_interfaces/tmf882x_interfaces/msg/rosidl_typesupport_fastrtps_cpp__visibility_control.h
[4.699s] -- Up-to-date symlink: /home/robotics_roomba_2/slam2d/install/tmf882x_interfaces/include/tmf882x_interfaces/tmf882x_interfaces/msg/detail/tmf882_x_measure__rosidl_typesupport_introspection_cpp.hpp
[4.704s] -- Up-to-date symlink: /home/robotics_roomba_2/slam2d/install/tmf882x_interfaces/share/tmf882x_interfaces/environment/pythonpath.sh
[4.707s] -- Up-to-date symlink: /home/robotics_roomba_2/slam2d/install/tmf882x_interfaces/share/tmf882x_interfaces/environment/pythonpath.dsv
[4.710s] -- Up-to-date symlink: /home/robotics_roomba_2/slam2d/install/tmf882x_interfaces/local/lib/python3.10/dist-packages/tmf882x_interfaces-1.0.0-py3.10.egg-info/PKG-INFO
[4.714s] -- Up-to-date symlink: /home/robotics_roomba_2/slam2d/install/tmf882x_interfaces/local/lib/python3.10/dist-packages/tmf882x_interfaces-1.0.0-py3.10.egg-info/SOURCES.txt
[4.719s] -- Up-to-date symlink: /home/robotics_roomba_2/slam2d/install/tmf882x_interfaces/local/lib/python3.10/dist-packages/tmf882x_interfaces-1.0.0-py3.10.egg-info/dependency_links.txt
[4.723s] -- Up-to-date symlink: /home/robotics_roomba_2/slam2d/install/tmf882x_interfaces/local/lib/python3.10/dist-packages/tmf882x_interfaces-1.0.0-py3.10.egg-info/top_level.txt
[4.728s] -- Up-to-date symlink: /home/robotics_roomba_2/slam2d/install/tmf882x_interfaces/local/lib/python3.10/dist-packages/tmf882x_interfaces/__init__.py
[4.734s] -- Up-to-date symlink: /home/robotics_roomba_2/slam2d/install/tmf882x_interfaces/local/lib/python3.10/dist-packages/tmf882x_interfaces/_tmf882x_interfaces_s.ep.rosidl_typesupport_c.c
[4.741s] -- Up-to-date symlink: /home/robotics_roomba_2/slam2d/install/tmf882x_interfaces/local/lib/python3.10/dist-packages/tmf882x_interfaces/_tmf882x_interfaces_s.ep.rosidl_typesupport_fastrtps_c.c
[4.748s] -- Up-to-date symlink: /home/robotics_roomba_2/slam2d/install/tmf882x_interfaces/local/lib/python3.10/dist-packages/tmf882x_interfaces/_tmf882x_interfaces_s.ep.rosidl_typesupport_introspection_c.c
[4.764s] -- Up-to-date symlink: /home/robotics_roomba_2/slam2d/install/tmf882x_interfaces/local/lib/python3.10/dist-packages/tmf882x_interfaces/libtmf882x_interfaces__rosidl_generator_py.so
[4.767s] -- Up-to-date symlink: /home/robotics_roomba_2/slam2d/install/tmf882x_interfaces/local/lib/python3.10/dist-packages/tmf882x_interfaces/msg/__init__.py
[4.770s] -- Up-to-date symlink: /home/robotics_roomba_2/slam2d/install/tmf882x_interfaces/local/lib/python3.10/dist-packages/tmf882x_interfaces/msg/_tmf882_x_measure.py
[4.773s] -- Up-to-date symlink: /home/robotics_roomba_2/slam2d/install/tmf882x_interfaces/local/lib/python3.10/dist-packages/tmf882x_interfaces/msg/_tmf882_x_measure_s.c
[4.776s] -- Up-to-date symlink: /home/robotics_roomba_2/slam2d/install/tmf882x_interfaces/local/lib/python3.10/dist-packages/tmf882x_interfaces/tmf882x_interfaces_s__rosidl_typesupport_c.cpython-310-aarch64-linux-gnu.so
[4.779s] -- Up-to-date symlink: /home/robotics_roomba_2/slam2d/install/tmf882x_interfaces/local/lib/python3.10/dist-packages/tmf882x_interfaces/tmf882x_interfaces_s__rosidl_typesupport_fastrtps_c.cpython-310-aarch64-linux-gnu.so
[4.782s] -- Up-to-date symlink: /home/robotics_roomba_2/slam2d/install/tmf882x_interfaces/local/lib/python3.10/dist-packages/tmf882x_interfaces/tmf882x_interfaces_s__rosidl_typesupport_introspection_c.cpython-310-aarch64-linux-gnu.so
[4.786s] -- Up-to-date symlink: /home/robotics_roomba_2/slam2d/install/tmf882x_interfaces/local/lib/python3.10/dist-packages/tmf882x_interfaces/tmf882x_interfaces_s__rosidl_typesupport_fastrtps_c.cpython-310-aarch64-linux-gnu.so
[4.808s] -- Up-to-date symlink: /home/robotics_roomba_2/slam2d/install/tmf882x_interfaces/local/lib/python3.10/dist-packages/tmf882x_interfaces/tmf882x_interfaces_s__rosidl_typesupport_introspection_c.cpython-310-aarch64-linux-gnu.so
[4.809s] -- Up-to-date symlink: /home/robotics_roomba_2/slam2d/install/tmf882x_interfaces/local/lib/python3.10/dist-packages/tmf882x_interfaces/tmf882x_interfaces_s__rosidl_typesupport_c.cpython-310-aarch64-linux-gnu.so
[4.810s] -- Up-to-date symlink: /home/robotics_roomba_2/slam2d/install/tmf882x_interfaces/share/tmf882x_interfaces/msg/TMF882XMeasure.idl
[4.810s] -- Up-to-date symlink: /home/robotics_roomba_2/slam2d/install/tmf882x_interfaces/share/tmf882x_interfaces/msg/TMF882XMeasure.msg
[4.811s] -- Up-to-date symlink: /home/robotics_roomba_2/slam2d/install/tmf882x_interfaces/share/ament_index/resource_index/package_run_dependencies/tmf882x_interfaces
[4.811s] -- Up-to-date symlink: /home/robotics_roomba_2/slam2d/install/tmf882x_interfaces/share/ament_index/resource_index/parent_prefix_path/tmf882x_interfaces
[4.812s] -- Up-to-date symlink: /home/robotics_roomba_2/slam2d/install/tmf882x_interfaces/share/tmf882x_interfaces/environment/ament_prefix_path.sh
[4.813s] -- Up-to-date symlink: /home/robotics_roomba_2/slam2d/install/tmf882x_interfaces/share/tmf882x_interfaces/environment/ament_prefix_path.dsv
[4.813s] -- Up-to-date symlink: /home/robotics_roomba_2/slam2d/install/tmf882x_interfaces/share/tmf882x_interfaces/environment/path.sh
[4.814s] -- Up-to-date symlink: /home/robotics_roomba_2/slam2d/install/tmf882x_interfaces/share/tmf882x_interfaces/environment/path.dsv
[4.815s] -- Up-to-date symlink: /home/robotics_roomba_2/slam2d/install/tmf882x_interfaces/share/tmf882x_interfaces/local_setup.bash
[4.815s] -- Up-to-date symlink: /home/robotics_roomba_2/slam2d/install/tmf882x_interfaces/share/tmf882x_interfaces/local_setup.sh
[4.834s] -- Up-to-date symlink: /home/robotics_roomba_2/slam2d/install/tmf882x_interfaces/share/tmf882x_interfaces/local_setup.zsh
[4.834s] -- Up-to-date symlink: /home/robotics_roomba_2/slam2d/install/tmf882x_interfaces/share/tmf882x_interfaces/local_setup.dsv
[4.835s] -- Symlinking: /home/robotics_roomba_2/slam2d/install/tmf882x_interfaces/share/tmf882x_interfaces/package.dsv
[4.835s] -- Up-to-date symlink: /home/robotics_roomba_2/slam2d/install/tmf882x_interfaces/share/ament_index/resource_index/packages/tmf882x_interfaces
[4.836s] -- Up-to-date symlink: /home/robotics_roomba_2/slam2d/install/tmf882x_interfaces/share/tmf882x_interfaces/cmake/rosidl_cmake-extras.cmake
[4.836s] -- Up-to-date symlink: /home/robotics_roomba_2/slam2d/install/tmf882x_interfaces/share/tmf882x_interfaces/cmake/ament_cmake_export_include_directories-extras.cmake
[4.837s] -- Up-to-date symlink: /home/robotics_roomba_2/slam2d/install/tmf882x_interfaces/share/tmf882x_interfaces/cmake/ament_cmake_export_libraries-extras.cmake
[4.837s] -- Up-to-date symlink: /home/robotics_roomba_2/slam2d/install/tmf882x_interfaces/share/tmf882x_interfaces/cmake/ament_cmake_export_targets-extras.cmake
[4.838s] -- Up-to-date symlink: /home/robotics_roomba_2/slam2d/install/tmf882x_interfaces/share/tmf882x_interfaces/cmake/rosidl_cmake_export_typesupport_targets-extras.cmake
[4.838s] -- Up-to-date symlink: /home/robotics_roomba_2/slam2d/install/tmf882x_interfaces/share/tmf882x_interfaces/cmake/ament_cmake_export_dependencies-extras.cmake
[4.838s] -- Up-to-date symlink: /home/robotics_roomba_2/slam2d/install/tmf882x_interfaces/share/tmf882x_interfaces/cmake/rosidl_cmake_export_typesupport_libraries-extras.cmake
[4.839s] -- Up-to-date symlink: /home/robotics_roomba_2/slam2d/install/tmf882x_interfaces/share/tmf882x_interfaces/cmake/tmf882x_interfacesConfig.cmake
[4.839s] -- Up-to-date symlink: /home/robotics_roomba_2/slam2d/install/tmf882x_interfaces/share/tmf882x_interfaces/cmake/tmf882x_interfacesConfig-version.cmake
[4.842s] -- Up-to-date symlink: /home/robotics_roomba_2/slam2d/install/tmf882x_interfaces/share/tmf882x_interfaces/package.xml
[4.844s] -- Up-to-date: /home/robotics_roomba_2/slam2d/install/tmf882x_interfaces/lib/libtmf882x_interfaces__rosidl_generator_c.so
[4.848s] -- Up-to-date: /home/robotics_roomba_2/slam2d/install/tmf882x_interfaces/lib/libtmf882x_interfaces__rosidl_typesupport_fastrtps_c.so
[4.852s] -- Up-to-date: /home/robotics_roomba_2/slam2d/install/tmf882x_interfaces/lib/libtmf882x_interfaces__rosidl_typesupport_introspection_c.so
[4.856s] -- Up-to-date: /home/robotics_roomba_2/slam2d/install/tmf882x_interfaces/lib/libtmf882x_interfaces__rosidl_typesupport_c.so
[4.860s] -- Up-to-date: /home/robotics_roomba_2/slam2d/install/tmf882x_interfaces/lib/libtmf882x_interfaces__rosidl_typesupport_fastrtps_cpp.so
[4.864s] -- Up-to-date: /home/robotics_roomba_2/slam2d/install/tmf882x_interfaces/lib/libtmf882x_interfaces__rosidl_typesupport_introspection_cpp.so
[4.869s] -- Up-to-date: /home/robotics_roomba_2/slam2d/install/tmf882x_interfaces/lib/libtmf882x_interfaces__rosidl_typesupport_cpp.so
[5.108s] Listing '/home/robotics_roomba_2/slam2d/install/tmf882x_interfaces/local/lib/python3.10/dist-packages/tmf882x_interfaces'...
[5.109s] Listing '/home/robotics_roomba_2/slam2d/install/tmf882x_interfaces/local/lib/python3.10/dist-packages/tmf882x_interfaces/msg'...
[5.147s] -- Up-to-date: /home/robotics_roomba_2/slam2d/install/tmf882x_interfaces/lib/libtmf882x_interfaces__rosidl_generator_py.so
[5.149s] -- Up-to-date: /home/robotics_roomba_2/slam2d/install/tmf882x_interfaces/share/tmf882x_interfaces/cmake/export_tmf882x_interfaces__rosidl_generator_cExport.cmake
[5.152s] -- Up-to-date: /home/robotics_roomba_2/slam2d/install/tmf882x_interfaces/share/tmf882x_interfaces/cmake/export_tmf882x_interfaces__rosidl_generator_cExport-noconfig.cmake
[5.153s] -- Up-to-date: /home/robotics_roomba_2/slam2d/install/tmf882x_interfaces/share/tmf882x_interfaces/cmake/export_tmf882x_interfaces__rosidl_typesupport_fastrtps_cExport.cmake
[5.155s] -- Up-to-date: /home/robotics_roomba_2/slam2d/install/tmf882x_interfaces/share/tmf882x_interfaces/cmake/export_tmf882x_interfaces__rosidl_typesupport_fastrtps_cExport-noconfig.cmake
[5.157s] -- Up-to-date: /home/robotics_roomba_2/slam2d/install/tmf882x_interfaces/share/tmf882x_interfaces/cmake/tmf882x_interfaces__rosidl_typesupport_introspection_cExport.cmake
[5.158s] -- Up-to-date: /home/robotics_roomba_2/slam2d/install/tmf882x_interfaces/share/tmf882x_interfaces/cmake/tmf882x_interfaces__rosidl_typesupport_introspection_cExport-noconfig.cmake
[5.160s] -- Up-to-date: /home/robotics_roomba_2/slam2d/install/tmf882x_interfaces/share/tmf882x_interfaces/cmake/tmf882x_interfaces__rosidl_typesupport_cExport.cmake
[5.162s] -- Up-to-date: /home/robotics_roomba_2/slam2d/install/tmf882x_interfaces/share/tmf882x_interfaces/cmake/tmf882x_interfaces__rosidl_typesupport_cExport-noconfig.cmake
[5.164s] -- Up-to-date: /home/robotics_roomba_2/slam2d/install/tmf882x_interfaces/share/tmf882x_interfaces/cmake/export_tmf882x_interfaces__rosidl_generator_cppExport.cmake
[5.166s] -- Up-to-date: /home/robotics_roomba_2/slam2d/install/tmf882x_interfaces/share/tmf882x_interfaces/cmake/export_tmf882x_interfaces__rosidl_typesupport_fastrtps_cppExport.cmake
[5.168s] -- Up-to-date: /home/robotics_roomba_2/slam2d/install/tmf882x_interfaces/share/tmf882x_interfaces/cmake/export_tmf882x_interfaces__rosidl_typesupport_fastrtps_cppExport-noconfig.cmake
[5.171s] -- Up-to-date: /home/robotics_roomba_2/slam2d/install/tmf882x_interfaces/share/tmf882x_interfaces/cmake/tmf882x_interfaces__rosidl_typesupport_introspection_cppExport.cmake
[5.172s] -- Up-to-date: /home/robotics_roomba_2/slam2d/install/tmf882x_interfaces/share/tmf882x_interfaces/cmake/tmf882x_interfaces__rosidl_typesupport_introspection_cppExport-noconfig.cmake
[5.174s] -- Up-to-date: /home/robotics_roomba_2/slam2d/install/tmf882x_interfaces/share/tmf882x_interfaces/cmake/tmf882x_interfaces__rosidl_typesupport_cppExport.cmake
[5.176s] -- Up-to-date: /home/robotics_roomba_2/slam2d/install/tmf882x_interfaces/share/tmf882x_interfaces/cmake/tmf882x_interfaces__rosidl_typesupport_cppExport-noconfig.cmake
[5.178s] -- Up-to-date: /home/robotics_roomba_2/slam2d/install/tmf882x_interfaces/share/tmf882x_interfaces/cmake/export_tmf882x_interfaces__rosidl_generator_pyExport.cmake
[5.180s] -- Up-to-date: /home/robotics_roomba_2/slam2d/install/tmf882x_interfaces/share/tmf882x_interfaces/cmake/export_tmf882x_interfaces__rosidl_generator_pyExport-noconfig.cmake
[5.205s] Invoked command in '/home/robotics_roomba_2/slam2d/build/tmf882x_interfaces' returned '0': CMAKE_PREFIX_PATH=${CMAKE_PREFIX_PATH}:/home/robotics_roomba_2/slam2d/install/tmf882x:/home/robotics_roomba_2/slam2d/install/create3_teleop:/home/robotics_roomba_2/slam2d/install/create3_examples_py:/opt/ros/humble /usr/bin/cmake --install /home/robotics_roomba_2/slam2d/build/tmf882x_interfaces
