[6.760s] Invoking command in '/home/robotics_roomba_2/slam2d/build/create3_teleop': PYTHONPATH=/home/robotics_roomba_2/slam2d/build/create3_teleop/prefix_override:/home/robotics_roomba_2/slam2d/install/create3_teleop/lib/python3.10/site-packages:${PYTHONPATH} /usr/bin/python3 setup.py develop --uninstall --editable --build-directory /home/robotics_roomba_2/slam2d/build/create3_teleop/build
[9.082s] running develop
[11.355s] Invoked command in '/home/robotics_roomba_2/slam2d/build/create3_teleop' returned '0': PYTHONPATH=/home/robotics_roomba_2/slam2d/build/create3_teleop/prefix_override:/home/robotics_roomba_2/slam2d/install/create3_teleop/lib/python3.10/site-packages:${PYTHONPATH} /usr/bin/python3 setup.py develop --uninstall --editable --build-directory /home/robotics_roomba_2/slam2d/build/create3_teleop/build
[11.360s] Invoking command in '/home/robotics_roomba_2/slam2d/src/create3_examples/create3_teleop': PYTHONPATH=/home/robotics_roomba_2/slam2d/build/create3_teleop/prefix_override:/home/robotics_roomba_2/slam2d/install/create3_teleop/lib/python3.10/site-packages:${PYTHONPATH} /usr/bin/python3 setup.py egg_info --egg-base ../../../build/create3_teleop build --build-base /home/robotics_roomba_2/slam2d/build/create3_teleop/build install --record /home/robotics_roomba_2/slam2d/build/create3_teleop/install.log --single-version-externally-managed
[13.495s] running egg_info
[13.497s] writing ../../../build/create3_teleop/create3_teleop.egg-info/PKG-INFO
[13.501s] writing dependency_links to ../../../build/create3_teleop/create3_teleop.egg-info/dependency_links.txt
[13.511s] writing requirements to ../../../build/create3_teleop/create3_teleop.egg-info/requires.txt
[13.512s] writing top-level names to ../../../build/create3_teleop/create3_teleop.egg-info/top_level.txt
[13.512s] reading manifest file '../../../build/create3_teleop/create3_teleop.egg-info/SOURCES.txt'
[13.513s] writing manifest file '../../../build/create3_teleop/create3_teleop.egg-info/SOURCES.txt'
[13.541s] running build
[13.546s] running install
[13.551s] running install_data
[13.551s] running install_egg_info
[13.552s] removing '/home/robotics_roomba_2/slam2d/install/create3_teleop/lib/python3.10/site-packages/create3_teleop-0.0.1-py3.10.egg-info' (and everything under it)
[13.553s] Copying ../../../build/create3_teleop/create3_teleop.egg-info to /home/robotics_roomba_2/slam2d/install/create3_teleop/lib/python3.10/site-packages/create3_teleop-0.0.1-py3.10.egg-info
[13.553s] running install_scripts
[13.638s] writing list of installed files to '/home/robotics_roomba_2/slam2d/build/create3_teleop/install.log'
[13.791s] Invoked command in '/home/robotics_roomba_2/slam2d/src/create3_examples/create3_teleop' returned '0': PYTHONPATH=/home/robotics_roomba_2/slam2d/build/create3_teleop/prefix_override:/home/robotics_roomba_2/slam2d/install/create3_teleop/lib/python3.10/site-packages:${PYTHONPATH} /usr/bin/python3 setup.py egg_info --egg-base ../../../build/create3_teleop build --build-base /home/robotics_roomba_2/slam2d/build/create3_teleop/build install --record /home/robotics_roomba_2/slam2d/build/create3_teleop/install.log --single-version-externally-managed
