[0.248s] Invoking command in '/home/robotics_roomba_2/slam2d/build/create3_examples_msgs': CMAKE_PREFIX_PATH=${CMAKE_PREFIX_PATH}:/home/robotics_roomba_2/slam2d/install/tmf882x:/home/robotics_roomba_2/slam2d/install/create3_teleop:/home/robotics_roomba_2/slam2d/install/create3_examples_py:/opt/ros/humble /usr/bin/cmake --build /home/robotics_roomba_2/slam2d/build/create3_examples_msgs -- -j4 -l4
[2.304s] [  3%] Built target create3_examples_msgs__cpp
[2.305s] [ 12%] Built target create3_examples_msgs__rosidl_generator_c
[2.305s] [ 12%] Built target ament_cmake_python_copy_create3_examples_msgs
[2.306s] [ 22%] Built target create3_examples_msgs__rosidl_typesupport_cpp
[2.306s] [ 32%] Built target create3_examples_msgs__rosidl_typesupport_fastrtps_cpp
[2.307s] [ 41%] Built target create3_examples_msgs__rosidl_typesupport_introspection_cpp
[2.307s] [ 51%] Built target create3_examples_msgs__rosidl_typesupport_fastrtps_c
[2.308s] [ 61%] Built target create3_examples_msgs__rosidl_typesupport_introspection_c
[2.308s] [ 70%] Built target create3_examples_msgs__rosidl_typesupport_c
[2.310s] [ 70%] Built target create3_examples_msgs
[2.310s] [ 74%] Built target create3_examples_msgs__py
[2.311s] [ 80%] Built target create3_examples_msgs__rosidl_generator_py
[2.311s] [ 87%] Built target create3_examples_msgs__rosidl_typesupport_c__pyext
[2.312s] [ 93%] Built target create3_examples_msgs__rosidl_typesupport_introspection_c__pyext
[2.312s] [100%] Built target create3_examples_msgs__rosidl_typesupport_fastrtps_c__pyext
[2.595s] running egg_info
[2.600s] writing create3_examples_msgs.egg-info/PKG-INFO
[2.603s] writing dependency_links to create3_examples_msgs.egg-info/dependency_links.txt
[2.604s] writing top-level names to create3_examples_msgs.egg-info/top_level.txt
[2.617s] reading manifest file 'create3_examples_msgs.egg-info/SOURCES.txt'
[2.620s] writing manifest file 'create3_examples_msgs.egg-info/SOURCES.txt'
[2.767s] [100%] Built target ament_cmake_python_build_create3_examples_msgs_egg
[3.980s] Invoked command in '/home/robotics_roomba_2/slam2d/build/create3_examples_msgs' returned '0': CMAKE_PREFIX_PATH=${CMAKE_PREFIX_PATH}:/home/robotics_roomba_2/slam2d/install/tmf882x:/home/robotics_roomba_2/slam2d/install/create3_teleop:/home/robotics_roomba_2/slam2d/install/create3_examples_py:/opt/ros/humble /usr/bin/cmake --build /home/robotics_roomba_2/slam2d/build/create3_examples_msgs -- -j4 -l4
[4.551s] Invoking command in '/home/robotics_roomba_2/slam2d/build/create3_examples_msgs': CMAKE_PREFIX_PATH=${CMAKE_PREFIX_PATH}:/home/robotics_roomba_2/slam2d/install/tmf882x:/home/robotics_roomba_2/slam2d/install/create3_teleop:/home/robotics_roomba_2/slam2d/install/create3_examples_py:/opt/ros/humble /usr/bin/cmake --install /home/robotics_roomba_2/slam2d/build/create3_examples_msgs
[4.602s] -- Install configuration: ""
[4.604s] -- Up-to-date: /home/robotics_roomba_2/slam2d/install/create3_examples_msgs/share/ament_index/resource_index/rosidl_interfaces/create3_examples_msgs
[4.607s] -- Up-to-date: /home/robotics_roomba_2/slam2d/install/create3_examples_msgs/include/create3_examples_msgs/create3_examples_msgs
[4.615s] -- Up-to-date: /home/robotics_roomba_2/slam2d/install/create3_examples_msgs/include/create3_examples_msgs/create3_examples_msgs/msg
[4.616s] -- Up-to-date: /home/robotics_roomba_2/slam2d/install/create3_examples_msgs/include/create3_examples_msgs/create3_examples_msgs/msg/rosidl_generator_c__visibility_control.h
[4.616s] -- Up-to-date: /home/robotics_roomba_2/slam2d/install/create3_examples_msgs/include/create3_examples_msgs/create3_examples_msgs/action
[4.617s] -- Up-to-date: /home/robotics_roomba_2/slam2d/install/create3_examples_msgs/include/create3_examples_msgs/create3_examples_msgs/action/detail
[4.621s] -- Up-to-date: /home/robotics_roomba_2/slam2d/install/create3_examples_msgs/include/create3_examples_msgs/create3_examples_msgs/action/detail/coverage__struct.h
[4.622s] -- Up-to-date: /home/robotics_roomba_2/slam2d/install/create3_examples_msgs/include/create3_examples_msgs/create3_examples_msgs/action/detail/coverage__functions.h
[4.622s] -- Up-to-date: /home/robotics_roomba_2/slam2d/install/create3_examples_msgs/include/create3_examples_msgs/create3_examples_msgs/action/detail/coverage__functions.c
[4.623s] -- Up-to-date: /home/robotics_roomba_2/slam2d/install/create3_examples_msgs/include/create3_examples_msgs/create3_examples_msgs/action/detail/coverage__type_support.h
[4.624s] -- Up-to-date: /home/robotics_roomba_2/slam2d/install/create3_examples_msgs/include/create3_examples_msgs/create3_examples_msgs/action/coverage.h
[4.624s] -- Up-to-date: /home/robotics_roomba_2/slam2d/install/create3_examples_msgs/share/create3_examples_msgs/environment/library_path.sh
[4.625s] -- Up-to-date: /home/robotics_roomba_2/slam2d/install/create3_examples_msgs/share/create3_examples_msgs/environment/library_path.dsv
[4.643s] -- Up-to-date: /home/robotics_roomba_2/slam2d/install/create3_examples_msgs/lib/libcreate3_examples_msgs__rosidl_generator_c.so
[4.643s] -- Up-to-date: /home/robotics_roomba_2/slam2d/install/create3_examples_msgs/include/create3_examples_msgs/create3_examples_msgs
[4.644s] -- Up-to-date: /home/robotics_roomba_2/slam2d/install/create3_examples_msgs/include/create3_examples_msgs/create3_examples_msgs/msg
[4.647s] -- Up-to-date: /home/robotics_roomba_2/slam2d/install/create3_examples_msgs/include/create3_examples_msgs/create3_examples_msgs/msg/rosidl_typesupport_fastrtps_c__visibility_control.h
[4.649s] -- Up-to-date: /home/robotics_roomba_2/slam2d/install/create3_examples_msgs/include/create3_examples_msgs/create3_examples_msgs/action
[4.650s] -- Up-to-date: /home/robotics_roomba_2/slam2d/install/create3_examples_msgs/include/create3_examples_msgs/create3_examples_msgs/action/detail
[4.652s] -- Up-to-date: /home/robotics_roomba_2/slam2d/install/create3_examples_msgs/include/create3_examples_msgs/create3_examples_msgs/action/detail/coverage__rosidl_typesupport_fastrtps_c.h
[4.653s] -- Up-to-date: /home/robotics_roomba_2/slam2d/install/create3_examples_msgs/lib/libcreate3_examples_msgs__rosidl_typesupport_fastrtps_c.so
[4.665s] -- Up-to-date: /home/robotics_roomba_2/slam2d/install/create3_examples_msgs/include/create3_examples_msgs/create3_examples_msgs
[4.669s] -- Up-to-date: /home/robotics_roomba_2/slam2d/install/create3_examples_msgs/include/create3_examples_msgs/create3_examples_msgs/msg
[4.669s] -- Up-to-date: /home/robotics_roomba_2/slam2d/install/create3_examples_msgs/include/create3_examples_msgs/create3_examples_msgs/msg/rosidl_typesupport_introspection_c__visibility_control.h
[4.670s] -- Up-to-date: /home/robotics_roomba_2/slam2d/install/create3_examples_msgs/include/create3_examples_msgs/create3_examples_msgs/action
[4.670s] -- Up-to-date: /home/robotics_roomba_2/slam2d/install/create3_examples_msgs/include/create3_examples_msgs/create3_examples_msgs/action/detail
[4.681s] -- Up-to-date: /home/robotics_roomba_2/slam2d/install/create3_examples_msgs/include/create3_examples_msgs/create3_examples_msgs/action/detail/coverage__type_support.c
[4.682s] -- Up-to-date: /home/robotics_roomba_2/slam2d/install/create3_examples_msgs/include/create3_examples_msgs/create3_examples_msgs/action/detail/coverage__rosidl_typesupport_introspection_c.h
[4.683s] -- Up-to-date: /home/robotics_roomba_2/slam2d/install/create3_examples_msgs/lib/libcreate3_examples_msgs__rosidl_typesupport_introspection_c.so
[4.690s] -- Up-to-date: /home/robotics_roomba_2/slam2d/install/create3_examples_msgs/lib/libcreate3_examples_msgs__rosidl_typesupport_c.so
[4.698s] -- Up-to-date: /home/robotics_roomba_2/slam2d/install/create3_examples_msgs/include/create3_examples_msgs/create3_examples_msgs
[4.699s] -- Up-to-date: /home/robotics_roomba_2/slam2d/install/create3_examples_msgs/include/create3_examples_msgs/create3_examples_msgs/action
[4.699s] -- Up-to-date: /home/robotics_roomba_2/slam2d/install/create3_examples_msgs/include/create3_examples_msgs/create3_examples_msgs/action/detail
[4.703s] -- Up-to-date: /home/robotics_roomba_2/slam2d/install/create3_examples_msgs/include/create3_examples_msgs/create3_examples_msgs/action/detail/coverage__traits.hpp
[4.704s] -- Up-to-date: /home/robotics_roomba_2/slam2d/install/create3_examples_msgs/include/create3_examples_msgs/create3_examples_msgs/action/detail/coverage__builder.hpp
[4.708s] -- Up-to-date: /home/robotics_roomba_2/slam2d/install/create3_examples_msgs/include/create3_examples_msgs/create3_examples_msgs/action/detail/coverage__struct.hpp
[4.720s] -- Up-to-date: /home/robotics_roomba_2/slam2d/install/create3_examples_msgs/include/create3_examples_msgs/create3_examples_msgs/action/coverage.hpp
[4.721s] -- Up-to-date: /home/robotics_roomba_2/slam2d/install/create3_examples_msgs/include/create3_examples_msgs/create3_examples_msgs
[4.721s] -- Up-to-date: /home/robotics_roomba_2/slam2d/install/create3_examples_msgs/include/create3_examples_msgs/create3_examples_msgs/msg
[4.722s] -- Up-to-date: /home/robotics_roomba_2/slam2d/install/create3_examples_msgs/include/create3_examples_msgs/create3_examples_msgs/msg/rosidl_typesupport_fastrtps_cpp__visibility_control.h
[4.722s] -- Up-to-date: /home/robotics_roomba_2/slam2d/install/create3_examples_msgs/include/create3_examples_msgs/create3_examples_msgs/action
[4.723s] -- Up-to-date: /home/robotics_roomba_2/slam2d/install/create3_examples_msgs/include/create3_examples_msgs/create3_examples_msgs/action/detail
[4.723s] -- Up-to-date: /home/robotics_roomba_2/slam2d/install/create3_examples_msgs/include/create3_examples_msgs/create3_examples_msgs/action/detail/dds_fastrtps
[4.729s] -- Up-to-date: /home/robotics_roomba_2/slam2d/install/create3_examples_msgs/include/create3_examples_msgs/create3_examples_msgs/action/detail/coverage__rosidl_typesupport_fastrtps_cpp.hpp
[4.729s] -- Up-to-date: /home/robotics_roomba_2/slam2d/install/create3_examples_msgs/lib/libcreate3_examples_msgs__rosidl_typesupport_fastrtps_cpp.so
[4.730s] -- Up-to-date: /home/robotics_roomba_2/slam2d/install/create3_examples_msgs/include/create3_examples_msgs/create3_examples_msgs
[4.731s] -- Up-to-date: /home/robotics_roomba_2/slam2d/install/create3_examples_msgs/include/create3_examples_msgs/create3_examples_msgs/action
[4.731s] -- Up-to-date: /home/robotics_roomba_2/slam2d/install/create3_examples_msgs/include/create3_examples_msgs/create3_examples_msgs/action/detail
[4.731s] -- Up-to-date: /home/robotics_roomba_2/slam2d/install/create3_examples_msgs/include/create3_examples_msgs/create3_examples_msgs/action/detail/coverage__rosidl_typesupport_introspection_cpp.hpp
[4.732s] -- Up-to-date: /home/robotics_roomba_2/slam2d/install/create3_examples_msgs/include/create3_examples_msgs/create3_examples_msgs/action/detail/coverage__type_support.cpp
[4.733s] -- Up-to-date: /home/robotics_roomba_2/slam2d/install/create3_examples_msgs/lib/libcreate3_examples_msgs__rosidl_typesupport_introspection_cpp.so
[4.737s] -- Up-to-date: /home/robotics_roomba_2/slam2d/install/create3_examples_msgs/lib/libcreate3_examples_msgs__rosidl_typesupport_cpp.so
[4.738s] -- Up-to-date: /home/robotics_roomba_2/slam2d/install/create3_examples_msgs/share/create3_examples_msgs/environment/pythonpath.sh
[4.738s] -- Up-to-date: /home/robotics_roomba_2/slam2d/install/create3_examples_msgs/share/create3_examples_msgs/environment/pythonpath.dsv
[4.739s] -- Up-to-date: /home/robotics_roomba_2/slam2d/install/create3_examples_msgs/local/lib/python3.10/dist-packages/create3_examples_msgs-0.0.1-py3.10.egg-info
[4.740s] -- Installing: /home/robotics_roomba_2/slam2d/install/create3_examples_msgs/local/lib/python3.10/dist-packages/create3_examples_msgs-0.0.1-py3.10.egg-info/SOURCES.txt
[4.740s] -- Installing: /home/robotics_roomba_2/slam2d/install/create3_examples_msgs/local/lib/python3.10/dist-packages/create3_examples_msgs-0.0.1-py3.10.egg-info/PKG-INFO
[4.741s] -- Installing: /home/robotics_roomba_2/slam2d/install/create3_examples_msgs/local/lib/python3.10/dist-packages/create3_examples_msgs-0.0.1-py3.10.egg-info/dependency_links.txt
[4.741s] -- Installing: /home/robotics_roomba_2/slam2d/install/create3_examples_msgs/local/lib/python3.10/dist-packages/create3_examples_msgs-0.0.1-py3.10.egg-info/top_level.txt
[4.742s] -- Up-to-date: /home/robotics_roomba_2/slam2d/install/create3_examples_msgs/local/lib/python3.10/dist-packages/create3_examples_msgs
[4.743s] -- Up-to-date: /home/robotics_roomba_2/slam2d/install/create3_examples_msgs/local/lib/python3.10/dist-packages/create3_examples_msgs/_create3_examples_msgs_s.ep.rosidl_typesupport_introspection_c.c
[4.743s] -- Up-to-date: /home/robotics_roomba_2/slam2d/install/create3_examples_msgs/local/lib/python3.10/dist-packages/create3_examples_msgs/libcreate3_examples_msgs__rosidl_generator_py.so
[4.744s] -- Up-to-date: /home/robotics_roomba_2/slam2d/install/create3_examples_msgs/local/lib/python3.10/dist-packages/create3_examples_msgs/create3_examples_msgs_s__rosidl_typesupport_c.cpython-310-aarch64-linux-gnu.so
[4.745s] -- Up-to-date: /home/robotics_roomba_2/slam2d/install/create3_examples_msgs/local/lib/python3.10/dist-packages/create3_examples_msgs/__init__.py
[4.745s] -- Up-to-date: /home/robotics_roomba_2/slam2d/install/create3_examples_msgs/local/lib/python3.10/dist-packages/create3_examples_msgs/_create3_examples_msgs_s.ep.rosidl_typesupport_fastrtps_c.c
[4.746s] -- Up-to-date: /home/robotics_roomba_2/slam2d/install/create3_examples_msgs/local/lib/python3.10/dist-packages/create3_examples_msgs/_create3_examples_msgs_s.ep.rosidl_typesupport_c.c
[4.746s] -- Up-to-date: /home/robotics_roomba_2/slam2d/install/create3_examples_msgs/local/lib/python3.10/dist-packages/create3_examples_msgs/create3_examples_msgs_s__rosidl_typesupport_introspection_c.cpython-310-aarch64-linux-gnu.so
[4.747s] -- Up-to-date: /home/robotics_roomba_2/slam2d/install/create3_examples_msgs/local/lib/python3.10/dist-packages/create3_examples_msgs/action
[4.748s] -- Up-to-date: /home/robotics_roomba_2/slam2d/install/create3_examples_msgs/local/lib/python3.10/dist-packages/create3_examples_msgs/action/_coverage_s.c
[4.748s] -- Up-to-date: /home/robotics_roomba_2/slam2d/install/create3_examples_msgs/local/lib/python3.10/dist-packages/create3_examples_msgs/action/__init__.py
[4.761s] -- Up-to-date: /home/robotics_roomba_2/slam2d/install/create3_examples_msgs/local/lib/python3.10/dist-packages/create3_examples_msgs/action/_coverage.py
[4.762s] -- Up-to-date: /home/robotics_roomba_2/slam2d/install/create3_examples_msgs/local/lib/python3.10/dist-packages/create3_examples_msgs/create3_examples_msgs_s__rosidl_typesupport_fastrtps_c.cpython-310-aarch64-linux-gnu.so
[4.960s] Listing '/home/robotics_roomba_2/slam2d/install/create3_examples_msgs/local/lib/python3.10/dist-packages/create3_examples_msgs'...
[4.962s] Listing '/home/robotics_roomba_2/slam2d/install/create3_examples_msgs/local/lib/python3.10/dist-packages/create3_examples_msgs/action'...
[4.999s] -- Up-to-date: /home/robotics_roomba_2/slam2d/install/create3_examples_msgs/local/lib/python3.10/dist-packages/create3_examples_msgs/create3_examples_msgs_s__rosidl_typesupport_fastrtps_c.cpython-310-aarch64-linux-gnu.so
[5.000s] -- Up-to-date: /home/robotics_roomba_2/slam2d/install/create3_examples_msgs/local/lib/python3.10/dist-packages/create3_examples_msgs/create3_examples_msgs_s__rosidl_typesupport_introspection_c.cpython-310-aarch64-linux-gnu.so
[5.005s] -- Up-to-date: /home/robotics_roomba_2/slam2d/install/create3_examples_msgs/local/lib/python3.10/dist-packages/create3_examples_msgs/create3_examples_msgs_s__rosidl_typesupport_c.cpython-310-aarch64-linux-gnu.so
[5.007s] -- Up-to-date: /home/robotics_roomba_2/slam2d/install/create3_examples_msgs/lib/libcreate3_examples_msgs__rosidl_generator_py.so
[5.009s] -- Up-to-date: /home/robotics_roomba_2/slam2d/install/create3_examples_msgs/share/create3_examples_msgs/action/Coverage.idl
[5.012s] -- Up-to-date: /home/robotics_roomba_2/slam2d/install/create3_examples_msgs/share/create3_examples_msgs/action/Coverage.action
[5.012s] -- Up-to-date: /home/robotics_roomba_2/slam2d/install/create3_examples_msgs/share/ament_index/resource_index/package_run_dependencies/create3_examples_msgs
[5.013s] -- Up-to-date: /home/robotics_roomba_2/slam2d/install/create3_examples_msgs/share/ament_index/resource_index/parent_prefix_path/create3_examples_msgs
[5.016s] -- Up-to-date: /home/robotics_roomba_2/slam2d/install/create3_examples_msgs/share/create3_examples_msgs/environment/ament_prefix_path.sh
[5.019s] -- Up-to-date: /home/robotics_roomba_2/slam2d/install/create3_examples_msgs/share/create3_examples_msgs/environment/ament_prefix_path.dsv
[5.021s] -- Up-to-date: /home/robotics_roomba_2/slam2d/install/create3_examples_msgs/share/create3_examples_msgs/environment/path.sh
[5.026s] -- Up-to-date: /home/robotics_roomba_2/slam2d/install/create3_examples_msgs/share/create3_examples_msgs/environment/path.dsv
[5.030s] -- Up-to-date: /home/robotics_roomba_2/slam2d/install/create3_examples_msgs/share/create3_examples_msgs/local_setup.bash
[5.034s] -- Up-to-date: /home/robotics_roomba_2/slam2d/install/create3_examples_msgs/share/create3_examples_msgs/local_setup.sh
[5.053s] -- Up-to-date: /home/robotics_roomba_2/slam2d/install/create3_examples_msgs/share/create3_examples_msgs/local_setup.zsh
[5.054s] -- Up-to-date: /home/robotics_roomba_2/slam2d/install/create3_examples_msgs/share/create3_examples_msgs/local_setup.dsv
[5.054s] -- Installing: /home/robotics_roomba_2/slam2d/install/create3_examples_msgs/share/create3_examples_msgs/package.dsv
[5.055s] -- Up-to-date: /home/robotics_roomba_2/slam2d/install/create3_examples_msgs/share/ament_index/resource_index/packages/create3_examples_msgs
[5.055s] -- Up-to-date: /home/robotics_roomba_2/slam2d/install/create3_examples_msgs/share/create3_examples_msgs/cmake/export_create3_examples_msgs__rosidl_generator_cExport.cmake
[5.056s] -- Up-to-date: /home/robotics_roomba_2/slam2d/install/create3_examples_msgs/share/create3_examples_msgs/cmake/export_create3_examples_msgs__rosidl_generator_cExport-noconfig.cmake
[5.056s] -- Up-to-date: /home/robotics_roomba_2/slam2d/install/create3_examples_msgs/share/create3_examples_msgs/cmake/export_create3_examples_msgs__rosidl_typesupport_fastrtps_cExport.cmake
[5.057s] -- Up-to-date: /home/robotics_roomba_2/slam2d/install/create3_examples_msgs/share/create3_examples_msgs/cmake/export_create3_examples_msgs__rosidl_typesupport_fastrtps_cExport-noconfig.cmake
[5.057s] -- Up-to-date: /home/robotics_roomba_2/slam2d/install/create3_examples_msgs/share/create3_examples_msgs/cmake/create3_examples_msgs__rosidl_typesupport_introspection_cExport.cmake
[5.058s] -- Up-to-date: /home/robotics_roomba_2/slam2d/install/create3_examples_msgs/share/create3_examples_msgs/cmake/create3_examples_msgs__rosidl_typesupport_introspection_cExport-noconfig.cmake
[5.058s] -- Up-to-date: /home/robotics_roomba_2/slam2d/install/create3_examples_msgs/share/create3_examples_msgs/cmake/create3_examples_msgs__rosidl_typesupport_cExport.cmake
[5.058s] -- Up-to-date: /home/robotics_roomba_2/slam2d/install/create3_examples_msgs/share/create3_examples_msgs/cmake/create3_examples_msgs__rosidl_typesupport_cExport-noconfig.cmake
[5.059s] -- Up-to-date: /home/robotics_roomba_2/slam2d/install/create3_examples_msgs/share/create3_examples_msgs/cmake/export_create3_examples_msgs__rosidl_generator_cppExport.cmake
[5.059s] -- Up-to-date: /home/robotics_roomba_2/slam2d/install/create3_examples_msgs/share/create3_examples_msgs/cmake/export_create3_examples_msgs__rosidl_typesupport_fastrtps_cppExport.cmake
[5.060s] -- Up-to-date: /home/robotics_roomba_2/slam2d/install/create3_examples_msgs/share/create3_examples_msgs/cmake/export_create3_examples_msgs__rosidl_typesupport_fastrtps_cppExport-noconfig.cmake
[5.060s] -- Up-to-date: /home/robotics_roomba_2/slam2d/install/create3_examples_msgs/share/create3_examples_msgs/cmake/create3_examples_msgs__rosidl_typesupport_introspection_cppExport.cmake
[5.061s] -- Up-to-date: /home/robotics_roomba_2/slam2d/install/create3_examples_msgs/share/create3_examples_msgs/cmake/create3_examples_msgs__rosidl_typesupport_introspection_cppExport-noconfig.cmake
[5.061s] -- Up-to-date: /home/robotics_roomba_2/slam2d/install/create3_examples_msgs/share/create3_examples_msgs/cmake/create3_examples_msgs__rosidl_typesupport_cppExport.cmake
[5.062s] -- Up-to-date: /home/robotics_roomba_2/slam2d/install/create3_examples_msgs/share/create3_examples_msgs/cmake/create3_examples_msgs__rosidl_typesupport_cppExport-noconfig.cmake
[5.062s] -- Up-to-date: /home/robotics_roomba_2/slam2d/install/create3_examples_msgs/share/create3_examples_msgs/cmake/export_create3_examples_msgs__rosidl_generator_pyExport.cmake
[5.062s] -- Up-to-date: /home/robotics_roomba_2/slam2d/install/create3_examples_msgs/share/create3_examples_msgs/cmake/export_create3_examples_msgs__rosidl_generator_pyExport-noconfig.cmake
[5.063s] -- Up-to-date: /home/robotics_roomba_2/slam2d/install/create3_examples_msgs/share/create3_examples_msgs/cmake/rosidl_cmake-extras.cmake
[5.063s] -- Up-to-date: /home/robotics_roomba_2/slam2d/install/create3_examples_msgs/share/create3_examples_msgs/cmake/ament_cmake_export_dependencies-extras.cmake
[5.063s] -- Up-to-date: /home/robotics_roomba_2/slam2d/install/create3_examples_msgs/share/create3_examples_msgs/cmake/ament_cmake_export_include_directories-extras.cmake
[5.064s] -- Up-to-date: /home/robotics_roomba_2/slam2d/install/create3_examples_msgs/share/create3_examples_msgs/cmake/ament_cmake_export_libraries-extras.cmake
[5.064s] -- Up-to-date: /home/robotics_roomba_2/slam2d/install/create3_examples_msgs/share/create3_examples_msgs/cmake/ament_cmake_export_targets-extras.cmake
[5.077s] -- Up-to-date: /home/robotics_roomba_2/slam2d/install/create3_examples_msgs/share/create3_examples_msgs/cmake/rosidl_cmake_export_typesupport_targets-extras.cmake
[5.078s] -- Up-to-date: /home/robotics_roomba_2/slam2d/install/create3_examples_msgs/share/create3_examples_msgs/cmake/rosidl_cmake_export_typesupport_libraries-extras.cmake
[5.078s] -- Up-to-date: /home/robotics_roomba_2/slam2d/install/create3_examples_msgs/share/create3_examples_msgs/cmake/create3_examples_msgsConfig.cmake
[5.079s] -- Up-to-date: /home/robotics_roomba_2/slam2d/install/create3_examples_msgs/share/create3_examples_msgs/cmake/create3_examples_msgsConfig-version.cmake
[5.079s] -- Up-to-date: /home/robotics_roomba_2/slam2d/install/create3_examples_msgs/share/create3_examples_msgs/package.xml
[7.040s] Invoked command in '/home/robotics_roomba_2/slam2d/build/create3_examples_msgs' returned '0': CMAKE_PREFIX_PATH=${CMAKE_PREFIX_PATH}:/home/robotics_roomba_2/slam2d/install/tmf882x:/home/robotics_roomba_2/slam2d/install/create3_teleop:/home/robotics_roomba_2/slam2d/install/create3_examples_py:/opt/ros/humble /usr/bin/cmake --install /home/robotics_roomba_2/slam2d/build/create3_examples_msgs
