[0.081s] Invoking command in '/home/robotics_roomba_2/slam2d/build/tmf882x_interfaces': CMAKE_PREFIX_PATH=${CMAKE_PREFIX_PATH}:/home/robotics_roomba_2/slam2d/install/tmf882x:/home/robotics_roomba_2/slam2d/install/create3_teleop:/home/robotics_roomba_2/slam2d/install/create3_examples_py:/opt/ros/humble /usr/bin/cmake --build /home/robotics_roomba_2/slam2d/build/tmf882x_interfaces -- -j4 -l4
[0.488s] [  9%] Built target tmf882x_interfaces__rosidl_generator_c
[0.502s] [ 12%] Built target tmf882x_interfaces__cpp
[0.540s] [ 12%] Built target ament_cmake_python_symlink_tmf882x_interfaces
[0.738s] [ 22%] Built target tmf882x_interfaces__rosidl_typesupport_fastrtps_c
[0.818s] [ 32%] Built target tmf882x_interfaces__rosidl_typesupport_c
[0.827s] [ 51%] Built target tmf882x_interfaces__rosidl_typesupport_fastrtps_cpp
[0.833s] [ 51%] Built target tmf882x_interfaces__rosidl_typesupport_introspection_c
[1.069s] [ 61%] Built target tmf882x_interfaces__rosidl_typesupport_introspection_cpp
[1.114s] [ 70%] Built target tmf882x_interfaces__rosidl_typesupport_cpp
[1.395s] [ 70%] Built target tmf882x_interfaces
[1.671s] [ 74%] Built target tmf882x_interfaces__py
[1.884s] [ 80%] Built target tmf882x_interfaces__rosidl_generator_py
[2.114s] [ 87%] Built target tmf882x_interfaces__rosidl_typesupport_fastrtps_c__pyext
[2.166s] [ 93%] Built target tmf882x_interfaces__rosidl_typesupport_c__pyext
[2.195s] [100%] Built target tmf882x_interfaces__rosidl_typesupport_introspection_c__pyext
[3.542s] running egg_info
[3.545s] writing tmf882x_interfaces.egg-info/PKG-INFO
[3.555s] writing dependency_links to tmf882x_interfaces.egg-info/dependency_links.txt
[3.559s] writing top-level names to tmf882x_interfaces.egg-info/top_level.txt
[3.591s] reading manifest file 'tmf882x_interfaces.egg-info/SOURCES.txt'
[3.601s] writing manifest file 'tmf882x_interfaces.egg-info/SOURCES.txt'
[3.768s] [100%] Built target ament_cmake_python_build_tmf882x_interfaces_egg
[3.843s] Invoked command in '/home/robotics_roomba_2/slam2d/build/tmf882x_interfaces' returned '0': CMAKE_PREFIX_PATH=${CMAKE_PREFIX_PATH}:/home/robotics_roomba_2/slam2d/install/tmf882x:/home/robotics_roomba_2/slam2d/install/create3_teleop:/home/robotics_roomba_2/slam2d/install/create3_examples_py:/opt/ros/humble /usr/bin/cmake --build /home/robotics_roomba_2/slam2d/build/tmf882x_interfaces -- -j4 -l4
[4.371s] Invoking command in '/home/robotics_roomba_2/slam2d/build/tmf882x_interfaces': CMAKE_PREFIX_PATH=${CMAKE_PREFIX_PATH}:/home/robotics_roomba_2/slam2d/install/tmf882x:/home/robotics_roomba_2/slam2d/install/create3_teleop:/home/robotics_roomba_2/slam2d/install/create3_examples_py:/opt/ros/humble /usr/bin/cmake --install /home/robotics_roomba_2/slam2d/build/tmf882x_interfaces
[4.422s] -- Install configuration: ""
[4.429s] -- Execute custom install script
[4.435s] -- Up-to-date symlink: /home/robotics_roomba_2/slam2d/install/tmf882x_interfaces/share/ament_index/resource_index/rosidl_interfaces/tmf882x_interfaces
[4.443s] -- Up-to-date symlink: /home/robotics_roomba_2/slam2d/install/tmf882x_interfaces/include/tmf882x_interfaces/tmf882x_interfaces/msg/detail/tmf882_x_measure__functions.h
[4.449s] -- Up-to-date symlink: /home/robotics_roomba_2/slam2d/install/tmf882x_interfaces/include/tmf882x_interfaces/tmf882x_interfaces/msg/detail/tmf882_x_measure__struct.h
[4.456s] -- Up-to-date symlink: /home/robotics_roomba_2/slam2d/install/tmf882x_interfaces/include/tmf882x_interfaces/tmf882x_interfaces/msg/detail/tmf882_x_measure__type_support.h
[4.462s] -- Up-to-date symlink: /home/robotics_roomba_2/slam2d/install/tmf882x_interfaces/include/tmf882x_interfaces/tmf882x_interfaces/msg/rosidl_generator_c__visibility_control.h
[4.471s] -- Up-to-date symlink: /home/robotics_roomba_2/slam2d/install/tmf882x_interfaces/include/tmf882x_interfaces/tmf882x_interfaces/msg/tmf882_x_measure.h
[4.477s] -- Up-to-date symlink: /home/robotics_roomba_2/slam2d/install/tmf882x_interfaces/share/tmf882x_interfaces/environment/library_path.sh
[4.482s] -- Up-to-date symlink: /home/robotics_roomba_2/slam2d/install/tmf882x_interfaces/share/tmf882x_interfaces/environment/library_path.dsv
[4.491s] -- Up-to-date symlink: /home/robotics_roomba_2/slam2d/install/tmf882x_interfaces/include/tmf882x_interfaces/tmf882x_interfaces/msg/detail/tmf882_x_measure__rosidl_typesupport_fastrtps_c.h
[4.496s] -- Up-to-date symlink: /home/robotics_roomba_2/slam2d/install/tmf882x_interfaces/include/tmf882x_interfaces/tmf882x_interfaces/msg/rosidl_typesupport_fastrtps_c__visibility_control.h
[4.504s] -- Up-to-date symlink: /home/robotics_roomba_2/slam2d/install/tmf882x_interfaces/include/tmf882x_interfaces/tmf882x_interfaces/msg/detail/tmf882_x_measure__rosidl_typesupport_introspection_c.h
[4.509s] -- Up-to-date symlink: /home/robotics_roomba_2/slam2d/install/tmf882x_interfaces/include/tmf882x_interfaces/tmf882x_interfaces/msg/rosidl_typesupport_introspection_c__visibility_control.h
[4.517s] -- Up-to-date symlink: /home/robotics_roomba_2/slam2d/install/tmf882x_interfaces/include/tmf882x_interfaces/tmf882x_interfaces/msg/detail/tmf882_x_measure__builder.hpp
[4.523s] -- Up-to-date symlink: /home/robotics_roomba_2/slam2d/install/tmf882x_interfaces/include/tmf882x_interfaces/tmf882x_interfaces/msg/detail/tmf882_x_measure__struct.hpp
[4.528s] -- Up-to-date symlink: /home/robotics_roomba_2/slam2d/install/tmf882x_interfaces/include/tmf882x_interfaces/tmf882x_interfaces/msg/detail/tmf882_x_measure__traits.hpp
[4.534s] -- Up-to-date symlink: /home/robotics_roomba_2/slam2d/install/tmf882x_interfaces/include/tmf882x_interfaces/tmf882x_interfaces/msg/tmf882_x_measure.hpp
[4.543s] -- Up-to-date symlink: /home/robotics_roomba_2/slam2d/install/tmf882x_interfaces/include/tmf882x_interfaces/tmf882x_interfaces/msg/detail/tmf882_x_measure__rosidl_typesupport_fastrtps_cpp.hpp
[4.549s] -- Up-to-date symlink: /home/robotics_roomba_2/slam2d/install/tmf882x_interfaces/include/tmf882x_interfaces/tmf882x_interfaces/msg/rosidl_typesupport_fastrtps_cpp__visibility_control.h
[4.556s] -- Up-to-date symlink: /home/robotics_roomba_2/slam2d/install/tmf882x_interfaces/include/tmf882x_interfaces/tmf882x_interfaces/msg/detail/tmf882_x_measure__rosidl_typesupport_introspection_cpp.hpp
[4.562s] -- Up-to-date symlink: /home/robotics_roomba_2/slam2d/install/tmf882x_interfaces/share/tmf882x_interfaces/environment/pythonpath.sh
[4.569s] -- Up-to-date symlink: /home/robotics_roomba_2/slam2d/install/tmf882x_interfaces/share/tmf882x_interfaces/environment/pythonpath.dsv
[4.576s] -- Up-to-date symlink: /home/robotics_roomba_2/slam2d/install/tmf882x_interfaces/local/lib/python3.10/dist-packages/tmf882x_interfaces-1.0.0-py3.10.egg-info/PKG-INFO
[4.582s] -- Up-to-date symlink: /home/robotics_roomba_2/slam2d/install/tmf882x_interfaces/local/lib/python3.10/dist-packages/tmf882x_interfaces-1.0.0-py3.10.egg-info/SOURCES.txt
[4.588s] -- Up-to-date symlink: /home/robotics_roomba_2/slam2d/install/tmf882x_interfaces/local/lib/python3.10/dist-packages/tmf882x_interfaces-1.0.0-py3.10.egg-info/dependency_links.txt
[4.593s] -- Up-to-date symlink: /home/robotics_roomba_2/slam2d/install/tmf882x_interfaces/local/lib/python3.10/dist-packages/tmf882x_interfaces-1.0.0-py3.10.egg-info/top_level.txt
[4.604s] -- Up-to-date symlink: /home/robotics_roomba_2/slam2d/install/tmf882x_interfaces/local/lib/python3.10/dist-packages/tmf882x_interfaces/__init__.py
[4.610s] -- Up-to-date symlink: /home/robotics_roomba_2/slam2d/install/tmf882x_interfaces/local/lib/python3.10/dist-packages/tmf882x_interfaces/_tmf882x_interfaces_s.ep.rosidl_typesupport_c.c
[4.616s] -- Up-to-date symlink: /home/robotics_roomba_2/slam2d/install/tmf882x_interfaces/local/lib/python3.10/dist-packages/tmf882x_interfaces/_tmf882x_interfaces_s.ep.rosidl_typesupport_fastrtps_c.c
[4.622s] -- Up-to-date symlink: /home/robotics_roomba_2/slam2d/install/tmf882x_interfaces/local/lib/python3.10/dist-packages/tmf882x_interfaces/_tmf882x_interfaces_s.ep.rosidl_typesupport_introspection_c.c
[4.628s] -- Up-to-date symlink: /home/robotics_roomba_2/slam2d/install/tmf882x_interfaces/local/lib/python3.10/dist-packages/tmf882x_interfaces/libtmf882x_interfaces__rosidl_generator_py.so
[4.633s] -- Up-to-date symlink: /home/robotics_roomba_2/slam2d/install/tmf882x_interfaces/local/lib/python3.10/dist-packages/tmf882x_interfaces/msg/__init__.py
[4.639s] -- Up-to-date symlink: /home/robotics_roomba_2/slam2d/install/tmf882x_interfaces/local/lib/python3.10/dist-packages/tmf882x_interfaces/msg/_tmf882_x_measure.py
[4.645s] -- Up-to-date symlink: /home/robotics_roomba_2/slam2d/install/tmf882x_interfaces/local/lib/python3.10/dist-packages/tmf882x_interfaces/msg/_tmf882_x_measure_s.c
[4.651s] -- Up-to-date symlink: /home/robotics_roomba_2/slam2d/install/tmf882x_interfaces/local/lib/python3.10/dist-packages/tmf882x_interfaces/tmf882x_interfaces_s__rosidl_typesupport_c.cpython-310-aarch64-linux-gnu.so
[4.657s] -- Up-to-date symlink: /home/robotics_roomba_2/slam2d/install/tmf882x_interfaces/local/lib/python3.10/dist-packages/tmf882x_interfaces/tmf882x_interfaces_s__rosidl_typesupport_fastrtps_c.cpython-310-aarch64-linux-gnu.so
[4.662s] -- Up-to-date symlink: /home/robotics_roomba_2/slam2d/install/tmf882x_interfaces/local/lib/python3.10/dist-packages/tmf882x_interfaces/tmf882x_interfaces_s__rosidl_typesupport_introspection_c.cpython-310-aarch64-linux-gnu.so
[4.670s] -- Up-to-date symlink: /home/robotics_roomba_2/slam2d/install/tmf882x_interfaces/local/lib/python3.10/dist-packages/tmf882x_interfaces/tmf882x_interfaces_s__rosidl_typesupport_fastrtps_c.cpython-310-aarch64-linux-gnu.so
[4.677s] -- Up-to-date symlink: /home/robotics_roomba_2/slam2d/install/tmf882x_interfaces/local/lib/python3.10/dist-packages/tmf882x_interfaces/tmf882x_interfaces_s__rosidl_typesupport_introspection_c.cpython-310-aarch64-linux-gnu.so
[4.683s] -- Up-to-date symlink: /home/robotics_roomba_2/slam2d/install/tmf882x_interfaces/local/lib/python3.10/dist-packages/tmf882x_interfaces/tmf882x_interfaces_s__rosidl_typesupport_c.cpython-310-aarch64-linux-gnu.so
[4.689s] -- Up-to-date symlink: /home/robotics_roomba_2/slam2d/install/tmf882x_interfaces/share/tmf882x_interfaces/msg/TMF882XMeasure.idl
[4.695s] -- Up-to-date symlink: /home/robotics_roomba_2/slam2d/install/tmf882x_interfaces/share/tmf882x_interfaces/msg/TMF882XMeasure.msg
[4.701s] -- Up-to-date symlink: /home/robotics_roomba_2/slam2d/install/tmf882x_interfaces/share/ament_index/resource_index/package_run_dependencies/tmf882x_interfaces
[4.708s] -- Up-to-date symlink: /home/robotics_roomba_2/slam2d/install/tmf882x_interfaces/share/ament_index/resource_index/parent_prefix_path/tmf882x_interfaces
[4.715s] -- Up-to-date symlink: /home/robotics_roomba_2/slam2d/install/tmf882x_interfaces/share/tmf882x_interfaces/environment/ament_prefix_path.sh
[4.721s] -- Up-to-date symlink: /home/robotics_roomba_2/slam2d/install/tmf882x_interfaces/share/tmf882x_interfaces/environment/ament_prefix_path.dsv
[4.726s] -- Up-to-date symlink: /home/robotics_roomba_2/slam2d/install/tmf882x_interfaces/share/tmf882x_interfaces/environment/path.sh
[4.732s] -- Up-to-date symlink: /home/robotics_roomba_2/slam2d/install/tmf882x_interfaces/share/tmf882x_interfaces/environment/path.dsv
[4.741s] -- Up-to-date symlink: /home/robotics_roomba_2/slam2d/install/tmf882x_interfaces/share/tmf882x_interfaces/local_setup.bash
[4.746s] -- Up-to-date symlink: /home/robotics_roomba_2/slam2d/install/tmf882x_interfaces/share/tmf882x_interfaces/local_setup.sh
[4.751s] -- Up-to-date symlink: /home/robotics_roomba_2/slam2d/install/tmf882x_interfaces/share/tmf882x_interfaces/local_setup.zsh
[4.757s] -- Up-to-date symlink: /home/robotics_roomba_2/slam2d/install/tmf882x_interfaces/share/tmf882x_interfaces/local_setup.dsv
[4.762s] -- Symlinking: /home/robotics_roomba_2/slam2d/install/tmf882x_interfaces/share/tmf882x_interfaces/package.dsv
[4.817s] -- Up-to-date symlink: /home/robotics_roomba_2/slam2d/install/tmf882x_interfaces/share/ament_index/resource_index/packages/tmf882x_interfaces
[4.822s] -- Up-to-date symlink: /home/robotics_roomba_2/slam2d/install/tmf882x_interfaces/share/tmf882x_interfaces/cmake/rosidl_cmake-extras.cmake
[4.828s] -- Up-to-date symlink: /home/robotics_roomba_2/slam2d/install/tmf882x_interfaces/share/tmf882x_interfaces/cmake/ament_cmake_export_include_directories-extras.cmake
[4.834s] -- Up-to-date symlink: /home/robotics_roomba_2/slam2d/install/tmf882x_interfaces/share/tmf882x_interfaces/cmake/ament_cmake_export_libraries-extras.cmake
[4.840s] -- Up-to-date symlink: /home/robotics_roomba_2/slam2d/install/tmf882x_interfaces/share/tmf882x_interfaces/cmake/ament_cmake_export_targets-extras.cmake
[4.845s] -- Up-to-date symlink: /home/robotics_roomba_2/slam2d/install/tmf882x_interfaces/share/tmf882x_interfaces/cmake/rosidl_cmake_export_typesupport_targets-extras.cmake
[4.851s] -- Up-to-date symlink: /home/robotics_roomba_2/slam2d/install/tmf882x_interfaces/share/tmf882x_interfaces/cmake/ament_cmake_export_dependencies-extras.cmake
[4.857s] -- Up-to-date symlink: /home/robotics_roomba_2/slam2d/install/tmf882x_interfaces/share/tmf882x_interfaces/cmake/rosidl_cmake_export_typesupport_libraries-extras.cmake
[4.862s] -- Up-to-date symlink: /home/robotics_roomba_2/slam2d/install/tmf882x_interfaces/share/tmf882x_interfaces/cmake/tmf882x_interfacesConfig.cmake
[4.869s] -- Up-to-date symlink: /home/robotics_roomba_2/slam2d/install/tmf882x_interfaces/share/tmf882x_interfaces/cmake/tmf882x_interfacesConfig-version.cmake
[4.875s] -- Up-to-date symlink: /home/robotics_roomba_2/slam2d/install/tmf882x_interfaces/share/tmf882x_interfaces/package.xml
[4.880s] -- Up-to-date: /home/robotics_roomba_2/slam2d/install/tmf882x_interfaces/lib/libtmf882x_interfaces__rosidl_generator_c.so
[4.889s] -- Up-to-date: /home/robotics_roomba_2/slam2d/install/tmf882x_interfaces/lib/libtmf882x_interfaces__rosidl_typesupport_fastrtps_c.so
[4.897s] -- Up-to-date: /home/robotics_roomba_2/slam2d/install/tmf882x_interfaces/lib/libtmf882x_interfaces__rosidl_typesupport_introspection_c.so
[4.905s] -- Up-to-date: /home/robotics_roomba_2/slam2d/install/tmf882x_interfaces/lib/libtmf882x_interfaces__rosidl_typesupport_c.so
[4.913s] -- Up-to-date: /home/robotics_roomba_2/slam2d/install/tmf882x_interfaces/lib/libtmf882x_interfaces__rosidl_typesupport_fastrtps_cpp.so
[4.921s] -- Up-to-date: /home/robotics_roomba_2/slam2d/install/tmf882x_interfaces/lib/libtmf882x_interfaces__rosidl_typesupport_introspection_cpp.so
[4.929s] -- Up-to-date: /home/robotics_roomba_2/slam2d/install/tmf882x_interfaces/lib/libtmf882x_interfaces__rosidl_typesupport_cpp.so
[5.156s] Listing '/home/robotics_roomba_2/slam2d/install/tmf882x_interfaces/local/lib/python3.10/dist-packages/tmf882x_interfaces'...
[5.159s] Listing '/home/robotics_roomba_2/slam2d/install/tmf882x_interfaces/local/lib/python3.10/dist-packages/tmf882x_interfaces/msg'...
[5.200s] -- Up-to-date: /home/robotics_roomba_2/slam2d/install/tmf882x_interfaces/lib/libtmf882x_interfaces__rosidl_generator_py.so
[5.207s] -- Up-to-date: /home/robotics_roomba_2/slam2d/install/tmf882x_interfaces/share/tmf882x_interfaces/cmake/export_tmf882x_interfaces__rosidl_generator_cExport.cmake
[5.212s] -- Up-to-date: /home/robotics_roomba_2/slam2d/install/tmf882x_interfaces/share/tmf882x_interfaces/cmake/export_tmf882x_interfaces__rosidl_generator_cExport-noconfig.cmake
[5.223s] -- Up-to-date: /home/robotics_roomba_2/slam2d/install/tmf882x_interfaces/share/tmf882x_interfaces/cmake/export_tmf882x_interfaces__rosidl_typesupport_fastrtps_cExport.cmake
[5.227s] -- Up-to-date: /home/robotics_roomba_2/slam2d/install/tmf882x_interfaces/share/tmf882x_interfaces/cmake/export_tmf882x_interfaces__rosidl_typesupport_fastrtps_cExport-noconfig.cmake
[5.231s] -- Up-to-date: /home/robotics_roomba_2/slam2d/install/tmf882x_interfaces/share/tmf882x_interfaces/cmake/tmf882x_interfaces__rosidl_typesupport_introspection_cExport.cmake
[5.236s] -- Up-to-date: /home/robotics_roomba_2/slam2d/install/tmf882x_interfaces/share/tmf882x_interfaces/cmake/tmf882x_interfaces__rosidl_typesupport_introspection_cExport-noconfig.cmake
[5.242s] -- Up-to-date: /home/robotics_roomba_2/slam2d/install/tmf882x_interfaces/share/tmf882x_interfaces/cmake/tmf882x_interfaces__rosidl_typesupport_cExport.cmake
[5.248s] -- Up-to-date: /home/robotics_roomba_2/slam2d/install/tmf882x_interfaces/share/tmf882x_interfaces/cmake/tmf882x_interfaces__rosidl_typesupport_cExport-noconfig.cmake
[5.255s] -- Up-to-date: /home/robotics_roomba_2/slam2d/install/tmf882x_interfaces/share/tmf882x_interfaces/cmake/export_tmf882x_interfaces__rosidl_generator_cppExport.cmake
[5.260s] -- Up-to-date: /home/robotics_roomba_2/slam2d/install/tmf882x_interfaces/share/tmf882x_interfaces/cmake/export_tmf882x_interfaces__rosidl_typesupport_fastrtps_cppExport.cmake
[5.266s] -- Up-to-date: /home/robotics_roomba_2/slam2d/install/tmf882x_interfaces/share/tmf882x_interfaces/cmake/export_tmf882x_interfaces__rosidl_typesupport_fastrtps_cppExport-noconfig.cmake
[5.273s] -- Up-to-date: /home/robotics_roomba_2/slam2d/install/tmf882x_interfaces/share/tmf882x_interfaces/cmake/tmf882x_interfaces__rosidl_typesupport_introspection_cppExport.cmake
[5.279s] -- Up-to-date: /home/robotics_roomba_2/slam2d/install/tmf882x_interfaces/share/tmf882x_interfaces/cmake/tmf882x_interfaces__rosidl_typesupport_introspection_cppExport-noconfig.cmake
[5.310s] -- Up-to-date: /home/robotics_roomba_2/slam2d/install/tmf882x_interfaces/share/tmf882x_interfaces/cmake/tmf882x_interfaces__rosidl_typesupport_cppExport.cmake
[5.312s] -- Up-to-date: /home/robotics_roomba_2/slam2d/install/tmf882x_interfaces/share/tmf882x_interfaces/cmake/tmf882x_interfaces__rosidl_typesupport_cppExport-noconfig.cmake
[5.313s] -- Up-to-date: /home/robotics_roomba_2/slam2d/install/tmf882x_interfaces/share/tmf882x_interfaces/cmake/export_tmf882x_interfaces__rosidl_generator_pyExport.cmake
[5.315s] -- Up-to-date: /home/robotics_roomba_2/slam2d/install/tmf882x_interfaces/share/tmf882x_interfaces/cmake/export_tmf882x_interfaces__rosidl_generator_pyExport-noconfig.cmake
[5.350s] Invoked command in '/home/robotics_roomba_2/slam2d/build/tmf882x_interfaces' returned '0': CMAKE_PREFIX_PATH=${CMAKE_PREFIX_PATH}:/home/robotics_roomba_2/slam2d/install/tmf882x:/home/robotics_roomba_2/slam2d/install/create3_teleop:/home/robotics_roomba_2/slam2d/install/create3_examples_py:/opt/ros/humble /usr/bin/cmake --install /home/robotics_roomba_2/slam2d/build/tmf882x_interfaces
