[0.237s] Invoking command in '/home/robotics_roomba_2/slam2d/src/build/create3_examples_msgs': CMAKE_PREFIX_PATH=${CMAKE_PREFIX_PATH}:/home/robotics_roomba_2/slam2d/install/create3_teleop:/home/robotics_roomba_2/slam2d/install/create3_examples_py:/opt/ros/humble /usr/bin/cmake --build /home/robotics_roomba_2/slam2d/src/build/create3_examples_msgs -- -j4 -l4
[2.288s] [35m[1mConsolidate compiler generated dependencies of target create3_examples_msgs__rosidl_generator_c[0m
[2.292s] [  3%] Built target create3_examples_msgs__cpp
[2.293s] [35m[1mConsolidate compiler generated dependencies of target create3_examples_msgs__rosidl_typesupport_cpp[0m
[2.294s] [  3%] Built target ament_cmake_python_copy_create3_examples_msgs
[2.294s] [ 12%] Built target create3_examples_msgs__rosidl_generator_c
[2.295s] [35m[1mConsolidate compiler generated dependencies of target create3_examples_msgs__rosidl_typesupport_fastrtps_cpp[0m
[2.296s] [35m[1mConsolidate compiler generated dependencies of target create3_examples_msgs__rosidl_typesupport_introspection_cpp[0m
[2.296s] [ 22%] Built target create3_examples_msgs__rosidl_typesupport_cpp
[2.297s] [ 32%] Built target create3_examples_msgs__rosidl_typesupport_fastrtps_cpp
[2.297s] [35m[1mConsolidate compiler generated dependencies of target create3_examples_msgs__rosidl_typesupport_fastrtps_c[0m
[2.297s] [ 41%] Built target create3_examples_msgs__rosidl_typesupport_introspection_cpp
[2.298s] [35m[1mConsolidate compiler generated dependencies of target create3_examples_msgs__rosidl_typesupport_introspection_c[0m
[2.298s] [ 51%] Built target create3_examples_msgs__rosidl_typesupport_fastrtps_c
[2.299s] [35m[1mConsolidate compiler generated dependencies of target create3_examples_msgs__rosidl_typesupport_c[0m
[2.299s] [ 61%] Built target create3_examples_msgs__rosidl_typesupport_introspection_c
[2.300s] [ 70%] Built target create3_examples_msgs__rosidl_typesupport_c
[2.300s] [ 70%] Built target create3_examples_msgs
[2.301s] [ 74%] Built target create3_examples_msgs__py
[2.301s] [35m[1mConsolidate compiler generated dependencies of target create3_examples_msgs__rosidl_generator_py[0m
[2.302s] [ 80%] Built target create3_examples_msgs__rosidl_generator_py
[2.302s] [35m[1mConsolidate compiler generated dependencies of target create3_examples_msgs__rosidl_typesupport_fastrtps_c__pyext[0m
[2.303s] [35m[1mConsolidate compiler generated dependencies of target create3_examples_msgs__rosidl_typesupport_introspection_c__pyext[0m
[2.303s] [35m[1mConsolidate compiler generated dependencies of target create3_examples_msgs__rosidl_typesupport_c__pyext[0m
[2.304s] [ 87%] Built target create3_examples_msgs__rosidl_typesupport_introspection_c__pyext
[2.304s] [ 93%] Built target create3_examples_msgs__rosidl_typesupport_c__pyext
[2.305s] [100%] Built target create3_examples_msgs__rosidl_typesupport_fastrtps_c__pyext
[2.846s] running egg_info
[2.849s] writing create3_examples_msgs.egg-info/PKG-INFO
[2.850s] writing dependency_links to create3_examples_msgs.egg-info/dependency_links.txt
[2.852s] writing top-level names to create3_examples_msgs.egg-info/top_level.txt
[2.930s] reading manifest file 'create3_examples_msgs.egg-info/SOURCES.txt'
[2.946s] writing manifest file 'create3_examples_msgs.egg-info/SOURCES.txt'
[3.091s] [100%] Built target ament_cmake_python_build_create3_examples_msgs_egg
[4.120s] Invoked command in '/home/robotics_roomba_2/slam2d/src/build/create3_examples_msgs' returned '0': CMAKE_PREFIX_PATH=${CMAKE_PREFIX_PATH}:/home/robotics_roomba_2/slam2d/install/create3_teleop:/home/robotics_roomba_2/slam2d/install/create3_examples_py:/opt/ros/humble /usr/bin/cmake --build /home/robotics_roomba_2/slam2d/src/build/create3_examples_msgs -- -j4 -l4
[4.673s] Invoking command in '/home/robotics_roomba_2/slam2d/src/build/create3_examples_msgs': CMAKE_PREFIX_PATH=${CMAKE_PREFIX_PATH}:/home/robotics_roomba_2/slam2d/install/create3_teleop:/home/robotics_roomba_2/slam2d/install/create3_examples_py:/opt/ros/humble /usr/bin/cmake --install /home/robotics_roomba_2/slam2d/src/build/create3_examples_msgs
[4.723s] -- Install configuration: ""
[4.725s] -- Up-to-date: /home/robotics_roomba_2/slam2d/src/install/create3_examples_msgs/share/ament_index/resource_index/rosidl_interfaces/create3_examples_msgs
[4.727s] -- Up-to-date: /home/robotics_roomba_2/slam2d/src/install/create3_examples_msgs/include/create3_examples_msgs/create3_examples_msgs
[4.730s] -- Up-to-date: /home/robotics_roomba_2/slam2d/src/install/create3_examples_msgs/include/create3_examples_msgs/create3_examples_msgs/msg
[4.732s] -- Up-to-date: /home/robotics_roomba_2/slam2d/src/install/create3_examples_msgs/include/create3_examples_msgs/create3_examples_msgs/msg/rosidl_generator_c__visibility_control.h
[4.733s] -- Up-to-date: /home/robotics_roomba_2/slam2d/src/install/create3_examples_msgs/include/create3_examples_msgs/create3_examples_msgs/action
[4.735s] -- Up-to-date: /home/robotics_roomba_2/slam2d/src/install/create3_examples_msgs/include/create3_examples_msgs/create3_examples_msgs/action/detail
[4.737s] -- Up-to-date: /home/robotics_roomba_2/slam2d/src/install/create3_examples_msgs/include/create3_examples_msgs/create3_examples_msgs/action/detail/coverage__struct.h
[4.738s] -- Up-to-date: /home/robotics_roomba_2/slam2d/src/install/create3_examples_msgs/include/create3_examples_msgs/create3_examples_msgs/action/detail/coverage__functions.h
[4.740s] -- Up-to-date: /home/robotics_roomba_2/slam2d/src/install/create3_examples_msgs/include/create3_examples_msgs/create3_examples_msgs/action/detail/coverage__functions.c
[4.741s] -- Up-to-date: /home/robotics_roomba_2/slam2d/src/install/create3_examples_msgs/include/create3_examples_msgs/create3_examples_msgs/action/detail/coverage__type_support.h
[4.745s] -- Up-to-date: /home/robotics_roomba_2/slam2d/src/install/create3_examples_msgs/include/create3_examples_msgs/create3_examples_msgs/action/coverage.h
[4.746s] -- Up-to-date: /home/robotics_roomba_2/slam2d/src/install/create3_examples_msgs/share/create3_examples_msgs/environment/library_path.sh
[4.747s] -- Up-to-date: /home/robotics_roomba_2/slam2d/src/install/create3_examples_msgs/share/create3_examples_msgs/environment/library_path.dsv
[4.752s] -- Up-to-date: /home/robotics_roomba_2/slam2d/src/install/create3_examples_msgs/lib/libcreate3_examples_msgs__rosidl_generator_c.so
[4.755s] -- Up-to-date: /home/robotics_roomba_2/slam2d/src/install/create3_examples_msgs/include/create3_examples_msgs/create3_examples_msgs
[4.759s] -- Up-to-date: /home/robotics_roomba_2/slam2d/src/install/create3_examples_msgs/include/create3_examples_msgs/create3_examples_msgs/msg
[4.761s] -- Up-to-date: /home/robotics_roomba_2/slam2d/src/install/create3_examples_msgs/include/create3_examples_msgs/create3_examples_msgs/msg/rosidl_typesupport_fastrtps_c__visibility_control.h
[4.767s] -- Up-to-date: /home/robotics_roomba_2/slam2d/src/install/create3_examples_msgs/include/create3_examples_msgs/create3_examples_msgs/action
[4.768s] -- Up-to-date: /home/robotics_roomba_2/slam2d/src/install/create3_examples_msgs/include/create3_examples_msgs/create3_examples_msgs/action/detail
[4.770s] -- Up-to-date: /home/robotics_roomba_2/slam2d/src/install/create3_examples_msgs/include/create3_examples_msgs/create3_examples_msgs/action/detail/coverage__rosidl_typesupport_fastrtps_c.h
[4.776s] -- Up-to-date: /home/robotics_roomba_2/slam2d/src/install/create3_examples_msgs/lib/libcreate3_examples_msgs__rosidl_typesupport_fastrtps_c.so
[4.780s] -- Up-to-date: /home/robotics_roomba_2/slam2d/src/install/create3_examples_msgs/include/create3_examples_msgs/create3_examples_msgs
[4.783s] -- Up-to-date: /home/robotics_roomba_2/slam2d/src/install/create3_examples_msgs/include/create3_examples_msgs/create3_examples_msgs/msg
[4.786s] -- Up-to-date: /home/robotics_roomba_2/slam2d/src/install/create3_examples_msgs/include/create3_examples_msgs/create3_examples_msgs/msg/rosidl_typesupport_introspection_c__visibility_control.h
[4.789s] -- Up-to-date: /home/robotics_roomba_2/slam2d/src/install/create3_examples_msgs/include/create3_examples_msgs/create3_examples_msgs/action
[4.791s] -- Up-to-date: /home/robotics_roomba_2/slam2d/src/install/create3_examples_msgs/include/create3_examples_msgs/create3_examples_msgs/action/detail
[4.794s] -- Up-to-date: /home/robotics_roomba_2/slam2d/src/install/create3_examples_msgs/include/create3_examples_msgs/create3_examples_msgs/action/detail/coverage__type_support.c
[4.797s] -- Up-to-date: /home/robotics_roomba_2/slam2d/src/install/create3_examples_msgs/include/create3_examples_msgs/create3_examples_msgs/action/detail/coverage__rosidl_typesupport_introspection_c.h
[4.802s] -- Up-to-date: /home/robotics_roomba_2/slam2d/src/install/create3_examples_msgs/lib/libcreate3_examples_msgs__rosidl_typesupport_introspection_c.so
[4.809s] -- Up-to-date: /home/robotics_roomba_2/slam2d/src/install/create3_examples_msgs/lib/libcreate3_examples_msgs__rosidl_typesupport_c.so
[4.814s] -- Up-to-date: /home/robotics_roomba_2/slam2d/src/install/create3_examples_msgs/include/create3_examples_msgs/create3_examples_msgs
[4.816s] -- Up-to-date: /home/robotics_roomba_2/slam2d/src/install/create3_examples_msgs/include/create3_examples_msgs/create3_examples_msgs/action
[4.819s] -- Up-to-date: /home/robotics_roomba_2/slam2d/src/install/create3_examples_msgs/include/create3_examples_msgs/create3_examples_msgs/action/detail
[4.822s] -- Up-to-date: /home/robotics_roomba_2/slam2d/src/install/create3_examples_msgs/include/create3_examples_msgs/create3_examples_msgs/action/detail/coverage__traits.hpp
[4.824s] -- Up-to-date: /home/robotics_roomba_2/slam2d/src/install/create3_examples_msgs/include/create3_examples_msgs/create3_examples_msgs/action/detail/coverage__builder.hpp
[4.827s] -- Up-to-date: /home/robotics_roomba_2/slam2d/src/install/create3_examples_msgs/include/create3_examples_msgs/create3_examples_msgs/action/detail/coverage__struct.hpp
[4.829s] -- Up-to-date: /home/robotics_roomba_2/slam2d/src/install/create3_examples_msgs/include/create3_examples_msgs/create3_examples_msgs/action/coverage.hpp
[4.831s] -- Up-to-date: /home/robotics_roomba_2/slam2d/src/install/create3_examples_msgs/include/create3_examples_msgs/create3_examples_msgs
[4.834s] -- Up-to-date: /home/robotics_roomba_2/slam2d/src/install/create3_examples_msgs/include/create3_examples_msgs/create3_examples_msgs/msg
[4.838s] -- Up-to-date: /home/robotics_roomba_2/slam2d/src/install/create3_examples_msgs/include/create3_examples_msgs/create3_examples_msgs/msg/rosidl_typesupport_fastrtps_cpp__visibility_control.h
[4.839s] -- Up-to-date: /home/robotics_roomba_2/slam2d/src/install/create3_examples_msgs/include/create3_examples_msgs/create3_examples_msgs/action
[4.842s] -- Up-to-date: /home/robotics_roomba_2/slam2d/src/install/create3_examples_msgs/include/create3_examples_msgs/create3_examples_msgs/action/detail
[4.845s] -- Up-to-date: /home/robotics_roomba_2/slam2d/src/install/create3_examples_msgs/include/create3_examples_msgs/create3_examples_msgs/action/detail/dds_fastrtps
[4.854s] -- Up-to-date: /home/robotics_roomba_2/slam2d/src/install/create3_examples_msgs/include/create3_examples_msgs/create3_examples_msgs/action/detail/coverage__rosidl_typesupport_fastrtps_cpp.hpp
[4.855s] -- Up-to-date: /home/robotics_roomba_2/slam2d/src/install/create3_examples_msgs/lib/libcreate3_examples_msgs__rosidl_typesupport_fastrtps_cpp.so
[4.867s] -- Up-to-date: /home/robotics_roomba_2/slam2d/src/install/create3_examples_msgs/include/create3_examples_msgs/create3_examples_msgs
[4.869s] -- Up-to-date: /home/robotics_roomba_2/slam2d/src/install/create3_examples_msgs/include/create3_examples_msgs/create3_examples_msgs/action
[4.869s] -- Up-to-date: /home/robotics_roomba_2/slam2d/src/install/create3_examples_msgs/include/create3_examples_msgs/create3_examples_msgs/action/detail
[4.870s] -- Up-to-date: /home/robotics_roomba_2/slam2d/src/install/create3_examples_msgs/include/create3_examples_msgs/create3_examples_msgs/action/detail/coverage__rosidl_typesupport_introspection_cpp.hpp
[4.870s] -- Up-to-date: /home/robotics_roomba_2/slam2d/src/install/create3_examples_msgs/include/create3_examples_msgs/create3_examples_msgs/action/detail/coverage__type_support.cpp
[4.882s] -- Up-to-date: /home/robotics_roomba_2/slam2d/src/install/create3_examples_msgs/lib/libcreate3_examples_msgs__rosidl_typesupport_introspection_cpp.so
[4.883s] -- Up-to-date: /home/robotics_roomba_2/slam2d/src/install/create3_examples_msgs/lib/libcreate3_examples_msgs__rosidl_typesupport_cpp.so
[4.888s] -- Up-to-date: /home/robotics_roomba_2/slam2d/src/install/create3_examples_msgs/share/create3_examples_msgs/environment/pythonpath.sh
[4.891s] -- Up-to-date: /home/robotics_roomba_2/slam2d/src/install/create3_examples_msgs/share/create3_examples_msgs/environment/pythonpath.dsv
[4.899s] -- Up-to-date: /home/robotics_roomba_2/slam2d/src/install/create3_examples_msgs/local/lib/python3.10/dist-packages/create3_examples_msgs-0.0.1-py3.10.egg-info
[4.899s] -- Installing: /home/robotics_roomba_2/slam2d/src/install/create3_examples_msgs/local/lib/python3.10/dist-packages/create3_examples_msgs-0.0.1-py3.10.egg-info/SOURCES.txt
[4.906s] -- Installing: /home/robotics_roomba_2/slam2d/src/install/create3_examples_msgs/local/lib/python3.10/dist-packages/create3_examples_msgs-0.0.1-py3.10.egg-info/PKG-INFO
[4.930s] -- Installing: /home/robotics_roomba_2/slam2d/src/install/create3_examples_msgs/local/lib/python3.10/dist-packages/create3_examples_msgs-0.0.1-py3.10.egg-info/dependency_links.txt
[4.931s] -- Installing: /home/robotics_roomba_2/slam2d/src/install/create3_examples_msgs/local/lib/python3.10/dist-packages/create3_examples_msgs-0.0.1-py3.10.egg-info/top_level.txt
[4.931s] -- Up-to-date: /home/robotics_roomba_2/slam2d/src/install/create3_examples_msgs/local/lib/python3.10/dist-packages/create3_examples_msgs
[4.932s] -- Up-to-date: /home/robotics_roomba_2/slam2d/src/install/create3_examples_msgs/local/lib/python3.10/dist-packages/create3_examples_msgs/_create3_examples_msgs_s.ep.rosidl_typesupport_introspection_c.c
[4.933s] -- Up-to-date: /home/robotics_roomba_2/slam2d/src/install/create3_examples_msgs/local/lib/python3.10/dist-packages/create3_examples_msgs/libcreate3_examples_msgs__rosidl_generator_py.so
[4.933s] -- Up-to-date: /home/robotics_roomba_2/slam2d/src/install/create3_examples_msgs/local/lib/python3.10/dist-packages/create3_examples_msgs/create3_examples_msgs_s__rosidl_typesupport_c.cpython-310-aarch64-linux-gnu.so
[4.934s] -- Up-to-date: /home/robotics_roomba_2/slam2d/src/install/create3_examples_msgs/local/lib/python3.10/dist-packages/create3_examples_msgs/__init__.py
[4.934s] -- Up-to-date: /home/robotics_roomba_2/slam2d/src/install/create3_examples_msgs/local/lib/python3.10/dist-packages/create3_examples_msgs/_create3_examples_msgs_s.ep.rosidl_typesupport_fastrtps_c.c
[4.935s] -- Up-to-date: /home/robotics_roomba_2/slam2d/src/install/create3_examples_msgs/local/lib/python3.10/dist-packages/create3_examples_msgs/_create3_examples_msgs_s.ep.rosidl_typesupport_c.c
[4.936s] -- Up-to-date: /home/robotics_roomba_2/slam2d/src/install/create3_examples_msgs/local/lib/python3.10/dist-packages/create3_examples_msgs/create3_examples_msgs_s__rosidl_typesupport_introspection_c.cpython-310-aarch64-linux-gnu.so
[4.936s] -- Up-to-date: /home/robotics_roomba_2/slam2d/src/install/create3_examples_msgs/local/lib/python3.10/dist-packages/create3_examples_msgs/action
[4.937s] -- Up-to-date: /home/robotics_roomba_2/slam2d/src/install/create3_examples_msgs/local/lib/python3.10/dist-packages/create3_examples_msgs/action/_coverage_s.c
[4.937s] -- Up-to-date: /home/robotics_roomba_2/slam2d/src/install/create3_examples_msgs/local/lib/python3.10/dist-packages/create3_examples_msgs/action/__init__.py
[4.938s] -- Up-to-date: /home/robotics_roomba_2/slam2d/src/install/create3_examples_msgs/local/lib/python3.10/dist-packages/create3_examples_msgs/action/_coverage.py
[4.939s] -- Up-to-date: /home/robotics_roomba_2/slam2d/src/install/create3_examples_msgs/local/lib/python3.10/dist-packages/create3_examples_msgs/create3_examples_msgs_s__rosidl_typesupport_fastrtps_c.cpython-310-aarch64-linux-gnu.so
[5.157s] Listing '/home/robotics_roomba_2/slam2d/src/install/create3_examples_msgs/local/lib/python3.10/dist-packages/create3_examples_msgs'...
[5.157s] Listing '/home/robotics_roomba_2/slam2d/src/install/create3_examples_msgs/local/lib/python3.10/dist-packages/create3_examples_msgs/action'...
[5.203s] -- Up-to-date: /home/robotics_roomba_2/slam2d/src/install/create3_examples_msgs/local/lib/python3.10/dist-packages/create3_examples_msgs/create3_examples_msgs_s__rosidl_typesupport_fastrtps_c.cpython-310-aarch64-linux-gnu.so
[5.205s] -- Up-to-date: /home/robotics_roomba_2/slam2d/src/install/create3_examples_msgs/local/lib/python3.10/dist-packages/create3_examples_msgs/create3_examples_msgs_s__rosidl_typesupport_introspection_c.cpython-310-aarch64-linux-gnu.so
[5.215s] -- Up-to-date: /home/robotics_roomba_2/slam2d/src/install/create3_examples_msgs/local/lib/python3.10/dist-packages/create3_examples_msgs/create3_examples_msgs_s__rosidl_typesupport_c.cpython-310-aarch64-linux-gnu.so
[5.217s] -- Up-to-date: /home/robotics_roomba_2/slam2d/src/install/create3_examples_msgs/lib/libcreate3_examples_msgs__rosidl_generator_py.so
[5.220s] -- Up-to-date: /home/robotics_roomba_2/slam2d/src/install/create3_examples_msgs/share/create3_examples_msgs/action/Coverage.idl
[5.222s] -- Up-to-date: /home/robotics_roomba_2/slam2d/src/install/create3_examples_msgs/share/create3_examples_msgs/action/Coverage.action
[5.224s] -- Up-to-date: /home/robotics_roomba_2/slam2d/src/install/create3_examples_msgs/share/ament_index/resource_index/package_run_dependencies/create3_examples_msgs
[5.225s] -- Up-to-date: /home/robotics_roomba_2/slam2d/src/install/create3_examples_msgs/share/ament_index/resource_index/parent_prefix_path/create3_examples_msgs
[5.227s] -- Up-to-date: /home/robotics_roomba_2/slam2d/src/install/create3_examples_msgs/share/create3_examples_msgs/environment/ament_prefix_path.sh
[5.229s] -- Up-to-date: /home/robotics_roomba_2/slam2d/src/install/create3_examples_msgs/share/create3_examples_msgs/environment/ament_prefix_path.dsv
[5.231s] -- Up-to-date: /home/robotics_roomba_2/slam2d/src/install/create3_examples_msgs/share/create3_examples_msgs/environment/path.sh
[5.232s] -- Up-to-date: /home/robotics_roomba_2/slam2d/src/install/create3_examples_msgs/share/create3_examples_msgs/environment/path.dsv
[5.234s] -- Up-to-date: /home/robotics_roomba_2/slam2d/src/install/create3_examples_msgs/share/create3_examples_msgs/local_setup.bash
[5.236s] -- Up-to-date: /home/robotics_roomba_2/slam2d/src/install/create3_examples_msgs/share/create3_examples_msgs/local_setup.sh
[5.238s] -- Up-to-date: /home/robotics_roomba_2/slam2d/src/install/create3_examples_msgs/share/create3_examples_msgs/local_setup.zsh
[5.239s] -- Up-to-date: /home/robotics_roomba_2/slam2d/src/install/create3_examples_msgs/share/create3_examples_msgs/local_setup.dsv
[5.241s] -- Installing: /home/robotics_roomba_2/slam2d/src/install/create3_examples_msgs/share/create3_examples_msgs/package.dsv
[5.245s] -- Up-to-date: /home/robotics_roomba_2/slam2d/src/install/create3_examples_msgs/share/ament_index/resource_index/packages/create3_examples_msgs
[5.248s] -- Up-to-date: /home/robotics_roomba_2/slam2d/src/install/create3_examples_msgs/share/create3_examples_msgs/cmake/export_create3_examples_msgs__rosidl_generator_cExport.cmake
[5.250s] -- Up-to-date: /home/robotics_roomba_2/slam2d/src/install/create3_examples_msgs/share/create3_examples_msgs/cmake/export_create3_examples_msgs__rosidl_generator_cExport-noconfig.cmake
[5.254s] -- Up-to-date: /home/robotics_roomba_2/slam2d/src/install/create3_examples_msgs/share/create3_examples_msgs/cmake/export_create3_examples_msgs__rosidl_typesupport_fastrtps_cExport.cmake
[5.256s] -- Up-to-date: /home/robotics_roomba_2/slam2d/src/install/create3_examples_msgs/share/create3_examples_msgs/cmake/export_create3_examples_msgs__rosidl_typesupport_fastrtps_cExport-noconfig.cmake
[5.260s] -- Up-to-date: /home/robotics_roomba_2/slam2d/src/install/create3_examples_msgs/share/create3_examples_msgs/cmake/create3_examples_msgs__rosidl_typesupport_introspection_cExport.cmake
[5.262s] -- Up-to-date: /home/robotics_roomba_2/slam2d/src/install/create3_examples_msgs/share/create3_examples_msgs/cmake/create3_examples_msgs__rosidl_typesupport_introspection_cExport-noconfig.cmake
[5.266s] -- Up-to-date: /home/robotics_roomba_2/slam2d/src/install/create3_examples_msgs/share/create3_examples_msgs/cmake/create3_examples_msgs__rosidl_typesupport_cExport.cmake
[5.268s] -- Up-to-date: /home/robotics_roomba_2/slam2d/src/install/create3_examples_msgs/share/create3_examples_msgs/cmake/create3_examples_msgs__rosidl_typesupport_cExport-noconfig.cmake
[5.273s] -- Up-to-date: /home/robotics_roomba_2/slam2d/src/install/create3_examples_msgs/share/create3_examples_msgs/cmake/export_create3_examples_msgs__rosidl_generator_cppExport.cmake
[5.280s] -- Up-to-date: /home/robotics_roomba_2/slam2d/src/install/create3_examples_msgs/share/create3_examples_msgs/cmake/export_create3_examples_msgs__rosidl_typesupport_fastrtps_cppExport.cmake
[5.282s] -- Up-to-date: /home/robotics_roomba_2/slam2d/src/install/create3_examples_msgs/share/create3_examples_msgs/cmake/export_create3_examples_msgs__rosidl_typesupport_fastrtps_cppExport-noconfig.cmake
[5.285s] -- Up-to-date: /home/robotics_roomba_2/slam2d/src/install/create3_examples_msgs/share/create3_examples_msgs/cmake/create3_examples_msgs__rosidl_typesupport_introspection_cppExport.cmake
[5.288s] -- Up-to-date: /home/robotics_roomba_2/slam2d/src/install/create3_examples_msgs/share/create3_examples_msgs/cmake/create3_examples_msgs__rosidl_typesupport_introspection_cppExport-noconfig.cmake
[5.292s] -- Up-to-date: /home/robotics_roomba_2/slam2d/src/install/create3_examples_msgs/share/create3_examples_msgs/cmake/create3_examples_msgs__rosidl_typesupport_cppExport.cmake
[5.294s] -- Up-to-date: /home/robotics_roomba_2/slam2d/src/install/create3_examples_msgs/share/create3_examples_msgs/cmake/create3_examples_msgs__rosidl_typesupport_cppExport-noconfig.cmake
[5.298s] -- Up-to-date: /home/robotics_roomba_2/slam2d/src/install/create3_examples_msgs/share/create3_examples_msgs/cmake/export_create3_examples_msgs__rosidl_generator_pyExport.cmake
[5.300s] -- Up-to-date: /home/robotics_roomba_2/slam2d/src/install/create3_examples_msgs/share/create3_examples_msgs/cmake/export_create3_examples_msgs__rosidl_generator_pyExport-noconfig.cmake
[5.302s] -- Up-to-date: /home/robotics_roomba_2/slam2d/src/install/create3_examples_msgs/share/create3_examples_msgs/cmake/rosidl_cmake-extras.cmake
[5.304s] -- Up-to-date: /home/robotics_roomba_2/slam2d/src/install/create3_examples_msgs/share/create3_examples_msgs/cmake/ament_cmake_export_dependencies-extras.cmake
[5.306s] -- Up-to-date: /home/robotics_roomba_2/slam2d/src/install/create3_examples_msgs/share/create3_examples_msgs/cmake/ament_cmake_export_include_directories-extras.cmake
[5.308s] -- Up-to-date: /home/robotics_roomba_2/slam2d/src/install/create3_examples_msgs/share/create3_examples_msgs/cmake/ament_cmake_export_libraries-extras.cmake
[5.309s] -- Up-to-date: /home/robotics_roomba_2/slam2d/src/install/create3_examples_msgs/share/create3_examples_msgs/cmake/ament_cmake_export_targets-extras.cmake
[5.311s] -- Up-to-date: /home/robotics_roomba_2/slam2d/src/install/create3_examples_msgs/share/create3_examples_msgs/cmake/rosidl_cmake_export_typesupport_targets-extras.cmake
[5.313s] -- Up-to-date: /home/robotics_roomba_2/slam2d/src/install/create3_examples_msgs/share/create3_examples_msgs/cmake/rosidl_cmake_export_typesupport_libraries-extras.cmake
[5.315s] -- Up-to-date: /home/robotics_roomba_2/slam2d/src/install/create3_examples_msgs/share/create3_examples_msgs/cmake/create3_examples_msgsConfig.cmake
[5.317s] -- Up-to-date: /home/robotics_roomba_2/slam2d/src/install/create3_examples_msgs/share/create3_examples_msgs/cmake/create3_examples_msgsConfig-version.cmake
[5.318s] -- Up-to-date: /home/robotics_roomba_2/slam2d/src/install/create3_examples_msgs/share/create3_examples_msgs/package.xml
[5.336s] Invoked command in '/home/robotics_roomba_2/slam2d/src/build/create3_examples_msgs' returned '0': CMAKE_PREFIX_PATH=${CMAKE_PREFIX_PATH}:/home/robotics_roomba_2/slam2d/install/create3_teleop:/home/robotics_roomba_2/slam2d/install/create3_examples_py:/opt/ros/humble /usr/bin/cmake --install /home/robotics_roomba_2/slam2d/src/build/create3_examples_msgs
