[0.094s] Invoking command in '/home/robotics_roomba_2/slam2d/build/tmf882x_interfaces': CMAKE_PREFIX_PATH=${CMAKE_PREFIX_PATH}:/home/robotics_roomba_2/slam2d/install/tmf882x:/home/robotics_roomba_2/slam2d/install/create3_teleop:/home/robotics_roomba_2/slam2d/install/create3_examples_py:/opt/ros/humble /usr/bin/cmake /home/robotics_roomba_2/slam2d/src/tmf882x_interfaces -DAMENT_CMAKE_SYMLINK_INSTALL=1 -DCMAKE_INSTALL_PREFIX=/home/robotics_roomba_2/slam2d/install/tmf882x_interfaces
[0.162s] -- Found ament_cmake: 1.3.3 (/opt/ros/humble/share/ament_cmake/cmake)
[1.338s] -- Override CMake install command with custom implementation using symlinks instead of copying resources
[1.512s] -- Found rosidl_default_generators: 1.2.0 (/opt/ros/humble/share/rosidl_default_generators/cmake)
[1.566s] -- Using all available rosidl_typesupport_c: rosidl_typesupport_fastrtps_c;rosidl_typesupport_introspection_c
[1.608s] -- Found rosidl_adapter: 3.1.4 (/opt/ros/humble/share/rosidl_adapter/cmake)
[1.957s] -- Using all available rosidl_typesupport_cpp: rosidl_typesupport_fastrtps_cpp;rosidl_typesupport_introspection_cpp
[4.350s] -- Found ament_cmake_ros: 0.10.0 (/opt/ros/humble/share/ament_cmake_ros/cmake)
[5.900s] -- Using all available rosidl_typesupport_c: rosidl_typesupport_fastrtps_c;rosidl_typesupport_introspection_c
[7.726s] -- Using all available rosidl_typesupport_cpp: rosidl_typesupport_fastrtps_cpp;rosidl_typesupport_introspection_cpp
[7.858s] -- Found python_cmake_module: 0.10.0 (/opt/ros/humble/share/python_cmake_module/cmake)
[7.987s] -- Using PYTHON_EXECUTABLE: /usr/bin/python3
[7.988s] -- Using PYTHON_INCLUDE_DIRS: /usr/include/python3.10
[7.988s] -- Using PYTHON_LIBRARIES: /usr/lib/aarch64-linux-gnu/libpython3.10.so
[8.052s] -- Found ament_lint_auto: 0.12.5 (/opt/ros/humble/share/ament_lint_auto/cmake)
[8.170s] -- Added test 'lint_cmake' to check CMake code style
[8.217s] -- Added test 'xmllint' to check XML markup files
[8.240s] -- Configuring done
[8.498s] -- Generating done
[8.521s] -- Build files have been written to: /home/robotics_roomba_2/slam2d/build/tmf882x_interfaces
[8.551s] Invoked command in '/home/robotics_roomba_2/slam2d/build/tmf882x_interfaces' returned '0': CMAKE_PREFIX_PATH=${CMAKE_PREFIX_PATH}:/home/robotics_roomba_2/slam2d/install/tmf882x:/home/robotics_roomba_2/slam2d/install/create3_teleop:/home/robotics_roomba_2/slam2d/install/create3_examples_py:/opt/ros/humble /usr/bin/cmake /home/robotics_roomba_2/slam2d/src/tmf882x_interfaces -DAMENT_CMAKE_SYMLINK_INSTALL=1 -DCMAKE_INSTALL_PREFIX=/home/robotics_roomba_2/slam2d/install/tmf882x_interfaces
[8.561s] Invoking command in '/home/robotics_roomba_2/slam2d/build/tmf882x_interfaces': CMAKE_PREFIX_PATH=${CMAKE_PREFIX_PATH}:/home/robotics_roomba_2/slam2d/install/tmf882x:/home/robotics_roomba_2/slam2d/install/create3_teleop:/home/robotics_roomba_2/slam2d/install/create3_examples_py:/opt/ros/humble /usr/bin/cmake --build /home/robotics_roomba_2/slam2d/build/tmf882x_interfaces -- -j4 -l4
[8.769s] [35m[1mConsolidate compiler generated dependencies of target tmf882x_interfaces__rosidl_generator_c[0m
[8.816s] [  3%] Built target tmf882x_interfaces__cpp
[8.821s] failed to create symbolic link '/home/robotics_roomba_2/slam2d/build/tmf882x_interfaces/ament_cmake_python/tmf882x_interfaces/tmf882x_interfaces' because existing path cannot be removed: Is a directory
[8.825s] gmake[2]: *** [CMakeFiles/ament_cmake_python_symlink_tmf882x_interfaces.dir/build.make:70: CMakeFiles/ament_cmake_python_symlink_tmf882x_interfaces] Error 1
[8.828s] gmake[1]: *** [CMakeFiles/Makefile2:421: CMakeFiles/ament_cmake_python_symlink_tmf882x_interfaces.dir/all] Error 2
[8.829s] gmake[1]: *** Waiting for unfinished jobs....
[8.843s] [ 12%] Built target tmf882x_interfaces__rosidl_generator_c
[8.873s] [35m[1mConsolidate compiler generated dependencies of target tmf882x_interfaces__rosidl_typesupport_fastrtps_cpp[0m
[8.879s] [35m[1mConsolidate compiler generated dependencies of target tmf882x_interfaces__rosidl_typesupport_introspection_cpp[0m
[8.949s] [ 22%] Built target tmf882x_interfaces__rosidl_typesupport_fastrtps_cpp
[8.954s] [ 32%] Built target tmf882x_interfaces__rosidl_typesupport_introspection_cpp
[8.959s] gmake: *** [Makefile:146: all] Error 2
[8.966s] Invoked command in '/home/robotics_roomba_2/slam2d/build/tmf882x_interfaces' returned '2': CMAKE_PREFIX_PATH=${CMAKE_PREFIX_PATH}:/home/robotics_roomba_2/slam2d/install/tmf882x:/home/robotics_roomba_2/slam2d/install/create3_teleop:/home/robotics_roomba_2/slam2d/install/create3_examples_py:/opt/ros/humble /usr/bin/cmake --build /home/robotics_roomba_2/slam2d/build/tmf882x_interfaces -- -j4 -l4
