[0.272s] Invoking command in '/home/robotics_roomba_2/slam2d/build/create3_examples_msgs': CMAKE_PREFIX_PATH=${CMAKE_PREFIX_PATH}:/home/robotics_roomba_2/slam2d/install/tmf882x:/home/robotics_roomba_2/slam2d/install/create3_teleop:/home/robotics_roomba_2/slam2d/install/create3_examples_py:/opt/ros/humble /usr/bin/cmake --build /home/robotics_roomba_2/slam2d/build/create3_examples_msgs -- -j4 -l4
[2.574s] [  3%] Built target create3_examples_msgs__cpp
[2.575s] [  3%] Built target ament_cmake_python_copy_create3_examples_msgs
[2.575s] [ 12%] Built target create3_examples_msgs__rosidl_generator_c
[2.578s] [ 22%] Built target create3_examples_msgs__rosidl_typesupport_cpp
[2.580s] [ 32%] Built target create3_examples_msgs__rosidl_typesupport_fastrtps_cpp
[2.581s] [ 41%] Built target create3_examples_msgs__rosidl_typesupport_introspection_cpp
[2.588s] [ 51%] Built target create3_examples_msgs__rosidl_typesupport_introspection_c
[2.589s] [ 61%] Built target create3_examples_msgs__rosidl_typesupport_fastrtps_c
[2.592s] [ 70%] Built target create3_examples_msgs__rosidl_typesupport_c
[2.596s] [ 70%] Built target create3_examples_msgs
[2.597s] [ 74%] Built target create3_examples_msgs__py
[2.598s] [ 80%] Built target create3_examples_msgs__rosidl_generator_py
[2.598s] [ 87%] Built target create3_examples_msgs__rosidl_typesupport_c__pyext
[2.598s] [ 93%] Built target create3_examples_msgs__rosidl_typesupport_fastrtps_c__pyext
[2.599s] [100%] Built target create3_examples_msgs__rosidl_typesupport_introspection_c__pyext
[3.344s] running egg_info
[3.348s] writing create3_examples_msgs.egg-info/PKG-INFO
[3.349s] writing dependency_links to create3_examples_msgs.egg-info/dependency_links.txt
[3.350s] writing top-level names to create3_examples_msgs.egg-info/top_level.txt
[3.366s] reading manifest file 'create3_examples_msgs.egg-info/SOURCES.txt'
[3.369s] writing manifest file 'create3_examples_msgs.egg-info/SOURCES.txt'
[3.518s] [100%] Built target ament_cmake_python_build_create3_examples_msgs_egg
[4.351s] Invoked command in '/home/robotics_roomba_2/slam2d/build/create3_examples_msgs' returned '0': CMAKE_PREFIX_PATH=${CMAKE_PREFIX_PATH}:/home/robotics_roomba_2/slam2d/install/tmf882x:/home/robotics_roomba_2/slam2d/install/create3_teleop:/home/robotics_roomba_2/slam2d/install/create3_examples_py:/opt/ros/humble /usr/bin/cmake --build /home/robotics_roomba_2/slam2d/build/create3_examples_msgs -- -j4 -l4
[4.937s] Invoking command in '/home/robotics_roomba_2/slam2d/build/create3_examples_msgs': CMAKE_PREFIX_PATH=${CMAKE_PREFIX_PATH}:/home/robotics_roomba_2/slam2d/install/tmf882x:/home/robotics_roomba_2/slam2d/install/create3_teleop:/home/robotics_roomba_2/slam2d/install/create3_examples_py:/opt/ros/humble /usr/bin/cmake --install /home/robotics_roomba_2/slam2d/build/create3_examples_msgs
[4.996s] -- Install configuration: ""
[5.003s] -- Up-to-date: /home/robotics_roomba_2/slam2d/install/create3_examples_msgs/share/ament_index/resource_index/rosidl_interfaces/create3_examples_msgs
[5.003s] -- Up-to-date: /home/robotics_roomba_2/slam2d/install/create3_examples_msgs/include/create3_examples_msgs/create3_examples_msgs
[5.040s] -- Up-to-date: /home/robotics_roomba_2/slam2d/install/create3_examples_msgs/include/create3_examples_msgs/create3_examples_msgs/msg
[5.041s] -- Up-to-date: /home/robotics_roomba_2/slam2d/install/create3_examples_msgs/include/create3_examples_msgs/create3_examples_msgs/msg/rosidl_generator_c__visibility_control.h
[5.048s] -- Up-to-date: /home/robotics_roomba_2/slam2d/install/create3_examples_msgs/include/create3_examples_msgs/create3_examples_msgs/action
[5.049s] -- Up-to-date: /home/robotics_roomba_2/slam2d/install/create3_examples_msgs/include/create3_examples_msgs/create3_examples_msgs/action/detail
[5.050s] -- Up-to-date: /home/robotics_roomba_2/slam2d/install/create3_examples_msgs/include/create3_examples_msgs/create3_examples_msgs/action/detail/coverage__struct.h
[5.050s] -- Up-to-date: /home/robotics_roomba_2/slam2d/install/create3_examples_msgs/include/create3_examples_msgs/create3_examples_msgs/action/detail/coverage__functions.h
[5.051s] -- Up-to-date: /home/robotics_roomba_2/slam2d/install/create3_examples_msgs/include/create3_examples_msgs/create3_examples_msgs/action/detail/coverage__functions.c
[5.052s] -- Up-to-date: /home/robotics_roomba_2/slam2d/install/create3_examples_msgs/include/create3_examples_msgs/create3_examples_msgs/action/detail/coverage__type_support.h
[5.052s] -- Up-to-date: /home/robotics_roomba_2/slam2d/install/create3_examples_msgs/include/create3_examples_msgs/create3_examples_msgs/action/coverage.h
[5.059s] -- Up-to-date: /home/robotics_roomba_2/slam2d/install/create3_examples_msgs/share/create3_examples_msgs/environment/library_path.sh
[5.059s] -- Up-to-date: /home/robotics_roomba_2/slam2d/install/create3_examples_msgs/share/create3_examples_msgs/environment/library_path.dsv
[5.060s] -- Up-to-date: /home/robotics_roomba_2/slam2d/install/create3_examples_msgs/lib/libcreate3_examples_msgs__rosidl_generator_c.so
[5.060s] -- Up-to-date: /home/robotics_roomba_2/slam2d/install/create3_examples_msgs/include/create3_examples_msgs/create3_examples_msgs
[5.061s] -- Up-to-date: /home/robotics_roomba_2/slam2d/install/create3_examples_msgs/include/create3_examples_msgs/create3_examples_msgs/msg
[5.061s] -- Up-to-date: /home/robotics_roomba_2/slam2d/install/create3_examples_msgs/include/create3_examples_msgs/create3_examples_msgs/msg/rosidl_typesupport_fastrtps_c__visibility_control.h
[5.062s] -- Up-to-date: /home/robotics_roomba_2/slam2d/install/create3_examples_msgs/include/create3_examples_msgs/create3_examples_msgs/action
[5.062s] -- Up-to-date: /home/robotics_roomba_2/slam2d/install/create3_examples_msgs/include/create3_examples_msgs/create3_examples_msgs/action/detail
[5.062s] -- Up-to-date: /home/robotics_roomba_2/slam2d/install/create3_examples_msgs/include/create3_examples_msgs/create3_examples_msgs/action/detail/coverage__rosidl_typesupport_fastrtps_c.h
[5.063s] -- Up-to-date: /home/robotics_roomba_2/slam2d/install/create3_examples_msgs/lib/libcreate3_examples_msgs__rosidl_typesupport_fastrtps_c.so
[5.063s] -- Up-to-date: /home/robotics_roomba_2/slam2d/install/create3_examples_msgs/include/create3_examples_msgs/create3_examples_msgs
[5.064s] -- Up-to-date: /home/robotics_roomba_2/slam2d/install/create3_examples_msgs/include/create3_examples_msgs/create3_examples_msgs/msg
[5.064s] -- Up-to-date: /home/robotics_roomba_2/slam2d/install/create3_examples_msgs/include/create3_examples_msgs/create3_examples_msgs/msg/rosidl_typesupport_introspection_c__visibility_control.h
[5.065s] -- Up-to-date: /home/robotics_roomba_2/slam2d/install/create3_examples_msgs/include/create3_examples_msgs/create3_examples_msgs/action
[5.065s] -- Up-to-date: /home/robotics_roomba_2/slam2d/install/create3_examples_msgs/include/create3_examples_msgs/create3_examples_msgs/action/detail
[5.066s] -- Up-to-date: /home/robotics_roomba_2/slam2d/install/create3_examples_msgs/include/create3_examples_msgs/create3_examples_msgs/action/detail/coverage__type_support.c
[5.066s] -- Up-to-date: /home/robotics_roomba_2/slam2d/install/create3_examples_msgs/include/create3_examples_msgs/create3_examples_msgs/action/detail/coverage__rosidl_typesupport_introspection_c.h
[5.066s] -- Up-to-date: /home/robotics_roomba_2/slam2d/install/create3_examples_msgs/lib/libcreate3_examples_msgs__rosidl_typesupport_introspection_c.so
[5.067s] -- Up-to-date: /home/robotics_roomba_2/slam2d/install/create3_examples_msgs/lib/libcreate3_examples_msgs__rosidl_typesupport_c.so
[5.067s] -- Up-to-date: /home/robotics_roomba_2/slam2d/install/create3_examples_msgs/include/create3_examples_msgs/create3_examples_msgs
[5.079s] -- Up-to-date: /home/robotics_roomba_2/slam2d/install/create3_examples_msgs/include/create3_examples_msgs/create3_examples_msgs/action
[5.080s] -- Up-to-date: /home/robotics_roomba_2/slam2d/install/create3_examples_msgs/include/create3_examples_msgs/create3_examples_msgs/action/detail
[5.081s] -- Up-to-date: /home/robotics_roomba_2/slam2d/install/create3_examples_msgs/include/create3_examples_msgs/create3_examples_msgs/action/detail/coverage__traits.hpp
[5.081s] -- Up-to-date: /home/robotics_roomba_2/slam2d/install/create3_examples_msgs/include/create3_examples_msgs/create3_examples_msgs/action/detail/coverage__builder.hpp
[5.082s] -- Up-to-date: /home/robotics_roomba_2/slam2d/install/create3_examples_msgs/include/create3_examples_msgs/create3_examples_msgs/action/detail/coverage__struct.hpp
[5.082s] -- Up-to-date: /home/robotics_roomba_2/slam2d/install/create3_examples_msgs/include/create3_examples_msgs/create3_examples_msgs/action/coverage.hpp
[5.083s] -- Up-to-date: /home/robotics_roomba_2/slam2d/install/create3_examples_msgs/include/create3_examples_msgs/create3_examples_msgs
[5.086s] -- Up-to-date: /home/robotics_roomba_2/slam2d/install/create3_examples_msgs/include/create3_examples_msgs/create3_examples_msgs/msg
[5.086s] -- Up-to-date: /home/robotics_roomba_2/slam2d/install/create3_examples_msgs/include/create3_examples_msgs/create3_examples_msgs/msg/rosidl_typesupport_fastrtps_cpp__visibility_control.h
[5.087s] -- Up-to-date: /home/robotics_roomba_2/slam2d/install/create3_examples_msgs/include/create3_examples_msgs/create3_examples_msgs/action
[5.087s] -- Up-to-date: /home/robotics_roomba_2/slam2d/install/create3_examples_msgs/include/create3_examples_msgs/create3_examples_msgs/action/detail
[5.088s] -- Up-to-date: /home/robotics_roomba_2/slam2d/install/create3_examples_msgs/include/create3_examples_msgs/create3_examples_msgs/action/detail/dds_fastrtps
[5.090s] -- Up-to-date: /home/robotics_roomba_2/slam2d/install/create3_examples_msgs/include/create3_examples_msgs/create3_examples_msgs/action/detail/coverage__rosidl_typesupport_fastrtps_cpp.hpp
[5.106s] -- Up-to-date: /home/robotics_roomba_2/slam2d/install/create3_examples_msgs/lib/libcreate3_examples_msgs__rosidl_typesupport_fastrtps_cpp.so
[5.106s] -- Up-to-date: /home/robotics_roomba_2/slam2d/install/create3_examples_msgs/include/create3_examples_msgs/create3_examples_msgs
[5.107s] -- Up-to-date: /home/robotics_roomba_2/slam2d/install/create3_examples_msgs/include/create3_examples_msgs/create3_examples_msgs/action
[5.107s] -- Up-to-date: /home/robotics_roomba_2/slam2d/install/create3_examples_msgs/include/create3_examples_msgs/create3_examples_msgs/action/detail
[5.108s] -- Up-to-date: /home/robotics_roomba_2/slam2d/install/create3_examples_msgs/include/create3_examples_msgs/create3_examples_msgs/action/detail/coverage__rosidl_typesupport_introspection_cpp.hpp
[5.109s] -- Up-to-date: /home/robotics_roomba_2/slam2d/install/create3_examples_msgs/include/create3_examples_msgs/create3_examples_msgs/action/detail/coverage__type_support.cpp
[5.110s] -- Up-to-date: /home/robotics_roomba_2/slam2d/install/create3_examples_msgs/lib/libcreate3_examples_msgs__rosidl_typesupport_introspection_cpp.so
[5.111s] -- Up-to-date: /home/robotics_roomba_2/slam2d/install/create3_examples_msgs/lib/libcreate3_examples_msgs__rosidl_typesupport_cpp.so
[5.112s] -- Up-to-date: /home/robotics_roomba_2/slam2d/install/create3_examples_msgs/share/create3_examples_msgs/environment/pythonpath.sh
[5.113s] -- Up-to-date: /home/robotics_roomba_2/slam2d/install/create3_examples_msgs/share/create3_examples_msgs/environment/pythonpath.dsv
[5.114s] -- Up-to-date: /home/robotics_roomba_2/slam2d/install/create3_examples_msgs/local/lib/python3.10/dist-packages/create3_examples_msgs-0.0.1-py3.10.egg-info
[5.115s] -- Installing: /home/robotics_roomba_2/slam2d/install/create3_examples_msgs/local/lib/python3.10/dist-packages/create3_examples_msgs-0.0.1-py3.10.egg-info/SOURCES.txt
[5.115s] -- Installing: /home/robotics_roomba_2/slam2d/install/create3_examples_msgs/local/lib/python3.10/dist-packages/create3_examples_msgs-0.0.1-py3.10.egg-info/PKG-INFO
[5.116s] -- Installing: /home/robotics_roomba_2/slam2d/install/create3_examples_msgs/local/lib/python3.10/dist-packages/create3_examples_msgs-0.0.1-py3.10.egg-info/dependency_links.txt
[5.117s] -- Installing: /home/robotics_roomba_2/slam2d/install/create3_examples_msgs/local/lib/python3.10/dist-packages/create3_examples_msgs-0.0.1-py3.10.egg-info/top_level.txt
[5.117s] -- Up-to-date: /home/robotics_roomba_2/slam2d/install/create3_examples_msgs/local/lib/python3.10/dist-packages/create3_examples_msgs
[5.118s] -- Up-to-date: /home/robotics_roomba_2/slam2d/install/create3_examples_msgs/local/lib/python3.10/dist-packages/create3_examples_msgs/_create3_examples_msgs_s.ep.rosidl_typesupport_introspection_c.c
[5.118s] -- Up-to-date: /home/robotics_roomba_2/slam2d/install/create3_examples_msgs/local/lib/python3.10/dist-packages/create3_examples_msgs/libcreate3_examples_msgs__rosidl_generator_py.so
[5.119s] -- Up-to-date: /home/robotics_roomba_2/slam2d/install/create3_examples_msgs/local/lib/python3.10/dist-packages/create3_examples_msgs/create3_examples_msgs_s__rosidl_typesupport_c.cpython-310-aarch64-linux-gnu.so
[5.119s] -- Up-to-date: /home/robotics_roomba_2/slam2d/install/create3_examples_msgs/local/lib/python3.10/dist-packages/create3_examples_msgs/__init__.py
[5.120s] -- Up-to-date: /home/robotics_roomba_2/slam2d/install/create3_examples_msgs/local/lib/python3.10/dist-packages/create3_examples_msgs/_create3_examples_msgs_s.ep.rosidl_typesupport_fastrtps_c.c
[5.121s] -- Up-to-date: /home/robotics_roomba_2/slam2d/install/create3_examples_msgs/local/lib/python3.10/dist-packages/create3_examples_msgs/_create3_examples_msgs_s.ep.rosidl_typesupport_c.c
[5.121s] -- Up-to-date: /home/robotics_roomba_2/slam2d/install/create3_examples_msgs/local/lib/python3.10/dist-packages/create3_examples_msgs/create3_examples_msgs_s__rosidl_typesupport_introspection_c.cpython-310-aarch64-linux-gnu.so
[5.122s] -- Up-to-date: /home/robotics_roomba_2/slam2d/install/create3_examples_msgs/local/lib/python3.10/dist-packages/create3_examples_msgs/action
[5.122s] -- Up-to-date: /home/robotics_roomba_2/slam2d/install/create3_examples_msgs/local/lib/python3.10/dist-packages/create3_examples_msgs/action/_coverage_s.c
[5.123s] -- Up-to-date: /home/robotics_roomba_2/slam2d/install/create3_examples_msgs/local/lib/python3.10/dist-packages/create3_examples_msgs/action/__init__.py
[5.124s] -- Up-to-date: /home/robotics_roomba_2/slam2d/install/create3_examples_msgs/local/lib/python3.10/dist-packages/create3_examples_msgs/action/_coverage.py
[5.135s] -- Up-to-date: /home/robotics_roomba_2/slam2d/install/create3_examples_msgs/local/lib/python3.10/dist-packages/create3_examples_msgs/create3_examples_msgs_s__rosidl_typesupport_fastrtps_c.cpython-310-aarch64-linux-gnu.so
[5.362s] Listing '/home/robotics_roomba_2/slam2d/install/create3_examples_msgs/local/lib/python3.10/dist-packages/create3_examples_msgs'...
[5.363s] Listing '/home/robotics_roomba_2/slam2d/install/create3_examples_msgs/local/lib/python3.10/dist-packages/create3_examples_msgs/action'...
[5.401s] -- Up-to-date: /home/robotics_roomba_2/slam2d/install/create3_examples_msgs/local/lib/python3.10/dist-packages/create3_examples_msgs/create3_examples_msgs_s__rosidl_typesupport_fastrtps_c.cpython-310-aarch64-linux-gnu.so
[5.404s] -- Up-to-date: /home/robotics_roomba_2/slam2d/install/create3_examples_msgs/local/lib/python3.10/dist-packages/create3_examples_msgs/create3_examples_msgs_s__rosidl_typesupport_introspection_c.cpython-310-aarch64-linux-gnu.so
[5.411s] -- Up-to-date: /home/robotics_roomba_2/slam2d/install/create3_examples_msgs/local/lib/python3.10/dist-packages/create3_examples_msgs/create3_examples_msgs_s__rosidl_typesupport_c.cpython-310-aarch64-linux-gnu.so
[5.414s] -- Up-to-date: /home/robotics_roomba_2/slam2d/install/create3_examples_msgs/lib/libcreate3_examples_msgs__rosidl_generator_py.so
[5.417s] -- Up-to-date: /home/robotics_roomba_2/slam2d/install/create3_examples_msgs/share/create3_examples_msgs/action/Coverage.idl
[5.417s] -- Up-to-date: /home/robotics_roomba_2/slam2d/install/create3_examples_msgs/share/create3_examples_msgs/action/Coverage.action
[5.418s] -- Up-to-date: /home/robotics_roomba_2/slam2d/install/create3_examples_msgs/share/ament_index/resource_index/package_run_dependencies/create3_examples_msgs
[5.420s] -- Up-to-date: /home/robotics_roomba_2/slam2d/install/create3_examples_msgs/share/ament_index/resource_index/parent_prefix_path/create3_examples_msgs
[5.421s] -- Up-to-date: /home/robotics_roomba_2/slam2d/install/create3_examples_msgs/share/create3_examples_msgs/environment/ament_prefix_path.sh
[5.422s] -- Up-to-date: /home/robotics_roomba_2/slam2d/install/create3_examples_msgs/share/create3_examples_msgs/environment/ament_prefix_path.dsv
[5.423s] -- Up-to-date: /home/robotics_roomba_2/slam2d/install/create3_examples_msgs/share/create3_examples_msgs/environment/path.sh
[5.425s] -- Up-to-date: /home/robotics_roomba_2/slam2d/install/create3_examples_msgs/share/create3_examples_msgs/environment/path.dsv
[5.426s] -- Up-to-date: /home/robotics_roomba_2/slam2d/install/create3_examples_msgs/share/create3_examples_msgs/local_setup.bash
[5.426s] -- Up-to-date: /home/robotics_roomba_2/slam2d/install/create3_examples_msgs/share/create3_examples_msgs/local_setup.sh
[5.427s] -- Up-to-date: /home/robotics_roomba_2/slam2d/install/create3_examples_msgs/share/create3_examples_msgs/local_setup.zsh
[5.428s] -- Up-to-date: /home/robotics_roomba_2/slam2d/install/create3_examples_msgs/share/create3_examples_msgs/local_setup.dsv
[5.428s] -- Installing: /home/robotics_roomba_2/slam2d/install/create3_examples_msgs/share/create3_examples_msgs/package.dsv
[5.442s] -- Up-to-date: /home/robotics_roomba_2/slam2d/install/create3_examples_msgs/share/ament_index/resource_index/packages/create3_examples_msgs
[5.449s] -- Up-to-date: /home/robotics_roomba_2/slam2d/install/create3_examples_msgs/share/create3_examples_msgs/cmake/export_create3_examples_msgs__rosidl_generator_cExport.cmake
[5.451s] -- Up-to-date: /home/robotics_roomba_2/slam2d/install/create3_examples_msgs/share/create3_examples_msgs/cmake/export_create3_examples_msgs__rosidl_generator_cExport-noconfig.cmake
[5.451s] -- Up-to-date: /home/robotics_roomba_2/slam2d/install/create3_examples_msgs/share/create3_examples_msgs/cmake/export_create3_examples_msgs__rosidl_typesupport_fastrtps_cExport.cmake
[5.453s] -- Up-to-date: /home/robotics_roomba_2/slam2d/install/create3_examples_msgs/share/create3_examples_msgs/cmake/export_create3_examples_msgs__rosidl_typesupport_fastrtps_cExport-noconfig.cmake
[5.457s] -- Up-to-date: /home/robotics_roomba_2/slam2d/install/create3_examples_msgs/share/create3_examples_msgs/cmake/create3_examples_msgs__rosidl_typesupport_introspection_cExport.cmake
[5.459s] -- Up-to-date: /home/robotics_roomba_2/slam2d/install/create3_examples_msgs/share/create3_examples_msgs/cmake/create3_examples_msgs__rosidl_typesupport_introspection_cExport-noconfig.cmake
[5.462s] -- Up-to-date: /home/robotics_roomba_2/slam2d/install/create3_examples_msgs/share/create3_examples_msgs/cmake/create3_examples_msgs__rosidl_typesupport_cExport.cmake
[5.464s] -- Up-to-date: /home/robotics_roomba_2/slam2d/install/create3_examples_msgs/share/create3_examples_msgs/cmake/create3_examples_msgs__rosidl_typesupport_cExport-noconfig.cmake
[5.467s] -- Up-to-date: /home/robotics_roomba_2/slam2d/install/create3_examples_msgs/share/create3_examples_msgs/cmake/export_create3_examples_msgs__rosidl_generator_cppExport.cmake
[5.470s] -- Up-to-date: /home/robotics_roomba_2/slam2d/install/create3_examples_msgs/share/create3_examples_msgs/cmake/export_create3_examples_msgs__rosidl_typesupport_fastrtps_cppExport.cmake
[5.472s] -- Up-to-date: /home/robotics_roomba_2/slam2d/install/create3_examples_msgs/share/create3_examples_msgs/cmake/export_create3_examples_msgs__rosidl_typesupport_fastrtps_cppExport-noconfig.cmake
[5.475s] -- Up-to-date: /home/robotics_roomba_2/slam2d/install/create3_examples_msgs/share/create3_examples_msgs/cmake/create3_examples_msgs__rosidl_typesupport_introspection_cppExport.cmake
[5.476s] -- Up-to-date: /home/robotics_roomba_2/slam2d/install/create3_examples_msgs/share/create3_examples_msgs/cmake/create3_examples_msgs__rosidl_typesupport_introspection_cppExport-noconfig.cmake
[5.479s] -- Up-to-date: /home/robotics_roomba_2/slam2d/install/create3_examples_msgs/share/create3_examples_msgs/cmake/create3_examples_msgs__rosidl_typesupport_cppExport.cmake
[5.481s] -- Up-to-date: /home/robotics_roomba_2/slam2d/install/create3_examples_msgs/share/create3_examples_msgs/cmake/create3_examples_msgs__rosidl_typesupport_cppExport-noconfig.cmake
[5.484s] -- Up-to-date: /home/robotics_roomba_2/slam2d/install/create3_examples_msgs/share/create3_examples_msgs/cmake/export_create3_examples_msgs__rosidl_generator_pyExport.cmake
[5.486s] -- Up-to-date: /home/robotics_roomba_2/slam2d/install/create3_examples_msgs/share/create3_examples_msgs/cmake/export_create3_examples_msgs__rosidl_generator_pyExport-noconfig.cmake
[5.489s] -- Up-to-date: /home/robotics_roomba_2/slam2d/install/create3_examples_msgs/share/create3_examples_msgs/cmake/rosidl_cmake-extras.cmake
[5.490s] -- Up-to-date: /home/robotics_roomba_2/slam2d/install/create3_examples_msgs/share/create3_examples_msgs/cmake/ament_cmake_export_dependencies-extras.cmake
[5.490s] -- Up-to-date: /home/robotics_roomba_2/slam2d/install/create3_examples_msgs/share/create3_examples_msgs/cmake/ament_cmake_export_include_directories-extras.cmake
[5.492s] -- Up-to-date: /home/robotics_roomba_2/slam2d/install/create3_examples_msgs/share/create3_examples_msgs/cmake/ament_cmake_export_libraries-extras.cmake
[5.494s] -- Up-to-date: /home/robotics_roomba_2/slam2d/install/create3_examples_msgs/share/create3_examples_msgs/cmake/ament_cmake_export_targets-extras.cmake
[5.495s] -- Up-to-date: /home/robotics_roomba_2/slam2d/install/create3_examples_msgs/share/create3_examples_msgs/cmake/rosidl_cmake_export_typesupport_targets-extras.cmake
[5.497s] -- Up-to-date: /home/robotics_roomba_2/slam2d/install/create3_examples_msgs/share/create3_examples_msgs/cmake/rosidl_cmake_export_typesupport_libraries-extras.cmake
[5.498s] -- Up-to-date: /home/robotics_roomba_2/slam2d/install/create3_examples_msgs/share/create3_examples_msgs/cmake/create3_examples_msgsConfig.cmake
[5.500s] -- Up-to-date: /home/robotics_roomba_2/slam2d/install/create3_examples_msgs/share/create3_examples_msgs/cmake/create3_examples_msgsConfig-version.cmake
[5.501s] -- Up-to-date: /home/robotics_roomba_2/slam2d/install/create3_examples_msgs/share/create3_examples_msgs/package.xml
[7.660s] Invoked command in '/home/robotics_roomba_2/slam2d/build/create3_examples_msgs' returned '0': CMAKE_PREFIX_PATH=${CMAKE_PREFIX_PATH}:/home/robotics_roomba_2/slam2d/install/tmf882x:/home/robotics_roomba_2/slam2d/install/create3_teleop:/home/robotics_roomba_2/slam2d/install/create3_examples_py:/opt/ros/humble /usr/bin/cmake --install /home/robotics_roomba_2/slam2d/build/create3_examples_msgs
