[6.457s] Invoking command in '/home/robotics_roomba_2/slam2d/src/tmf882x': PYTHONPATH=/home/robotics_roomba_2/slam2d/build/tmf882x/prefix_override:/home/robotics_roomba_2/slam2d/install/tmf882x/lib/python3.10/site-packages:${PYTHONPATH} /usr/bin/python3 setup.py egg_info --egg-base ../../build/tmf882x build --build-base /home/robotics_roomba_2/slam2d/build/tmf882x/build install --record /home/robotics_roomba_2/slam2d/build/tmf882x/install.log --single-version-externally-managed
[8.552s] running egg_info
[8.553s] creating ../../build/tmf882x/tmf882x.egg-info
[8.559s] writing ../../build/tmf882x/tmf882x.egg-info/PKG-INFO
[8.565s] writing dependency_links to ../../build/tmf882x/tmf882x.egg-info/dependency_links.txt
[8.571s] writing entry points to ../../build/tmf882x/tmf882x.egg-info/entry_points.txt
[8.576s] writing requirements to ../../build/tmf882x/tmf882x.egg-info/requires.txt
[8.580s] writing top-level names to ../../build/tmf882x/tmf882x.egg-info/top_level.txt
[8.583s] writing manifest file '../../build/tmf882x/tmf882x.egg-info/SOURCES.txt'
[8.601s] reading manifest file '../../build/tmf882x/tmf882x.egg-info/SOURCES.txt'
[8.604s] adding license file 'LICENSE'
[8.609s] writing manifest file '../../build/tmf882x/tmf882x.egg-info/SOURCES.txt'
[8.613s] running build
[8.614s] running build_py
[8.618s] creating /home/robotics_roomba_2/slam2d/build/tmf882x/build
[8.625s] creating /home/robotics_roomba_2/slam2d/build/tmf882x/build/lib
[8.626s] creating /home/robotics_roomba_2/slam2d/build/tmf882x/build/lib/tmf882x
[8.629s] copying tmf882x/tmf882x_pub.py -> /home/robotics_roomba_2/slam2d/build/tmf882x/build/lib/tmf882x
[8.633s] copying tmf882x/__init__.py -> /home/robotics_roomba_2/slam2d/build/tmf882x/build/lib/tmf882x
[8.637s] copying tmf882x/plane_vis.py -> /home/robotics_roomba_2/slam2d/build/tmf882x/build/lib/tmf882x
[8.641s] copying tmf882x/tmf882x_vis.py -> /home/robotics_roomba_2/slam2d/build/tmf882x/build/lib/tmf882x
[8.645s] running install
[8.649s] running install_lib
[8.659s] creating /home/robotics_roomba_2/slam2d/install/tmf882x/lib/python3.10/site-packages/tmf882x
[8.660s] copying /home/robotics_roomba_2/slam2d/build/tmf882x/build/lib/tmf882x/tmf882x_pub.py -> /home/robotics_roomba_2/slam2d/install/tmf882x/lib/python3.10/site-packages/tmf882x
[8.662s] copying /home/robotics_roomba_2/slam2d/build/tmf882x/build/lib/tmf882x/__init__.py -> /home/robotics_roomba_2/slam2d/install/tmf882x/lib/python3.10/site-packages/tmf882x
[8.664s] copying /home/robotics_roomba_2/slam2d/build/tmf882x/build/lib/tmf882x/plane_vis.py -> /home/robotics_roomba_2/slam2d/install/tmf882x/lib/python3.10/site-packages/tmf882x
[8.667s] copying /home/robotics_roomba_2/slam2d/build/tmf882x/build/lib/tmf882x/tmf882x_vis.py -> /home/robotics_roomba_2/slam2d/install/tmf882x/lib/python3.10/site-packages/tmf882x
[8.672s] byte-compiling /home/robotics_roomba_2/slam2d/install/tmf882x/lib/python3.10/site-packages/tmf882x/tmf882x_pub.py to tmf882x_pub.cpython-310.pyc
[8.684s] byte-compiling /home/robotics_roomba_2/slam2d/install/tmf882x/lib/python3.10/site-packages/tmf882x/__init__.py to __init__.cpython-310.pyc
[8.687s] byte-compiling /home/robotics_roomba_2/slam2d/install/tmf882x/lib/python3.10/site-packages/tmf882x/plane_vis.py to plane_vis.cpython-310.pyc
[8.698s] byte-compiling /home/robotics_roomba_2/slam2d/install/tmf882x/lib/python3.10/site-packages/tmf882x/tmf882x_vis.py to tmf882x_vis.cpython-310.pyc
[8.704s] running install_data
[8.708s] creating /home/robotics_roomba_2/slam2d/install/tmf882x/share/ament_index
[8.710s] creating /home/robotics_roomba_2/slam2d/install/tmf882x/share/ament_index/resource_index
[8.712s] creating /home/robotics_roomba_2/slam2d/install/tmf882x/share/ament_index/resource_index/packages
[8.714s] copying resource/tmf882x -> /home/robotics_roomba_2/slam2d/install/tmf882x/share/ament_index/resource_index/packages
[8.718s] copying package.xml -> /home/robotics_roomba_2/slam2d/install/tmf882x/share/tmf882x
[8.722s] running install_egg_info
[8.736s] Copying ../../build/tmf882x/tmf882x.egg-info to /home/robotics_roomba_2/slam2d/install/tmf882x/lib/python3.10/site-packages/tmf882x-1.0.0-py3.10.egg-info
[8.754s] running install_scripts
[8.881s] Installing plane_vis script to /home/robotics_roomba_2/slam2d/install/tmf882x/lib/tmf882x
[8.882s] Installing tmf882x_pub script to /home/robotics_roomba_2/slam2d/install/tmf882x/lib/tmf882x
[8.883s] Installing tmf882x_vis script to /home/robotics_roomba_2/slam2d/install/tmf882x/lib/tmf882x
[8.885s] writing list of installed files to '/home/robotics_roomba_2/slam2d/build/tmf882x/install.log'
[9.061s] Invoked command in '/home/robotics_roomba_2/slam2d/src/tmf882x' returned '0': PYTHONPATH=/home/robotics_roomba_2/slam2d/build/tmf882x/prefix_override:/home/robotics_roomba_2/slam2d/install/tmf882x/lib/python3.10/site-packages:${PYTHONPATH} /usr/bin/python3 setup.py egg_info --egg-base ../../build/tmf882x build --build-base /home/robotics_roomba_2/slam2d/build/tmf882x/build install --record /home/robotics_roomba_2/slam2d/build/tmf882x/install.log --single-version-externally-managed
