[4.977s] Invoking command in '/home/robotics_roomba_2/slam2d/src/tmf882x': PYTHONPATH=/home/robotics_roomba_2/slam2d/build/tmf882x/prefix_override:/home/robotics_roomba_2/slam2d/install/tmf882x/lib/python3.10/site-packages:${PYTHONPATH} /usr/bin/python3 setup.py egg_info --egg-base ../../build/tmf882x build --build-base /home/robotics_roomba_2/slam2d/build/tmf882x/build install --record /home/robotics_roomba_2/slam2d/build/tmf882x/install.log --single-version-externally-managed
[7.675s] running egg_info
[7.678s] creating ../../build/tmf882x/tmf882x.egg-info
[7.680s] writing ../../build/tmf882x/tmf882x.egg-info/PKG-INFO
[7.681s] writing dependency_links to ../../build/tmf882x/tmf882x.egg-info/dependency_links.txt
[7.684s] writing entry points to ../../build/tmf882x/tmf882x.egg-info/entry_points.txt
[7.685s] writing requirements to ../../build/tmf882x/tmf882x.egg-info/requires.txt
[7.686s] writing top-level names to ../../build/tmf882x/tmf882x.egg-info/top_level.txt
[7.687s] writing manifest file '../../build/tmf882x/tmf882x.egg-info/SOURCES.txt'
[7.705s] reading manifest file '../../build/tmf882x/tmf882x.egg-info/SOURCES.txt'
[7.707s] adding license file 'LICENSE'
[7.718s] writing manifest file '../../build/tmf882x/tmf882x.egg-info/SOURCES.txt'
[7.720s] running build
[7.721s] running build_py
[7.723s] creating /home/robotics_roomba_2/slam2d/build/tmf882x/build
[7.724s] creating /home/robotics_roomba_2/slam2d/build/tmf882x/build/lib
[7.725s] creating /home/robotics_roomba_2/slam2d/build/tmf882x/build/lib/tmf882x
[7.726s] copying tmf882x/tmf882x_pub.py -> /home/robotics_roomba_2/slam2d/build/tmf882x/build/lib/tmf882x
[7.727s] copying tmf882x/__init__.py -> /home/robotics_roomba_2/slam2d/build/tmf882x/build/lib/tmf882x
[7.731s] copying tmf882x/plane_vis.py -> /home/robotics_roomba_2/slam2d/build/tmf882x/build/lib/tmf882x
[7.731s] copying tmf882x/tmf882x_vis.py -> /home/robotics_roomba_2/slam2d/build/tmf882x/build/lib/tmf882x
[7.733s] running install
[7.734s] running install_lib
[7.740s] creating /home/robotics_roomba_2/slam2d/install/tmf882x/lib/python3.10/site-packages/tmf882x
[7.740s] copying /home/robotics_roomba_2/slam2d/build/tmf882x/build/lib/tmf882x/tmf882x_pub.py -> /home/robotics_roomba_2/slam2d/install/tmf882x/lib/python3.10/site-packages/tmf882x
[7.741s] copying /home/robotics_roomba_2/slam2d/build/tmf882x/build/lib/tmf882x/__init__.py -> /home/robotics_roomba_2/slam2d/install/tmf882x/lib/python3.10/site-packages/tmf882x
[7.742s] copying /home/robotics_roomba_2/slam2d/build/tmf882x/build/lib/tmf882x/plane_vis.py -> /home/robotics_roomba_2/slam2d/install/tmf882x/lib/python3.10/site-packages/tmf882x
[7.744s] copying /home/robotics_roomba_2/slam2d/build/tmf882x/build/lib/tmf882x/tmf882x_vis.py -> /home/robotics_roomba_2/slam2d/install/tmf882x/lib/python3.10/site-packages/tmf882x
[7.747s] byte-compiling /home/robotics_roomba_2/slam2d/install/tmf882x/lib/python3.10/site-packages/tmf882x/tmf882x_pub.py to tmf882x_pub.cpython-310.pyc
[7.759s] byte-compiling /home/robotics_roomba_2/slam2d/install/tmf882x/lib/python3.10/site-packages/tmf882x/__init__.py to __init__.cpython-310.pyc
[7.761s] byte-compiling /home/robotics_roomba_2/slam2d/install/tmf882x/lib/python3.10/site-packages/tmf882x/plane_vis.py to plane_vis.cpython-310.pyc
[7.769s] byte-compiling /home/robotics_roomba_2/slam2d/install/tmf882x/lib/python3.10/site-packages/tmf882x/tmf882x_vis.py to tmf882x_vis.cpython-310.pyc
[7.774s] running install_data
[7.777s] creating /home/robotics_roomba_2/slam2d/install/tmf882x/share/ament_index
[7.778s] creating /home/robotics_roomba_2/slam2d/install/tmf882x/share/ament_index/resource_index
[7.778s] creating /home/robotics_roomba_2/slam2d/install/tmf882x/share/ament_index/resource_index/packages
[7.779s] copying resource/tmf882x -> /home/robotics_roomba_2/slam2d/install/tmf882x/share/ament_index/resource_index/packages
[7.780s] copying package.xml -> /home/robotics_roomba_2/slam2d/install/tmf882x/share/tmf882x
[7.781s] running install_egg_info
[7.789s] Copying ../../build/tmf882x/tmf882x.egg-info to /home/robotics_roomba_2/slam2d/install/tmf882x/lib/python3.10/site-packages/tmf882x-1.0.0-py3.10.egg-info
[7.799s] running install_scripts
[7.968s] Installing plane_vis script to /home/robotics_roomba_2/slam2d/install/tmf882x/lib/tmf882x
[7.969s] Installing tmf882x_pub script to /home/robotics_roomba_2/slam2d/install/tmf882x/lib/tmf882x
[7.970s] Installing tmf882x_vis script to /home/robotics_roomba_2/slam2d/install/tmf882x/lib/tmf882x
[7.970s] writing list of installed files to '/home/robotics_roomba_2/slam2d/build/tmf882x/install.log'
[8.253s] Invoked command in '/home/robotics_roomba_2/slam2d/src/tmf882x' returned '0': PYTHONPATH=/home/robotics_roomba_2/slam2d/build/tmf882x/prefix_override:/home/robotics_roomba_2/slam2d/install/tmf882x/lib/python3.10/site-packages:${PYTHONPATH} /usr/bin/python3 setup.py egg_info --egg-base ../../build/tmf882x build --build-base /home/robotics_roomba_2/slam2d/build/tmf882x/build install --record /home/robotics_roomba_2/slam2d/build/tmf882x/install.log --single-version-externally-managed
