[6.997s] Invoking command in '/home/robotics_roomba_2/slam2d/src/create3_examples/create3_examples_py': PYTHONPATH=/home/robotics_roomba_2/slam2d/build/create3_examples_py/prefix_override:/home/robotics_roomba_2/slam2d/install/create3_examples_py/lib/python3.10/site-packages:${PYTHONPATH} /usr/bin/python3 setup.py egg_info --egg-base ../../../build/create3_examples_py build --build-base /home/robotics_roomba_2/slam2d/build/create3_examples_py/build install --record /home/robotics_roomba_2/slam2d/build/create3_examples_py/install.log --single-version-externally-managed
[9.217s] running egg_info
[9.221s] creating ../../../build/create3_examples_py/create3_examples_py.egg-info
[9.222s] writing ../../../build/create3_examples_py/create3_examples_py.egg-info/PKG-INFO
[9.224s] writing dependency_links to ../../../build/create3_examples_py/create3_examples_py.egg-info/dependency_links.txt
[9.224s] writing entry points to ../../../build/create3_examples_py/create3_examples_py.egg-info/entry_points.txt
[9.227s] writing requirements to ../../../build/create3_examples_py/create3_examples_py.egg-info/requires.txt
[9.228s] writing top-level names to ../../../build/create3_examples_py/create3_examples_py.egg-info/top_level.txt
[9.229s] writing manifest file '../../../build/create3_examples_py/create3_examples_py.egg-info/SOURCES.txt'
[9.237s] reading manifest file '../../../build/create3_examples_py/create3_examples_py.egg-info/SOURCES.txt'
[9.243s] writing manifest file '../../../build/create3_examples_py/create3_examples_py.egg-info/SOURCES.txt'
[9.244s] running build
[9.245s] running build_py
[9.246s] creating /home/robotics_roomba_2/slam2d/build/create3_examples_py/build
[9.246s] creating /home/robotics_roomba_2/slam2d/build/create3_examples_py/build/lib
[9.247s] creating /home/robotics_roomba_2/slam2d/build/create3_examples_py/build/lib/create3_examples_py
[9.248s] copying create3_examples_py/__init__.py -> /home/robotics_roomba_2/slam2d/build/create3_examples_py/build/lib/create3_examples_py
[9.249s] creating /home/robotics_roomba_2/slam2d/build/create3_examples_py/build/lib/create3_examples_py/dance
[9.250s] copying create3_examples_py/dance/__init__.py -> /home/robotics_roomba_2/slam2d/build/create3_examples_py/build/lib/create3_examples_py/dance
[9.252s] copying create3_examples_py/dance/create3_dance.py -> /home/robotics_roomba_2/slam2d/build/create3_examples_py/build/lib/create3_examples_py/dance
[9.255s] copying create3_examples_py/dance/dance_choreograph.py -> /home/robotics_roomba_2/slam2d/build/create3_examples_py/build/lib/create3_examples_py/dance
[9.256s] running install
[9.256s] running install_lib
[9.265s] creating /home/robotics_roomba_2/slam2d/install/create3_examples_py/lib/python3.10/site-packages/create3_examples_py
[9.265s] creating /home/robotics_roomba_2/slam2d/install/create3_examples_py/lib/python3.10/site-packages/create3_examples_py/dance
[9.266s] copying /home/robotics_roomba_2/slam2d/build/create3_examples_py/build/lib/create3_examples_py/dance/__init__.py -> /home/robotics_roomba_2/slam2d/install/create3_examples_py/lib/python3.10/site-packages/create3_examples_py/dance
[9.267s] copying /home/robotics_roomba_2/slam2d/build/create3_examples_py/build/lib/create3_examples_py/dance/create3_dance.py -> /home/robotics_roomba_2/slam2d/install/create3_examples_py/lib/python3.10/site-packages/create3_examples_py/dance
[9.271s] copying /home/robotics_roomba_2/slam2d/build/create3_examples_py/build/lib/create3_examples_py/dance/dance_choreograph.py -> /home/robotics_roomba_2/slam2d/install/create3_examples_py/lib/python3.10/site-packages/create3_examples_py/dance
[9.280s] copying /home/robotics_roomba_2/slam2d/build/create3_examples_py/build/lib/create3_examples_py/__init__.py -> /home/robotics_roomba_2/slam2d/install/create3_examples_py/lib/python3.10/site-packages/create3_examples_py
[9.280s] byte-compiling /home/robotics_roomba_2/slam2d/install/create3_examples_py/lib/python3.10/site-packages/create3_examples_py/dance/__init__.py to __init__.cpython-310.pyc
[9.281s] byte-compiling /home/robotics_roomba_2/slam2d/install/create3_examples_py/lib/python3.10/site-packages/create3_examples_py/dance/create3_dance.py to create3_dance.cpython-310.pyc
[9.288s] byte-compiling /home/robotics_roomba_2/slam2d/install/create3_examples_py/lib/python3.10/site-packages/create3_examples_py/dance/dance_choreograph.py to dance_choreograph.cpython-310.pyc
[9.292s] byte-compiling /home/robotics_roomba_2/slam2d/install/create3_examples_py/lib/python3.10/site-packages/create3_examples_py/__init__.py to __init__.cpython-310.pyc
[9.293s] running install_data
[9.308s] creating /home/robotics_roomba_2/slam2d/install/create3_examples_py/share/ament_index
[9.309s] creating /home/robotics_roomba_2/slam2d/install/create3_examples_py/share/ament_index/resource_index
[9.310s] creating /home/robotics_roomba_2/slam2d/install/create3_examples_py/share/ament_index/resource_index/packages
[9.327s] copying resource/create3_examples_py -> /home/robotics_roomba_2/slam2d/install/create3_examples_py/share/ament_index/resource_index/packages
[9.328s] copying package.xml -> /home/robotics_roomba_2/slam2d/install/create3_examples_py/share/create3_examples_py
[9.328s] running install_egg_info
[9.329s] Copying ../../../build/create3_examples_py/create3_examples_py.egg-info to /home/robotics_roomba_2/slam2d/install/create3_examples_py/lib/python3.10/site-packages/create3_examples_py-0.0.1-py3.10.egg-info
[9.330s] running install_scripts
[9.436s] Installing create3_dance script to /home/robotics_roomba_2/slam2d/install/create3_examples_py/lib/create3_examples_py
[9.439s] writing list of installed files to '/home/robotics_roomba_2/slam2d/build/create3_examples_py/install.log'
[11.219s] Invoked command in '/home/robotics_roomba_2/slam2d/src/create3_examples/create3_examples_py' returned '0': PYTHONPATH=/home/robotics_roomba_2/slam2d/build/create3_examples_py/prefix_override:/home/robotics_roomba_2/slam2d/install/create3_examples_py/lib/python3.10/site-packages:${PYTHONPATH} /usr/bin/python3 setup.py egg_info --egg-base ../../../build/create3_examples_py build --build-base /home/robotics_roomba_2/slam2d/build/create3_examples_py/build install --record /home/robotics_roomba_2/slam2d/build/create3_examples_py/install.log --single-version-externally-managed
