[0.237s] Invoking command in '/home/robotics_roomba_2/slam2d/build/create3_examples_msgs': CMAKE_PREFIX_PATH=${CMAKE_PREFIX_PATH}:/home/robotics_roomba_2/slam2d/install/tmf882x:/home/robotics_roomba_2/slam2d/install/create3_teleop:/home/robotics_roomba_2/slam2d/install/create3_examples_py:/opt/ros/humble /usr/bin/cmake --build /home/robotics_roomba_2/slam2d/build/create3_examples_msgs -- -j4 -l4
[2.241s] [  3%] Built target create3_examples_msgs__cpp
[2.248s] [ 12%] Built target create3_examples_msgs__rosidl_generator_c
[2.258s] [ 12%] Built target ament_cmake_python_copy_create3_examples_msgs
[2.263s] [ 22%] Built target create3_examples_msgs__rosidl_typesupport_cpp
[2.268s] [ 32%] Built target create3_examples_msgs__rosidl_typesupport_fastrtps_cpp
[2.274s] [ 41%] Built target create3_examples_msgs__rosidl_typesupport_introspection_cpp
[2.278s] [ 51%] Built target create3_examples_msgs__rosidl_typesupport_fastrtps_c
[2.283s] [ 61%] Built target create3_examples_msgs__rosidl_typesupport_c
[2.288s] [ 70%] Built target create3_examples_msgs__rosidl_typesupport_introspection_c
[2.293s] [ 70%] Built target create3_examples_msgs
[2.299s] [ 74%] Built target create3_examples_msgs__py
[2.304s] [ 80%] Built target create3_examples_msgs__rosidl_generator_py
[2.310s] [ 87%] Built target create3_examples_msgs__rosidl_typesupport_introspection_c__pyext
[2.315s] [ 93%] Built target create3_examples_msgs__rosidl_typesupport_c__pyext
[2.321s] [100%] Built target create3_examples_msgs__rosidl_typesupport_fastrtps_c__pyext
[2.611s] running egg_info
[2.617s] writing create3_examples_msgs.egg-info/PKG-INFO
[2.617s] writing dependency_links to create3_examples_msgs.egg-info/dependency_links.txt
[2.618s] writing top-level names to create3_examples_msgs.egg-info/top_level.txt
[2.629s] reading manifest file 'create3_examples_msgs.egg-info/SOURCES.txt'
[2.632s] writing manifest file 'create3_examples_msgs.egg-info/SOURCES.txt'
[2.779s] [100%] Built target ament_cmake_python_build_create3_examples_msgs_egg
[3.915s] Invoked command in '/home/robotics_roomba_2/slam2d/build/create3_examples_msgs' returned '0': CMAKE_PREFIX_PATH=${CMAKE_PREFIX_PATH}:/home/robotics_roomba_2/slam2d/install/tmf882x:/home/robotics_roomba_2/slam2d/install/create3_teleop:/home/robotics_roomba_2/slam2d/install/create3_examples_py:/opt/ros/humble /usr/bin/cmake --build /home/robotics_roomba_2/slam2d/build/create3_examples_msgs -- -j4 -l4
[4.677s] Invoking command in '/home/robotics_roomba_2/slam2d/build/create3_examples_msgs': CMAKE_PREFIX_PATH=${CMAKE_PREFIX_PATH}:/home/robotics_roomba_2/slam2d/install/tmf882x:/home/robotics_roomba_2/slam2d/install/create3_teleop:/home/robotics_roomba_2/slam2d/install/create3_examples_py:/opt/ros/humble /usr/bin/cmake --install /home/robotics_roomba_2/slam2d/build/create3_examples_msgs
[4.715s] -- Install configuration: ""
[4.726s] -- Up-to-date: /home/robotics_roomba_2/slam2d/install/create3_examples_msgs/share/ament_index/resource_index/rosidl_interfaces/create3_examples_msgs
[4.727s] -- Up-to-date: /home/robotics_roomba_2/slam2d/install/create3_examples_msgs/include/create3_examples_msgs/create3_examples_msgs
[4.727s] -- Up-to-date: /home/robotics_roomba_2/slam2d/install/create3_examples_msgs/include/create3_examples_msgs/create3_examples_msgs/msg
[4.728s] -- Up-to-date: /home/robotics_roomba_2/slam2d/install/create3_examples_msgs/include/create3_examples_msgs/create3_examples_msgs/msg/rosidl_generator_c__visibility_control.h
[4.728s] -- Up-to-date: /home/robotics_roomba_2/slam2d/install/create3_examples_msgs/include/create3_examples_msgs/create3_examples_msgs/action
[4.729s] -- Up-to-date: /home/robotics_roomba_2/slam2d/install/create3_examples_msgs/include/create3_examples_msgs/create3_examples_msgs/action/detail
[4.729s] -- Up-to-date: /home/robotics_roomba_2/slam2d/install/create3_examples_msgs/include/create3_examples_msgs/create3_examples_msgs/action/detail/coverage__struct.h
[4.730s] -- Up-to-date: /home/robotics_roomba_2/slam2d/install/create3_examples_msgs/include/create3_examples_msgs/create3_examples_msgs/action/detail/coverage__functions.h
[4.730s] -- Up-to-date: /home/robotics_roomba_2/slam2d/install/create3_examples_msgs/include/create3_examples_msgs/create3_examples_msgs/action/detail/coverage__functions.c
[4.731s] -- Up-to-date: /home/robotics_roomba_2/slam2d/install/create3_examples_msgs/include/create3_examples_msgs/create3_examples_msgs/action/detail/coverage__type_support.h
[4.731s] -- Up-to-date: /home/robotics_roomba_2/slam2d/install/create3_examples_msgs/include/create3_examples_msgs/create3_examples_msgs/action/coverage.h
[4.732s] -- Up-to-date: /home/robotics_roomba_2/slam2d/install/create3_examples_msgs/share/create3_examples_msgs/environment/library_path.sh
[4.732s] -- Up-to-date: /home/robotics_roomba_2/slam2d/install/create3_examples_msgs/share/create3_examples_msgs/environment/library_path.dsv
[4.733s] -- Up-to-date: /home/robotics_roomba_2/slam2d/install/create3_examples_msgs/lib/libcreate3_examples_msgs__rosidl_generator_c.so
[4.734s] -- Up-to-date: /home/robotics_roomba_2/slam2d/install/create3_examples_msgs/include/create3_examples_msgs/create3_examples_msgs
[4.734s] -- Up-to-date: /home/robotics_roomba_2/slam2d/install/create3_examples_msgs/include/create3_examples_msgs/create3_examples_msgs/msg
[4.735s] -- Up-to-date: /home/robotics_roomba_2/slam2d/install/create3_examples_msgs/include/create3_examples_msgs/create3_examples_msgs/msg/rosidl_typesupport_fastrtps_c__visibility_control.h
[4.736s] -- Up-to-date: /home/robotics_roomba_2/slam2d/install/create3_examples_msgs/include/create3_examples_msgs/create3_examples_msgs/action
[4.742s] -- Up-to-date: /home/robotics_roomba_2/slam2d/install/create3_examples_msgs/include/create3_examples_msgs/create3_examples_msgs/action/detail
[4.743s] -- Up-to-date: /home/robotics_roomba_2/slam2d/install/create3_examples_msgs/include/create3_examples_msgs/create3_examples_msgs/action/detail/coverage__rosidl_typesupport_fastrtps_c.h
[4.743s] -- Up-to-date: /home/robotics_roomba_2/slam2d/install/create3_examples_msgs/lib/libcreate3_examples_msgs__rosidl_typesupport_fastrtps_c.so
[4.744s] -- Up-to-date: /home/robotics_roomba_2/slam2d/install/create3_examples_msgs/include/create3_examples_msgs/create3_examples_msgs
[4.745s] -- Up-to-date: /home/robotics_roomba_2/slam2d/install/create3_examples_msgs/include/create3_examples_msgs/create3_examples_msgs/msg
[4.746s] -- Up-to-date: /home/robotics_roomba_2/slam2d/install/create3_examples_msgs/include/create3_examples_msgs/create3_examples_msgs/msg/rosidl_typesupport_introspection_c__visibility_control.h
[4.748s] -- Up-to-date: /home/robotics_roomba_2/slam2d/install/create3_examples_msgs/include/create3_examples_msgs/create3_examples_msgs/action
[4.754s] -- Up-to-date: /home/robotics_roomba_2/slam2d/install/create3_examples_msgs/include/create3_examples_msgs/create3_examples_msgs/action/detail
[4.755s] -- Up-to-date: /home/robotics_roomba_2/slam2d/install/create3_examples_msgs/include/create3_examples_msgs/create3_examples_msgs/action/detail/coverage__type_support.c
[4.756s] -- Up-to-date: /home/robotics_roomba_2/slam2d/install/create3_examples_msgs/include/create3_examples_msgs/create3_examples_msgs/action/detail/coverage__rosidl_typesupport_introspection_c.h
[4.757s] -- Up-to-date: /home/robotics_roomba_2/slam2d/install/create3_examples_msgs/lib/libcreate3_examples_msgs__rosidl_typesupport_introspection_c.so
[4.757s] -- Up-to-date: /home/robotics_roomba_2/slam2d/install/create3_examples_msgs/lib/libcreate3_examples_msgs__rosidl_typesupport_c.so
[4.758s] -- Up-to-date: /home/robotics_roomba_2/slam2d/install/create3_examples_msgs/include/create3_examples_msgs/create3_examples_msgs
[4.759s] -- Up-to-date: /home/robotics_roomba_2/slam2d/install/create3_examples_msgs/include/create3_examples_msgs/create3_examples_msgs/action
[4.759s] -- Up-to-date: /home/robotics_roomba_2/slam2d/install/create3_examples_msgs/include/create3_examples_msgs/create3_examples_msgs/action/detail
[4.760s] -- Up-to-date: /home/robotics_roomba_2/slam2d/install/create3_examples_msgs/include/create3_examples_msgs/create3_examples_msgs/action/detail/coverage__traits.hpp
[4.760s] -- Up-to-date: /home/robotics_roomba_2/slam2d/install/create3_examples_msgs/include/create3_examples_msgs/create3_examples_msgs/action/detail/coverage__builder.hpp
[4.761s] -- Up-to-date: /home/robotics_roomba_2/slam2d/install/create3_examples_msgs/include/create3_examples_msgs/create3_examples_msgs/action/detail/coverage__struct.hpp
[4.768s] -- Up-to-date: /home/robotics_roomba_2/slam2d/install/create3_examples_msgs/include/create3_examples_msgs/create3_examples_msgs/action/coverage.hpp
[4.778s] -- Up-to-date: /home/robotics_roomba_2/slam2d/install/create3_examples_msgs/include/create3_examples_msgs/create3_examples_msgs
[4.779s] -- Up-to-date: /home/robotics_roomba_2/slam2d/install/create3_examples_msgs/include/create3_examples_msgs/create3_examples_msgs/msg
[4.780s] -- Up-to-date: /home/robotics_roomba_2/slam2d/install/create3_examples_msgs/include/create3_examples_msgs/create3_examples_msgs/msg/rosidl_typesupport_fastrtps_cpp__visibility_control.h
[4.781s] -- Up-to-date: /home/robotics_roomba_2/slam2d/install/create3_examples_msgs/include/create3_examples_msgs/create3_examples_msgs/action
[4.781s] -- Up-to-date: /home/robotics_roomba_2/slam2d/install/create3_examples_msgs/include/create3_examples_msgs/create3_examples_msgs/action/detail
[4.782s] -- Up-to-date: /home/robotics_roomba_2/slam2d/install/create3_examples_msgs/include/create3_examples_msgs/create3_examples_msgs/action/detail/dds_fastrtps
[4.784s] -- Up-to-date: /home/robotics_roomba_2/slam2d/install/create3_examples_msgs/include/create3_examples_msgs/create3_examples_msgs/action/detail/coverage__rosidl_typesupport_fastrtps_cpp.hpp
[4.785s] -- Up-to-date: /home/robotics_roomba_2/slam2d/install/create3_examples_msgs/lib/libcreate3_examples_msgs__rosidl_typesupport_fastrtps_cpp.so
[4.786s] -- Up-to-date: /home/robotics_roomba_2/slam2d/install/create3_examples_msgs/include/create3_examples_msgs/create3_examples_msgs
[4.786s] -- Up-to-date: /home/robotics_roomba_2/slam2d/install/create3_examples_msgs/include/create3_examples_msgs/create3_examples_msgs/action
[4.787s] -- Up-to-date: /home/robotics_roomba_2/slam2d/install/create3_examples_msgs/include/create3_examples_msgs/create3_examples_msgs/action/detail
[4.787s] -- Up-to-date: /home/robotics_roomba_2/slam2d/install/create3_examples_msgs/include/create3_examples_msgs/create3_examples_msgs/action/detail/coverage__rosidl_typesupport_introspection_cpp.hpp
[4.788s] -- Up-to-date: /home/robotics_roomba_2/slam2d/install/create3_examples_msgs/include/create3_examples_msgs/create3_examples_msgs/action/detail/coverage__type_support.cpp
[4.789s] -- Up-to-date: /home/robotics_roomba_2/slam2d/install/create3_examples_msgs/lib/libcreate3_examples_msgs__rosidl_typesupport_introspection_cpp.so
[4.801s] -- Up-to-date: /home/robotics_roomba_2/slam2d/install/create3_examples_msgs/lib/libcreate3_examples_msgs__rosidl_typesupport_cpp.so
[4.802s] -- Up-to-date: /home/robotics_roomba_2/slam2d/install/create3_examples_msgs/share/create3_examples_msgs/environment/pythonpath.sh
[4.803s] -- Up-to-date: /home/robotics_roomba_2/slam2d/install/create3_examples_msgs/share/create3_examples_msgs/environment/pythonpath.dsv
[4.803s] -- Up-to-date: /home/robotics_roomba_2/slam2d/install/create3_examples_msgs/local/lib/python3.10/dist-packages/create3_examples_msgs-0.0.1-py3.10.egg-info
[4.804s] -- Installing: /home/robotics_roomba_2/slam2d/install/create3_examples_msgs/local/lib/python3.10/dist-packages/create3_examples_msgs-0.0.1-py3.10.egg-info/SOURCES.txt
[4.805s] -- Installing: /home/robotics_roomba_2/slam2d/install/create3_examples_msgs/local/lib/python3.10/dist-packages/create3_examples_msgs-0.0.1-py3.10.egg-info/PKG-INFO
[4.806s] -- Installing: /home/robotics_roomba_2/slam2d/install/create3_examples_msgs/local/lib/python3.10/dist-packages/create3_examples_msgs-0.0.1-py3.10.egg-info/dependency_links.txt
[4.806s] -- Installing: /home/robotics_roomba_2/slam2d/install/create3_examples_msgs/local/lib/python3.10/dist-packages/create3_examples_msgs-0.0.1-py3.10.egg-info/top_level.txt
[4.807s] -- Up-to-date: /home/robotics_roomba_2/slam2d/install/create3_examples_msgs/local/lib/python3.10/dist-packages/create3_examples_msgs
[4.807s] -- Up-to-date: /home/robotics_roomba_2/slam2d/install/create3_examples_msgs/local/lib/python3.10/dist-packages/create3_examples_msgs/_create3_examples_msgs_s.ep.rosidl_typesupport_introspection_c.c
[4.808s] -- Up-to-date: /home/robotics_roomba_2/slam2d/install/create3_examples_msgs/local/lib/python3.10/dist-packages/create3_examples_msgs/libcreate3_examples_msgs__rosidl_generator_py.so
[4.809s] -- Up-to-date: /home/robotics_roomba_2/slam2d/install/create3_examples_msgs/local/lib/python3.10/dist-packages/create3_examples_msgs/create3_examples_msgs_s__rosidl_typesupport_c.cpython-310-aarch64-linux-gnu.so
[4.809s] -- Up-to-date: /home/robotics_roomba_2/slam2d/install/create3_examples_msgs/local/lib/python3.10/dist-packages/create3_examples_msgs/__init__.py
[4.810s] -- Up-to-date: /home/robotics_roomba_2/slam2d/install/create3_examples_msgs/local/lib/python3.10/dist-packages/create3_examples_msgs/_create3_examples_msgs_s.ep.rosidl_typesupport_fastrtps_c.c
[4.810s] -- Up-to-date: /home/robotics_roomba_2/slam2d/install/create3_examples_msgs/local/lib/python3.10/dist-packages/create3_examples_msgs/_create3_examples_msgs_s.ep.rosidl_typesupport_c.c
[4.811s] -- Up-to-date: /home/robotics_roomba_2/slam2d/install/create3_examples_msgs/local/lib/python3.10/dist-packages/create3_examples_msgs/create3_examples_msgs_s__rosidl_typesupport_introspection_c.cpython-310-aarch64-linux-gnu.so
[4.811s] -- Up-to-date: /home/robotics_roomba_2/slam2d/install/create3_examples_msgs/local/lib/python3.10/dist-packages/create3_examples_msgs/action
[4.812s] -- Up-to-date: /home/robotics_roomba_2/slam2d/install/create3_examples_msgs/local/lib/python3.10/dist-packages/create3_examples_msgs/action/_coverage_s.c
[4.812s] -- Up-to-date: /home/robotics_roomba_2/slam2d/install/create3_examples_msgs/local/lib/python3.10/dist-packages/create3_examples_msgs/action/__init__.py
[4.813s] -- Up-to-date: /home/robotics_roomba_2/slam2d/install/create3_examples_msgs/local/lib/python3.10/dist-packages/create3_examples_msgs/action/_coverage.py
[4.827s] -- Up-to-date: /home/robotics_roomba_2/slam2d/install/create3_examples_msgs/local/lib/python3.10/dist-packages/create3_examples_msgs/create3_examples_msgs_s__rosidl_typesupport_fastrtps_c.cpython-310-aarch64-linux-gnu.so
[5.057s] Listing '/home/robotics_roomba_2/slam2d/install/create3_examples_msgs/local/lib/python3.10/dist-packages/create3_examples_msgs'...
[5.058s] Listing '/home/robotics_roomba_2/slam2d/install/create3_examples_msgs/local/lib/python3.10/dist-packages/create3_examples_msgs/action'...
[5.096s] -- Up-to-date: /home/robotics_roomba_2/slam2d/install/create3_examples_msgs/local/lib/python3.10/dist-packages/create3_examples_msgs/create3_examples_msgs_s__rosidl_typesupport_fastrtps_c.cpython-310-aarch64-linux-gnu.so
[5.114s] -- Up-to-date: /home/robotics_roomba_2/slam2d/install/create3_examples_msgs/local/lib/python3.10/dist-packages/create3_examples_msgs/create3_examples_msgs_s__rosidl_typesupport_introspection_c.cpython-310-aarch64-linux-gnu.so
[5.114s] -- Up-to-date: /home/robotics_roomba_2/slam2d/install/create3_examples_msgs/local/lib/python3.10/dist-packages/create3_examples_msgs/create3_examples_msgs_s__rosidl_typesupport_c.cpython-310-aarch64-linux-gnu.so
[5.124s] -- Up-to-date: /home/robotics_roomba_2/slam2d/install/create3_examples_msgs/lib/libcreate3_examples_msgs__rosidl_generator_py.so
[5.130s] -- Up-to-date: /home/robotics_roomba_2/slam2d/install/create3_examples_msgs/share/create3_examples_msgs/action/Coverage.idl
[5.134s] -- Up-to-date: /home/robotics_roomba_2/slam2d/install/create3_examples_msgs/share/create3_examples_msgs/action/Coverage.action
[5.138s] -- Up-to-date: /home/robotics_roomba_2/slam2d/install/create3_examples_msgs/share/ament_index/resource_index/package_run_dependencies/create3_examples_msgs
[5.142s] -- Up-to-date: /home/robotics_roomba_2/slam2d/install/create3_examples_msgs/share/ament_index/resource_index/parent_prefix_path/create3_examples_msgs
[5.146s] -- Up-to-date: /home/robotics_roomba_2/slam2d/install/create3_examples_msgs/share/create3_examples_msgs/environment/ament_prefix_path.sh
[5.151s] -- Up-to-date: /home/robotics_roomba_2/slam2d/install/create3_examples_msgs/share/create3_examples_msgs/environment/ament_prefix_path.dsv
[5.152s] -- Up-to-date: /home/robotics_roomba_2/slam2d/install/create3_examples_msgs/share/create3_examples_msgs/environment/path.sh
[5.158s] -- Up-to-date: /home/robotics_roomba_2/slam2d/install/create3_examples_msgs/share/create3_examples_msgs/environment/path.dsv
[5.159s] -- Up-to-date: /home/robotics_roomba_2/slam2d/install/create3_examples_msgs/share/create3_examples_msgs/local_setup.bash
[5.160s] -- Up-to-date: /home/robotics_roomba_2/slam2d/install/create3_examples_msgs/share/create3_examples_msgs/local_setup.sh
[5.168s] -- Up-to-date: /home/robotics_roomba_2/slam2d/install/create3_examples_msgs/share/create3_examples_msgs/local_setup.zsh
[5.169s] -- Up-to-date: /home/robotics_roomba_2/slam2d/install/create3_examples_msgs/share/create3_examples_msgs/local_setup.dsv
[5.170s] -- Installing: /home/robotics_roomba_2/slam2d/install/create3_examples_msgs/share/create3_examples_msgs/package.dsv
[5.172s] -- Up-to-date: /home/robotics_roomba_2/slam2d/install/create3_examples_msgs/share/ament_index/resource_index/packages/create3_examples_msgs
[5.186s] -- Up-to-date: /home/robotics_roomba_2/slam2d/install/create3_examples_msgs/share/create3_examples_msgs/cmake/export_create3_examples_msgs__rosidl_generator_cExport.cmake
[5.187s] -- Up-to-date: /home/robotics_roomba_2/slam2d/install/create3_examples_msgs/share/create3_examples_msgs/cmake/export_create3_examples_msgs__rosidl_generator_cExport-noconfig.cmake
[5.188s] -- Up-to-date: /home/robotics_roomba_2/slam2d/install/create3_examples_msgs/share/create3_examples_msgs/cmake/export_create3_examples_msgs__rosidl_typesupport_fastrtps_cExport.cmake
[5.199s] -- Up-to-date: /home/robotics_roomba_2/slam2d/install/create3_examples_msgs/share/create3_examples_msgs/cmake/export_create3_examples_msgs__rosidl_typesupport_fastrtps_cExport-noconfig.cmake
[5.201s] -- Up-to-date: /home/robotics_roomba_2/slam2d/install/create3_examples_msgs/share/create3_examples_msgs/cmake/create3_examples_msgs__rosidl_typesupport_introspection_cExport.cmake
[5.202s] -- Up-to-date: /home/robotics_roomba_2/slam2d/install/create3_examples_msgs/share/create3_examples_msgs/cmake/create3_examples_msgs__rosidl_typesupport_introspection_cExport-noconfig.cmake
[5.203s] -- Up-to-date: /home/robotics_roomba_2/slam2d/install/create3_examples_msgs/share/create3_examples_msgs/cmake/create3_examples_msgs__rosidl_typesupport_cExport.cmake
[5.215s] -- Up-to-date: /home/robotics_roomba_2/slam2d/install/create3_examples_msgs/share/create3_examples_msgs/cmake/create3_examples_msgs__rosidl_typesupport_cExport-noconfig.cmake
[5.216s] -- Up-to-date: /home/robotics_roomba_2/slam2d/install/create3_examples_msgs/share/create3_examples_msgs/cmake/export_create3_examples_msgs__rosidl_generator_cppExport.cmake
[5.217s] -- Up-to-date: /home/robotics_roomba_2/slam2d/install/create3_examples_msgs/share/create3_examples_msgs/cmake/export_create3_examples_msgs__rosidl_typesupport_fastrtps_cppExport.cmake
[5.218s] -- Up-to-date: /home/robotics_roomba_2/slam2d/install/create3_examples_msgs/share/create3_examples_msgs/cmake/export_create3_examples_msgs__rosidl_typesupport_fastrtps_cppExport-noconfig.cmake
[5.231s] -- Up-to-date: /home/robotics_roomba_2/slam2d/install/create3_examples_msgs/share/create3_examples_msgs/cmake/create3_examples_msgs__rosidl_typesupport_introspection_cppExport.cmake
[5.232s] -- Up-to-date: /home/robotics_roomba_2/slam2d/install/create3_examples_msgs/share/create3_examples_msgs/cmake/create3_examples_msgs__rosidl_typesupport_introspection_cppExport-noconfig.cmake
[5.233s] -- Up-to-date: /home/robotics_roomba_2/slam2d/install/create3_examples_msgs/share/create3_examples_msgs/cmake/create3_examples_msgs__rosidl_typesupport_cppExport.cmake
[5.234s] -- Up-to-date: /home/robotics_roomba_2/slam2d/install/create3_examples_msgs/share/create3_examples_msgs/cmake/create3_examples_msgs__rosidl_typesupport_cppExport-noconfig.cmake
[5.247s] -- Up-to-date: /home/robotics_roomba_2/slam2d/install/create3_examples_msgs/share/create3_examples_msgs/cmake/export_create3_examples_msgs__rosidl_generator_pyExport.cmake
[5.248s] -- Up-to-date: /home/robotics_roomba_2/slam2d/install/create3_examples_msgs/share/create3_examples_msgs/cmake/export_create3_examples_msgs__rosidl_generator_pyExport-noconfig.cmake
[5.250s] -- Up-to-date: /home/robotics_roomba_2/slam2d/install/create3_examples_msgs/share/create3_examples_msgs/cmake/rosidl_cmake-extras.cmake
[5.250s] -- Up-to-date: /home/robotics_roomba_2/slam2d/install/create3_examples_msgs/share/create3_examples_msgs/cmake/ament_cmake_export_dependencies-extras.cmake
[5.251s] -- Up-to-date: /home/robotics_roomba_2/slam2d/install/create3_examples_msgs/share/create3_examples_msgs/cmake/ament_cmake_export_include_directories-extras.cmake
[5.259s] -- Up-to-date: /home/robotics_roomba_2/slam2d/install/create3_examples_msgs/share/create3_examples_msgs/cmake/ament_cmake_export_libraries-extras.cmake
[5.260s] -- Up-to-date: /home/robotics_roomba_2/slam2d/install/create3_examples_msgs/share/create3_examples_msgs/cmake/ament_cmake_export_targets-extras.cmake
[5.260s] -- Up-to-date: /home/robotics_roomba_2/slam2d/install/create3_examples_msgs/share/create3_examples_msgs/cmake/rosidl_cmake_export_typesupport_targets-extras.cmake
[5.261s] -- Up-to-date: /home/robotics_roomba_2/slam2d/install/create3_examples_msgs/share/create3_examples_msgs/cmake/rosidl_cmake_export_typesupport_libraries-extras.cmake
[5.271s] -- Up-to-date: /home/robotics_roomba_2/slam2d/install/create3_examples_msgs/share/create3_examples_msgs/cmake/create3_examples_msgsConfig.cmake
[5.272s] -- Up-to-date: /home/robotics_roomba_2/slam2d/install/create3_examples_msgs/share/create3_examples_msgs/cmake/create3_examples_msgsConfig-version.cmake
[5.273s] -- Up-to-date: /home/robotics_roomba_2/slam2d/install/create3_examples_msgs/share/create3_examples_msgs/package.xml
[6.959s] Invoked command in '/home/robotics_roomba_2/slam2d/build/create3_examples_msgs' returned '0': CMAKE_PREFIX_PATH=${CMAKE_PREFIX_PATH}:/home/robotics_roomba_2/slam2d/install/tmf882x:/home/robotics_roomba_2/slam2d/install/create3_teleop:/home/robotics_roomba_2/slam2d/install/create3_examples_py:/opt/ros/humble /usr/bin/cmake --install /home/robotics_roomba_2/slam2d/build/create3_examples_msgs
