[0.084s] Invoking command in '/home/robotics_roomba_2/slam2d/build/tmf882x_interfaces': CMAKE_PREFIX_PATH=${CMAKE_PREFIX_PATH}:/home/robotics_roomba_2/slam2d/install/tmf882x:/home/robotics_roomba_2/slam2d/install/create3_teleop:/home/robotics_roomba_2/slam2d/install/create3_examples_py:/opt/ros/humble /usr/bin/cmake --build /home/robotics_roomba_2/slam2d/build/tmf882x_interfaces -- -j4 -l4
[0.490s] [  9%] Built target tmf882x_interfaces__rosidl_generator_c
[0.537s] [ 12%] Built target tmf882x_interfaces__cpp
[0.614s] [ 12%] Built target ament_cmake_python_symlink_tmf882x_interfaces
[0.761s] [ 22%] Built target tmf882x_interfaces__rosidl_typesupport_introspection_c
[0.824s] [ 32%] Built target tmf882x_interfaces__rosidl_typesupport_fastrtps_c
[0.890s] [ 41%] Built target tmf882x_interfaces__rosidl_typesupport_c
[0.931s] [ 51%] Built target tmf882x_interfaces__rosidl_typesupport_fastrtps_cpp
[1.052s] [ 61%] Built target tmf882x_interfaces__rosidl_typesupport_introspection_cpp
[1.186s] [ 70%] Built target tmf882x_interfaces__rosidl_typesupport_cpp
[1.405s] [ 70%] Built target tmf882x_interfaces
[1.639s] [ 74%] Built target tmf882x_interfaces__py
[1.967s] [ 80%] Built target tmf882x_interfaces__rosidl_generator_py
[2.257s] [ 87%] Built target tmf882x_interfaces__rosidl_typesupport_fastrtps_c__pyext
[2.328s] [ 96%] Built target tmf882x_interfaces__rosidl_typesupport_c__pyext
[2.336s] [100%] Built target tmf882x_interfaces__rosidl_typesupport_introspection_c__pyext
[3.487s] running egg_info
[3.491s] writing tmf882x_interfaces.egg-info/PKG-INFO
[3.498s] writing dependency_links to tmf882x_interfaces.egg-info/dependency_links.txt
[3.502s] writing top-level names to tmf882x_interfaces.egg-info/top_level.txt
[3.519s] reading manifest file 'tmf882x_interfaces.egg-info/SOURCES.txt'
[3.525s] writing manifest file 'tmf882x_interfaces.egg-info/SOURCES.txt'
[3.774s] [100%] Built target ament_cmake_python_build_tmf882x_interfaces_egg
[3.912s] Invoked command in '/home/robotics_roomba_2/slam2d/build/tmf882x_interfaces' returned '0': CMAKE_PREFIX_PATH=${CMAKE_PREFIX_PATH}:/home/robotics_roomba_2/slam2d/install/tmf882x:/home/robotics_roomba_2/slam2d/install/create3_teleop:/home/robotics_roomba_2/slam2d/install/create3_examples_py:/opt/ros/humble /usr/bin/cmake --build /home/robotics_roomba_2/slam2d/build/tmf882x_interfaces -- -j4 -l4
[4.501s] Invoking command in '/home/robotics_roomba_2/slam2d/build/tmf882x_interfaces': CMAKE_PREFIX_PATH=${CMAKE_PREFIX_PATH}:/home/robotics_roomba_2/slam2d/install/tmf882x:/home/robotics_roomba_2/slam2d/install/create3_teleop:/home/robotics_roomba_2/slam2d/install/create3_examples_py:/opt/ros/humble /usr/bin/cmake --install /home/robotics_roomba_2/slam2d/build/tmf882x_interfaces
[4.555s] -- Install configuration: ""
[4.562s] -- Execute custom install script
[4.568s] -- Up-to-date symlink: /home/robotics_roomba_2/slam2d/install/tmf882x_interfaces/share/ament_index/resource_index/rosidl_interfaces/tmf882x_interfaces
[4.576s] -- Up-to-date symlink: /home/robotics_roomba_2/slam2d/install/tmf882x_interfaces/include/tmf882x_interfaces/tmf882x_interfaces/msg/detail/tmf882_x_measure__functions.h
[4.582s] -- Up-to-date symlink: /home/robotics_roomba_2/slam2d/install/tmf882x_interfaces/include/tmf882x_interfaces/tmf882x_interfaces/msg/detail/tmf882_x_measure__struct.h
[4.587s] -- Up-to-date symlink: /home/robotics_roomba_2/slam2d/install/tmf882x_interfaces/include/tmf882x_interfaces/tmf882x_interfaces/msg/detail/tmf882_x_measure__type_support.h
[4.593s] -- Up-to-date symlink: /home/robotics_roomba_2/slam2d/install/tmf882x_interfaces/include/tmf882x_interfaces/tmf882x_interfaces/msg/rosidl_generator_c__visibility_control.h
[4.598s] -- Up-to-date symlink: /home/robotics_roomba_2/slam2d/install/tmf882x_interfaces/include/tmf882x_interfaces/tmf882x_interfaces/msg/tmf882_x_measure.h
[4.603s] -- Up-to-date symlink: /home/robotics_roomba_2/slam2d/install/tmf882x_interfaces/share/tmf882x_interfaces/environment/library_path.sh
[4.611s] -- Up-to-date symlink: /home/robotics_roomba_2/slam2d/install/tmf882x_interfaces/share/tmf882x_interfaces/environment/library_path.dsv
[4.620s] -- Up-to-date symlink: /home/robotics_roomba_2/slam2d/install/tmf882x_interfaces/include/tmf882x_interfaces/tmf882x_interfaces/msg/detail/tmf882_x_measure__rosidl_typesupport_fastrtps_c.h
[4.625s] -- Up-to-date symlink: /home/robotics_roomba_2/slam2d/install/tmf882x_interfaces/include/tmf882x_interfaces/tmf882x_interfaces/msg/rosidl_typesupport_fastrtps_c__visibility_control.h
[4.633s] -- Up-to-date symlink: /home/robotics_roomba_2/slam2d/install/tmf882x_interfaces/include/tmf882x_interfaces/tmf882x_interfaces/msg/detail/tmf882_x_measure__rosidl_typesupport_introspection_c.h
[4.638s] -- Up-to-date symlink: /home/robotics_roomba_2/slam2d/install/tmf882x_interfaces/include/tmf882x_interfaces/tmf882x_interfaces/msg/rosidl_typesupport_introspection_c__visibility_control.h
[4.645s] -- Up-to-date symlink: /home/robotics_roomba_2/slam2d/install/tmf882x_interfaces/include/tmf882x_interfaces/tmf882x_interfaces/msg/detail/tmf882_x_measure__builder.hpp
[4.650s] -- Up-to-date symlink: /home/robotics_roomba_2/slam2d/install/tmf882x_interfaces/include/tmf882x_interfaces/tmf882x_interfaces/msg/detail/tmf882_x_measure__struct.hpp
[4.656s] -- Up-to-date symlink: /home/robotics_roomba_2/slam2d/install/tmf882x_interfaces/include/tmf882x_interfaces/tmf882x_interfaces/msg/detail/tmf882_x_measure__traits.hpp
[4.662s] -- Up-to-date symlink: /home/robotics_roomba_2/slam2d/install/tmf882x_interfaces/include/tmf882x_interfaces/tmf882x_interfaces/msg/tmf882_x_measure.hpp
[4.670s] -- Up-to-date symlink: /home/robotics_roomba_2/slam2d/install/tmf882x_interfaces/include/tmf882x_interfaces/tmf882x_interfaces/msg/detail/tmf882_x_measure__rosidl_typesupport_fastrtps_cpp.hpp
[4.676s] -- Up-to-date symlink: /home/robotics_roomba_2/slam2d/install/tmf882x_interfaces/include/tmf882x_interfaces/tmf882x_interfaces/msg/rosidl_typesupport_fastrtps_cpp__visibility_control.h
[4.683s] -- Up-to-date symlink: /home/robotics_roomba_2/slam2d/install/tmf882x_interfaces/include/tmf882x_interfaces/tmf882x_interfaces/msg/detail/tmf882_x_measure__rosidl_typesupport_introspection_cpp.hpp
[4.689s] -- Up-to-date symlink: /home/robotics_roomba_2/slam2d/install/tmf882x_interfaces/share/tmf882x_interfaces/environment/pythonpath.sh
[4.694s] -- Up-to-date symlink: /home/robotics_roomba_2/slam2d/install/tmf882x_interfaces/share/tmf882x_interfaces/environment/pythonpath.dsv
[4.701s] -- Up-to-date symlink: /home/robotics_roomba_2/slam2d/install/tmf882x_interfaces/local/lib/python3.10/dist-packages/tmf882x_interfaces-1.0.0-py3.10.egg-info/PKG-INFO
[4.709s] -- Up-to-date symlink: /home/robotics_roomba_2/slam2d/install/tmf882x_interfaces/local/lib/python3.10/dist-packages/tmf882x_interfaces-1.0.0-py3.10.egg-info/SOURCES.txt
[4.715s] -- Up-to-date symlink: /home/robotics_roomba_2/slam2d/install/tmf882x_interfaces/local/lib/python3.10/dist-packages/tmf882x_interfaces-1.0.0-py3.10.egg-info/dependency_links.txt
[4.719s] -- Up-to-date symlink: /home/robotics_roomba_2/slam2d/install/tmf882x_interfaces/local/lib/python3.10/dist-packages/tmf882x_interfaces-1.0.0-py3.10.egg-info/top_level.txt
[4.730s] -- Up-to-date symlink: /home/robotics_roomba_2/slam2d/install/tmf882x_interfaces/local/lib/python3.10/dist-packages/tmf882x_interfaces/__init__.py
[4.735s] -- Up-to-date symlink: /home/robotics_roomba_2/slam2d/install/tmf882x_interfaces/local/lib/python3.10/dist-packages/tmf882x_interfaces/_tmf882x_interfaces_s.ep.rosidl_typesupport_c.c
[4.739s] -- Up-to-date symlink: /home/robotics_roomba_2/slam2d/install/tmf882x_interfaces/local/lib/python3.10/dist-packages/tmf882x_interfaces/_tmf882x_interfaces_s.ep.rosidl_typesupport_fastrtps_c.c
[4.743s] -- Up-to-date symlink: /home/robotics_roomba_2/slam2d/install/tmf882x_interfaces/local/lib/python3.10/dist-packages/tmf882x_interfaces/_tmf882x_interfaces_s.ep.rosidl_typesupport_introspection_c.c
[4.745s] -- Up-to-date symlink: /home/robotics_roomba_2/slam2d/install/tmf882x_interfaces/local/lib/python3.10/dist-packages/tmf882x_interfaces/libtmf882x_interfaces__rosidl_generator_py.so
[4.748s] -- Up-to-date symlink: /home/robotics_roomba_2/slam2d/install/tmf882x_interfaces/local/lib/python3.10/dist-packages/tmf882x_interfaces/msg/__init__.py
[4.751s] -- Up-to-date symlink: /home/robotics_roomba_2/slam2d/install/tmf882x_interfaces/local/lib/python3.10/dist-packages/tmf882x_interfaces/msg/_tmf882_x_measure.py
[4.754s] -- Up-to-date symlink: /home/robotics_roomba_2/slam2d/install/tmf882x_interfaces/local/lib/python3.10/dist-packages/tmf882x_interfaces/msg/_tmf882_x_measure_s.c
[4.757s] -- Up-to-date symlink: /home/robotics_roomba_2/slam2d/install/tmf882x_interfaces/local/lib/python3.10/dist-packages/tmf882x_interfaces/tmf882x_interfaces_s__rosidl_typesupport_c.cpython-310-aarch64-linux-gnu.so
[4.760s] -- Up-to-date symlink: /home/robotics_roomba_2/slam2d/install/tmf882x_interfaces/local/lib/python3.10/dist-packages/tmf882x_interfaces/tmf882x_interfaces_s__rosidl_typesupport_fastrtps_c.cpython-310-aarch64-linux-gnu.so
[4.763s] -- Up-to-date symlink: /home/robotics_roomba_2/slam2d/install/tmf882x_interfaces/local/lib/python3.10/dist-packages/tmf882x_interfaces/tmf882x_interfaces_s__rosidl_typesupport_introspection_c.cpython-310-aarch64-linux-gnu.so
[4.767s] -- Up-to-date symlink: /home/robotics_roomba_2/slam2d/install/tmf882x_interfaces/local/lib/python3.10/dist-packages/tmf882x_interfaces/tmf882x_interfaces_s__rosidl_typesupport_fastrtps_c.cpython-310-aarch64-linux-gnu.so
[4.771s] -- Up-to-date symlink: /home/robotics_roomba_2/slam2d/install/tmf882x_interfaces/local/lib/python3.10/dist-packages/tmf882x_interfaces/tmf882x_interfaces_s__rosidl_typesupport_introspection_c.cpython-310-aarch64-linux-gnu.so
[4.776s] -- Up-to-date symlink: /home/robotics_roomba_2/slam2d/install/tmf882x_interfaces/local/lib/python3.10/dist-packages/tmf882x_interfaces/tmf882x_interfaces_s__rosidl_typesupport_c.cpython-310-aarch64-linux-gnu.so
[4.780s] -- Up-to-date symlink: /home/robotics_roomba_2/slam2d/install/tmf882x_interfaces/share/tmf882x_interfaces/msg/TMF882XMeasure.idl
[4.783s] -- Up-to-date symlink: /home/robotics_roomba_2/slam2d/install/tmf882x_interfaces/share/tmf882x_interfaces/msg/TMF882XMeasure.msg
[4.787s] -- Up-to-date symlink: /home/robotics_roomba_2/slam2d/install/tmf882x_interfaces/share/ament_index/resource_index/package_run_dependencies/tmf882x_interfaces
[4.791s] -- Up-to-date symlink: /home/robotics_roomba_2/slam2d/install/tmf882x_interfaces/share/ament_index/resource_index/parent_prefix_path/tmf882x_interfaces
[4.795s] -- Up-to-date symlink: /home/robotics_roomba_2/slam2d/install/tmf882x_interfaces/share/tmf882x_interfaces/environment/ament_prefix_path.sh
[4.799s] -- Up-to-date symlink: /home/robotics_roomba_2/slam2d/install/tmf882x_interfaces/share/tmf882x_interfaces/environment/ament_prefix_path.dsv
[4.803s] -- Up-to-date symlink: /home/robotics_roomba_2/slam2d/install/tmf882x_interfaces/share/tmf882x_interfaces/environment/path.sh
[4.807s] -- Up-to-date symlink: /home/robotics_roomba_2/slam2d/install/tmf882x_interfaces/share/tmf882x_interfaces/environment/path.dsv
[4.810s] -- Up-to-date symlink: /home/robotics_roomba_2/slam2d/install/tmf882x_interfaces/share/tmf882x_interfaces/local_setup.bash
[4.825s] -- Up-to-date symlink: /home/robotics_roomba_2/slam2d/install/tmf882x_interfaces/share/tmf882x_interfaces/local_setup.sh
[4.827s] -- Up-to-date symlink: /home/robotics_roomba_2/slam2d/install/tmf882x_interfaces/share/tmf882x_interfaces/local_setup.zsh
[4.827s] -- Up-to-date symlink: /home/robotics_roomba_2/slam2d/install/tmf882x_interfaces/share/tmf882x_interfaces/local_setup.dsv
[4.828s] -- Symlinking: /home/robotics_roomba_2/slam2d/install/tmf882x_interfaces/share/tmf882x_interfaces/package.dsv
[4.877s] -- Up-to-date symlink: /home/robotics_roomba_2/slam2d/install/tmf882x_interfaces/share/ament_index/resource_index/packages/tmf882x_interfaces
[4.880s] -- Up-to-date symlink: /home/robotics_roomba_2/slam2d/install/tmf882x_interfaces/share/tmf882x_interfaces/cmake/rosidl_cmake-extras.cmake
[4.884s] -- Up-to-date symlink: /home/robotics_roomba_2/slam2d/install/tmf882x_interfaces/share/tmf882x_interfaces/cmake/ament_cmake_export_include_directories-extras.cmake
[4.887s] -- Up-to-date symlink: /home/robotics_roomba_2/slam2d/install/tmf882x_interfaces/share/tmf882x_interfaces/cmake/ament_cmake_export_libraries-extras.cmake
[4.891s] -- Up-to-date symlink: /home/robotics_roomba_2/slam2d/install/tmf882x_interfaces/share/tmf882x_interfaces/cmake/ament_cmake_export_targets-extras.cmake
[4.894s] -- Up-to-date symlink: /home/robotics_roomba_2/slam2d/install/tmf882x_interfaces/share/tmf882x_interfaces/cmake/rosidl_cmake_export_typesupport_targets-extras.cmake
[4.898s] -- Up-to-date symlink: /home/robotics_roomba_2/slam2d/install/tmf882x_interfaces/share/tmf882x_interfaces/cmake/ament_cmake_export_dependencies-extras.cmake
[4.901s] -- Up-to-date symlink: /home/robotics_roomba_2/slam2d/install/tmf882x_interfaces/share/tmf882x_interfaces/cmake/rosidl_cmake_export_typesupport_libraries-extras.cmake
[4.905s] -- Up-to-date symlink: /home/robotics_roomba_2/slam2d/install/tmf882x_interfaces/share/tmf882x_interfaces/cmake/tmf882x_interfacesConfig.cmake
[4.908s] -- Up-to-date symlink: /home/robotics_roomba_2/slam2d/install/tmf882x_interfaces/share/tmf882x_interfaces/cmake/tmf882x_interfacesConfig-version.cmake
[4.912s] -- Up-to-date symlink: /home/robotics_roomba_2/slam2d/install/tmf882x_interfaces/share/tmf882x_interfaces/package.xml
[4.917s] -- Up-to-date: /home/robotics_roomba_2/slam2d/install/tmf882x_interfaces/lib/libtmf882x_interfaces__rosidl_generator_c.so
[4.920s] -- Up-to-date: /home/robotics_roomba_2/slam2d/install/tmf882x_interfaces/lib/libtmf882x_interfaces__rosidl_typesupport_fastrtps_c.so
[4.925s] -- Up-to-date: /home/robotics_roomba_2/slam2d/install/tmf882x_interfaces/lib/libtmf882x_interfaces__rosidl_typesupport_introspection_c.so
[4.931s] -- Up-to-date: /home/robotics_roomba_2/slam2d/install/tmf882x_interfaces/lib/libtmf882x_interfaces__rosidl_typesupport_c.so
[4.936s] -- Up-to-date: /home/robotics_roomba_2/slam2d/install/tmf882x_interfaces/lib/libtmf882x_interfaces__rosidl_typesupport_fastrtps_cpp.so
[4.941s] -- Up-to-date: /home/robotics_roomba_2/slam2d/install/tmf882x_interfaces/lib/libtmf882x_interfaces__rosidl_typesupport_introspection_cpp.so
[4.946s] -- Up-to-date: /home/robotics_roomba_2/slam2d/install/tmf882x_interfaces/lib/libtmf882x_interfaces__rosidl_typesupport_cpp.so
[5.180s] Listing '/home/robotics_roomba_2/slam2d/install/tmf882x_interfaces/local/lib/python3.10/dist-packages/tmf882x_interfaces'...
[5.180s] Listing '/home/robotics_roomba_2/slam2d/install/tmf882x_interfaces/local/lib/python3.10/dist-packages/tmf882x_interfaces/msg'...
[5.217s] -- Up-to-date: /home/robotics_roomba_2/slam2d/install/tmf882x_interfaces/lib/libtmf882x_interfaces__rosidl_generator_py.so
[5.221s] -- Up-to-date: /home/robotics_roomba_2/slam2d/install/tmf882x_interfaces/share/tmf882x_interfaces/cmake/export_tmf882x_interfaces__rosidl_generator_cExport.cmake
[5.224s] -- Up-to-date: /home/robotics_roomba_2/slam2d/install/tmf882x_interfaces/share/tmf882x_interfaces/cmake/export_tmf882x_interfaces__rosidl_generator_cExport-noconfig.cmake
[5.227s] -- Up-to-date: /home/robotics_roomba_2/slam2d/install/tmf882x_interfaces/share/tmf882x_interfaces/cmake/export_tmf882x_interfaces__rosidl_typesupport_fastrtps_cExport.cmake
[5.230s] -- Up-to-date: /home/robotics_roomba_2/slam2d/install/tmf882x_interfaces/share/tmf882x_interfaces/cmake/export_tmf882x_interfaces__rosidl_typesupport_fastrtps_cExport-noconfig.cmake
[5.233s] -- Up-to-date: /home/robotics_roomba_2/slam2d/install/tmf882x_interfaces/share/tmf882x_interfaces/cmake/tmf882x_interfaces__rosidl_typesupport_introspection_cExport.cmake
[5.258s] -- Up-to-date: /home/robotics_roomba_2/slam2d/install/tmf882x_interfaces/share/tmf882x_interfaces/cmake/tmf882x_interfaces__rosidl_typesupport_introspection_cExport-noconfig.cmake
[5.259s] -- Up-to-date: /home/robotics_roomba_2/slam2d/install/tmf882x_interfaces/share/tmf882x_interfaces/cmake/tmf882x_interfaces__rosidl_typesupport_cExport.cmake
[5.262s] -- Up-to-date: /home/robotics_roomba_2/slam2d/install/tmf882x_interfaces/share/tmf882x_interfaces/cmake/tmf882x_interfaces__rosidl_typesupport_cExport-noconfig.cmake
[5.263s] -- Up-to-date: /home/robotics_roomba_2/slam2d/install/tmf882x_interfaces/share/tmf882x_interfaces/cmake/export_tmf882x_interfaces__rosidl_generator_cppExport.cmake
[5.263s] -- Up-to-date: /home/robotics_roomba_2/slam2d/install/tmf882x_interfaces/share/tmf882x_interfaces/cmake/export_tmf882x_interfaces__rosidl_typesupport_fastrtps_cppExport.cmake
[5.264s] -- Up-to-date: /home/robotics_roomba_2/slam2d/install/tmf882x_interfaces/share/tmf882x_interfaces/cmake/export_tmf882x_interfaces__rosidl_typesupport_fastrtps_cppExport-noconfig.cmake
[5.264s] -- Up-to-date: /home/robotics_roomba_2/slam2d/install/tmf882x_interfaces/share/tmf882x_interfaces/cmake/tmf882x_interfaces__rosidl_typesupport_introspection_cppExport.cmake
[5.264s] -- Up-to-date: /home/robotics_roomba_2/slam2d/install/tmf882x_interfaces/share/tmf882x_interfaces/cmake/tmf882x_interfaces__rosidl_typesupport_introspection_cppExport-noconfig.cmake
[5.265s] -- Up-to-date: /home/robotics_roomba_2/slam2d/install/tmf882x_interfaces/share/tmf882x_interfaces/cmake/tmf882x_interfaces__rosidl_typesupport_cppExport.cmake
[5.265s] -- Up-to-date: /home/robotics_roomba_2/slam2d/install/tmf882x_interfaces/share/tmf882x_interfaces/cmake/tmf882x_interfaces__rosidl_typesupport_cppExport-noconfig.cmake
[5.266s] -- Up-to-date: /home/robotics_roomba_2/slam2d/install/tmf882x_interfaces/share/tmf882x_interfaces/cmake/export_tmf882x_interfaces__rosidl_generator_pyExport.cmake
[5.266s] -- Up-to-date: /home/robotics_roomba_2/slam2d/install/tmf882x_interfaces/share/tmf882x_interfaces/cmake/export_tmf882x_interfaces__rosidl_generator_pyExport-noconfig.cmake
[5.280s] Invoked command in '/home/robotics_roomba_2/slam2d/build/tmf882x_interfaces' returned '0': CMAKE_PREFIX_PATH=${CMAKE_PREFIX_PATH}:/home/robotics_roomba_2/slam2d/install/tmf882x:/home/robotics_roomba_2/slam2d/install/create3_teleop:/home/robotics_roomba_2/slam2d/install/create3_examples_py:/opt/ros/humble /usr/bin/cmake --install /home/robotics_roomba_2/slam2d/build/tmf882x_interfaces
