[0.235s] Invoking command in '/home/robotics_roomba_2/slam2d/build/create3_examples_msgs': CMAKE_PREFIX_PATH=${CMAKE_PREFIX_PATH}:/home/robotics_roomba_2/slam2d/install/tmf882x:/home/robotics_roomba_2/slam2d/install/create3_teleop:/home/robotics_roomba_2/slam2d/install/create3_examples_py:/opt/ros/humble /usr/bin/cmake --build /home/robotics_roomba_2/slam2d/build/create3_examples_msgs -- -j4 -l4
[2.222s] [  3%] Built target create3_examples_msgs__cpp
[2.223s] [ 12%] Built target create3_examples_msgs__rosidl_generator_c
[2.224s] [ 12%] Built target ament_cmake_python_copy_create3_examples_msgs
[2.225s] [ 22%] Built target create3_examples_msgs__rosidl_typesupport_cpp
[2.226s] [ 32%] Built target create3_examples_msgs__rosidl_typesupport_fastrtps_cpp
[2.226s] [ 41%] Built target create3_examples_msgs__rosidl_typesupport_introspection_cpp
[2.227s] [ 51%] Built target create3_examples_msgs__rosidl_typesupport_fastrtps_c
[2.228s] [ 61%] Built target create3_examples_msgs__rosidl_typesupport_c
[2.228s] [ 70%] Built target create3_examples_msgs__rosidl_typesupport_introspection_c
[2.229s] [ 70%] Built target create3_examples_msgs
[2.229s] [ 74%] Built target create3_examples_msgs__py
[2.230s] [ 80%] Built target create3_examples_msgs__rosidl_generator_py
[2.231s] [ 87%] Built target create3_examples_msgs__rosidl_typesupport_fastrtps_c__pyext
[2.231s] [ 93%] Built target create3_examples_msgs__rosidl_typesupport_c__pyext
[2.243s] [100%] Built target create3_examples_msgs__rosidl_typesupport_introspection_c__pyext
[2.635s] running egg_info
[2.638s] writing create3_examples_msgs.egg-info/PKG-INFO
[2.640s] writing dependency_links to create3_examples_msgs.egg-info/dependency_links.txt
[2.642s] writing top-level names to create3_examples_msgs.egg-info/top_level.txt
[2.655s] reading manifest file 'create3_examples_msgs.egg-info/SOURCES.txt'
[2.659s] writing manifest file 'create3_examples_msgs.egg-info/SOURCES.txt'
[2.804s] [100%] Built target ament_cmake_python_build_create3_examples_msgs_egg
[3.901s] Invoked command in '/home/robotics_roomba_2/slam2d/build/create3_examples_msgs' returned '0': CMAKE_PREFIX_PATH=${CMAKE_PREFIX_PATH}:/home/robotics_roomba_2/slam2d/install/tmf882x:/home/robotics_roomba_2/slam2d/install/create3_teleop:/home/robotics_roomba_2/slam2d/install/create3_examples_py:/opt/ros/humble /usr/bin/cmake --build /home/robotics_roomba_2/slam2d/build/create3_examples_msgs -- -j4 -l4
[4.412s] Invoking command in '/home/robotics_roomba_2/slam2d/build/create3_examples_msgs': CMAKE_PREFIX_PATH=${CMAKE_PREFIX_PATH}:/home/robotics_roomba_2/slam2d/install/tmf882x:/home/robotics_roomba_2/slam2d/install/create3_teleop:/home/robotics_roomba_2/slam2d/install/create3_examples_py:/opt/ros/humble /usr/bin/cmake --install /home/robotics_roomba_2/slam2d/build/create3_examples_msgs
[4.468s] -- Install configuration: ""
[4.469s] -- Up-to-date: /home/robotics_roomba_2/slam2d/install/create3_examples_msgs/share/ament_index/resource_index/rosidl_interfaces/create3_examples_msgs
[4.471s] -- Up-to-date: /home/robotics_roomba_2/slam2d/install/create3_examples_msgs/include/create3_examples_msgs/create3_examples_msgs
[4.473s] -- Up-to-date: /home/robotics_roomba_2/slam2d/install/create3_examples_msgs/include/create3_examples_msgs/create3_examples_msgs/msg
[4.474s] -- Up-to-date: /home/robotics_roomba_2/slam2d/install/create3_examples_msgs/include/create3_examples_msgs/create3_examples_msgs/msg/rosidl_generator_c__visibility_control.h
[4.475s] -- Up-to-date: /home/robotics_roomba_2/slam2d/install/create3_examples_msgs/include/create3_examples_msgs/create3_examples_msgs/action
[4.477s] -- Up-to-date: /home/robotics_roomba_2/slam2d/install/create3_examples_msgs/include/create3_examples_msgs/create3_examples_msgs/action/detail
[4.479s] -- Up-to-date: /home/robotics_roomba_2/slam2d/install/create3_examples_msgs/include/create3_examples_msgs/create3_examples_msgs/action/detail/coverage__struct.h
[4.480s] -- Up-to-date: /home/robotics_roomba_2/slam2d/install/create3_examples_msgs/include/create3_examples_msgs/create3_examples_msgs/action/detail/coverage__functions.h
[4.481s] -- Up-to-date: /home/robotics_roomba_2/slam2d/install/create3_examples_msgs/include/create3_examples_msgs/create3_examples_msgs/action/detail/coverage__functions.c
[4.483s] -- Up-to-date: /home/robotics_roomba_2/slam2d/install/create3_examples_msgs/include/create3_examples_msgs/create3_examples_msgs/action/detail/coverage__type_support.h
[4.485s] -- Up-to-date: /home/robotics_roomba_2/slam2d/install/create3_examples_msgs/include/create3_examples_msgs/create3_examples_msgs/action/coverage.h
[4.487s] -- Up-to-date: /home/robotics_roomba_2/slam2d/install/create3_examples_msgs/share/create3_examples_msgs/environment/library_path.sh
[4.489s] -- Up-to-date: /home/robotics_roomba_2/slam2d/install/create3_examples_msgs/share/create3_examples_msgs/environment/library_path.dsv
[4.492s] -- Up-to-date: /home/robotics_roomba_2/slam2d/install/create3_examples_msgs/lib/libcreate3_examples_msgs__rosidl_generator_c.so
[4.496s] -- Up-to-date: /home/robotics_roomba_2/slam2d/install/create3_examples_msgs/include/create3_examples_msgs/create3_examples_msgs
[4.497s] -- Up-to-date: /home/robotics_roomba_2/slam2d/install/create3_examples_msgs/include/create3_examples_msgs/create3_examples_msgs/msg
[4.499s] -- Up-to-date: /home/robotics_roomba_2/slam2d/install/create3_examples_msgs/include/create3_examples_msgs/create3_examples_msgs/msg/rosidl_typesupport_fastrtps_c__visibility_control.h
[4.500s] -- Up-to-date: /home/robotics_roomba_2/slam2d/install/create3_examples_msgs/include/create3_examples_msgs/create3_examples_msgs/action
[4.503s] -- Up-to-date: /home/robotics_roomba_2/slam2d/install/create3_examples_msgs/include/create3_examples_msgs/create3_examples_msgs/action/detail
[4.504s] -- Up-to-date: /home/robotics_roomba_2/slam2d/install/create3_examples_msgs/include/create3_examples_msgs/create3_examples_msgs/action/detail/coverage__rosidl_typesupport_fastrtps_c.h
[4.507s] -- Up-to-date: /home/robotics_roomba_2/slam2d/install/create3_examples_msgs/lib/libcreate3_examples_msgs__rosidl_typesupport_fastrtps_c.so
[4.510s] -- Up-to-date: /home/robotics_roomba_2/slam2d/install/create3_examples_msgs/include/create3_examples_msgs/create3_examples_msgs
[4.511s] -- Up-to-date: /home/robotics_roomba_2/slam2d/install/create3_examples_msgs/include/create3_examples_msgs/create3_examples_msgs/msg
[4.513s] -- Up-to-date: /home/robotics_roomba_2/slam2d/install/create3_examples_msgs/include/create3_examples_msgs/create3_examples_msgs/msg/rosidl_typesupport_introspection_c__visibility_control.h
[4.515s] -- Up-to-date: /home/robotics_roomba_2/slam2d/install/create3_examples_msgs/include/create3_examples_msgs/create3_examples_msgs/action
[4.516s] -- Up-to-date: /home/robotics_roomba_2/slam2d/install/create3_examples_msgs/include/create3_examples_msgs/create3_examples_msgs/action/detail
[4.518s] -- Up-to-date: /home/robotics_roomba_2/slam2d/install/create3_examples_msgs/include/create3_examples_msgs/create3_examples_msgs/action/detail/coverage__type_support.c
[4.519s] -- Up-to-date: /home/robotics_roomba_2/slam2d/install/create3_examples_msgs/include/create3_examples_msgs/create3_examples_msgs/action/detail/coverage__rosidl_typesupport_introspection_c.h
[4.522s] -- Up-to-date: /home/robotics_roomba_2/slam2d/install/create3_examples_msgs/lib/libcreate3_examples_msgs__rosidl_typesupport_introspection_c.so
[4.525s] -- Up-to-date: /home/robotics_roomba_2/slam2d/install/create3_examples_msgs/lib/libcreate3_examples_msgs__rosidl_typesupport_c.so
[4.528s] -- Up-to-date: /home/robotics_roomba_2/slam2d/install/create3_examples_msgs/include/create3_examples_msgs/create3_examples_msgs
[4.529s] -- Up-to-date: /home/robotics_roomba_2/slam2d/install/create3_examples_msgs/include/create3_examples_msgs/create3_examples_msgs/action
[4.531s] -- Up-to-date: /home/robotics_roomba_2/slam2d/install/create3_examples_msgs/include/create3_examples_msgs/create3_examples_msgs/action/detail
[4.533s] -- Up-to-date: /home/robotics_roomba_2/slam2d/install/create3_examples_msgs/include/create3_examples_msgs/create3_examples_msgs/action/detail/coverage__traits.hpp
[4.534s] -- Up-to-date: /home/robotics_roomba_2/slam2d/install/create3_examples_msgs/include/create3_examples_msgs/create3_examples_msgs/action/detail/coverage__builder.hpp
[4.536s] -- Up-to-date: /home/robotics_roomba_2/slam2d/install/create3_examples_msgs/include/create3_examples_msgs/create3_examples_msgs/action/detail/coverage__struct.hpp
[4.537s] -- Up-to-date: /home/robotics_roomba_2/slam2d/install/create3_examples_msgs/include/create3_examples_msgs/create3_examples_msgs/action/coverage.hpp
[4.539s] -- Up-to-date: /home/robotics_roomba_2/slam2d/install/create3_examples_msgs/include/create3_examples_msgs/create3_examples_msgs
[4.542s] -- Up-to-date: /home/robotics_roomba_2/slam2d/install/create3_examples_msgs/include/create3_examples_msgs/create3_examples_msgs/msg
[4.543s] -- Up-to-date: /home/robotics_roomba_2/slam2d/install/create3_examples_msgs/include/create3_examples_msgs/create3_examples_msgs/msg/rosidl_typesupport_fastrtps_cpp__visibility_control.h
[4.545s] -- Up-to-date: /home/robotics_roomba_2/slam2d/install/create3_examples_msgs/include/create3_examples_msgs/create3_examples_msgs/action
[4.546s] -- Up-to-date: /home/robotics_roomba_2/slam2d/install/create3_examples_msgs/include/create3_examples_msgs/create3_examples_msgs/action/detail
[4.549s] -- Up-to-date: /home/robotics_roomba_2/slam2d/install/create3_examples_msgs/include/create3_examples_msgs/create3_examples_msgs/action/detail/dds_fastrtps
[4.549s] -- Up-to-date: /home/robotics_roomba_2/slam2d/install/create3_examples_msgs/include/create3_examples_msgs/create3_examples_msgs/action/detail/coverage__rosidl_typesupport_fastrtps_cpp.hpp
[4.553s] -- Up-to-date: /home/robotics_roomba_2/slam2d/install/create3_examples_msgs/lib/libcreate3_examples_msgs__rosidl_typesupport_fastrtps_cpp.so
[4.557s] -- Up-to-date: /home/robotics_roomba_2/slam2d/install/create3_examples_msgs/include/create3_examples_msgs/create3_examples_msgs
[4.559s] -- Up-to-date: /home/robotics_roomba_2/slam2d/install/create3_examples_msgs/include/create3_examples_msgs/create3_examples_msgs/action
[4.561s] -- Up-to-date: /home/robotics_roomba_2/slam2d/install/create3_examples_msgs/include/create3_examples_msgs/create3_examples_msgs/action/detail
[4.563s] -- Up-to-date: /home/robotics_roomba_2/slam2d/install/create3_examples_msgs/include/create3_examples_msgs/create3_examples_msgs/action/detail/coverage__rosidl_typesupport_introspection_cpp.hpp
[4.565s] -- Up-to-date: /home/robotics_roomba_2/slam2d/install/create3_examples_msgs/include/create3_examples_msgs/create3_examples_msgs/action/detail/coverage__type_support.cpp
[4.567s] -- Up-to-date: /home/robotics_roomba_2/slam2d/install/create3_examples_msgs/lib/libcreate3_examples_msgs__rosidl_typesupport_introspection_cpp.so
[4.571s] -- Up-to-date: /home/robotics_roomba_2/slam2d/install/create3_examples_msgs/lib/libcreate3_examples_msgs__rosidl_typesupport_cpp.so
[4.575s] -- Up-to-date: /home/robotics_roomba_2/slam2d/install/create3_examples_msgs/share/create3_examples_msgs/environment/pythonpath.sh
[4.576s] -- Up-to-date: /home/robotics_roomba_2/slam2d/install/create3_examples_msgs/share/create3_examples_msgs/environment/pythonpath.dsv
[4.578s] -- Up-to-date: /home/robotics_roomba_2/slam2d/install/create3_examples_msgs/local/lib/python3.10/dist-packages/create3_examples_msgs-0.0.1-py3.10.egg-info
[4.580s] -- Installing: /home/robotics_roomba_2/slam2d/install/create3_examples_msgs/local/lib/python3.10/dist-packages/create3_examples_msgs-0.0.1-py3.10.egg-info/SOURCES.txt
[4.583s] -- Installing: /home/robotics_roomba_2/slam2d/install/create3_examples_msgs/local/lib/python3.10/dist-packages/create3_examples_msgs-0.0.1-py3.10.egg-info/PKG-INFO
[4.586s] -- Installing: /home/robotics_roomba_2/slam2d/install/create3_examples_msgs/local/lib/python3.10/dist-packages/create3_examples_msgs-0.0.1-py3.10.egg-info/dependency_links.txt
[4.589s] -- Installing: /home/robotics_roomba_2/slam2d/install/create3_examples_msgs/local/lib/python3.10/dist-packages/create3_examples_msgs-0.0.1-py3.10.egg-info/top_level.txt
[4.592s] -- Up-to-date: /home/robotics_roomba_2/slam2d/install/create3_examples_msgs/local/lib/python3.10/dist-packages/create3_examples_msgs
[4.594s] -- Up-to-date: /home/robotics_roomba_2/slam2d/install/create3_examples_msgs/local/lib/python3.10/dist-packages/create3_examples_msgs/_create3_examples_msgs_s.ep.rosidl_typesupport_introspection_c.c
[4.595s] -- Up-to-date: /home/robotics_roomba_2/slam2d/install/create3_examples_msgs/local/lib/python3.10/dist-packages/create3_examples_msgs/libcreate3_examples_msgs__rosidl_generator_py.so
[4.597s] -- Up-to-date: /home/robotics_roomba_2/slam2d/install/create3_examples_msgs/local/lib/python3.10/dist-packages/create3_examples_msgs/create3_examples_msgs_s__rosidl_typesupport_c.cpython-310-aarch64-linux-gnu.so
[4.599s] -- Up-to-date: /home/robotics_roomba_2/slam2d/install/create3_examples_msgs/local/lib/python3.10/dist-packages/create3_examples_msgs/__init__.py
[4.601s] -- Up-to-date: /home/robotics_roomba_2/slam2d/install/create3_examples_msgs/local/lib/python3.10/dist-packages/create3_examples_msgs/_create3_examples_msgs_s.ep.rosidl_typesupport_fastrtps_c.c
[4.602s] -- Up-to-date: /home/robotics_roomba_2/slam2d/install/create3_examples_msgs/local/lib/python3.10/dist-packages/create3_examples_msgs/_create3_examples_msgs_s.ep.rosidl_typesupport_c.c
[4.604s] -- Up-to-date: /home/robotics_roomba_2/slam2d/install/create3_examples_msgs/local/lib/python3.10/dist-packages/create3_examples_msgs/create3_examples_msgs_s__rosidl_typesupport_introspection_c.cpython-310-aarch64-linux-gnu.so
[4.605s] -- Up-to-date: /home/robotics_roomba_2/slam2d/install/create3_examples_msgs/local/lib/python3.10/dist-packages/create3_examples_msgs/action
[4.607s] -- Up-to-date: /home/robotics_roomba_2/slam2d/install/create3_examples_msgs/local/lib/python3.10/dist-packages/create3_examples_msgs/action/_coverage_s.c
[4.608s] -- Up-to-date: /home/robotics_roomba_2/slam2d/install/create3_examples_msgs/local/lib/python3.10/dist-packages/create3_examples_msgs/action/__init__.py
[4.609s] -- Up-to-date: /home/robotics_roomba_2/slam2d/install/create3_examples_msgs/local/lib/python3.10/dist-packages/create3_examples_msgs/action/_coverage.py
[4.611s] -- Up-to-date: /home/robotics_roomba_2/slam2d/install/create3_examples_msgs/local/lib/python3.10/dist-packages/create3_examples_msgs/create3_examples_msgs_s__rosidl_typesupport_fastrtps_c.cpython-310-aarch64-linux-gnu.so
[4.919s] Listing '/home/robotics_roomba_2/slam2d/install/create3_examples_msgs/local/lib/python3.10/dist-packages/create3_examples_msgs'...
[4.919s] Listing '/home/robotics_roomba_2/slam2d/install/create3_examples_msgs/local/lib/python3.10/dist-packages/create3_examples_msgs/action'...
[4.959s] -- Up-to-date: /home/robotics_roomba_2/slam2d/install/create3_examples_msgs/local/lib/python3.10/dist-packages/create3_examples_msgs/create3_examples_msgs_s__rosidl_typesupport_fastrtps_c.cpython-310-aarch64-linux-gnu.so
[4.965s] -- Up-to-date: /home/robotics_roomba_2/slam2d/install/create3_examples_msgs/local/lib/python3.10/dist-packages/create3_examples_msgs/create3_examples_msgs_s__rosidl_typesupport_introspection_c.cpython-310-aarch64-linux-gnu.so
[4.971s] -- Up-to-date: /home/robotics_roomba_2/slam2d/install/create3_examples_msgs/local/lib/python3.10/dist-packages/create3_examples_msgs/create3_examples_msgs_s__rosidl_typesupport_c.cpython-310-aarch64-linux-gnu.so
[4.977s] -- Up-to-date: /home/robotics_roomba_2/slam2d/install/create3_examples_msgs/lib/libcreate3_examples_msgs__rosidl_generator_py.so
[4.981s] -- Up-to-date: /home/robotics_roomba_2/slam2d/install/create3_examples_msgs/share/create3_examples_msgs/action/Coverage.idl
[4.983s] -- Up-to-date: /home/robotics_roomba_2/slam2d/install/create3_examples_msgs/share/create3_examples_msgs/action/Coverage.action
[4.985s] -- Up-to-date: /home/robotics_roomba_2/slam2d/install/create3_examples_msgs/share/ament_index/resource_index/package_run_dependencies/create3_examples_msgs
[4.987s] -- Up-to-date: /home/robotics_roomba_2/slam2d/install/create3_examples_msgs/share/ament_index/resource_index/parent_prefix_path/create3_examples_msgs
[4.990s] -- Up-to-date: /home/robotics_roomba_2/slam2d/install/create3_examples_msgs/share/create3_examples_msgs/environment/ament_prefix_path.sh
[4.992s] -- Up-to-date: /home/robotics_roomba_2/slam2d/install/create3_examples_msgs/share/create3_examples_msgs/environment/ament_prefix_path.dsv
[4.995s] -- Up-to-date: /home/robotics_roomba_2/slam2d/install/create3_examples_msgs/share/create3_examples_msgs/environment/path.sh
[4.997s] -- Up-to-date: /home/robotics_roomba_2/slam2d/install/create3_examples_msgs/share/create3_examples_msgs/environment/path.dsv
[4.999s] -- Up-to-date: /home/robotics_roomba_2/slam2d/install/create3_examples_msgs/share/create3_examples_msgs/local_setup.bash
[5.001s] -- Up-to-date: /home/robotics_roomba_2/slam2d/install/create3_examples_msgs/share/create3_examples_msgs/local_setup.sh
[5.003s] -- Up-to-date: /home/robotics_roomba_2/slam2d/install/create3_examples_msgs/share/create3_examples_msgs/local_setup.zsh
[5.006s] -- Up-to-date: /home/robotics_roomba_2/slam2d/install/create3_examples_msgs/share/create3_examples_msgs/local_setup.dsv
[5.008s] -- Installing: /home/robotics_roomba_2/slam2d/install/create3_examples_msgs/share/create3_examples_msgs/package.dsv
[5.015s] -- Up-to-date: /home/robotics_roomba_2/slam2d/install/create3_examples_msgs/share/ament_index/resource_index/packages/create3_examples_msgs
[5.018s] -- Up-to-date: /home/robotics_roomba_2/slam2d/install/create3_examples_msgs/share/create3_examples_msgs/cmake/export_create3_examples_msgs__rosidl_generator_cExport.cmake
[5.021s] -- Up-to-date: /home/robotics_roomba_2/slam2d/install/create3_examples_msgs/share/create3_examples_msgs/cmake/export_create3_examples_msgs__rosidl_generator_cExport-noconfig.cmake
[5.024s] -- Up-to-date: /home/robotics_roomba_2/slam2d/install/create3_examples_msgs/share/create3_examples_msgs/cmake/export_create3_examples_msgs__rosidl_typesupport_fastrtps_cExport.cmake
[5.026s] -- Up-to-date: /home/robotics_roomba_2/slam2d/install/create3_examples_msgs/share/create3_examples_msgs/cmake/export_create3_examples_msgs__rosidl_typesupport_fastrtps_cExport-noconfig.cmake
[5.029s] -- Up-to-date: /home/robotics_roomba_2/slam2d/install/create3_examples_msgs/share/create3_examples_msgs/cmake/create3_examples_msgs__rosidl_typesupport_introspection_cExport.cmake
[5.032s] -- Up-to-date: /home/robotics_roomba_2/slam2d/install/create3_examples_msgs/share/create3_examples_msgs/cmake/create3_examples_msgs__rosidl_typesupport_introspection_cExport-noconfig.cmake
[5.035s] -- Up-to-date: /home/robotics_roomba_2/slam2d/install/create3_examples_msgs/share/create3_examples_msgs/cmake/create3_examples_msgs__rosidl_typesupport_cExport.cmake
[5.037s] -- Up-to-date: /home/robotics_roomba_2/slam2d/install/create3_examples_msgs/share/create3_examples_msgs/cmake/create3_examples_msgs__rosidl_typesupport_cExport-noconfig.cmake
[5.041s] -- Up-to-date: /home/robotics_roomba_2/slam2d/install/create3_examples_msgs/share/create3_examples_msgs/cmake/export_create3_examples_msgs__rosidl_generator_cppExport.cmake
[5.044s] -- Up-to-date: /home/robotics_roomba_2/slam2d/install/create3_examples_msgs/share/create3_examples_msgs/cmake/export_create3_examples_msgs__rosidl_typesupport_fastrtps_cppExport.cmake
[5.048s] -- Up-to-date: /home/robotics_roomba_2/slam2d/install/create3_examples_msgs/share/create3_examples_msgs/cmake/export_create3_examples_msgs__rosidl_typesupport_fastrtps_cppExport-noconfig.cmake
[5.051s] -- Up-to-date: /home/robotics_roomba_2/slam2d/install/create3_examples_msgs/share/create3_examples_msgs/cmake/create3_examples_msgs__rosidl_typesupport_introspection_cppExport.cmake
[5.057s] -- Up-to-date: /home/robotics_roomba_2/slam2d/install/create3_examples_msgs/share/create3_examples_msgs/cmake/create3_examples_msgs__rosidl_typesupport_introspection_cppExport-noconfig.cmake
[5.060s] -- Up-to-date: /home/robotics_roomba_2/slam2d/install/create3_examples_msgs/share/create3_examples_msgs/cmake/create3_examples_msgs__rosidl_typesupport_cppExport.cmake
[5.062s] -- Up-to-date: /home/robotics_roomba_2/slam2d/install/create3_examples_msgs/share/create3_examples_msgs/cmake/create3_examples_msgs__rosidl_typesupport_cppExport-noconfig.cmake
[5.065s] -- Up-to-date: /home/robotics_roomba_2/slam2d/install/create3_examples_msgs/share/create3_examples_msgs/cmake/export_create3_examples_msgs__rosidl_generator_pyExport.cmake
[5.068s] -- Up-to-date: /home/robotics_roomba_2/slam2d/install/create3_examples_msgs/share/create3_examples_msgs/cmake/export_create3_examples_msgs__rosidl_generator_pyExport-noconfig.cmake
[5.070s] -- Up-to-date: /home/robotics_roomba_2/slam2d/install/create3_examples_msgs/share/create3_examples_msgs/cmake/rosidl_cmake-extras.cmake
[5.073s] -- Up-to-date: /home/robotics_roomba_2/slam2d/install/create3_examples_msgs/share/create3_examples_msgs/cmake/ament_cmake_export_dependencies-extras.cmake
[5.075s] -- Up-to-date: /home/robotics_roomba_2/slam2d/install/create3_examples_msgs/share/create3_examples_msgs/cmake/ament_cmake_export_include_directories-extras.cmake
[5.078s] -- Up-to-date: /home/robotics_roomba_2/slam2d/install/create3_examples_msgs/share/create3_examples_msgs/cmake/ament_cmake_export_libraries-extras.cmake
[5.080s] -- Up-to-date: /home/robotics_roomba_2/slam2d/install/create3_examples_msgs/share/create3_examples_msgs/cmake/ament_cmake_export_targets-extras.cmake
[5.082s] -- Up-to-date: /home/robotics_roomba_2/slam2d/install/create3_examples_msgs/share/create3_examples_msgs/cmake/rosidl_cmake_export_typesupport_targets-extras.cmake
[5.085s] -- Up-to-date: /home/robotics_roomba_2/slam2d/install/create3_examples_msgs/share/create3_examples_msgs/cmake/rosidl_cmake_export_typesupport_libraries-extras.cmake
[5.087s] -- Up-to-date: /home/robotics_roomba_2/slam2d/install/create3_examples_msgs/share/create3_examples_msgs/cmake/create3_examples_msgsConfig.cmake
[5.089s] -- Up-to-date: /home/robotics_roomba_2/slam2d/install/create3_examples_msgs/share/create3_examples_msgs/cmake/create3_examples_msgsConfig-version.cmake
[5.091s] -- Up-to-date: /home/robotics_roomba_2/slam2d/install/create3_examples_msgs/share/create3_examples_msgs/package.xml
[7.100s] Invoked command in '/home/robotics_roomba_2/slam2d/build/create3_examples_msgs' returned '0': CMAKE_PREFIX_PATH=${CMAKE_PREFIX_PATH}:/home/robotics_roomba_2/slam2d/install/tmf882x:/home/robotics_roomba_2/slam2d/install/create3_teleop:/home/robotics_roomba_2/slam2d/install/create3_examples_py:/opt/ros/humble /usr/bin/cmake --install /home/robotics_roomba_2/slam2d/build/create3_examples_msgs
