[8.064s] Invoking command in '/home/robotics_roomba_2/slam2d/build/create3_teleop': PYTHONPATH=/home/robotics_roomba_2/slam2d/build/create3_teleop/prefix_override:/home/robotics_roomba_2/slam2d/install/create3_teleop/lib/python3.10/site-packages:${PYTHONPATH} /usr/bin/python3 setup.py develop --uninstall --editable --build-directory /home/robotics_roomba_2/slam2d/build/create3_teleop/build
[10.602s] running develop
[12.252s] Removing /home/robotics_roomba_2/slam2d/install/create3_teleop/lib/python3.10/site-packages/create3-teleop.egg-link (link to .)
[12.655s] Invoked command in '/home/robotics_roomba_2/slam2d/build/create3_teleop' returned '0': PYTHONPATH=/home/robotics_roomba_2/slam2d/build/create3_teleop/prefix_override:/home/robotics_roomba_2/slam2d/install/create3_teleop/lib/python3.10/site-packages:${PYTHONPATH} /usr/bin/python3 setup.py develop --uninstall --editable --build-directory /home/robotics_roomba_2/slam2d/build/create3_teleop/build
[12.668s] Invoking command in '/home/robotics_roomba_2/slam2d/src/create3_examples/create3_teleop': PYTHONPATH=/home/robotics_roomba_2/slam2d/build/create3_teleop/prefix_override:/home/robotics_roomba_2/slam2d/install/create3_teleop/lib/python3.10/site-packages:${PYTHONPATH} /usr/bin/python3 setup.py egg_info --egg-base ../../../build/create3_teleop build --build-base /home/robotics_roomba_2/slam2d/build/create3_teleop/build install --record /home/robotics_roomba_2/slam2d/build/create3_teleop/install.log --single-version-externally-managed
[15.029s] running egg_info
[15.034s] writing ../../../build/create3_teleop/create3_teleop.egg-info/PKG-INFO
[15.036s] writing dependency_links to ../../../build/create3_teleop/create3_teleop.egg-info/dependency_links.txt
[15.039s] writing requirements to ../../../build/create3_teleop/create3_teleop.egg-info/requires.txt
[15.041s] writing top-level names to ../../../build/create3_teleop/create3_teleop.egg-info/top_level.txt
[15.048s] reading manifest file '../../../build/create3_teleop/create3_teleop.egg-info/SOURCES.txt'
[15.059s] writing manifest file '../../../build/create3_teleop/create3_teleop.egg-info/SOURCES.txt'
[15.062s] running build
[15.063s] running install
[15.067s] running install_data
[15.074s] running install_egg_info
[15.094s] Copying ../../../build/create3_teleop/create3_teleop.egg-info to /home/robotics_roomba_2/slam2d/install/create3_teleop/lib/python3.10/site-packages/create3_teleop-0.0.1-py3.10.egg-info
[15.130s] running install_scripts
[15.276s] writing list of installed files to '/home/robotics_roomba_2/slam2d/build/create3_teleop/install.log'
[15.619s] Invoked command in '/home/robotics_roomba_2/slam2d/src/create3_examples/create3_teleop' returned '0': PYTHONPATH=/home/robotics_roomba_2/slam2d/build/create3_teleop/prefix_override:/home/robotics_roomba_2/slam2d/install/create3_teleop/lib/python3.10/site-packages:${PYTHONPATH} /usr/bin/python3 setup.py egg_info --egg-base ../../../build/create3_teleop build --build-base /home/robotics_roomba_2/slam2d/build/create3_teleop/build install --record /home/robotics_roomba_2/slam2d/build/create3_teleop/install.log --single-version-externally-managed
