[2.099s] Invoking command in '/home/robotics_roomba_2/slam2d/build/create3_lidar': CMAKE_PREFIX_PATH=${CMAKE_PREFIX_PATH}:/home/robotics_roomba_2/slam2d/install/tmf882x:/home/robotics_roomba_2/slam2d/install/create3_teleop:/home/robotics_roomba_2/slam2d/install/create3_examples_py:/opt/ros/humble /usr/bin/cmake --build /home/robotics_roomba_2/slam2d/build/create3_lidar -- -j4 -l4
[3.754s] Invoked command in '/home/robotics_roomba_2/slam2d/build/create3_lidar' returned '0': CMAKE_PREFIX_PATH=${CMAKE_PREFIX_PATH}:/home/robotics_roomba_2/slam2d/install/tmf882x:/home/robotics_roomba_2/slam2d/install/create3_teleop:/home/robotics_roomba_2/slam2d/install/create3_examples_py:/opt/ros/humble /usr/bin/cmake --build /home/robotics_roomba_2/slam2d/build/create3_lidar -- -j4 -l4
[3.957s] Invoking command in '/home/robotics_roomba_2/slam2d/build/create3_lidar': CMAKE_PREFIX_PATH=${CMAKE_PREFIX_PATH}:/home/robotics_roomba_2/slam2d/install/tmf882x:/home/robotics_roomba_2/slam2d/install/create3_teleop:/home/robotics_roomba_2/slam2d/install/create3_examples_py:/opt/ros/humble /usr/bin/cmake --install /home/robotics_roomba_2/slam2d/build/create3_lidar
[4.009s] -- Install configuration: ""
[4.013s] -- Up-to-date: /home/robotics_roomba_2/slam2d/install/create3_lidar/share/create3_lidar/launch
[4.013s] -- Up-to-date: /home/robotics_roomba_2/slam2d/install/create3_lidar/share/create3_lidar/launch/sensors_launch.py
[4.014s] -- Up-to-date: /home/robotics_roomba_2/slam2d/install/create3_lidar/share/create3_lidar/launch/slam_toolbox_launch.py
[4.015s] -- Up-to-date: /home/robotics_roomba_2/slam2d/install/create3_lidar/share/create3_lidar/config
[4.028s] -- Up-to-date: /home/robotics_roomba_2/slam2d/install/create3_lidar/share/create3_lidar/config/rplidar_node.yaml
[4.031s] -- Up-to-date: /home/robotics_roomba_2/slam2d/install/create3_lidar/share/create3_lidar/config/mapper_params_online_async.yaml
[4.034s] -- Up-to-date: /home/robotics_roomba_2/slam2d/install/create3_lidar/share/create3_lidar/rviz
[4.037s] -- Up-to-date: /home/robotics_roomba_2/slam2d/install/create3_lidar/share/create3_lidar/rviz/create3_lidar.rviz
[4.041s] -- Up-to-date: /home/robotics_roomba_2/slam2d/install/create3_lidar/share/ament_index/resource_index/package_run_dependencies/create3_lidar
[4.043s] -- Up-to-date: /home/robotics_roomba_2/slam2d/install/create3_lidar/share/ament_index/resource_index/parent_prefix_path/create3_lidar
[4.066s] -- Up-to-date: /home/robotics_roomba_2/slam2d/install/create3_lidar/share/create3_lidar/environment/ament_prefix_path.sh
[4.069s] -- Up-to-date: /home/robotics_roomba_2/slam2d/install/create3_lidar/share/create3_lidar/environment/ament_prefix_path.dsv
[4.072s] -- Up-to-date: /home/robotics_roomba_2/slam2d/install/create3_lidar/share/create3_lidar/environment/path.sh
[4.075s] -- Up-to-date: /home/robotics_roomba_2/slam2d/install/create3_lidar/share/create3_lidar/environment/path.dsv
[4.078s] -- Up-to-date: /home/robotics_roomba_2/slam2d/install/create3_lidar/share/create3_lidar/local_setup.bash
[4.081s] -- Up-to-date: /home/robotics_roomba_2/slam2d/install/create3_lidar/share/create3_lidar/local_setup.sh
[4.086s] -- Up-to-date: /home/robotics_roomba_2/slam2d/install/create3_lidar/share/create3_lidar/local_setup.zsh
[4.105s] -- Up-to-date: /home/robotics_roomba_2/slam2d/install/create3_lidar/share/create3_lidar/local_setup.dsv
[4.108s] -- Installing: /home/robotics_roomba_2/slam2d/install/create3_lidar/share/create3_lidar/package.dsv
[4.110s] -- Up-to-date: /home/robotics_roomba_2/slam2d/install/create3_lidar/share/ament_index/resource_index/packages/create3_lidar
[4.113s] -- Up-to-date: /home/robotics_roomba_2/slam2d/install/create3_lidar/share/create3_lidar/cmake/create3_lidarConfig.cmake
[4.116s] -- Up-to-date: /home/robotics_roomba_2/slam2d/install/create3_lidar/share/create3_lidar/cmake/create3_lidarConfig-version.cmake
[4.119s] -- Up-to-date: /home/robotics_roomba_2/slam2d/install/create3_lidar/share/create3_lidar/package.xml
[4.122s] Invoked command in '/home/robotics_roomba_2/slam2d/build/create3_lidar' returned '0': CMAKE_PREFIX_PATH=${CMAKE_PREFIX_PATH}:/home/robotics_roomba_2/slam2d/install/tmf882x:/home/robotics_roomba_2/slam2d/install/create3_teleop:/home/robotics_roomba_2/slam2d/install/create3_examples_py:/opt/ros/humble /usr/bin/cmake --install /home/robotics_roomba_2/slam2d/build/create3_lidar
