[17.576s] Invoking command in '/home/robotics_roomba_2/slam2d/src/create3_examples/create3_examples_py': PYTHONPATH=/home/robotics_roomba_2/slam2d/build/create3_examples_py/prefix_override:/home/robotics_roomba_2/slam2d/install/create3_examples_py/lib/python3.10/site-packages:${PYTHONPATH} /usr/bin/python3 setup.py egg_info --egg-base ../../../build/create3_examples_py build --build-base /home/robotics_roomba_2/slam2d/build/create3_examples_py/build install --record /home/robotics_roomba_2/slam2d/build/create3_examples_py/install.log --single-version-externally-managed
[22.504s] running egg_info
[22.518s] creating ../../../build/create3_examples_py/create3_examples_py.egg-info
[22.524s] writing ../../../build/create3_examples_py/create3_examples_py.egg-info/PKG-INFO
[22.543s] writing dependency_links to ../../../build/create3_examples_py/create3_examples_py.egg-info/dependency_links.txt
[22.586s] writing entry points to ../../../build/create3_examples_py/create3_examples_py.egg-info/entry_points.txt
[22.589s] writing requirements to ../../../build/create3_examples_py/create3_examples_py.egg-info/requires.txt
[22.591s] writing top-level names to ../../../build/create3_examples_py/create3_examples_py.egg-info/top_level.txt
[22.596s] writing manifest file '../../../build/create3_examples_py/create3_examples_py.egg-info/SOURCES.txt'
[22.634s] reading manifest file '../../../build/create3_examples_py/create3_examples_py.egg-info/SOURCES.txt'
[22.667s] writing manifest file '../../../build/create3_examples_py/create3_examples_py.egg-info/SOURCES.txt'
[22.671s] running build
[22.673s] running build_py
[22.683s] creating /home/robotics_roomba_2/slam2d/build/create3_examples_py/build
[22.706s] creating /home/robotics_roomba_2/slam2d/build/create3_examples_py/build/lib
[22.720s] creating /home/robotics_roomba_2/slam2d/build/create3_examples_py/build/lib/create3_examples_py
[22.724s] copying create3_examples_py/__init__.py -> /home/robotics_roomba_2/slam2d/build/create3_examples_py/build/lib/create3_examples_py
[22.737s] creating /home/robotics_roomba_2/slam2d/build/create3_examples_py/build/lib/create3_examples_py/dance
[22.746s] copying create3_examples_py/dance/__init__.py -> /home/robotics_roomba_2/slam2d/build/create3_examples_py/build/lib/create3_examples_py/dance
[22.750s] copying create3_examples_py/dance/create3_dance.py -> /home/robotics_roomba_2/slam2d/build/create3_examples_py/build/lib/create3_examples_py/dance
[22.782s] copying create3_examples_py/dance/dance_choreograph.py -> /home/robotics_roomba_2/slam2d/build/create3_examples_py/build/lib/create3_examples_py/dance
[22.784s] running install
[22.800s] running install_lib
[22.810s] creating /home/robotics_roomba_2/slam2d/install/create3_examples_py/lib/python3.10/site-packages/create3_examples_py
[22.826s] creating /home/robotics_roomba_2/slam2d/install/create3_examples_py/lib/python3.10/site-packages/create3_examples_py/dance
[22.831s] copying /home/robotics_roomba_2/slam2d/build/create3_examples_py/build/lib/create3_examples_py/dance/__init__.py -> /home/robotics_roomba_2/slam2d/install/create3_examples_py/lib/python3.10/site-packages/create3_examples_py/dance
[22.833s] copying /home/robotics_roomba_2/slam2d/build/create3_examples_py/build/lib/create3_examples_py/dance/create3_dance.py -> /home/robotics_roomba_2/slam2d/install/create3_examples_py/lib/python3.10/site-packages/create3_examples_py/dance
[22.841s] copying /home/robotics_roomba_2/slam2d/build/create3_examples_py/build/lib/create3_examples_py/dance/dance_choreograph.py -> /home/robotics_roomba_2/slam2d/install/create3_examples_py/lib/python3.10/site-packages/create3_examples_py/dance
[22.844s] copying /home/robotics_roomba_2/slam2d/build/create3_examples_py/build/lib/create3_examples_py/__init__.py -> /home/robotics_roomba_2/slam2d/install/create3_examples_py/lib/python3.10/site-packages/create3_examples_py
[22.846s] byte-compiling /home/robotics_roomba_2/slam2d/install/create3_examples_py/lib/python3.10/site-packages/create3_examples_py/dance/__init__.py to __init__.cpython-310.pyc
[22.861s] byte-compiling /home/robotics_roomba_2/slam2d/install/create3_examples_py/lib/python3.10/site-packages/create3_examples_py/dance/create3_dance.py to create3_dance.cpython-310.pyc
[22.873s] byte-compiling /home/robotics_roomba_2/slam2d/install/create3_examples_py/lib/python3.10/site-packages/create3_examples_py/dance/dance_choreograph.py to dance_choreograph.cpython-310.pyc
[22.883s] byte-compiling /home/robotics_roomba_2/slam2d/install/create3_examples_py/lib/python3.10/site-packages/create3_examples_py/__init__.py to __init__.cpython-310.pyc
[22.890s] running install_data
[22.903s] creating /home/robotics_roomba_2/slam2d/install/create3_examples_py/share/ament_index
[22.905s] creating /home/robotics_roomba_2/slam2d/install/create3_examples_py/share/ament_index/resource_index
[22.908s] creating /home/robotics_roomba_2/slam2d/install/create3_examples_py/share/ament_index/resource_index/packages
[22.910s] copying resource/create3_examples_py -> /home/robotics_roomba_2/slam2d/install/create3_examples_py/share/ament_index/resource_index/packages
[22.912s] copying package.xml -> /home/robotics_roomba_2/slam2d/install/create3_examples_py/share/create3_examples_py
[22.914s] running install_egg_info
[22.934s] Copying ../../../build/create3_examples_py/create3_examples_py.egg-info to /home/robotics_roomba_2/slam2d/install/create3_examples_py/lib/python3.10/site-packages/create3_examples_py-0.0.1-py3.10.egg-info
[22.974s] running install_scripts
[23.270s] Installing create3_dance script to /home/robotics_roomba_2/slam2d/install/create3_examples_py/lib/create3_examples_py
[23.277s] writing list of installed files to '/home/robotics_roomba_2/slam2d/build/create3_examples_py/install.log'
[23.730s] Invoked command in '/home/robotics_roomba_2/slam2d/src/create3_examples/create3_examples_py' returned '0': PYTHONPATH=/home/robotics_roomba_2/slam2d/build/create3_examples_py/prefix_override:/home/robotics_roomba_2/slam2d/install/create3_examples_py/lib/python3.10/site-packages:${PYTHONPATH} /usr/bin/python3 setup.py egg_info --egg-base ../../../build/create3_examples_py build --build-base /home/robotics_roomba_2/slam2d/build/create3_examples_py/build install --record /home/robotics_roomba_2/slam2d/build/create3_examples_py/install.log --single-version-externally-managed
