[6.813s] Invoking command in '/home/robotics_roomba_2/slam2d/src/create3_examples/create3_teleop': PYTHONPATH=/home/robotics_roomba_2/slam2d/src/build/create3_teleop/prefix_override:/home/robotics_roomba_2/slam2d/src/install/create3_teleop/lib/python3.10/site-packages:${PYTHONPATH} /usr/bin/python3 setup.py egg_info --egg-base ../../build/create3_teleop build --build-base /home/robotics_roomba_2/slam2d/src/build/create3_teleop/build install --record /home/robotics_roomba_2/slam2d/src/build/create3_teleop/install.log --single-version-externally-managed
[8.814s] running egg_info
[8.817s] creating ../../build/create3_teleop/create3_teleop.egg-info
[8.820s] writing ../../build/create3_teleop/create3_teleop.egg-info/PKG-INFO
[8.823s] writing dependency_links to ../../build/create3_teleop/create3_teleop.egg-info/dependency_links.txt
[8.825s] writing requirements to ../../build/create3_teleop/create3_teleop.egg-info/requires.txt
[8.826s] writing top-level names to ../../build/create3_teleop/create3_teleop.egg-info/top_level.txt
[8.828s] writing manifest file '../../build/create3_teleop/create3_teleop.egg-info/SOURCES.txt'
[8.832s] reading manifest file '../../build/create3_teleop/create3_teleop.egg-info/SOURCES.txt'
[8.839s] writing manifest file '../../build/create3_teleop/create3_teleop.egg-info/SOURCES.txt'
[8.841s] running build
[8.842s] running install
[8.843s] running install_data
[8.845s] creating /home/robotics_roomba_2/slam2d/src/install/create3_teleop/share/ament_index
[8.846s] creating /home/robotics_roomba_2/slam2d/src/install/create3_teleop/share/ament_index/resource_index
[8.848s] creating /home/robotics_roomba_2/slam2d/src/install/create3_teleop/share/ament_index/resource_index/packages
[8.849s] copying resource/create3_teleop -> /home/robotics_roomba_2/slam2d/src/install/create3_teleop/share/ament_index/resource_index/packages
[8.849s] copying package.xml -> /home/robotics_roomba_2/slam2d/src/install/create3_teleop/share/create3_teleop
[8.850s] creating /home/robotics_roomba_2/slam2d/src/install/create3_teleop/share/create3_teleop/launch
[8.851s] copying launch/teleop_joystick_launch.py -> /home/robotics_roomba_2/slam2d/src/install/create3_teleop/share/create3_teleop/launch
[8.852s] running install_egg_info
[8.864s] Copying ../../build/create3_teleop/create3_teleop.egg-info to /home/robotics_roomba_2/slam2d/src/install/create3_teleop/lib/python3.10/site-packages/create3_teleop-0.0.1-py3.10.egg-info
[8.871s] running install_scripts
[8.981s] writing list of installed files to '/home/robotics_roomba_2/slam2d/src/build/create3_teleop/install.log'
[9.159s] Invoked command in '/home/robotics_roomba_2/slam2d/src/create3_examples/create3_teleop' returned '0': PYTHONPATH=/home/robotics_roomba_2/slam2d/src/build/create3_teleop/prefix_override:/home/robotics_roomba_2/slam2d/src/install/create3_teleop/lib/python3.10/site-packages:${PYTHONPATH} /usr/bin/python3 setup.py egg_info --egg-base ../../build/create3_teleop build --build-base /home/robotics_roomba_2/slam2d/src/build/create3_teleop/build install --record /home/robotics_roomba_2/slam2d/src/build/create3_teleop/install.log --single-version-externally-managed
