[0.076s] Invoking command in '/home/robotics_roomba_2/slam2d/build/tmf882x_interfaces': CMAKE_PREFIX_PATH=${CMAKE_PREFIX_PATH}:/home/robotics_roomba_2/slam2d/install/tmf882x:/home/robotics_roomba_2/slam2d/install/create3_teleop:/home/robotics_roomba_2/slam2d/install/create3_examples_py:/opt/ros/humble /usr/bin/cmake --build /home/robotics_roomba_2/slam2d/build/tmf882x_interfaces -- -j4 -l4
[0.486s] [  9%] Built target tmf882x_interfaces__rosidl_generator_c
[0.531s] [ 12%] Built target tmf882x_interfaces__cpp
[0.624s] [ 12%] Built target ament_cmake_python_symlink_tmf882x_interfaces
[0.703s] [ 22%] Built target tmf882x_interfaces__rosidl_typesupport_fastrtps_c
[0.768s] [ 32%] Built target tmf882x_interfaces__rosidl_typesupport_introspection_c
[0.827s] [ 41%] Built target tmf882x_interfaces__rosidl_typesupport_c
[0.970s] [ 51%] Built target tmf882x_interfaces__rosidl_typesupport_fastrtps_cpp
[1.018s] [ 61%] Built target tmf882x_interfaces__rosidl_typesupport_cpp
[1.036s] [ 70%] Built target tmf882x_interfaces__rosidl_typesupport_introspection_cpp
[1.323s] [ 70%] Built target tmf882x_interfaces
[1.657s] [ 74%] Built target tmf882x_interfaces__py
[2.002s] [ 80%] Built target tmf882x_interfaces__rosidl_generator_py
[2.299s] [ 87%] Built target tmf882x_interfaces__rosidl_typesupport_c__pyext
[2.314s] [ 93%] Built target tmf882x_interfaces__rosidl_typesupport_fastrtps_c__pyext
[2.339s] [100%] Built target tmf882x_interfaces__rosidl_typesupport_introspection_c__pyext
[3.457s] running egg_info
[3.462s] writing tmf882x_interfaces.egg-info/PKG-INFO
[3.467s] writing dependency_links to tmf882x_interfaces.egg-info/dependency_links.txt
[3.471s] writing top-level names to tmf882x_interfaces.egg-info/top_level.txt
[3.477s] reading manifest file 'tmf882x_interfaces.egg-info/SOURCES.txt'
[3.491s] writing manifest file 'tmf882x_interfaces.egg-info/SOURCES.txt'
[3.640s] [100%] Built target ament_cmake_python_build_tmf882x_interfaces_egg
[3.779s] Invoked command in '/home/robotics_roomba_2/slam2d/build/tmf882x_interfaces' returned '0': CMAKE_PREFIX_PATH=${CMAKE_PREFIX_PATH}:/home/robotics_roomba_2/slam2d/install/tmf882x:/home/robotics_roomba_2/slam2d/install/create3_teleop:/home/robotics_roomba_2/slam2d/install/create3_examples_py:/opt/ros/humble /usr/bin/cmake --build /home/robotics_roomba_2/slam2d/build/tmf882x_interfaces -- -j4 -l4
[4.338s] Invoking command in '/home/robotics_roomba_2/slam2d/build/tmf882x_interfaces': CMAKE_PREFIX_PATH=${CMAKE_PREFIX_PATH}:/home/robotics_roomba_2/slam2d/install/tmf882x:/home/robotics_roomba_2/slam2d/install/create3_teleop:/home/robotics_roomba_2/slam2d/install/create3_examples_py:/opt/ros/humble /usr/bin/cmake --install /home/robotics_roomba_2/slam2d/build/tmf882x_interfaces
[4.391s] -- Install configuration: ""
[4.400s] -- Execute custom install script
[4.406s] -- Up-to-date symlink: /home/robotics_roomba_2/slam2d/install/tmf882x_interfaces/share/ament_index/resource_index/rosidl_interfaces/tmf882x_interfaces
[4.410s] -- Up-to-date symlink: /home/robotics_roomba_2/slam2d/install/tmf882x_interfaces/include/tmf882x_interfaces/tmf882x_interfaces/msg/detail/tmf882_x_measure__functions.h
[4.414s] -- Up-to-date symlink: /home/robotics_roomba_2/slam2d/install/tmf882x_interfaces/include/tmf882x_interfaces/tmf882x_interfaces/msg/detail/tmf882_x_measure__struct.h
[4.417s] -- Up-to-date symlink: /home/robotics_roomba_2/slam2d/install/tmf882x_interfaces/include/tmf882x_interfaces/tmf882x_interfaces/msg/detail/tmf882_x_measure__type_support.h
[4.421s] -- Up-to-date symlink: /home/robotics_roomba_2/slam2d/install/tmf882x_interfaces/include/tmf882x_interfaces/tmf882x_interfaces/msg/rosidl_generator_c__visibility_control.h
[4.425s] -- Up-to-date symlink: /home/robotics_roomba_2/slam2d/install/tmf882x_interfaces/include/tmf882x_interfaces/tmf882x_interfaces/msg/tmf882_x_measure.h
[4.430s] -- Up-to-date symlink: /home/robotics_roomba_2/slam2d/install/tmf882x_interfaces/share/tmf882x_interfaces/environment/library_path.sh
[4.433s] -- Up-to-date symlink: /home/robotics_roomba_2/slam2d/install/tmf882x_interfaces/share/tmf882x_interfaces/environment/library_path.dsv
[4.442s] -- Up-to-date symlink: /home/robotics_roomba_2/slam2d/install/tmf882x_interfaces/include/tmf882x_interfaces/tmf882x_interfaces/msg/detail/tmf882_x_measure__rosidl_typesupport_fastrtps_c.h
[4.444s] -- Up-to-date symlink: /home/robotics_roomba_2/slam2d/install/tmf882x_interfaces/include/tmf882x_interfaces/tmf882x_interfaces/msg/rosidl_typesupport_fastrtps_c__visibility_control.h
[4.451s] -- Up-to-date symlink: /home/robotics_roomba_2/slam2d/install/tmf882x_interfaces/include/tmf882x_interfaces/tmf882x_interfaces/msg/detail/tmf882_x_measure__rosidl_typesupport_introspection_c.h
[4.457s] -- Up-to-date symlink: /home/robotics_roomba_2/slam2d/install/tmf882x_interfaces/include/tmf882x_interfaces/tmf882x_interfaces/msg/rosidl_typesupport_introspection_c__visibility_control.h
[4.461s] -- Up-to-date symlink: /home/robotics_roomba_2/slam2d/install/tmf882x_interfaces/include/tmf882x_interfaces/tmf882x_interfaces/msg/detail/tmf882_x_measure__builder.hpp
[4.464s] -- Up-to-date symlink: /home/robotics_roomba_2/slam2d/install/tmf882x_interfaces/include/tmf882x_interfaces/tmf882x_interfaces/msg/detail/tmf882_x_measure__struct.hpp
[4.469s] -- Up-to-date symlink: /home/robotics_roomba_2/slam2d/install/tmf882x_interfaces/include/tmf882x_interfaces/tmf882x_interfaces/msg/detail/tmf882_x_measure__traits.hpp
[4.476s] -- Up-to-date symlink: /home/robotics_roomba_2/slam2d/install/tmf882x_interfaces/include/tmf882x_interfaces/tmf882x_interfaces/msg/tmf882_x_measure.hpp
[4.480s] -- Up-to-date symlink: /home/robotics_roomba_2/slam2d/install/tmf882x_interfaces/include/tmf882x_interfaces/tmf882x_interfaces/msg/detail/tmf882_x_measure__rosidl_typesupport_fastrtps_cpp.hpp
[4.486s] -- Up-to-date symlink: /home/robotics_roomba_2/slam2d/install/tmf882x_interfaces/include/tmf882x_interfaces/tmf882x_interfaces/msg/rosidl_typesupport_fastrtps_cpp__visibility_control.h
[4.489s] -- Up-to-date symlink: /home/robotics_roomba_2/slam2d/install/tmf882x_interfaces/include/tmf882x_interfaces/tmf882x_interfaces/msg/detail/tmf882_x_measure__rosidl_typesupport_introspection_cpp.hpp
[4.494s] -- Up-to-date symlink: /home/robotics_roomba_2/slam2d/install/tmf882x_interfaces/share/tmf882x_interfaces/environment/pythonpath.sh
[4.497s] -- Up-to-date symlink: /home/robotics_roomba_2/slam2d/install/tmf882x_interfaces/share/tmf882x_interfaces/environment/pythonpath.dsv
[4.503s] -- Up-to-date symlink: /home/robotics_roomba_2/slam2d/install/tmf882x_interfaces/local/lib/python3.10/dist-packages/tmf882x_interfaces-1.0.0-py3.10.egg-info/PKG-INFO
[4.507s] -- Up-to-date symlink: /home/robotics_roomba_2/slam2d/install/tmf882x_interfaces/local/lib/python3.10/dist-packages/tmf882x_interfaces-1.0.0-py3.10.egg-info/SOURCES.txt
[4.518s] -- Up-to-date symlink: /home/robotics_roomba_2/slam2d/install/tmf882x_interfaces/local/lib/python3.10/dist-packages/tmf882x_interfaces-1.0.0-py3.10.egg-info/dependency_links.txt
[4.521s] -- Up-to-date symlink: /home/robotics_roomba_2/slam2d/install/tmf882x_interfaces/local/lib/python3.10/dist-packages/tmf882x_interfaces-1.0.0-py3.10.egg-info/top_level.txt
[4.524s] -- Up-to-date symlink: /home/robotics_roomba_2/slam2d/install/tmf882x_interfaces/local/lib/python3.10/dist-packages/tmf882x_interfaces/__init__.py
[4.527s] -- Up-to-date symlink: /home/robotics_roomba_2/slam2d/install/tmf882x_interfaces/local/lib/python3.10/dist-packages/tmf882x_interfaces/_tmf882x_interfaces_s.ep.rosidl_typesupport_c.c
[4.530s] -- Up-to-date symlink: /home/robotics_roomba_2/slam2d/install/tmf882x_interfaces/local/lib/python3.10/dist-packages/tmf882x_interfaces/_tmf882x_interfaces_s.ep.rosidl_typesupport_fastrtps_c.c
[4.535s] -- Up-to-date symlink: /home/robotics_roomba_2/slam2d/install/tmf882x_interfaces/local/lib/python3.10/dist-packages/tmf882x_interfaces/_tmf882x_interfaces_s.ep.rosidl_typesupport_introspection_c.c
[4.542s] -- Up-to-date symlink: /home/robotics_roomba_2/slam2d/install/tmf882x_interfaces/local/lib/python3.10/dist-packages/tmf882x_interfaces/libtmf882x_interfaces__rosidl_generator_py.so
[4.546s] -- Up-to-date symlink: /home/robotics_roomba_2/slam2d/install/tmf882x_interfaces/local/lib/python3.10/dist-packages/tmf882x_interfaces/msg/__init__.py
[4.551s] -- Up-to-date symlink: /home/robotics_roomba_2/slam2d/install/tmf882x_interfaces/local/lib/python3.10/dist-packages/tmf882x_interfaces/msg/_tmf882_x_measure.py
[4.558s] -- Up-to-date symlink: /home/robotics_roomba_2/slam2d/install/tmf882x_interfaces/local/lib/python3.10/dist-packages/tmf882x_interfaces/msg/_tmf882_x_measure_s.c
[4.561s] -- Up-to-date symlink: /home/robotics_roomba_2/slam2d/install/tmf882x_interfaces/local/lib/python3.10/dist-packages/tmf882x_interfaces/tmf882x_interfaces_s__rosidl_typesupport_c.cpython-310-aarch64-linux-gnu.so
[4.569s] -- Up-to-date symlink: /home/robotics_roomba_2/slam2d/install/tmf882x_interfaces/local/lib/python3.10/dist-packages/tmf882x_interfaces/tmf882x_interfaces_s__rosidl_typesupport_fastrtps_c.cpython-310-aarch64-linux-gnu.so
[4.572s] -- Up-to-date symlink: /home/robotics_roomba_2/slam2d/install/tmf882x_interfaces/local/lib/python3.10/dist-packages/tmf882x_interfaces/tmf882x_interfaces_s__rosidl_typesupport_introspection_c.cpython-310-aarch64-linux-gnu.so
[4.578s] -- Up-to-date symlink: /home/robotics_roomba_2/slam2d/install/tmf882x_interfaces/local/lib/python3.10/dist-packages/tmf882x_interfaces/tmf882x_interfaces_s__rosidl_typesupport_fastrtps_c.cpython-310-aarch64-linux-gnu.so
[4.584s] -- Up-to-date symlink: /home/robotics_roomba_2/slam2d/install/tmf882x_interfaces/local/lib/python3.10/dist-packages/tmf882x_interfaces/tmf882x_interfaces_s__rosidl_typesupport_introspection_c.cpython-310-aarch64-linux-gnu.so
[4.588s] -- Up-to-date symlink: /home/robotics_roomba_2/slam2d/install/tmf882x_interfaces/local/lib/python3.10/dist-packages/tmf882x_interfaces/tmf882x_interfaces_s__rosidl_typesupport_c.cpython-310-aarch64-linux-gnu.so
[4.591s] -- Up-to-date symlink: /home/robotics_roomba_2/slam2d/install/tmf882x_interfaces/share/tmf882x_interfaces/msg/TMF882XMeasure.idl
[4.594s] -- Up-to-date symlink: /home/robotics_roomba_2/slam2d/install/tmf882x_interfaces/share/tmf882x_interfaces/msg/TMF882XMeasure.msg
[4.598s] -- Up-to-date symlink: /home/robotics_roomba_2/slam2d/install/tmf882x_interfaces/share/ament_index/resource_index/package_run_dependencies/tmf882x_interfaces
[4.600s] -- Up-to-date symlink: /home/robotics_roomba_2/slam2d/install/tmf882x_interfaces/share/ament_index/resource_index/parent_prefix_path/tmf882x_interfaces
[4.604s] -- Up-to-date symlink: /home/robotics_roomba_2/slam2d/install/tmf882x_interfaces/share/tmf882x_interfaces/environment/ament_prefix_path.sh
[4.607s] -- Up-to-date symlink: /home/robotics_roomba_2/slam2d/install/tmf882x_interfaces/share/tmf882x_interfaces/environment/ament_prefix_path.dsv
[4.610s] -- Up-to-date symlink: /home/robotics_roomba_2/slam2d/install/tmf882x_interfaces/share/tmf882x_interfaces/environment/path.sh
[4.613s] -- Up-to-date symlink: /home/robotics_roomba_2/slam2d/install/tmf882x_interfaces/share/tmf882x_interfaces/environment/path.dsv
[4.616s] -- Up-to-date symlink: /home/robotics_roomba_2/slam2d/install/tmf882x_interfaces/share/tmf882x_interfaces/local_setup.bash
[4.620s] -- Up-to-date symlink: /home/robotics_roomba_2/slam2d/install/tmf882x_interfaces/share/tmf882x_interfaces/local_setup.sh
[4.623s] -- Up-to-date symlink: /home/robotics_roomba_2/slam2d/install/tmf882x_interfaces/share/tmf882x_interfaces/local_setup.zsh
[4.627s] -- Up-to-date symlink: /home/robotics_roomba_2/slam2d/install/tmf882x_interfaces/share/tmf882x_interfaces/local_setup.dsv
[4.630s] -- Symlinking: /home/robotics_roomba_2/slam2d/install/tmf882x_interfaces/share/tmf882x_interfaces/package.dsv
[4.679s] -- Up-to-date symlink: /home/robotics_roomba_2/slam2d/install/tmf882x_interfaces/share/ament_index/resource_index/packages/tmf882x_interfaces
[4.682s] -- Up-to-date symlink: /home/robotics_roomba_2/slam2d/install/tmf882x_interfaces/share/tmf882x_interfaces/cmake/rosidl_cmake-extras.cmake
[4.686s] -- Up-to-date symlink: /home/robotics_roomba_2/slam2d/install/tmf882x_interfaces/share/tmf882x_interfaces/cmake/ament_cmake_export_include_directories-extras.cmake
[4.690s] -- Up-to-date symlink: /home/robotics_roomba_2/slam2d/install/tmf882x_interfaces/share/tmf882x_interfaces/cmake/ament_cmake_export_libraries-extras.cmake
[4.694s] -- Up-to-date symlink: /home/robotics_roomba_2/slam2d/install/tmf882x_interfaces/share/tmf882x_interfaces/cmake/ament_cmake_export_targets-extras.cmake
[4.698s] -- Up-to-date symlink: /home/robotics_roomba_2/slam2d/install/tmf882x_interfaces/share/tmf882x_interfaces/cmake/rosidl_cmake_export_typesupport_targets-extras.cmake
[4.702s] -- Up-to-date symlink: /home/robotics_roomba_2/slam2d/install/tmf882x_interfaces/share/tmf882x_interfaces/cmake/ament_cmake_export_dependencies-extras.cmake
[4.706s] -- Up-to-date symlink: /home/robotics_roomba_2/slam2d/install/tmf882x_interfaces/share/tmf882x_interfaces/cmake/rosidl_cmake_export_typesupport_libraries-extras.cmake
[4.711s] -- Up-to-date symlink: /home/robotics_roomba_2/slam2d/install/tmf882x_interfaces/share/tmf882x_interfaces/cmake/tmf882x_interfacesConfig.cmake
[4.719s] -- Up-to-date symlink: /home/robotics_roomba_2/slam2d/install/tmf882x_interfaces/share/tmf882x_interfaces/cmake/tmf882x_interfacesConfig-version.cmake
[4.723s] -- Up-to-date symlink: /home/robotics_roomba_2/slam2d/install/tmf882x_interfaces/share/tmf882x_interfaces/package.xml
[4.726s] -- Up-to-date: /home/robotics_roomba_2/slam2d/install/tmf882x_interfaces/lib/libtmf882x_interfaces__rosidl_generator_c.so
[4.730s] -- Up-to-date: /home/robotics_roomba_2/slam2d/install/tmf882x_interfaces/lib/libtmf882x_interfaces__rosidl_typesupport_fastrtps_c.so
[4.735s] -- Up-to-date: /home/robotics_roomba_2/slam2d/install/tmf882x_interfaces/lib/libtmf882x_interfaces__rosidl_typesupport_introspection_c.so
[4.744s] -- Up-to-date: /home/robotics_roomba_2/slam2d/install/tmf882x_interfaces/lib/libtmf882x_interfaces__rosidl_typesupport_c.so
[4.750s] -- Up-to-date: /home/robotics_roomba_2/slam2d/install/tmf882x_interfaces/lib/libtmf882x_interfaces__rosidl_typesupport_fastrtps_cpp.so
[4.756s] -- Up-to-date: /home/robotics_roomba_2/slam2d/install/tmf882x_interfaces/lib/libtmf882x_interfaces__rosidl_typesupport_introspection_cpp.so
[4.761s] -- Up-to-date: /home/robotics_roomba_2/slam2d/install/tmf882x_interfaces/lib/libtmf882x_interfaces__rosidl_typesupport_cpp.so
[4.987s] Listing '/home/robotics_roomba_2/slam2d/install/tmf882x_interfaces/local/lib/python3.10/dist-packages/tmf882x_interfaces'...
[4.991s] Listing '/home/robotics_roomba_2/slam2d/install/tmf882x_interfaces/local/lib/python3.10/dist-packages/tmf882x_interfaces/msg'...
[5.030s] -- Up-to-date: /home/robotics_roomba_2/slam2d/install/tmf882x_interfaces/lib/libtmf882x_interfaces__rosidl_generator_py.so
[5.039s] -- Up-to-date: /home/robotics_roomba_2/slam2d/install/tmf882x_interfaces/share/tmf882x_interfaces/cmake/export_tmf882x_interfaces__rosidl_generator_cExport.cmake
[5.044s] -- Up-to-date: /home/robotics_roomba_2/slam2d/install/tmf882x_interfaces/share/tmf882x_interfaces/cmake/export_tmf882x_interfaces__rosidl_generator_cExport-noconfig.cmake
[5.049s] -- Up-to-date: /home/robotics_roomba_2/slam2d/install/tmf882x_interfaces/share/tmf882x_interfaces/cmake/export_tmf882x_interfaces__rosidl_typesupport_fastrtps_cExport.cmake
[5.053s] -- Up-to-date: /home/robotics_roomba_2/slam2d/install/tmf882x_interfaces/share/tmf882x_interfaces/cmake/export_tmf882x_interfaces__rosidl_typesupport_fastrtps_cExport-noconfig.cmake
[5.060s] -- Up-to-date: /home/robotics_roomba_2/slam2d/install/tmf882x_interfaces/share/tmf882x_interfaces/cmake/tmf882x_interfaces__rosidl_typesupport_introspection_cExport.cmake
[5.067s] -- Up-to-date: /home/robotics_roomba_2/slam2d/install/tmf882x_interfaces/share/tmf882x_interfaces/cmake/tmf882x_interfaces__rosidl_typesupport_introspection_cExport-noconfig.cmake
[5.072s] -- Up-to-date: /home/robotics_roomba_2/slam2d/install/tmf882x_interfaces/share/tmf882x_interfaces/cmake/tmf882x_interfaces__rosidl_typesupport_cExport.cmake
[5.080s] -- Up-to-date: /home/robotics_roomba_2/slam2d/install/tmf882x_interfaces/share/tmf882x_interfaces/cmake/tmf882x_interfaces__rosidl_typesupport_cExport-noconfig.cmake
[5.083s] -- Up-to-date: /home/robotics_roomba_2/slam2d/install/tmf882x_interfaces/share/tmf882x_interfaces/cmake/export_tmf882x_interfaces__rosidl_generator_cppExport.cmake
[5.091s] -- Up-to-date: /home/robotics_roomba_2/slam2d/install/tmf882x_interfaces/share/tmf882x_interfaces/cmake/export_tmf882x_interfaces__rosidl_typesupport_fastrtps_cppExport.cmake
[5.094s] -- Up-to-date: /home/robotics_roomba_2/slam2d/install/tmf882x_interfaces/share/tmf882x_interfaces/cmake/export_tmf882x_interfaces__rosidl_typesupport_fastrtps_cppExport-noconfig.cmake
[5.099s] -- Up-to-date: /home/robotics_roomba_2/slam2d/install/tmf882x_interfaces/share/tmf882x_interfaces/cmake/tmf882x_interfaces__rosidl_typesupport_introspection_cppExport.cmake
[5.117s] -- Up-to-date: /home/robotics_roomba_2/slam2d/install/tmf882x_interfaces/share/tmf882x_interfaces/cmake/tmf882x_interfaces__rosidl_typesupport_introspection_cppExport-noconfig.cmake
[5.118s] -- Up-to-date: /home/robotics_roomba_2/slam2d/install/tmf882x_interfaces/share/tmf882x_interfaces/cmake/tmf882x_interfaces__rosidl_typesupport_cppExport.cmake
[5.119s] -- Up-to-date: /home/robotics_roomba_2/slam2d/install/tmf882x_interfaces/share/tmf882x_interfaces/cmake/tmf882x_interfaces__rosidl_typesupport_cppExport-noconfig.cmake
[5.119s] -- Up-to-date: /home/robotics_roomba_2/slam2d/install/tmf882x_interfaces/share/tmf882x_interfaces/cmake/export_tmf882x_interfaces__rosidl_generator_pyExport.cmake
[5.120s] -- Up-to-date: /home/robotics_roomba_2/slam2d/install/tmf882x_interfaces/share/tmf882x_interfaces/cmake/export_tmf882x_interfaces__rosidl_generator_pyExport-noconfig.cmake
[5.121s] Invoked command in '/home/robotics_roomba_2/slam2d/build/tmf882x_interfaces' returned '0': CMAKE_PREFIX_PATH=${CMAKE_PREFIX_PATH}:/home/robotics_roomba_2/slam2d/install/tmf882x:/home/robotics_roomba_2/slam2d/install/create3_teleop:/home/robotics_roomba_2/slam2d/install/create3_examples_py:/opt/ros/humble /usr/bin/cmake --install /home/robotics_roomba_2/slam2d/build/tmf882x_interfaces
