[8.680s] Invoking command in '/home/robotics_roomba_2/slam2d/build/create3_examples_py': PYTHONPATH=/home/robotics_roomba_2/slam2d/build/create3_examples_py/prefix_override:/home/robotics_roomba_2/slam2d/install/create3_examples_py/lib/python3.10/site-packages:${PYTHONPATH} /usr/bin/python3 setup.py develop --uninstall --editable --build-directory /home/robotics_roomba_2/slam2d/build/create3_examples_py/build
[11.730s] running develop
[13.580s] Removing /home/robotics_roomba_2/slam2d/install/create3_examples_py/lib/python3.10/site-packages/create3-examples-py.egg-link (link to .)
[13.858s] Invoked command in '/home/robotics_roomba_2/slam2d/build/create3_examples_py' returned '0': PYTHONPATH=/home/robotics_roomba_2/slam2d/build/create3_examples_py/prefix_override:/home/robotics_roomba_2/slam2d/install/create3_examples_py/lib/python3.10/site-packages:${PYTHONPATH} /usr/bin/python3 setup.py develop --uninstall --editable --build-directory /home/robotics_roomba_2/slam2d/build/create3_examples_py/build
[13.860s] Invoking command in '/home/robotics_roomba_2/slam2d/src/create3_examples/create3_examples_py': PYTHONPATH=/home/robotics_roomba_2/slam2d/build/create3_examples_py/prefix_override:/home/robotics_roomba_2/slam2d/install/create3_examples_py/lib/python3.10/site-packages:${PYTHONPATH} /usr/bin/python3 setup.py egg_info --egg-base ../../../build/create3_examples_py build --build-base /home/robotics_roomba_2/slam2d/build/create3_examples_py/build install --record /home/robotics_roomba_2/slam2d/build/create3_examples_py/install.log --single-version-externally-managed
[15.987s] running egg_info
[15.988s] writing ../../../build/create3_examples_py/create3_examples_py.egg-info/PKG-INFO
[15.989s] writing dependency_links to ../../../build/create3_examples_py/create3_examples_py.egg-info/dependency_links.txt
[15.989s] writing entry points to ../../../build/create3_examples_py/create3_examples_py.egg-info/entry_points.txt
[15.992s] writing requirements to ../../../build/create3_examples_py/create3_examples_py.egg-info/requires.txt
[15.993s] writing top-level names to ../../../build/create3_examples_py/create3_examples_py.egg-info/top_level.txt
[16.005s] reading manifest file '../../../build/create3_examples_py/create3_examples_py.egg-info/SOURCES.txt'
[16.018s] writing manifest file '../../../build/create3_examples_py/create3_examples_py.egg-info/SOURCES.txt'
[16.019s] running build
[16.020s] running build_py
[16.023s] running install
[16.023s] running install_lib
[16.029s] creating /home/robotics_roomba_2/slam2d/install/create3_examples_py/lib/python3.10/site-packages/create3_examples_py
[16.030s] creating /home/robotics_roomba_2/slam2d/install/create3_examples_py/lib/python3.10/site-packages/create3_examples_py/dance
[16.031s] copying /home/robotics_roomba_2/slam2d/build/create3_examples_py/build/lib/create3_examples_py/dance/__init__.py -> /home/robotics_roomba_2/slam2d/install/create3_examples_py/lib/python3.10/site-packages/create3_examples_py/dance
[16.031s] copying /home/robotics_roomba_2/slam2d/build/create3_examples_py/build/lib/create3_examples_py/dance/create3_dance.py -> /home/robotics_roomba_2/slam2d/install/create3_examples_py/lib/python3.10/site-packages/create3_examples_py/dance
[16.033s] copying /home/robotics_roomba_2/slam2d/build/create3_examples_py/build/lib/create3_examples_py/dance/dance_choreograph.py -> /home/robotics_roomba_2/slam2d/install/create3_examples_py/lib/python3.10/site-packages/create3_examples_py/dance
[16.033s] copying /home/robotics_roomba_2/slam2d/build/create3_examples_py/build/lib/create3_examples_py/__init__.py -> /home/robotics_roomba_2/slam2d/install/create3_examples_py/lib/python3.10/site-packages/create3_examples_py
[16.038s] byte-compiling /home/robotics_roomba_2/slam2d/install/create3_examples_py/lib/python3.10/site-packages/create3_examples_py/dance/__init__.py to __init__.cpython-310.pyc
[16.040s] byte-compiling /home/robotics_roomba_2/slam2d/install/create3_examples_py/lib/python3.10/site-packages/create3_examples_py/dance/create3_dance.py to create3_dance.cpython-310.pyc
[16.046s] byte-compiling /home/robotics_roomba_2/slam2d/install/create3_examples_py/lib/python3.10/site-packages/create3_examples_py/dance/dance_choreograph.py to dance_choreograph.cpython-310.pyc
[16.052s] byte-compiling /home/robotics_roomba_2/slam2d/install/create3_examples_py/lib/python3.10/site-packages/create3_examples_py/__init__.py to __init__.cpython-310.pyc
[16.054s] running install_data
[16.058s] running install_egg_info
[16.071s] Copying ../../../build/create3_examples_py/create3_examples_py.egg-info to /home/robotics_roomba_2/slam2d/install/create3_examples_py/lib/python3.10/site-packages/create3_examples_py-0.0.1-py3.10.egg-info
[16.085s] running install_scripts
[16.205s] Installing create3_dance script to /home/robotics_roomba_2/slam2d/install/create3_examples_py/lib/create3_examples_py
[16.220s] writing list of installed files to '/home/robotics_roomba_2/slam2d/build/create3_examples_py/install.log'
[16.587s] Invoked command in '/home/robotics_roomba_2/slam2d/src/create3_examples/create3_examples_py' returned '0': PYTHONPATH=/home/robotics_roomba_2/slam2d/build/create3_examples_py/prefix_override:/home/robotics_roomba_2/slam2d/install/create3_examples_py/lib/python3.10/site-packages:${PYTHONPATH} /usr/bin/python3 setup.py egg_info --egg-base ../../../build/create3_examples_py build --build-base /home/robotics_roomba_2/slam2d/build/create3_examples_py/build install --record /home/robotics_roomba_2/slam2d/build/create3_examples_py/install.log --single-version-externally-managed
