[0.271s] Invoking command in '/home/robotics_roomba_2/slam2d/src/build/create3_examples_msgs': CMAKE_PREFIX_PATH=${CMAKE_PREFIX_PATH}:/home/robotics_roomba_2/slam2d/install/create3_teleop:/home/robotics_roomba_2/slam2d/install/create3_examples_py:/opt/ros/humble /usr/bin/cmake /home/robotics_roomba_2/slam2d/src/create3_examples/create3_examples_msgs -DCMAKE_INSTALL_PREFIX=/home/robotics_roomba_2/slam2d/src/install/create3_examples_msgs
[2.146s] -- The C compiler identification is GNU 11.4.0
[2.147s] -- The CXX compiler identification is GNU 11.4.0
[2.149s] -- Detecting C compiler ABI info
[2.150s] -- Detecting C compiler ABI info - done
[2.155s] -- Check for working C compiler: /usr/bin/cc - skipped
[2.163s] -- Detecting C compile features
[2.164s] -- Detecting C compile features - done
[2.165s] -- Detecting CXX compiler ABI info
[2.182s] -- Detecting CXX compiler ABI info - done
[2.206s] -- Check for working CXX compiler: /usr/bin/c++ - skipped
[2.207s] -- Detecting CXX compile features
[2.210s] -- Detecting CXX compile features - done
[2.254s] -- Found ament_cmake: 1.3.3 (/opt/ros/humble/share/ament_cmake/cmake)
[3.496s] -- Found Python3: /usr/bin/python3.10 (found version "3.10.12") found components: Interpreter 
[4.418s] -- Found rosidl_default_generators: 1.2.0 (/opt/ros/humble/share/rosidl_default_generators/cmake)
[4.470s] -- Using all available rosidl_typesupport_c: rosidl_typesupport_fastrtps_c;rosidl_typesupport_introspection_c
[4.576s] -- Found rosidl_adapter: 3.1.4 (/opt/ros/humble/share/rosidl_adapter/cmake)
[5.099s] -- Using all available rosidl_typesupport_cpp: rosidl_typesupport_fastrtps_cpp;rosidl_typesupport_introspection_cpp
[5.548s] -- Found action_msgs: 1.2.1 (/opt/ros/humble/share/action_msgs/cmake)
[8.102s] -- Found ament_cmake_cppcheck: 0.12.5 (/opt/ros/humble/share/ament_cmake_cppcheck/cmake)
[8.143s] -- Found ament_cmake_cpplint: 0.12.5 (/opt/ros/humble/share/ament_cmake_cpplint/cmake)
[8.187s] -- Found ament_cmake_uncrustify: 0.12.5 (/opt/ros/humble/share/ament_cmake_uncrustify/cmake)
[8.224s] -- Found ament_cmake_ros: 0.10.0 (/opt/ros/humble/share/ament_cmake_ros/cmake)
[9.670s] -- Using all available rosidl_typesupport_c: rosidl_typesupport_fastrtps_c;rosidl_typesupport_introspection_c
[11.047s] -- Using all available rosidl_typesupport_cpp: rosidl_typesupport_fastrtps_cpp;rosidl_typesupport_introspection_cpp
[11.182s] -- Found PythonInterp: /usr/bin/python3 (found suitable version "3.10.12", minimum required is "3.6") 
[11.211s] -- Found python_cmake_module: 0.10.0 (/opt/ros/humble/share/python_cmake_module/cmake)
[11.358s] -- Found PythonLibs: /usr/lib/aarch64-linux-gnu/libpython3.10.so (found suitable version "3.10.12", minimum required is "3.5") 
[11.359s] -- Using PYTHON_EXECUTABLE: /usr/bin/python3
[11.359s] -- Using PYTHON_INCLUDE_DIRS: /usr/include/python3.10
[11.360s] -- Using PYTHON_LIBRARIES: /usr/lib/aarch64-linux-gnu/libpython3.10.so
[11.481s] -- Found PythonExtra: .so  
[11.725s] -- Found ament_cmake_flake8: 0.12.5 (/opt/ros/humble/share/ament_cmake_flake8/cmake)
[11.757s] -- Found ament_cmake_pep257: 0.12.5 (/opt/ros/humble/share/ament_cmake_pep257/cmake)
[11.812s] -- Configuring done
[12.039s] -- Generating done
[12.057s] -- Build files have been written to: /home/robotics_roomba_2/slam2d/src/build/create3_examples_msgs
[12.100s] Invoked command in '/home/robotics_roomba_2/slam2d/src/build/create3_examples_msgs' returned '0': CMAKE_PREFIX_PATH=${CMAKE_PREFIX_PATH}:/home/robotics_roomba_2/slam2d/install/create3_teleop:/home/robotics_roomba_2/slam2d/install/create3_examples_py:/opt/ros/humble /usr/bin/cmake /home/robotics_roomba_2/slam2d/src/create3_examples/create3_examples_msgs -DCMAKE_INSTALL_PREFIX=/home/robotics_roomba_2/slam2d/src/install/create3_examples_msgs
[12.111s] Invoking command in '/home/robotics_roomba_2/slam2d/src/build/create3_examples_msgs': CMAKE_PREFIX_PATH=${CMAKE_PREFIX_PATH}:/home/robotics_roomba_2/slam2d/install/create3_teleop:/home/robotics_roomba_2/slam2d/install/create3_examples_py:/opt/ros/humble /usr/bin/cmake --build /home/robotics_roomba_2/slam2d/src/build/create3_examples_msgs -- -j4 -l4
[12.310s] [  3%] [34m[1mGenerating C code for ROS interfaces[0m
[12.362s] [  6%] [34m[1mGenerating C++ code for ROS interfaces[0m
[12.412s] [  6%] Built target ament_cmake_python_copy_create3_examples_msgs
[14.093s] running egg_info
[14.097s] creating create3_examples_msgs.egg-info
[14.098s] writing create3_examples_msgs.egg-info/PKG-INFO
[14.099s] writing dependency_links to create3_examples_msgs.egg-info/dependency_links.txt
[14.101s] writing top-level names to create3_examples_msgs.egg-info/top_level.txt
[14.102s] writing manifest file 'create3_examples_msgs.egg-info/SOURCES.txt'
[14.113s] reading manifest file 'create3_examples_msgs.egg-info/SOURCES.txt'
[14.116s] writing manifest file 'create3_examples_msgs.egg-info/SOURCES.txt'
[14.276s] [  6%] Built target ament_cmake_python_build_create3_examples_msgs_egg
[15.036s] [  6%] Built target create3_examples_msgs__cpp
[15.037s] [  9%] [32mBuilding C object CMakeFiles/create3_examples_msgs__rosidl_generator_c.dir/rosidl_generator_c/create3_examples_msgs/action/detail/coverage__functions.c.o[0m
[15.093s] [ 12%] [34m[1mGenerating C++ type support for eProsima Fast-RTPS[0m
[15.107s] [ 16%] [34m[1mGenerating C++ introspection for ROS interfaces[0m
[15.153s] [ 19%] [34m[1mGenerating C++ type support dispatch for ROS interfaces[0m
[16.066s] [ 22%] [32m[1mLinking C shared library libcreate3_examples_msgs__rosidl_generator_c.so[0m
[16.360s] [ 22%] Built target create3_examples_msgs__rosidl_generator_c
[16.437s] [ 25%] [34m[1mGenerating C type support for eProsima Fast-RTPS[0m
[17.424s] [ 29%] [32mBuilding CXX object CMakeFiles/create3_examples_msgs__rosidl_typesupport_cpp.dir/rosidl_typesupport_cpp/create3_examples_msgs/action/coverage__type_support.cpp.o[0m
[17.567s] [ 32%] [32mBuilding CXX object CMakeFiles/create3_examples_msgs__rosidl_typesupport_introspection_cpp.dir/rosidl_typesupport_introspection_cpp/create3_examples_msgs/action/detail/coverage__type_support.cpp.o[0m
[17.810s] [ 35%] [32mBuilding CXX object CMakeFiles/create3_examples_msgs__rosidl_typesupport_fastrtps_cpp.dir/rosidl_typesupport_fastrtps_cpp/create3_examples_msgs/action/detail/dds_fastrtps/coverage__type_support.cpp.o[0m
[19.220s] [ 38%] [32mBuilding CXX object CMakeFiles/create3_examples_msgs__rosidl_typesupport_fastrtps_c.dir/rosidl_typesupport_fastrtps_c/create3_examples_msgs/action/detail/coverage__type_support_c.cpp.o[0m
[21.294s] [ 41%] [32m[1mLinking CXX shared library libcreate3_examples_msgs__rosidl_typesupport_cpp.so[0m
[21.596s] [ 41%] Built target create3_examples_msgs__rosidl_typesupport_cpp
[21.691s] [ 45%] [34m[1mGenerating C introspection for ROS interfaces[0m
[22.254s] [ 48%] [32m[1mLinking CXX shared library libcreate3_examples_msgs__rosidl_typesupport_introspection_cpp.so[0m
[22.398s] [ 51%] [32m[1mLinking CXX shared library libcreate3_examples_msgs__rosidl_typesupport_fastrtps_cpp.so[0m
[22.611s] [ 54%] [32m[1mLinking CXX shared library libcreate3_examples_msgs__rosidl_typesupport_fastrtps_c.so[0m
[22.745s] [ 54%] Built target create3_examples_msgs__rosidl_typesupport_introspection_cpp
[22.816s] [ 58%] [34m[1mGenerating C type support dispatch for ROS interfaces[0m
[22.954s] [ 58%] Built target create3_examples_msgs__rosidl_typesupport_fastrtps_cpp
[23.281s] [ 58%] Built target create3_examples_msgs__rosidl_typesupport_fastrtps_c
[24.404s] [ 61%] [32mBuilding C object CMakeFiles/create3_examples_msgs__rosidl_typesupport_introspection_c.dir/rosidl_typesupport_introspection_c/create3_examples_msgs/action/detail/coverage__type_support.c.o[0m
[24.750s] [ 64%] [32m[1mLinking C shared library libcreate3_examples_msgs__rosidl_typesupport_introspection_c.so[0m
[24.779s] [ 67%] [32mBuilding CXX object CMakeFiles/create3_examples_msgs__rosidl_typesupport_c.dir/rosidl_typesupport_c/create3_examples_msgs/action/coverage__type_support.cpp.o[0m
[24.909s] [ 67%] Built target create3_examples_msgs__rosidl_typesupport_introspection_c
[25.089s] [ 70%] [32m[1mLinking CXX shared library libcreate3_examples_msgs__rosidl_typesupport_c.so[0m
[25.288s] [ 70%] Built target create3_examples_msgs__rosidl_typesupport_c
[25.390s] [ 70%] Built target create3_examples_msgs
[25.495s] [ 74%] [34m[1mGenerating Python code for ROS interfaces[0m
[29.503s] [ 74%] Built target create3_examples_msgs__py
[29.607s] [ 77%] [32mBuilding C object CMakeFiles/create3_examples_msgs__rosidl_generator_py.dir/rosidl_generator_py/create3_examples_msgs/action/_coverage_s.c.o[0m
[30.435s] [ 80%] [32m[1mLinking C shared library rosidl_generator_py/create3_examples_msgs/libcreate3_examples_msgs__rosidl_generator_py.so[0m
[30.653s] [ 80%] Built target create3_examples_msgs__rosidl_generator_py
[30.762s] [ 83%] [32mBuilding C object CMakeFiles/create3_examples_msgs__rosidl_typesupport_fastrtps_c__pyext.dir/rosidl_generator_py/create3_examples_msgs/_create3_examples_msgs_s.ep.rosidl_typesupport_fastrtps_c.c.o[0m
[30.764s] [ 87%] [32mBuilding C object CMakeFiles/create3_examples_msgs__rosidl_typesupport_introspection_c__pyext.dir/rosidl_generator_py/create3_examples_msgs/_create3_examples_msgs_s.ep.rosidl_typesupport_introspection_c.c.o[0m
[30.768s] [ 90%] [32mBuilding C object CMakeFiles/create3_examples_msgs__rosidl_typesupport_c__pyext.dir/rosidl_generator_py/create3_examples_msgs/_create3_examples_msgs_s.ep.rosidl_typesupport_c.c.o[0m
[31.535s] [ 96%] [32m[1mLinking C shared library rosidl_generator_py/create3_examples_msgs/create3_examples_msgs_s__rosidl_typesupport_introspection_c.cpython-310-aarch64-linux-gnu.so[0m
[31.537s] [ 96%] [32m[1mLinking C shared library rosidl_generator_py/create3_examples_msgs/create3_examples_msgs_s__rosidl_typesupport_fastrtps_c.cpython-310-aarch64-linux-gnu.so[0m
[31.570s] [100%] [32m[1mLinking C shared library rosidl_generator_py/create3_examples_msgs/create3_examples_msgs_s__rosidl_typesupport_c.cpython-310-aarch64-linux-gnu.so[0m
[31.846s] [100%] Built target create3_examples_msgs__rosidl_typesupport_fastrtps_c__pyext
[31.849s] [100%] Built target create3_examples_msgs__rosidl_typesupport_introspection_c__pyext
[31.872s] [100%] Built target create3_examples_msgs__rosidl_typesupport_c__pyext
[31.925s] Invoked command in '/home/robotics_roomba_2/slam2d/src/build/create3_examples_msgs' returned '0': CMAKE_PREFIX_PATH=${CMAKE_PREFIX_PATH}:/home/robotics_roomba_2/slam2d/install/create3_teleop:/home/robotics_roomba_2/slam2d/install/create3_examples_py:/opt/ros/humble /usr/bin/cmake --build /home/robotics_roomba_2/slam2d/src/build/create3_examples_msgs -- -j4 -l4
[32.328s] Invoking command in '/home/robotics_roomba_2/slam2d/src/build/create3_examples_msgs': CMAKE_PREFIX_PATH=${CMAKE_PREFIX_PATH}:/home/robotics_roomba_2/slam2d/install/create3_teleop:/home/robotics_roomba_2/slam2d/install/create3_examples_py:/opt/ros/humble /usr/bin/cmake --install /home/robotics_roomba_2/slam2d/src/build/create3_examples_msgs
[32.363s] -- Install configuration: ""
[32.364s] -- Installing: /home/robotics_roomba_2/slam2d/src/install/create3_examples_msgs/share/ament_index/resource_index/rosidl_interfaces/create3_examples_msgs
[32.366s] -- Installing: /home/robotics_roomba_2/slam2d/src/install/create3_examples_msgs/include/create3_examples_msgs/create3_examples_msgs
[32.367s] -- Installing: /home/robotics_roomba_2/slam2d/src/install/create3_examples_msgs/include/create3_examples_msgs/create3_examples_msgs/msg
[32.368s] -- Installing: /home/robotics_roomba_2/slam2d/src/install/create3_examples_msgs/include/create3_examples_msgs/create3_examples_msgs/msg/rosidl_generator_c__visibility_control.h
[32.369s] -- Installing: /home/robotics_roomba_2/slam2d/src/install/create3_examples_msgs/include/create3_examples_msgs/create3_examples_msgs/action
[32.370s] -- Installing: /home/robotics_roomba_2/slam2d/src/install/create3_examples_msgs/include/create3_examples_msgs/create3_examples_msgs/action/detail
[32.372s] -- Installing: /home/robotics_roomba_2/slam2d/src/install/create3_examples_msgs/include/create3_examples_msgs/create3_examples_msgs/action/detail/coverage__struct.h
[32.373s] -- Installing: /home/robotics_roomba_2/slam2d/src/install/create3_examples_msgs/include/create3_examples_msgs/create3_examples_msgs/action/detail/coverage__functions.h
[32.375s] -- Installing: /home/robotics_roomba_2/slam2d/src/install/create3_examples_msgs/include/create3_examples_msgs/create3_examples_msgs/action/detail/coverage__functions.c
[32.378s] -- Installing: /home/robotics_roomba_2/slam2d/src/install/create3_examples_msgs/include/create3_examples_msgs/create3_examples_msgs/action/detail/coverage__type_support.h
[32.379s] -- Installing: /home/robotics_roomba_2/slam2d/src/install/create3_examples_msgs/include/create3_examples_msgs/create3_examples_msgs/action/coverage.h
[32.381s] -- Installing: /home/robotics_roomba_2/slam2d/src/install/create3_examples_msgs/share/create3_examples_msgs/environment/library_path.sh
[32.382s] -- Installing: /home/robotics_roomba_2/slam2d/src/install/create3_examples_msgs/share/create3_examples_msgs/environment/library_path.dsv
[32.384s] -- Installing: /home/robotics_roomba_2/slam2d/src/install/create3_examples_msgs/lib/libcreate3_examples_msgs__rosidl_generator_c.so
[32.388s] -- Set runtime path of "/home/robotics_roomba_2/slam2d/src/install/create3_examples_msgs/lib/libcreate3_examples_msgs__rosidl_generator_c.so" to ""
[32.389s] -- Up-to-date: /home/robotics_roomba_2/slam2d/src/install/create3_examples_msgs/include/create3_examples_msgs/create3_examples_msgs
[32.389s] -- Up-to-date: /home/robotics_roomba_2/slam2d/src/install/create3_examples_msgs/include/create3_examples_msgs/create3_examples_msgs/msg
[32.389s] -- Installing: /home/robotics_roomba_2/slam2d/src/install/create3_examples_msgs/include/create3_examples_msgs/create3_examples_msgs/msg/rosidl_typesupport_fastrtps_c__visibility_control.h
[32.391s] -- Up-to-date: /home/robotics_roomba_2/slam2d/src/install/create3_examples_msgs/include/create3_examples_msgs/create3_examples_msgs/action
[32.391s] -- Up-to-date: /home/robotics_roomba_2/slam2d/src/install/create3_examples_msgs/include/create3_examples_msgs/create3_examples_msgs/action/detail
[32.392s] -- Installing: /home/robotics_roomba_2/slam2d/src/install/create3_examples_msgs/include/create3_examples_msgs/create3_examples_msgs/action/detail/coverage__rosidl_typesupport_fastrtps_c.h
[32.394s] -- Installing: /home/robotics_roomba_2/slam2d/src/install/create3_examples_msgs/lib/libcreate3_examples_msgs__rosidl_typesupport_fastrtps_c.so
[32.398s] -- Set runtime path of "/home/robotics_roomba_2/slam2d/src/install/create3_examples_msgs/lib/libcreate3_examples_msgs__rosidl_typesupport_fastrtps_c.so" to ""
[32.398s] -- Up-to-date: /home/robotics_roomba_2/slam2d/src/install/create3_examples_msgs/include/create3_examples_msgs/create3_examples_msgs
[32.399s] -- Up-to-date: /home/robotics_roomba_2/slam2d/src/install/create3_examples_msgs/include/create3_examples_msgs/create3_examples_msgs/msg
[32.399s] -- Installing: /home/robotics_roomba_2/slam2d/src/install/create3_examples_msgs/include/create3_examples_msgs/create3_examples_msgs/msg/rosidl_typesupport_introspection_c__visibility_control.h
[32.400s] -- Up-to-date: /home/robotics_roomba_2/slam2d/src/install/create3_examples_msgs/include/create3_examples_msgs/create3_examples_msgs/action
[32.401s] -- Up-to-date: /home/robotics_roomba_2/slam2d/src/install/create3_examples_msgs/include/create3_examples_msgs/create3_examples_msgs/action/detail
[32.402s] -- Installing: /home/robotics_roomba_2/slam2d/src/install/create3_examples_msgs/include/create3_examples_msgs/create3_examples_msgs/action/detail/coverage__type_support.c
[32.404s] -- Installing: /home/robotics_roomba_2/slam2d/src/install/create3_examples_msgs/include/create3_examples_msgs/create3_examples_msgs/action/detail/coverage__rosidl_typesupport_introspection_c.h
[32.406s] -- Installing: /home/robotics_roomba_2/slam2d/src/install/create3_examples_msgs/lib/libcreate3_examples_msgs__rosidl_typesupport_introspection_c.so
[32.409s] -- Set runtime path of "/home/robotics_roomba_2/slam2d/src/install/create3_examples_msgs/lib/libcreate3_examples_msgs__rosidl_typesupport_introspection_c.so" to ""
[32.410s] -- Installing: /home/robotics_roomba_2/slam2d/src/install/create3_examples_msgs/lib/libcreate3_examples_msgs__rosidl_typesupport_c.so
[32.413s] -- Set runtime path of "/home/robotics_roomba_2/slam2d/src/install/create3_examples_msgs/lib/libcreate3_examples_msgs__rosidl_typesupport_c.so" to ""
[32.413s] -- Up-to-date: /home/robotics_roomba_2/slam2d/src/install/create3_examples_msgs/include/create3_examples_msgs/create3_examples_msgs
[32.414s] -- Up-to-date: /home/robotics_roomba_2/slam2d/src/install/create3_examples_msgs/include/create3_examples_msgs/create3_examples_msgs/action
[32.414s] -- Up-to-date: /home/robotics_roomba_2/slam2d/src/install/create3_examples_msgs/include/create3_examples_msgs/create3_examples_msgs/action/detail
[32.415s] -- Installing: /home/robotics_roomba_2/slam2d/src/install/create3_examples_msgs/include/create3_examples_msgs/create3_examples_msgs/action/detail/coverage__traits.hpp
[32.416s] -- Installing: /home/robotics_roomba_2/slam2d/src/install/create3_examples_msgs/include/create3_examples_msgs/create3_examples_msgs/action/detail/coverage__builder.hpp
[32.418s] -- Installing: /home/robotics_roomba_2/slam2d/src/install/create3_examples_msgs/include/create3_examples_msgs/create3_examples_msgs/action/detail/coverage__struct.hpp
[32.420s] -- Installing: /home/robotics_roomba_2/slam2d/src/install/create3_examples_msgs/include/create3_examples_msgs/create3_examples_msgs/action/coverage.hpp
[32.421s] -- Up-to-date: /home/robotics_roomba_2/slam2d/src/install/create3_examples_msgs/include/create3_examples_msgs/create3_examples_msgs
[32.422s] -- Up-to-date: /home/robotics_roomba_2/slam2d/src/install/create3_examples_msgs/include/create3_examples_msgs/create3_examples_msgs/msg
[32.422s] -- Installing: /home/robotics_roomba_2/slam2d/src/install/create3_examples_msgs/include/create3_examples_msgs/create3_examples_msgs/msg/rosidl_typesupport_fastrtps_cpp__visibility_control.h
[32.424s] -- Up-to-date: /home/robotics_roomba_2/slam2d/src/install/create3_examples_msgs/include/create3_examples_msgs/create3_examples_msgs/action
[32.424s] -- Up-to-date: /home/robotics_roomba_2/slam2d/src/install/create3_examples_msgs/include/create3_examples_msgs/create3_examples_msgs/action/detail
[32.425s] -- Installing: /home/robotics_roomba_2/slam2d/src/install/create3_examples_msgs/include/create3_examples_msgs/create3_examples_msgs/action/detail/dds_fastrtps
[32.426s] -- Installing: /home/robotics_roomba_2/slam2d/src/install/create3_examples_msgs/include/create3_examples_msgs/create3_examples_msgs/action/detail/coverage__rosidl_typesupport_fastrtps_cpp.hpp
[32.428s] -- Installing: /home/robotics_roomba_2/slam2d/src/install/create3_examples_msgs/lib/libcreate3_examples_msgs__rosidl_typesupport_fastrtps_cpp.so
[32.432s] -- Set runtime path of "/home/robotics_roomba_2/slam2d/src/install/create3_examples_msgs/lib/libcreate3_examples_msgs__rosidl_typesupport_fastrtps_cpp.so" to ""
[32.432s] -- Up-to-date: /home/robotics_roomba_2/slam2d/src/install/create3_examples_msgs/include/create3_examples_msgs/create3_examples_msgs
[32.433s] -- Up-to-date: /home/robotics_roomba_2/slam2d/src/install/create3_examples_msgs/include/create3_examples_msgs/create3_examples_msgs/action
[32.433s] -- Up-to-date: /home/robotics_roomba_2/slam2d/src/install/create3_examples_msgs/include/create3_examples_msgs/create3_examples_msgs/action/detail
[32.434s] -- Installing: /home/robotics_roomba_2/slam2d/src/install/create3_examples_msgs/include/create3_examples_msgs/create3_examples_msgs/action/detail/coverage__rosidl_typesupport_introspection_cpp.hpp
[32.435s] -- Installing: /home/robotics_roomba_2/slam2d/src/install/create3_examples_msgs/include/create3_examples_msgs/create3_examples_msgs/action/detail/coverage__type_support.cpp
[32.437s] -- Installing: /home/robotics_roomba_2/slam2d/src/install/create3_examples_msgs/lib/libcreate3_examples_msgs__rosidl_typesupport_introspection_cpp.so
[32.441s] -- Set runtime path of "/home/robotics_roomba_2/slam2d/src/install/create3_examples_msgs/lib/libcreate3_examples_msgs__rosidl_typesupport_introspection_cpp.so" to ""
[32.442s] -- Installing: /home/robotics_roomba_2/slam2d/src/install/create3_examples_msgs/lib/libcreate3_examples_msgs__rosidl_typesupport_cpp.so
[32.445s] -- Set runtime path of "/home/robotics_roomba_2/slam2d/src/install/create3_examples_msgs/lib/libcreate3_examples_msgs__rosidl_typesupport_cpp.so" to ""
[32.445s] -- Installing: /home/robotics_roomba_2/slam2d/src/install/create3_examples_msgs/share/create3_examples_msgs/environment/pythonpath.sh
[32.447s] -- Installing: /home/robotics_roomba_2/slam2d/src/install/create3_examples_msgs/share/create3_examples_msgs/environment/pythonpath.dsv
[32.448s] -- Installing: /home/robotics_roomba_2/slam2d/src/install/create3_examples_msgs/local/lib/python3.10/dist-packages/create3_examples_msgs-0.0.1-py3.10.egg-info
[32.449s] -- Installing: /home/robotics_roomba_2/slam2d/src/install/create3_examples_msgs/local/lib/python3.10/dist-packages/create3_examples_msgs-0.0.1-py3.10.egg-info/SOURCES.txt
[32.451s] -- Installing: /home/robotics_roomba_2/slam2d/src/install/create3_examples_msgs/local/lib/python3.10/dist-packages/create3_examples_msgs-0.0.1-py3.10.egg-info/PKG-INFO
[32.452s] -- Installing: /home/robotics_roomba_2/slam2d/src/install/create3_examples_msgs/local/lib/python3.10/dist-packages/create3_examples_msgs-0.0.1-py3.10.egg-info/dependency_links.txt
[32.454s] -- Installing: /home/robotics_roomba_2/slam2d/src/install/create3_examples_msgs/local/lib/python3.10/dist-packages/create3_examples_msgs-0.0.1-py3.10.egg-info/top_level.txt
[32.455s] -- Installing: /home/robotics_roomba_2/slam2d/src/install/create3_examples_msgs/local/lib/python3.10/dist-packages/create3_examples_msgs
[32.456s] -- Installing: /home/robotics_roomba_2/slam2d/src/install/create3_examples_msgs/local/lib/python3.10/dist-packages/create3_examples_msgs/_create3_examples_msgs_s.ep.rosidl_typesupport_introspection_c.c
[32.458s] -- Installing: /home/robotics_roomba_2/slam2d/src/install/create3_examples_msgs/local/lib/python3.10/dist-packages/create3_examples_msgs/libcreate3_examples_msgs__rosidl_generator_py.so
[32.460s] -- Installing: /home/robotics_roomba_2/slam2d/src/install/create3_examples_msgs/local/lib/python3.10/dist-packages/create3_examples_msgs/create3_examples_msgs_s__rosidl_typesupport_c.cpython-310-aarch64-linux-gnu.so
[32.462s] -- Installing: /home/robotics_roomba_2/slam2d/src/install/create3_examples_msgs/local/lib/python3.10/dist-packages/create3_examples_msgs/__init__.py
[32.463s] -- Installing: /home/robotics_roomba_2/slam2d/src/install/create3_examples_msgs/local/lib/python3.10/dist-packages/create3_examples_msgs/_create3_examples_msgs_s.ep.rosidl_typesupport_fastrtps_c.c
[32.466s] -- Installing: /home/robotics_roomba_2/slam2d/src/install/create3_examples_msgs/local/lib/python3.10/dist-packages/create3_examples_msgs/_create3_examples_msgs_s.ep.rosidl_typesupport_c.c
[32.467s] -- Installing: /home/robotics_roomba_2/slam2d/src/install/create3_examples_msgs/local/lib/python3.10/dist-packages/create3_examples_msgs/create3_examples_msgs_s__rosidl_typesupport_introspection_c.cpython-310-aarch64-linux-gnu.so
[32.469s] -- Installing: /home/robotics_roomba_2/slam2d/src/install/create3_examples_msgs/local/lib/python3.10/dist-packages/create3_examples_msgs/action
[32.471s] -- Installing: /home/robotics_roomba_2/slam2d/src/install/create3_examples_msgs/local/lib/python3.10/dist-packages/create3_examples_msgs/action/_coverage_s.c
[32.472s] -- Installing: /home/robotics_roomba_2/slam2d/src/install/create3_examples_msgs/local/lib/python3.10/dist-packages/create3_examples_msgs/action/__init__.py
[32.474s] -- Installing: /home/robotics_roomba_2/slam2d/src/install/create3_examples_msgs/local/lib/python3.10/dist-packages/create3_examples_msgs/action/_coverage.py
[32.476s] -- Installing: /home/robotics_roomba_2/slam2d/src/install/create3_examples_msgs/local/lib/python3.10/dist-packages/create3_examples_msgs/create3_examples_msgs_s__rosidl_typesupport_fastrtps_c.cpython-310-aarch64-linux-gnu.so
[32.682s] Listing '/home/robotics_roomba_2/slam2d/src/install/create3_examples_msgs/local/lib/python3.10/dist-packages/create3_examples_msgs'...
[32.683s] Compiling '/home/robotics_roomba_2/slam2d/src/install/create3_examples_msgs/local/lib/python3.10/dist-packages/create3_examples_msgs/__init__.py'...
[32.685s] Listing '/home/robotics_roomba_2/slam2d/src/install/create3_examples_msgs/local/lib/python3.10/dist-packages/create3_examples_msgs/action'...
[32.686s] Compiling '/home/robotics_roomba_2/slam2d/src/install/create3_examples_msgs/local/lib/python3.10/dist-packages/create3_examples_msgs/action/__init__.py'...
[32.687s] Compiling '/home/robotics_roomba_2/slam2d/src/install/create3_examples_msgs/local/lib/python3.10/dist-packages/create3_examples_msgs/action/_coverage.py'...
[32.709s] -- Installing: /home/robotics_roomba_2/slam2d/src/install/create3_examples_msgs/local/lib/python3.10/dist-packages/create3_examples_msgs/create3_examples_msgs_s__rosidl_typesupport_fastrtps_c.cpython-310-aarch64-linux-gnu.so
[32.712s] -- Set runtime path of "/home/robotics_roomba_2/slam2d/src/install/create3_examples_msgs/local/lib/python3.10/dist-packages/create3_examples_msgs/create3_examples_msgs_s__rosidl_typesupport_fastrtps_c.cpython-310-aarch64-linux-gnu.so" to ""
[32.714s] -- Installing: /home/robotics_roomba_2/slam2d/src/install/create3_examples_msgs/local/lib/python3.10/dist-packages/create3_examples_msgs/create3_examples_msgs_s__rosidl_typesupport_introspection_c.cpython-310-aarch64-linux-gnu.so
[32.718s] -- Set runtime path of "/home/robotics_roomba_2/slam2d/src/install/create3_examples_msgs/local/lib/python3.10/dist-packages/create3_examples_msgs/create3_examples_msgs_s__rosidl_typesupport_introspection_c.cpython-310-aarch64-linux-gnu.so" to ""
[32.719s] -- Installing: /home/robotics_roomba_2/slam2d/src/install/create3_examples_msgs/local/lib/python3.10/dist-packages/create3_examples_msgs/create3_examples_msgs_s__rosidl_typesupport_c.cpython-310-aarch64-linux-gnu.so
[32.723s] -- Set runtime path of "/home/robotics_roomba_2/slam2d/src/install/create3_examples_msgs/local/lib/python3.10/dist-packages/create3_examples_msgs/create3_examples_msgs_s__rosidl_typesupport_c.cpython-310-aarch64-linux-gnu.so" to ""
[32.724s] -- Installing: /home/robotics_roomba_2/slam2d/src/install/create3_examples_msgs/lib/libcreate3_examples_msgs__rosidl_generator_py.so
[32.728s] -- Set runtime path of "/home/robotics_roomba_2/slam2d/src/install/create3_examples_msgs/lib/libcreate3_examples_msgs__rosidl_generator_py.so" to ""
[32.728s] -- Installing: /home/robotics_roomba_2/slam2d/src/install/create3_examples_msgs/share/create3_examples_msgs/action/Coverage.idl
[32.730s] -- Installing: /home/robotics_roomba_2/slam2d/src/install/create3_examples_msgs/share/create3_examples_msgs/action/Coverage.action
[32.732s] -- Installing: /home/robotics_roomba_2/slam2d/src/install/create3_examples_msgs/share/ament_index/resource_index/package_run_dependencies/create3_examples_msgs
[32.734s] -- Installing: /home/robotics_roomba_2/slam2d/src/install/create3_examples_msgs/share/ament_index/resource_index/parent_prefix_path/create3_examples_msgs
[32.735s] -- Installing: /home/robotics_roomba_2/slam2d/src/install/create3_examples_msgs/share/create3_examples_msgs/environment/ament_prefix_path.sh
[32.737s] -- Installing: /home/robotics_roomba_2/slam2d/src/install/create3_examples_msgs/share/create3_examples_msgs/environment/ament_prefix_path.dsv
[32.738s] -- Installing: /home/robotics_roomba_2/slam2d/src/install/create3_examples_msgs/share/create3_examples_msgs/environment/path.sh
[32.740s] -- Installing: /home/robotics_roomba_2/slam2d/src/install/create3_examples_msgs/share/create3_examples_msgs/environment/path.dsv
[32.741s] -- Installing: /home/robotics_roomba_2/slam2d/src/install/create3_examples_msgs/share/create3_examples_msgs/local_setup.bash
[32.743s] -- Installing: /home/robotics_roomba_2/slam2d/src/install/create3_examples_msgs/share/create3_examples_msgs/local_setup.sh
[32.744s] -- Installing: /home/robotics_roomba_2/slam2d/src/install/create3_examples_msgs/share/create3_examples_msgs/local_setup.zsh
[32.746s] -- Installing: /home/robotics_roomba_2/slam2d/src/install/create3_examples_msgs/share/create3_examples_msgs/local_setup.dsv
[32.747s] -- Installing: /home/robotics_roomba_2/slam2d/src/install/create3_examples_msgs/share/create3_examples_msgs/package.dsv
[32.749s] -- Installing: /home/robotics_roomba_2/slam2d/src/install/create3_examples_msgs/share/ament_index/resource_index/packages/create3_examples_msgs
[32.751s] -- Installing: /home/robotics_roomba_2/slam2d/src/install/create3_examples_msgs/share/create3_examples_msgs/cmake/export_create3_examples_msgs__rosidl_generator_cExport.cmake
[32.752s] -- Installing: /home/robotics_roomba_2/slam2d/src/install/create3_examples_msgs/share/create3_examples_msgs/cmake/export_create3_examples_msgs__rosidl_generator_cExport-noconfig.cmake
[32.754s] -- Installing: /home/robotics_roomba_2/slam2d/src/install/create3_examples_msgs/share/create3_examples_msgs/cmake/export_create3_examples_msgs__rosidl_typesupport_fastrtps_cExport.cmake
[32.756s] -- Installing: /home/robotics_roomba_2/slam2d/src/install/create3_examples_msgs/share/create3_examples_msgs/cmake/export_create3_examples_msgs__rosidl_typesupport_fastrtps_cExport-noconfig.cmake
[32.758s] -- Installing: /home/robotics_roomba_2/slam2d/src/install/create3_examples_msgs/share/create3_examples_msgs/cmake/create3_examples_msgs__rosidl_typesupport_introspection_cExport.cmake
[32.760s] -- Installing: /home/robotics_roomba_2/slam2d/src/install/create3_examples_msgs/share/create3_examples_msgs/cmake/create3_examples_msgs__rosidl_typesupport_introspection_cExport-noconfig.cmake
[32.762s] -- Installing: /home/robotics_roomba_2/slam2d/src/install/create3_examples_msgs/share/create3_examples_msgs/cmake/create3_examples_msgs__rosidl_typesupport_cExport.cmake
[32.764s] -- Installing: /home/robotics_roomba_2/slam2d/src/install/create3_examples_msgs/share/create3_examples_msgs/cmake/create3_examples_msgs__rosidl_typesupport_cExport-noconfig.cmake
[32.766s] -- Installing: /home/robotics_roomba_2/slam2d/src/install/create3_examples_msgs/share/create3_examples_msgs/cmake/export_create3_examples_msgs__rosidl_generator_cppExport.cmake
[32.768s] -- Installing: /home/robotics_roomba_2/slam2d/src/install/create3_examples_msgs/share/create3_examples_msgs/cmake/export_create3_examples_msgs__rosidl_typesupport_fastrtps_cppExport.cmake
[32.770s] -- Installing: /home/robotics_roomba_2/slam2d/src/install/create3_examples_msgs/share/create3_examples_msgs/cmake/export_create3_examples_msgs__rosidl_typesupport_fastrtps_cppExport-noconfig.cmake
[32.772s] -- Installing: /home/robotics_roomba_2/slam2d/src/install/create3_examples_msgs/share/create3_examples_msgs/cmake/create3_examples_msgs__rosidl_typesupport_introspection_cppExport.cmake
[32.775s] -- Installing: /home/robotics_roomba_2/slam2d/src/install/create3_examples_msgs/share/create3_examples_msgs/cmake/create3_examples_msgs__rosidl_typesupport_introspection_cppExport-noconfig.cmake
[32.777s] -- Installing: /home/robotics_roomba_2/slam2d/src/install/create3_examples_msgs/share/create3_examples_msgs/cmake/create3_examples_msgs__rosidl_typesupport_cppExport.cmake
[32.779s] -- Installing: /home/robotics_roomba_2/slam2d/src/install/create3_examples_msgs/share/create3_examples_msgs/cmake/create3_examples_msgs__rosidl_typesupport_cppExport-noconfig.cmake
[32.780s] -- Installing: /home/robotics_roomba_2/slam2d/src/install/create3_examples_msgs/share/create3_examples_msgs/cmake/export_create3_examples_msgs__rosidl_generator_pyExport.cmake
[32.782s] -- Installing: /home/robotics_roomba_2/slam2d/src/install/create3_examples_msgs/share/create3_examples_msgs/cmake/export_create3_examples_msgs__rosidl_generator_pyExport-noconfig.cmake
[32.784s] -- Installing: /home/robotics_roomba_2/slam2d/src/install/create3_examples_msgs/share/create3_examples_msgs/cmake/rosidl_cmake-extras.cmake
[32.785s] -- Installing: /home/robotics_roomba_2/slam2d/src/install/create3_examples_msgs/share/create3_examples_msgs/cmake/ament_cmake_export_dependencies-extras.cmake
[32.787s] -- Installing: /home/robotics_roomba_2/slam2d/src/install/create3_examples_msgs/share/create3_examples_msgs/cmake/ament_cmake_export_include_directories-extras.cmake
[32.789s] -- Installing: /home/robotics_roomba_2/slam2d/src/install/create3_examples_msgs/share/create3_examples_msgs/cmake/ament_cmake_export_libraries-extras.cmake
[32.790s] -- Installing: /home/robotics_roomba_2/slam2d/src/install/create3_examples_msgs/share/create3_examples_msgs/cmake/ament_cmake_export_targets-extras.cmake
[32.792s] -- Installing: /home/robotics_roomba_2/slam2d/src/install/create3_examples_msgs/share/create3_examples_msgs/cmake/rosidl_cmake_export_typesupport_targets-extras.cmake
[32.794s] -- Installing: /home/robotics_roomba_2/slam2d/src/install/create3_examples_msgs/share/create3_examples_msgs/cmake/rosidl_cmake_export_typesupport_libraries-extras.cmake
[32.795s] -- Installing: /home/robotics_roomba_2/slam2d/src/install/create3_examples_msgs/share/create3_examples_msgs/cmake/create3_examples_msgsConfig.cmake
[32.796s] -- Installing: /home/robotics_roomba_2/slam2d/src/install/create3_examples_msgs/share/create3_examples_msgs/cmake/create3_examples_msgsConfig-version.cmake
[32.798s] -- Installing: /home/robotics_roomba_2/slam2d/src/install/create3_examples_msgs/share/create3_examples_msgs/package.xml
[32.816s] Invoked command in '/home/robotics_roomba_2/slam2d/src/build/create3_examples_msgs' returned '0': CMAKE_PREFIX_PATH=${CMAKE_PREFIX_PATH}:/home/robotics_roomba_2/slam2d/install/create3_teleop:/home/robotics_roomba_2/slam2d/install/create3_examples_py:/opt/ros/humble /usr/bin/cmake --install /home/robotics_roomba_2/slam2d/src/build/create3_examples_msgs
