[6.704s] Invoking command in '/home/robotics_roomba_2/slam2d/build/create3_teleop': PYTHONPATH=/home/robotics_roomba_2/slam2d/build/create3_teleop/prefix_override:/home/robotics_roomba_2/slam2d/install/create3_teleop/lib/python3.10/site-packages:${PYTHONPATH} /usr/bin/python3 setup.py develop --uninstall --editable --build-directory /home/robotics_roomba_2/slam2d/build/create3_teleop/build
[8.860s] running develop
[10.830s] Invoked command in '/home/robotics_roomba_2/slam2d/build/create3_teleop' returned '0': PYTHONPATH=/home/robotics_roomba_2/slam2d/build/create3_teleop/prefix_override:/home/robotics_roomba_2/slam2d/install/create3_teleop/lib/python3.10/site-packages:${PYTHONPATH} /usr/bin/python3 setup.py develop --uninstall --editable --build-directory /home/robotics_roomba_2/slam2d/build/create3_teleop/build
[10.837s] Invoking command in '/home/robotics_roomba_2/slam2d/src/create3_examples/create3_teleop': PYTHONPATH=/home/robotics_roomba_2/slam2d/build/create3_teleop/prefix_override:/home/robotics_roomba_2/slam2d/install/create3_teleop/lib/python3.10/site-packages:${PYTHONPATH} /usr/bin/python3 setup.py egg_info --egg-base ../../../build/create3_teleop build --build-base /home/robotics_roomba_2/slam2d/build/create3_teleop/build install --record /home/robotics_roomba_2/slam2d/build/create3_teleop/install.log --single-version-externally-managed
[12.978s] running egg_info
[12.982s] writing ../../../build/create3_teleop/create3_teleop.egg-info/PKG-INFO
[12.987s] writing dependency_links to ../../../build/create3_teleop/create3_teleop.egg-info/dependency_links.txt
[12.991s] writing requirements to ../../../build/create3_teleop/create3_teleop.egg-info/requires.txt
[12.994s] writing top-level names to ../../../build/create3_teleop/create3_teleop.egg-info/top_level.txt
[13.002s] reading manifest file '../../../build/create3_teleop/create3_teleop.egg-info/SOURCES.txt'
[13.008s] writing manifest file '../../../build/create3_teleop/create3_teleop.egg-info/SOURCES.txt'
[13.011s] running build
[13.028s] running install
[13.029s] running install_data
[13.029s] running install_egg_info
[13.030s] removing '/home/robotics_roomba_2/slam2d/install/create3_teleop/lib/python3.10/site-packages/create3_teleop-0.0.1-py3.10.egg-info' (and everything under it)
[13.031s] Copying ../../../build/create3_teleop/create3_teleop.egg-info to /home/robotics_roomba_2/slam2d/install/create3_teleop/lib/python3.10/site-packages/create3_teleop-0.0.1-py3.10.egg-info
[13.044s] running install_scripts
[13.158s] writing list of installed files to '/home/robotics_roomba_2/slam2d/build/create3_teleop/install.log'
[13.382s] Invoked command in '/home/robotics_roomba_2/slam2d/src/create3_examples/create3_teleop' returned '0': PYTHONPATH=/home/robotics_roomba_2/slam2d/build/create3_teleop/prefix_override:/home/robotics_roomba_2/slam2d/install/create3_teleop/lib/python3.10/site-packages:${PYTHONPATH} /usr/bin/python3 setup.py egg_info --egg-base ../../../build/create3_teleop build --build-base /home/robotics_roomba_2/slam2d/build/create3_teleop/build install --record /home/robotics_roomba_2/slam2d/build/create3_teleop/install.log --single-version-externally-managed
