[6.691s] Invoking command in '/home/robotics_roomba_2/slam2d/build/create3_teleop': PYTHONPATH=/home/robotics_roomba_2/slam2d/build/create3_teleop/prefix_override:/home/robotics_roomba_2/slam2d/install/create3_teleop/lib/python3.10/site-packages:${PYTHONPATH} /usr/bin/python3 setup.py develop --uninstall --editable --build-directory /home/robotics_roomba_2/slam2d/build/create3_teleop/build
[9.324s] running develop
[11.378s] Invoked command in '/home/robotics_roomba_2/slam2d/build/create3_teleop' returned '0': PYTHONPATH=/home/robotics_roomba_2/slam2d/build/create3_teleop/prefix_override:/home/robotics_roomba_2/slam2d/install/create3_teleop/lib/python3.10/site-packages:${PYTHONPATH} /usr/bin/python3 setup.py develop --uninstall --editable --build-directory /home/robotics_roomba_2/slam2d/build/create3_teleop/build
[11.389s] Invoking command in '/home/robotics_roomba_2/slam2d/src/create3_examples/create3_teleop': PYTHONPATH=/home/robotics_roomba_2/slam2d/build/create3_teleop/prefix_override:/home/robotics_roomba_2/slam2d/install/create3_teleop/lib/python3.10/site-packages:${PYTHONPATH} /usr/bin/python3 setup.py egg_info --egg-base ../../../build/create3_teleop build --build-base /home/robotics_roomba_2/slam2d/build/create3_teleop/build install --record /home/robotics_roomba_2/slam2d/build/create3_teleop/install.log --single-version-externally-managed
[13.396s] running egg_info
[13.405s] writing ../../../build/create3_teleop/create3_teleop.egg-info/PKG-INFO
[13.406s] writing dependency_links to ../../../build/create3_teleop/create3_teleop.egg-info/dependency_links.txt
[13.412s] writing requirements to ../../../build/create3_teleop/create3_teleop.egg-info/requires.txt
[13.422s] writing top-level names to ../../../build/create3_teleop/create3_teleop.egg-info/top_level.txt
[13.423s] reading manifest file '../../../build/create3_teleop/create3_teleop.egg-info/SOURCES.txt'
[13.433s] writing manifest file '../../../build/create3_teleop/create3_teleop.egg-info/SOURCES.txt'
[13.439s] running build
[13.444s] running install
[13.448s] running install_data
[13.453s] running install_egg_info
[13.466s] removing '/home/robotics_roomba_2/slam2d/install/create3_teleop/lib/python3.10/site-packages/create3_teleop-0.0.1-py3.10.egg-info' (and everything under it)
[13.480s] Copying ../../../build/create3_teleop/create3_teleop.egg-info to /home/robotics_roomba_2/slam2d/install/create3_teleop/lib/python3.10/site-packages/create3_teleop-0.0.1-py3.10.egg-info
[13.481s] running install_scripts
[13.585s] writing list of installed files to '/home/robotics_roomba_2/slam2d/build/create3_teleop/install.log'
[13.740s] Invoked command in '/home/robotics_roomba_2/slam2d/src/create3_examples/create3_teleop' returned '0': PYTHONPATH=/home/robotics_roomba_2/slam2d/build/create3_teleop/prefix_override:/home/robotics_roomba_2/slam2d/install/create3_teleop/lib/python3.10/site-packages:${PYTHONPATH} /usr/bin/python3 setup.py egg_info --egg-base ../../../build/create3_teleop build --build-base /home/robotics_roomba_2/slam2d/build/create3_teleop/build install --record /home/robotics_roomba_2/slam2d/build/create3_teleop/install.log --single-version-externally-managed
