[2.202s] Invoking command in '/home/robotics_roomba_2/slam2d/build/create3_lidar': CMAKE_PREFIX_PATH=${CMAKE_PREFIX_PATH}:/home/robotics_roomba_2/slam2d/install/tmf882x:/home/robotics_roomba_2/slam2d/install/create3_teleop:/home/robotics_roomba_2/slam2d/install/create3_examples_py:/opt/ros/humble /usr/bin/cmake --build /home/robotics_roomba_2/slam2d/build/create3_lidar -- -j4 -l4
[3.880s] Invoked command in '/home/robotics_roomba_2/slam2d/build/create3_lidar' returned '0': CMAKE_PREFIX_PATH=${CMAKE_PREFIX_PATH}:/home/robotics_roomba_2/slam2d/install/tmf882x:/home/robotics_roomba_2/slam2d/install/create3_teleop:/home/robotics_roomba_2/slam2d/install/create3_examples_py:/opt/ros/humble /usr/bin/cmake --build /home/robotics_roomba_2/slam2d/build/create3_lidar -- -j4 -l4
[4.108s] Invoking command in '/home/robotics_roomba_2/slam2d/build/create3_lidar': CMAKE_PREFIX_PATH=${CMAKE_PREFIX_PATH}:/home/robotics_roomba_2/slam2d/install/tmf882x:/home/robotics_roomba_2/slam2d/install/create3_teleop:/home/robotics_roomba_2/slam2d/install/create3_examples_py:/opt/ros/humble /usr/bin/cmake --install /home/robotics_roomba_2/slam2d/build/create3_lidar
[4.161s] -- Install configuration: ""
[4.166s] -- Up-to-date: /home/robotics_roomba_2/slam2d/install/create3_lidar/share/create3_lidar/launch
[4.172s] -- Up-to-date: /home/robotics_roomba_2/slam2d/install/create3_lidar/share/create3_lidar/launch/sensors_launch.py
[4.177s] -- Installing: /home/robotics_roomba_2/slam2d/install/create3_lidar/share/create3_lidar/launch/slam_toolbox_launch.py
[4.189s] -- Up-to-date: /home/robotics_roomba_2/slam2d/install/create3_lidar/share/create3_lidar/config
[4.194s] -- Up-to-date: /home/robotics_roomba_2/slam2d/install/create3_lidar/share/create3_lidar/config/rplidar_node.yaml
[4.198s] -- Up-to-date: /home/robotics_roomba_2/slam2d/install/create3_lidar/share/create3_lidar/config/mapper_params_online_async.yaml
[4.202s] -- Up-to-date: /home/robotics_roomba_2/slam2d/install/create3_lidar/share/create3_lidar/rviz
[4.209s] -- Up-to-date: /home/robotics_roomba_2/slam2d/install/create3_lidar/share/create3_lidar/rviz/create3_lidar.rviz
[4.215s] -- Up-to-date: /home/robotics_roomba_2/slam2d/install/create3_lidar/share/ament_index/resource_index/package_run_dependencies/create3_lidar
[4.223s] -- Up-to-date: /home/robotics_roomba_2/slam2d/install/create3_lidar/share/ament_index/resource_index/parent_prefix_path/create3_lidar
[4.224s] -- Up-to-date: /home/robotics_roomba_2/slam2d/install/create3_lidar/share/create3_lidar/environment/ament_prefix_path.sh
[4.231s] -- Up-to-date: /home/robotics_roomba_2/slam2d/install/create3_lidar/share/create3_lidar/environment/ament_prefix_path.dsv
[4.232s] -- Up-to-date: /home/robotics_roomba_2/slam2d/install/create3_lidar/share/create3_lidar/environment/path.sh
[4.233s] -- Up-to-date: /home/robotics_roomba_2/slam2d/install/create3_lidar/share/create3_lidar/environment/path.dsv
[4.249s] -- Up-to-date: /home/robotics_roomba_2/slam2d/install/create3_lidar/share/create3_lidar/local_setup.bash
[4.253s] -- Up-to-date: /home/robotics_roomba_2/slam2d/install/create3_lidar/share/create3_lidar/local_setup.sh
[4.256s] -- Up-to-date: /home/robotics_roomba_2/slam2d/install/create3_lidar/share/create3_lidar/local_setup.zsh
[4.259s] -- Up-to-date: /home/robotics_roomba_2/slam2d/install/create3_lidar/share/create3_lidar/local_setup.dsv
[4.273s] -- Installing: /home/robotics_roomba_2/slam2d/install/create3_lidar/share/create3_lidar/package.dsv
[4.273s] -- Up-to-date: /home/robotics_roomba_2/slam2d/install/create3_lidar/share/ament_index/resource_index/packages/create3_lidar
[4.274s] -- Up-to-date: /home/robotics_roomba_2/slam2d/install/create3_lidar/share/create3_lidar/cmake/create3_lidarConfig.cmake
[4.274s] -- Up-to-date: /home/robotics_roomba_2/slam2d/install/create3_lidar/share/create3_lidar/cmake/create3_lidarConfig-version.cmake
[4.275s] -- Up-to-date: /home/robotics_roomba_2/slam2d/install/create3_lidar/share/create3_lidar/package.xml
[4.276s] Invoked command in '/home/robotics_roomba_2/slam2d/build/create3_lidar' returned '0': CMAKE_PREFIX_PATH=${CMAKE_PREFIX_PATH}:/home/robotics_roomba_2/slam2d/install/tmf882x:/home/robotics_roomba_2/slam2d/install/create3_teleop:/home/robotics_roomba_2/slam2d/install/create3_examples_py:/opt/ros/humble /usr/bin/cmake --install /home/robotics_roomba_2/slam2d/build/create3_lidar
