[7.111s] Invoking command in '/home/robotics_roomba_2/slam2d/src/create3_examples/create3_examples_py': PYTHONPATH=/home/robotics_roomba_2/slam2d/src/build/create3_examples_py/prefix_override:/home/robotics_roomba_2/slam2d/src/install/create3_examples_py/lib/python3.10/site-packages:${PYTHONPATH} /usr/bin/python3 setup.py egg_info --egg-base ../../build/create3_examples_py build --build-base /home/robotics_roomba_2/slam2d/src/build/create3_examples_py/build install --record /home/robotics_roomba_2/slam2d/src/build/create3_examples_py/install.log --single-version-externally-managed
[9.039s] running egg_info
[9.042s] creating ../../build/create3_examples_py/create3_examples_py.egg-info
[9.043s] writing ../../build/create3_examples_py/create3_examples_py.egg-info/PKG-INFO
[9.047s] writing dependency_links to ../../build/create3_examples_py/create3_examples_py.egg-info/dependency_links.txt
[9.052s] writing entry points to ../../build/create3_examples_py/create3_examples_py.egg-info/entry_points.txt
[9.053s] writing requirements to ../../build/create3_examples_py/create3_examples_py.egg-info/requires.txt
[9.054s] writing top-level names to ../../build/create3_examples_py/create3_examples_py.egg-info/top_level.txt
[9.060s] writing manifest file '../../build/create3_examples_py/create3_examples_py.egg-info/SOURCES.txt'
[9.073s] reading manifest file '../../build/create3_examples_py/create3_examples_py.egg-info/SOURCES.txt'
[9.079s] writing manifest file '../../build/create3_examples_py/create3_examples_py.egg-info/SOURCES.txt'
[9.081s] running build
[9.082s] running build_py
[9.084s] creating /home/robotics_roomba_2/slam2d/src/build/create3_examples_py/build
[9.086s] creating /home/robotics_roomba_2/slam2d/src/build/create3_examples_py/build/lib
[9.088s] creating /home/robotics_roomba_2/slam2d/src/build/create3_examples_py/build/lib/create3_examples_py
[9.088s] copying create3_examples_py/__init__.py -> /home/robotics_roomba_2/slam2d/src/build/create3_examples_py/build/lib/create3_examples_py
[9.091s] creating /home/robotics_roomba_2/slam2d/src/build/create3_examples_py/build/lib/create3_examples_py/dance
[9.092s] copying create3_examples_py/dance/__init__.py -> /home/robotics_roomba_2/slam2d/src/build/create3_examples_py/build/lib/create3_examples_py/dance
[9.096s] copying create3_examples_py/dance/create3_dance.py -> /home/robotics_roomba_2/slam2d/src/build/create3_examples_py/build/lib/create3_examples_py/dance
[9.102s] copying create3_examples_py/dance/dance_choreograph.py -> /home/robotics_roomba_2/slam2d/src/build/create3_examples_py/build/lib/create3_examples_py/dance
[9.108s] running install
[9.112s] running install_lib
[9.119s] creating /home/robotics_roomba_2/slam2d/src/install/create3_examples_py/lib/python3.10/site-packages/create3_examples_py
[9.125s] creating /home/robotics_roomba_2/slam2d/src/install/create3_examples_py/lib/python3.10/site-packages/create3_examples_py/dance
[9.127s] copying /home/robotics_roomba_2/slam2d/src/build/create3_examples_py/build/lib/create3_examples_py/dance/__init__.py -> /home/robotics_roomba_2/slam2d/src/install/create3_examples_py/lib/python3.10/site-packages/create3_examples_py/dance
[9.128s] copying /home/robotics_roomba_2/slam2d/src/build/create3_examples_py/build/lib/create3_examples_py/dance/create3_dance.py -> /home/robotics_roomba_2/slam2d/src/install/create3_examples_py/lib/python3.10/site-packages/create3_examples_py/dance
[9.131s] copying /home/robotics_roomba_2/slam2d/src/build/create3_examples_py/build/lib/create3_examples_py/dance/dance_choreograph.py -> /home/robotics_roomba_2/slam2d/src/install/create3_examples_py/lib/python3.10/site-packages/create3_examples_py/dance
[9.132s] copying /home/robotics_roomba_2/slam2d/src/build/create3_examples_py/build/lib/create3_examples_py/__init__.py -> /home/robotics_roomba_2/slam2d/src/install/create3_examples_py/lib/python3.10/site-packages/create3_examples_py
[9.147s] byte-compiling /home/robotics_roomba_2/slam2d/src/install/create3_examples_py/lib/python3.10/site-packages/create3_examples_py/dance/__init__.py to __init__.cpython-310.pyc
[9.149s] byte-compiling /home/robotics_roomba_2/slam2d/src/install/create3_examples_py/lib/python3.10/site-packages/create3_examples_py/dance/create3_dance.py to create3_dance.cpython-310.pyc
[9.151s] byte-compiling /home/robotics_roomba_2/slam2d/src/install/create3_examples_py/lib/python3.10/site-packages/create3_examples_py/dance/dance_choreograph.py to dance_choreograph.cpython-310.pyc
[9.154s] byte-compiling /home/robotics_roomba_2/slam2d/src/install/create3_examples_py/lib/python3.10/site-packages/create3_examples_py/__init__.py to __init__.cpython-310.pyc
[9.157s] running install_data
[9.164s] creating /home/robotics_roomba_2/slam2d/src/install/create3_examples_py/share/ament_index
[9.166s] creating /home/robotics_roomba_2/slam2d/src/install/create3_examples_py/share/ament_index/resource_index
[9.168s] creating /home/robotics_roomba_2/slam2d/src/install/create3_examples_py/share/ament_index/resource_index/packages
[9.170s] copying resource/create3_examples_py -> /home/robotics_roomba_2/slam2d/src/install/create3_examples_py/share/ament_index/resource_index/packages
[9.171s] copying package.xml -> /home/robotics_roomba_2/slam2d/src/install/create3_examples_py/share/create3_examples_py
[9.173s] running install_egg_info
[9.184s] Copying ../../build/create3_examples_py/create3_examples_py.egg-info to /home/robotics_roomba_2/slam2d/src/install/create3_examples_py/lib/python3.10/site-packages/create3_examples_py-0.0.1-py3.10.egg-info
[9.200s] running install_scripts
[9.340s] Installing create3_dance script to /home/robotics_roomba_2/slam2d/src/install/create3_examples_py/lib/create3_examples_py
[9.342s] writing list of installed files to '/home/robotics_roomba_2/slam2d/src/build/create3_examples_py/install.log'
[9.508s] Invoked command in '/home/robotics_roomba_2/slam2d/src/create3_examples/create3_examples_py' returned '0': PYTHONPATH=/home/robotics_roomba_2/slam2d/src/build/create3_examples_py/prefix_override:/home/robotics_roomba_2/slam2d/src/install/create3_examples_py/lib/python3.10/site-packages:${PYTHONPATH} /usr/bin/python3 setup.py egg_info --egg-base ../../build/create3_examples_py build --build-base /home/robotics_roomba_2/slam2d/src/build/create3_examples_py/build install --record /home/robotics_roomba_2/slam2d/src/build/create3_examples_py/install.log --single-version-externally-managed
