[3.923s] Invoking command in '/home/robotics_roomba_2/slam2d/build/create3_lidar': CMAKE_PREFIX_PATH=${CMAKE_PREFIX_PATH}:/home/robotics_roomba_2/create3_examples_ws/install/create3_sensors:/home/robotics_roomba_2/create3_examples_ws/install/helloRoomba:/home/robotics_roomba_2/create3_examples_ws/install/create3_teleop:/home/robotics_roomba_2/create3_examples_ws/install/create3_examples_py:/opt/ros/humble /usr/bin/cmake /home/robotics_roomba_2/slam2d/src/create3_examples/create3_lidar -DCMAKE_INSTALL_PREFIX=/home/robotics_roomba_2/slam2d/install/create3_lidar
[4.685s] -- The C compiler identification is GNU 11.4.0
[5.615s] -- The CXX compiler identification is GNU 11.4.0
[5.687s] -- Detecting C compiler ABI info
[6.780s] -- Detecting C compiler ABI info - done
[6.837s] -- Check for working C compiler: /usr/bin/cc - skipped
[6.840s] -- Detecting C compile features
[6.843s] -- Detecting C compile features - done
[6.898s] -- Detecting CXX compiler ABI info
[8.013s] -- Detecting CXX compiler ABI info - done
[8.095s] -- Check for working CXX compiler: /usr/bin/c++ - skipped
[8.096s] -- Detecting CXX compile features
[8.100s] -- Detecting CXX compile features - done
[8.163s] -- Found ament_cmake: 1.3.3 (/opt/ros/humble/share/ament_cmake/cmake)
[11.655s] -- Found Python3: /usr/bin/python3.10 (found version "3.10.12") found components: Interpreter 
[15.287s] -- Configuring done
[15.421s] -- Generating done
[15.504s] -- Build files have been written to: /home/robotics_roomba_2/slam2d/build/create3_lidar
[15.555s] Invoked command in '/home/robotics_roomba_2/slam2d/build/create3_lidar' returned '0': CMAKE_PREFIX_PATH=${CMAKE_PREFIX_PATH}:/home/robotics_roomba_2/create3_examples_ws/install/create3_sensors:/home/robotics_roomba_2/create3_examples_ws/install/helloRoomba:/home/robotics_roomba_2/create3_examples_ws/install/create3_teleop:/home/robotics_roomba_2/create3_examples_ws/install/create3_examples_py:/opt/ros/humble /usr/bin/cmake /home/robotics_roomba_2/slam2d/src/create3_examples/create3_lidar -DCMAKE_INSTALL_PREFIX=/home/robotics_roomba_2/slam2d/install/create3_lidar
[15.634s] Invoking command in '/home/robotics_roomba_2/slam2d/build/create3_lidar': CMAKE_PREFIX_PATH=${CMAKE_PREFIX_PATH}:/home/robotics_roomba_2/create3_examples_ws/install/create3_sensors:/home/robotics_roomba_2/create3_examples_ws/install/helloRoomba:/home/robotics_roomba_2/create3_examples_ws/install/create3_teleop:/home/robotics_roomba_2/create3_examples_ws/install/create3_examples_py:/opt/ros/humble /usr/bin/cmake --build /home/robotics_roomba_2/slam2d/build/create3_lidar -- -j4 -l4
[16.399s] Invoked command in '/home/robotics_roomba_2/slam2d/build/create3_lidar' returned '0': CMAKE_PREFIX_PATH=${CMAKE_PREFIX_PATH}:/home/robotics_roomba_2/create3_examples_ws/install/create3_sensors:/home/robotics_roomba_2/create3_examples_ws/install/helloRoomba:/home/robotics_roomba_2/create3_examples_ws/install/create3_teleop:/home/robotics_roomba_2/create3_examples_ws/install/create3_examples_py:/opt/ros/humble /usr/bin/cmake --build /home/robotics_roomba_2/slam2d/build/create3_lidar -- -j4 -l4
[17.308s] Invoking command in '/home/robotics_roomba_2/slam2d/build/create3_lidar': CMAKE_PREFIX_PATH=${CMAKE_PREFIX_PATH}:/home/robotics_roomba_2/create3_examples_ws/install/create3_sensors:/home/robotics_roomba_2/create3_examples_ws/install/helloRoomba:/home/robotics_roomba_2/create3_examples_ws/install/create3_teleop:/home/robotics_roomba_2/create3_examples_ws/install/create3_examples_py:/opt/ros/humble /usr/bin/cmake --install /home/robotics_roomba_2/slam2d/build/create3_lidar
[17.510s] -- Install configuration: ""
[17.512s] -- Installing: /home/robotics_roomba_2/slam2d/install/create3_lidar/share/create3_lidar/launch
[17.517s] -- Installing: /home/robotics_roomba_2/slam2d/install/create3_lidar/share/create3_lidar/launch/sensors_launch.py
[17.529s] -- Installing: /home/robotics_roomba_2/slam2d/install/create3_lidar/share/create3_lidar/launch/slam_toolbox_launch.py
[17.532s] -- Installing: /home/robotics_roomba_2/slam2d/install/create3_lidar/share/create3_lidar/config
[17.534s] -- Installing: /home/robotics_roomba_2/slam2d/install/create3_lidar/share/create3_lidar/config/rplidar_node.yaml
[17.546s] -- Installing: /home/robotics_roomba_2/slam2d/install/create3_lidar/share/create3_lidar/config/mapper_params_online_async.yaml
[17.580s] -- Installing: /home/robotics_roomba_2/slam2d/install/create3_lidar/share/create3_lidar/rviz
[17.581s] -- Installing: /home/robotics_roomba_2/slam2d/install/create3_lidar/share/create3_lidar/rviz/create3_lidar.rviz
[17.583s] -- Installing: /home/robotics_roomba_2/slam2d/install/create3_lidar/share/ament_index/resource_index/package_run_dependencies/create3_lidar
[17.590s] -- Installing: /home/robotics_roomba_2/slam2d/install/create3_lidar/share/ament_index/resource_index/parent_prefix_path/create3_lidar
[17.592s] -- Installing: /home/robotics_roomba_2/slam2d/install/create3_lidar/share/create3_lidar/environment/ament_prefix_path.sh
[17.593s] -- Installing: /home/robotics_roomba_2/slam2d/install/create3_lidar/share/create3_lidar/environment/ament_prefix_path.dsv
[17.603s] -- Installing: /home/robotics_roomba_2/slam2d/install/create3_lidar/share/create3_lidar/environment/path.sh
[17.606s] -- Installing: /home/robotics_roomba_2/slam2d/install/create3_lidar/share/create3_lidar/environment/path.dsv
[17.607s] -- Installing: /home/robotics_roomba_2/slam2d/install/create3_lidar/share/create3_lidar/local_setup.bash
[17.616s] -- Installing: /home/robotics_roomba_2/slam2d/install/create3_lidar/share/create3_lidar/local_setup.sh
[17.624s] -- Installing: /home/robotics_roomba_2/slam2d/install/create3_lidar/share/create3_lidar/local_setup.zsh
[17.625s] -- Installing: /home/robotics_roomba_2/slam2d/install/create3_lidar/share/create3_lidar/local_setup.dsv
[17.627s] -- Installing: /home/robotics_roomba_2/slam2d/install/create3_lidar/share/create3_lidar/package.dsv
[17.640s] -- Installing: /home/robotics_roomba_2/slam2d/install/create3_lidar/share/ament_index/resource_index/packages/create3_lidar
[17.641s] -- Installing: /home/robotics_roomba_2/slam2d/install/create3_lidar/share/create3_lidar/cmake/create3_lidarConfig.cmake
[17.675s] -- Installing: /home/robotics_roomba_2/slam2d/install/create3_lidar/share/create3_lidar/cmake/create3_lidarConfig-version.cmake
[17.680s] -- Installing: /home/robotics_roomba_2/slam2d/install/create3_lidar/share/create3_lidar/package.xml
[17.683s] Invoked command in '/home/robotics_roomba_2/slam2d/build/create3_lidar' returned '0': CMAKE_PREFIX_PATH=${CMAKE_PREFIX_PATH}:/home/robotics_roomba_2/create3_examples_ws/install/create3_sensors:/home/robotics_roomba_2/create3_examples_ws/install/helloRoomba:/home/robotics_roomba_2/create3_examples_ws/install/create3_teleop:/home/robotics_roomba_2/create3_examples_ws/install/create3_examples_py:/opt/ros/humble /usr/bin/cmake --install /home/robotics_roomba_2/slam2d/build/create3_lidar
