[1.847s] Invoking command in '/home/robotics_roomba_2/slam2d/build/create3_lidar': CMAKE_PREFIX_PATH=${CMAKE_PREFIX_PATH}:/home/robotics_roomba_2/slam2d/install/tmf882x:/home/robotics_roomba_2/slam2d/install/create3_teleop:/home/robotics_roomba_2/slam2d/install/create3_examples_py:/opt/ros/humble /usr/bin/cmake /home/robotics_roomba_2/slam2d/src/create3_examples/create3_lidar -DCMAKE_INSTALL_PREFIX=/home/robotics_roomba_2/slam2d/install/create3_lidar
[1.916s] -- Found ament_cmake: 1.3.3 (/opt/ros/humble/share/ament_cmake/cmake)
[2.910s] -- Override CMake install command with custom implementation using symlinks instead of copying resources
[3.477s] -- Configuring done
[3.505s] -- Generating done
[3.514s] -- Build files have been written to: /home/robotics_roomba_2/slam2d/build/create3_lidar
[4.003s] Invoked command in '/home/robotics_roomba_2/slam2d/build/create3_lidar' returned '0': CMAKE_PREFIX_PATH=${CMAKE_PREFIX_PATH}:/home/robotics_roomba_2/slam2d/install/tmf882x:/home/robotics_roomba_2/slam2d/install/create3_teleop:/home/robotics_roomba_2/slam2d/install/create3_examples_py:/opt/ros/humble /usr/bin/cmake /home/robotics_roomba_2/slam2d/src/create3_examples/create3_lidar -DCMAKE_INSTALL_PREFIX=/home/robotics_roomba_2/slam2d/install/create3_lidar
[4.009s] Invoking command in '/home/robotics_roomba_2/slam2d/build/create3_lidar': CMAKE_PREFIX_PATH=${CMAKE_PREFIX_PATH}:/home/robotics_roomba_2/slam2d/install/tmf882x:/home/robotics_roomba_2/slam2d/install/create3_teleop:/home/robotics_roomba_2/slam2d/install/create3_examples_py:/opt/ros/humble /usr/bin/cmake --build /home/robotics_roomba_2/slam2d/build/create3_lidar -- -j4 -l4
[4.237s] Invoked command in '/home/robotics_roomba_2/slam2d/build/create3_lidar' returned '0': CMAKE_PREFIX_PATH=${CMAKE_PREFIX_PATH}:/home/robotics_roomba_2/slam2d/install/tmf882x:/home/robotics_roomba_2/slam2d/install/create3_teleop:/home/robotics_roomba_2/slam2d/install/create3_examples_py:/opt/ros/humble /usr/bin/cmake --build /home/robotics_roomba_2/slam2d/build/create3_lidar -- -j4 -l4
[4.496s] Invoking command in '/home/robotics_roomba_2/slam2d/build/create3_lidar': CMAKE_PREFIX_PATH=${CMAKE_PREFIX_PATH}:/home/robotics_roomba_2/slam2d/install/tmf882x:/home/robotics_roomba_2/slam2d/install/create3_teleop:/home/robotics_roomba_2/slam2d/install/create3_examples_py:/opt/ros/humble /usr/bin/cmake --install /home/robotics_roomba_2/slam2d/build/create3_lidar
[4.594s] -- Install configuration: ""
[4.596s] -- Execute custom install script
[4.600s] -- Up-to-date symlink: /home/robotics_roomba_2/slam2d/install/create3_lidar/share/create3_lidar/launch/sensors_launch.py
[4.603s] -- Up-to-date symlink: /home/robotics_roomba_2/slam2d/install/create3_lidar/share/create3_lidar/launch/slam_toolbox_launch.py
[4.606s] -- Up-to-date symlink: /home/robotics_roomba_2/slam2d/install/create3_lidar/share/create3_lidar/config/mapper_params_online_async.yaml
[4.609s] -- Up-to-date symlink: /home/robotics_roomba_2/slam2d/install/create3_lidar/share/create3_lidar/config/rplidar_node.yaml
[4.623s] -- Up-to-date symlink: /home/robotics_roomba_2/slam2d/install/create3_lidar/share/create3_lidar/rviz/create3_lidar.rviz
[4.630s] -- Up-to-date symlink: /home/robotics_roomba_2/slam2d/install/create3_lidar/share/ament_index/resource_index/package_run_dependencies/create3_lidar
[4.632s] -- Up-to-date symlink: /home/robotics_roomba_2/slam2d/install/create3_lidar/share/ament_index/resource_index/parent_prefix_path/create3_lidar
[4.633s] -- Up-to-date symlink: /home/robotics_roomba_2/slam2d/install/create3_lidar/share/create3_lidar/environment/ament_prefix_path.sh
[4.640s] -- Up-to-date symlink: /home/robotics_roomba_2/slam2d/install/create3_lidar/share/create3_lidar/environment/ament_prefix_path.dsv
[4.644s] -- Up-to-date symlink: /home/robotics_roomba_2/slam2d/install/create3_lidar/share/create3_lidar/environment/path.sh
[4.651s] -- Up-to-date symlink: /home/robotics_roomba_2/slam2d/install/create3_lidar/share/create3_lidar/environment/path.dsv
[4.653s] -- Up-to-date symlink: /home/robotics_roomba_2/slam2d/install/create3_lidar/share/create3_lidar/local_setup.bash
[4.657s] -- Up-to-date symlink: /home/robotics_roomba_2/slam2d/install/create3_lidar/share/create3_lidar/local_setup.sh
[4.660s] -- Up-to-date symlink: /home/robotics_roomba_2/slam2d/install/create3_lidar/share/create3_lidar/local_setup.zsh
[4.663s] -- Up-to-date symlink: /home/robotics_roomba_2/slam2d/install/create3_lidar/share/create3_lidar/local_setup.dsv
[4.667s] -- Symlinking: /home/robotics_roomba_2/slam2d/install/create3_lidar/share/create3_lidar/package.dsv
[4.720s] -- Up-to-date symlink: /home/robotics_roomba_2/slam2d/install/create3_lidar/share/ament_index/resource_index/packages/create3_lidar
[4.727s] -- Up-to-date symlink: /home/robotics_roomba_2/slam2d/install/create3_lidar/share/create3_lidar/cmake/create3_lidarConfig.cmake
[4.728s] -- Up-to-date symlink: /home/robotics_roomba_2/slam2d/install/create3_lidar/share/create3_lidar/cmake/create3_lidarConfig-version.cmake
[4.729s] -- Up-to-date symlink: /home/robotics_roomba_2/slam2d/install/create3_lidar/share/create3_lidar/package.xml
[4.743s] Invoked command in '/home/robotics_roomba_2/slam2d/build/create3_lidar' returned '0': CMAKE_PREFIX_PATH=${CMAKE_PREFIX_PATH}:/home/robotics_roomba_2/slam2d/install/tmf882x:/home/robotics_roomba_2/slam2d/install/create3_teleop:/home/robotics_roomba_2/slam2d/install/create3_examples_py:/opt/ros/humble /usr/bin/cmake --install /home/robotics_roomba_2/slam2d/build/create3_lidar
