[2.150s] Invoking command in '/home/robotics_roomba_2/slam2d/build/create3_lidar': CMAKE_PREFIX_PATH=${CMAKE_PREFIX_PATH}:/home/robotics_roomba_2/slam2d/install/tmf882x:/home/robotics_roomba_2/slam2d/install/create3_teleop:/home/robotics_roomba_2/slam2d/install/create3_examples_py:/opt/ros/humble /usr/bin/cmake /home/robotics_roomba_2/slam2d/src/create3_examples/create3_lidar -DCMAKE_INSTALL_PREFIX=/home/robotics_roomba_2/slam2d/install/create3_lidar
[2.209s] -- Found ament_cmake: 1.3.3 (/opt/ros/humble/share/ament_cmake/cmake)
[3.944s] -- Configuring done
[3.980s] -- Generating done
[3.990s] -- Build files have been written to: /home/robotics_roomba_2/slam2d/build/create3_lidar
[4.544s] Invoked command in '/home/robotics_roomba_2/slam2d/build/create3_lidar' returned '0': CMAKE_PREFIX_PATH=${CMAKE_PREFIX_PATH}:/home/robotics_roomba_2/slam2d/install/tmf882x:/home/robotics_roomba_2/slam2d/install/create3_teleop:/home/robotics_roomba_2/slam2d/install/create3_examples_py:/opt/ros/humble /usr/bin/cmake /home/robotics_roomba_2/slam2d/src/create3_examples/create3_lidar -DCMAKE_INSTALL_PREFIX=/home/robotics_roomba_2/slam2d/install/create3_lidar
[4.559s] Invoking command in '/home/robotics_roomba_2/slam2d/build/create3_lidar': CMAKE_PREFIX_PATH=${CMAKE_PREFIX_PATH}:/home/robotics_roomba_2/slam2d/install/tmf882x:/home/robotics_roomba_2/slam2d/install/create3_teleop:/home/robotics_roomba_2/slam2d/install/create3_examples_py:/opt/ros/humble /usr/bin/cmake --build /home/robotics_roomba_2/slam2d/build/create3_lidar -- -j4 -l4
[4.888s] Invoked command in '/home/robotics_roomba_2/slam2d/build/create3_lidar' returned '0': CMAKE_PREFIX_PATH=${CMAKE_PREFIX_PATH}:/home/robotics_roomba_2/slam2d/install/tmf882x:/home/robotics_roomba_2/slam2d/install/create3_teleop:/home/robotics_roomba_2/slam2d/install/create3_examples_py:/opt/ros/humble /usr/bin/cmake --build /home/robotics_roomba_2/slam2d/build/create3_lidar -- -j4 -l4
[5.364s] Invoking command in '/home/robotics_roomba_2/slam2d/build/create3_lidar': CMAKE_PREFIX_PATH=${CMAKE_PREFIX_PATH}:/home/robotics_roomba_2/slam2d/install/tmf882x:/home/robotics_roomba_2/slam2d/install/create3_teleop:/home/robotics_roomba_2/slam2d/install/create3_examples_py:/opt/ros/humble /usr/bin/cmake --install /home/robotics_roomba_2/slam2d/build/create3_lidar
[5.415s] -- Install configuration: ""
[5.423s] -- Up-to-date: /home/robotics_roomba_2/slam2d/install/create3_lidar/share/create3_lidar/launch
[5.428s] -- Installing: /home/robotics_roomba_2/slam2d/install/create3_lidar/share/create3_lidar/launch/sensors_launch.py
[5.439s] -- Up-to-date: /home/robotics_roomba_2/slam2d/install/create3_lidar/share/create3_lidar/launch/slam_toolbox_launch.py
[5.444s] -- Up-to-date: /home/robotics_roomba_2/slam2d/install/create3_lidar/share/create3_lidar/config
[5.449s] -- Up-to-date: /home/robotics_roomba_2/slam2d/install/create3_lidar/share/create3_lidar/config/rplidar_node.yaml
[5.453s] -- Installing: /home/robotics_roomba_2/slam2d/install/create3_lidar/share/create3_lidar/config/mapper_params_online_async.yaml
[5.465s] -- Up-to-date: /home/robotics_roomba_2/slam2d/install/create3_lidar/share/create3_lidar/rviz
[5.469s] -- Up-to-date: /home/robotics_roomba_2/slam2d/install/create3_lidar/share/create3_lidar/rviz/create3_lidar.rviz
[5.471s] -- Up-to-date: /home/robotics_roomba_2/slam2d/install/create3_lidar/share/ament_index/resource_index/package_run_dependencies/create3_lidar
[5.473s] -- Up-to-date: /home/robotics_roomba_2/slam2d/install/create3_lidar/share/ament_index/resource_index/parent_prefix_path/create3_lidar
[5.476s] -- Up-to-date: /home/robotics_roomba_2/slam2d/install/create3_lidar/share/create3_lidar/environment/ament_prefix_path.sh
[5.478s] -- Installing: /home/robotics_roomba_2/slam2d/install/create3_lidar/share/create3_lidar/environment/ament_prefix_path.dsv
[5.487s] -- Up-to-date: /home/robotics_roomba_2/slam2d/install/create3_lidar/share/create3_lidar/environment/path.sh
[5.490s] -- Installing: /home/robotics_roomba_2/slam2d/install/create3_lidar/share/create3_lidar/environment/path.dsv
[5.497s] -- Up-to-date: /home/robotics_roomba_2/slam2d/install/create3_lidar/share/create3_lidar/local_setup.bash
[5.500s] -- Up-to-date: /home/robotics_roomba_2/slam2d/install/create3_lidar/share/create3_lidar/local_setup.sh
[5.502s] -- Up-to-date: /home/robotics_roomba_2/slam2d/install/create3_lidar/share/create3_lidar/local_setup.zsh
[5.505s] -- Installing: /home/robotics_roomba_2/slam2d/install/create3_lidar/share/create3_lidar/local_setup.dsv
[5.513s] -- Installing: /home/robotics_roomba_2/slam2d/install/create3_lidar/share/create3_lidar/package.dsv
[5.523s] -- Up-to-date: /home/robotics_roomba_2/slam2d/install/create3_lidar/share/ament_index/resource_index/packages/create3_lidar
[5.524s] -- Up-to-date: /home/robotics_roomba_2/slam2d/install/create3_lidar/share/create3_lidar/cmake/create3_lidarConfig.cmake
[5.526s] -- Up-to-date: /home/robotics_roomba_2/slam2d/install/create3_lidar/share/create3_lidar/cmake/create3_lidarConfig-version.cmake
[5.529s] -- Up-to-date: /home/robotics_roomba_2/slam2d/install/create3_lidar/share/create3_lidar/package.xml
[5.544s] Invoked command in '/home/robotics_roomba_2/slam2d/build/create3_lidar' returned '0': CMAKE_PREFIX_PATH=${CMAKE_PREFIX_PATH}:/home/robotics_roomba_2/slam2d/install/tmf882x:/home/robotics_roomba_2/slam2d/install/create3_teleop:/home/robotics_roomba_2/slam2d/install/create3_examples_py:/opt/ros/humble /usr/bin/cmake --install /home/robotics_roomba_2/slam2d/build/create3_lidar
