[6.846s] Invoking command in '/home/robotics_roomba_2/slam2d/build/create3_examples_py': PYTHONPATH=/home/robotics_roomba_2/slam2d/build/create3_examples_py/prefix_override:/home/robotics_roomba_2/slam2d/install/create3_examples_py/lib/python3.10/site-packages:${PYTHONPATH} /usr/bin/python3 setup.py develop --uninstall --editable --build-directory /home/robotics_roomba_2/slam2d/build/create3_examples_py/build
[9.271s] running develop
[11.565s] Invoked command in '/home/robotics_roomba_2/slam2d/build/create3_examples_py' returned '0': PYTHONPATH=/home/robotics_roomba_2/slam2d/build/create3_examples_py/prefix_override:/home/robotics_roomba_2/slam2d/install/create3_examples_py/lib/python3.10/site-packages:${PYTHONPATH} /usr/bin/python3 setup.py develop --uninstall --editable --build-directory /home/robotics_roomba_2/slam2d/build/create3_examples_py/build
[11.573s] Invoking command in '/home/robotics_roomba_2/slam2d/src/create3_examples/create3_examples_py': PYTHONPATH=/home/robotics_roomba_2/slam2d/build/create3_examples_py/prefix_override:/home/robotics_roomba_2/slam2d/install/create3_examples_py/lib/python3.10/site-packages:${PYTHONPATH} /usr/bin/python3 setup.py egg_info --egg-base ../../../build/create3_examples_py build --build-base /home/robotics_roomba_2/slam2d/build/create3_examples_py/build install --record /home/robotics_roomba_2/slam2d/build/create3_examples_py/install.log --single-version-externally-managed
[13.899s] running egg_info
[13.905s] writing ../../../build/create3_examples_py/create3_examples_py.egg-info/PKG-INFO
[13.909s] writing dependency_links to ../../../build/create3_examples_py/create3_examples_py.egg-info/dependency_links.txt
[13.914s] writing entry points to ../../../build/create3_examples_py/create3_examples_py.egg-info/entry_points.txt
[13.917s] writing requirements to ../../../build/create3_examples_py/create3_examples_py.egg-info/requires.txt
[13.922s] writing top-level names to ../../../build/create3_examples_py/create3_examples_py.egg-info/top_level.txt
[13.936s] reading manifest file '../../../build/create3_examples_py/create3_examples_py.egg-info/SOURCES.txt'
[13.949s] writing manifest file '../../../build/create3_examples_py/create3_examples_py.egg-info/SOURCES.txt'
[13.954s] running build
[13.959s] running build_py
[13.964s] running install
[13.968s] running install_lib
[13.971s] running install_data
[13.975s] running install_egg_info
[13.997s] removing '/home/robotics_roomba_2/slam2d/install/create3_examples_py/lib/python3.10/site-packages/create3_examples_py-0.0.1-py3.10.egg-info' (and everything under it)
[14.003s] Copying ../../../build/create3_examples_py/create3_examples_py.egg-info to /home/robotics_roomba_2/slam2d/install/create3_examples_py/lib/python3.10/site-packages/create3_examples_py-0.0.1-py3.10.egg-info
[14.010s] running install_scripts
[14.146s] Installing create3_dance script to /home/robotics_roomba_2/slam2d/install/create3_examples_py/lib/create3_examples_py
[14.152s] writing list of installed files to '/home/robotics_roomba_2/slam2d/build/create3_examples_py/install.log'
[14.369s] Invoked command in '/home/robotics_roomba_2/slam2d/src/create3_examples/create3_examples_py' returned '0': PYTHONPATH=/home/robotics_roomba_2/slam2d/build/create3_examples_py/prefix_override:/home/robotics_roomba_2/slam2d/install/create3_examples_py/lib/python3.10/site-packages:${PYTHONPATH} /usr/bin/python3 setup.py egg_info --egg-base ../../../build/create3_examples_py build --build-base /home/robotics_roomba_2/slam2d/build/create3_examples_py/build install --record /home/robotics_roomba_2/slam2d/build/create3_examples_py/install.log --single-version-externally-managed
