[6.564s] Invoking command in '/home/robotics_roomba_2/slam2d/src/create3_examples/create3_examples_py': PYTHONPATH=/home/robotics_roomba_2/slam2d/build/create3_examples_py/prefix_override:/home/robotics_roomba_2/slam2d/install/create3_examples_py/lib/python3.10/site-packages:${PYTHONPATH} /usr/bin/python3 setup.py egg_info --egg-base ../../../build/create3_examples_py build --build-base /home/robotics_roomba_2/slam2d/build/create3_examples_py/build install --record /home/robotics_roomba_2/slam2d/build/create3_examples_py/install.log --single-version-externally-managed
[8.679s] running egg_info
[8.686s] writing ../../../build/create3_examples_py/create3_examples_py.egg-info/PKG-INFO
[8.690s] writing dependency_links to ../../../build/create3_examples_py/create3_examples_py.egg-info/dependency_links.txt
[8.694s] writing entry points to ../../../build/create3_examples_py/create3_examples_py.egg-info/entry_points.txt
[8.696s] writing requirements to ../../../build/create3_examples_py/create3_examples_py.egg-info/requires.txt
[8.698s] writing top-level names to ../../../build/create3_examples_py/create3_examples_py.egg-info/top_level.txt
[8.714s] reading manifest file '../../../build/create3_examples_py/create3_examples_py.egg-info/SOURCES.txt'
[8.722s] writing manifest file '../../../build/create3_examples_py/create3_examples_py.egg-info/SOURCES.txt'
[8.724s] running build
[8.725s] running build_py
[8.730s] running install
[8.733s] running install_lib
[8.744s] running install_data
[8.748s] running install_egg_info
[8.759s] removing '/home/robotics_roomba_2/slam2d/install/create3_examples_py/lib/python3.10/site-packages/create3_examples_py-0.0.1-py3.10.egg-info' (and everything under it)
[8.763s] Copying ../../../build/create3_examples_py/create3_examples_py.egg-info to /home/robotics_roomba_2/slam2d/install/create3_examples_py/lib/python3.10/site-packages/create3_examples_py-0.0.1-py3.10.egg-info
[8.772s] running install_scripts
[8.899s] Installing create3_dance script to /home/robotics_roomba_2/slam2d/install/create3_examples_py/lib/create3_examples_py
[8.907s] writing list of installed files to '/home/robotics_roomba_2/slam2d/build/create3_examples_py/install.log'
[9.095s] Invoked command in '/home/robotics_roomba_2/slam2d/src/create3_examples/create3_examples_py' returned '0': PYTHONPATH=/home/robotics_roomba_2/slam2d/build/create3_examples_py/prefix_override:/home/robotics_roomba_2/slam2d/install/create3_examples_py/lib/python3.10/site-packages:${PYTHONPATH} /usr/bin/python3 setup.py egg_info --egg-base ../../../build/create3_examples_py build --build-base /home/robotics_roomba_2/slam2d/build/create3_examples_py/build install --record /home/robotics_roomba_2/slam2d/build/create3_examples_py/install.log --single-version-externally-managed
