[16.807s] Invoking command in '/home/robotics_roomba_2/slam2d/src/create3_examples/create3_teleop': PYTHONPATH=/home/robotics_roomba_2/slam2d/build/create3_teleop/prefix_override:/home/robotics_roomba_2/slam2d/install/create3_teleop/lib/python3.10/site-packages:${PYTHONPATH} /usr/bin/python3 setup.py egg_info --egg-base ../../../build/create3_teleop build --build-base /home/robotics_roomba_2/slam2d/build/create3_teleop/build install --record /home/robotics_roomba_2/slam2d/build/create3_teleop/install.log --single-version-externally-managed
[21.837s] running egg_info
[21.846s] creating ../../../build/create3_teleop/create3_teleop.egg-info
[21.848s] writing ../../../build/create3_teleop/create3_teleop.egg-info/PKG-INFO
[21.850s] writing dependency_links to ../../../build/create3_teleop/create3_teleop.egg-info/dependency_links.txt
[21.852s] writing requirements to ../../../build/create3_teleop/create3_teleop.egg-info/requires.txt
[21.853s] writing top-level names to ../../../build/create3_teleop/create3_teleop.egg-info/top_level.txt
[21.855s] writing manifest file '../../../build/create3_teleop/create3_teleop.egg-info/SOURCES.txt'
[21.864s] reading manifest file '../../../build/create3_teleop/create3_teleop.egg-info/SOURCES.txt'
[21.880s] writing manifest file '../../../build/create3_teleop/create3_teleop.egg-info/SOURCES.txt'
[21.882s] running build
[21.883s] running install
[21.886s] running install_data
[21.891s] creating /home/robotics_roomba_2/slam2d/install/create3_teleop/share/ament_index
[21.893s] creating /home/robotics_roomba_2/slam2d/install/create3_teleop/share/ament_index/resource_index
[21.894s] creating /home/robotics_roomba_2/slam2d/install/create3_teleop/share/ament_index/resource_index/packages
[21.896s] copying resource/create3_teleop -> /home/robotics_roomba_2/slam2d/install/create3_teleop/share/ament_index/resource_index/packages
[21.899s] copying package.xml -> /home/robotics_roomba_2/slam2d/install/create3_teleop/share/create3_teleop
[21.903s] creating /home/robotics_roomba_2/slam2d/install/create3_teleop/share/create3_teleop/launch
[21.907s] copying launch/teleop_joystick_launch.py -> /home/robotics_roomba_2/slam2d/install/create3_teleop/share/create3_teleop/launch
[21.910s] running install_egg_info
[21.992s] Copying ../../../build/create3_teleop/create3_teleop.egg-info to /home/robotics_roomba_2/slam2d/install/create3_teleop/lib/python3.10/site-packages/create3_teleop-0.0.1-py3.10.egg-info
[21.997s] running install_scripts
[22.233s] writing list of installed files to '/home/robotics_roomba_2/slam2d/build/create3_teleop/install.log'
[22.830s] Invoked command in '/home/robotics_roomba_2/slam2d/src/create3_examples/create3_teleop' returned '0': PYTHONPATH=/home/robotics_roomba_2/slam2d/build/create3_teleop/prefix_override:/home/robotics_roomba_2/slam2d/install/create3_teleop/lib/python3.10/site-packages:${PYTHONPATH} /usr/bin/python3 setup.py egg_info --egg-base ../../../build/create3_teleop build --build-base /home/robotics_roomba_2/slam2d/build/create3_teleop/build install --record /home/robotics_roomba_2/slam2d/build/create3_teleop/install.log --single-version-externally-managed
