[8.386s] Invoking command in '/home/robotics_roomba_2/slam2d/build/tmf882x': PYTHONPATH=/home/robotics_roomba_2/slam2d/build/tmf882x/prefix_override:/home/robotics_roomba_2/slam2d/install/tmf882x/lib/python3.10/site-packages:${PYTHONPATH} /usr/bin/python3 setup.py develop --uninstall --editable --build-directory /home/robotics_roomba_2/slam2d/build/tmf882x/build
[10.803s] running develop
[12.469s] Removing /home/robotics_roomba_2/slam2d/install/tmf882x/lib/python3.10/site-packages/tmf882x.egg-link (link to .)
[12.756s] Invoked command in '/home/robotics_roomba_2/slam2d/build/tmf882x' returned '0': PYTHONPATH=/home/robotics_roomba_2/slam2d/build/tmf882x/prefix_override:/home/robotics_roomba_2/slam2d/install/tmf882x/lib/python3.10/site-packages:${PYTHONPATH} /usr/bin/python3 setup.py develop --uninstall --editable --build-directory /home/robotics_roomba_2/slam2d/build/tmf882x/build
[12.761s] Invoking command in '/home/robotics_roomba_2/slam2d/src/tmf882x': PYTHONPATH=/home/robotics_roomba_2/slam2d/build/tmf882x/prefix_override:/home/robotics_roomba_2/slam2d/install/tmf882x/lib/python3.10/site-packages:${PYTHONPATH} /usr/bin/python3 setup.py egg_info --egg-base ../../build/tmf882x build --build-base /home/robotics_roomba_2/slam2d/build/tmf882x/build install --record /home/robotics_roomba_2/slam2d/build/tmf882x/install.log --single-version-externally-managed
[15.040s] running egg_info
[15.044s] writing ../../build/tmf882x/tmf882x.egg-info/PKG-INFO
[15.046s] writing dependency_links to ../../build/tmf882x/tmf882x.egg-info/dependency_links.txt
[15.051s] writing entry points to ../../build/tmf882x/tmf882x.egg-info/entry_points.txt
[15.051s] writing requirements to ../../build/tmf882x/tmf882x.egg-info/requires.txt
[15.052s] writing top-level names to ../../build/tmf882x/tmf882x.egg-info/top_level.txt
[15.066s] reading manifest file '../../build/tmf882x/tmf882x.egg-info/SOURCES.txt'
[15.072s] adding license file 'LICENSE'
[15.073s] writing manifest file '../../build/tmf882x/tmf882x.egg-info/SOURCES.txt'
[15.075s] running build
[15.076s] running build_py
[15.077s] copying tmf882x/tmf882x_pub.py -> /home/robotics_roomba_2/slam2d/build/tmf882x/build/lib/tmf882x
[15.079s] running install
[15.081s] running install_lib
[15.088s] creating /home/robotics_roomba_2/slam2d/install/tmf882x/lib/python3.10/site-packages/tmf882x
[15.088s] copying /home/robotics_roomba_2/slam2d/build/tmf882x/build/lib/tmf882x/tmf882x_pub.py -> /home/robotics_roomba_2/slam2d/install/tmf882x/lib/python3.10/site-packages/tmf882x
[15.089s] copying /home/robotics_roomba_2/slam2d/build/tmf882x/build/lib/tmf882x/__init__.py -> /home/robotics_roomba_2/slam2d/install/tmf882x/lib/python3.10/site-packages/tmf882x
[15.091s] copying /home/robotics_roomba_2/slam2d/build/tmf882x/build/lib/tmf882x/plane_vis.py -> /home/robotics_roomba_2/slam2d/install/tmf882x/lib/python3.10/site-packages/tmf882x
[15.093s] copying /home/robotics_roomba_2/slam2d/build/tmf882x/build/lib/tmf882x/tmf882x_vis.py -> /home/robotics_roomba_2/slam2d/install/tmf882x/lib/python3.10/site-packages/tmf882x
[15.104s] byte-compiling /home/robotics_roomba_2/slam2d/install/tmf882x/lib/python3.10/site-packages/tmf882x/tmf882x_pub.py to tmf882x_pub.cpython-310.pyc
[15.125s] byte-compiling /home/robotics_roomba_2/slam2d/install/tmf882x/lib/python3.10/site-packages/tmf882x/__init__.py to __init__.cpython-310.pyc
[15.132s] byte-compiling /home/robotics_roomba_2/slam2d/install/tmf882x/lib/python3.10/site-packages/tmf882x/plane_vis.py to plane_vis.cpython-310.pyc
[15.142s] byte-compiling /home/robotics_roomba_2/slam2d/install/tmf882x/lib/python3.10/site-packages/tmf882x/tmf882x_vis.py to tmf882x_vis.cpython-310.pyc
[15.161s] running install_data
[15.161s] running install_egg_info
[15.172s] Copying ../../build/tmf882x/tmf882x.egg-info to /home/robotics_roomba_2/slam2d/install/tmf882x/lib/python3.10/site-packages/tmf882x-1.0.0-py3.10.egg-info
[15.172s] running install_scripts
[15.377s] Installing plane_vis script to /home/robotics_roomba_2/slam2d/install/tmf882x/lib/tmf882x
[15.379s] Installing tmf882x_pub script to /home/robotics_roomba_2/slam2d/install/tmf882x/lib/tmf882x
[15.381s] Installing tmf882x_vis script to /home/robotics_roomba_2/slam2d/install/tmf882x/lib/tmf882x
[15.384s] writing list of installed files to '/home/robotics_roomba_2/slam2d/build/tmf882x/install.log'
[15.656s] Invoked command in '/home/robotics_roomba_2/slam2d/src/tmf882x' returned '0': PYTHONPATH=/home/robotics_roomba_2/slam2d/build/tmf882x/prefix_override:/home/robotics_roomba_2/slam2d/install/tmf882x/lib/python3.10/site-packages:${PYTHONPATH} /usr/bin/python3 setup.py egg_info --egg-base ../../build/tmf882x build --build-base /home/robotics_roomba_2/slam2d/build/tmf882x/build install --record /home/robotics_roomba_2/slam2d/build/tmf882x/install.log --single-version-externally-managed
