[0.240s] Invoking command in '/home/robotics_roomba_2/slam2d/build/create3_examples_msgs': CMAKE_PREFIX_PATH=${CMAKE_PREFIX_PATH}:/home/robotics_roomba_2/slam2d/install/tmf882x:/home/robotics_roomba_2/slam2d/install/create3_teleop:/home/robotics_roomba_2/slam2d/install/create3_examples_py:/opt/ros/humble /usr/bin/cmake --build /home/robotics_roomba_2/slam2d/build/create3_examples_msgs -- -j4 -l4
[2.275s] [  9%] Built target create3_examples_msgs__rosidl_generator_c
[2.276s] [ 12%] Built target create3_examples_msgs__cpp
[2.277s] [ 12%] Built target ament_cmake_python_copy_create3_examples_msgs
[2.278s] [ 22%] Built target create3_examples_msgs__rosidl_typesupport_c
[2.278s] [ 32%] Built target create3_examples_msgs__rosidl_typesupport_introspection_c
[2.279s] [ 41%] Built target create3_examples_msgs__rosidl_typesupport_fastrtps_c
[2.280s] [ 51%] Built target create3_examples_msgs__rosidl_typesupport_fastrtps_cpp
[2.280s] [ 61%] Built target create3_examples_msgs__rosidl_typesupport_introspection_cpp
[2.281s] [ 70%] Built target create3_examples_msgs__rosidl_typesupport_cpp
[2.282s] [ 70%] Built target create3_examples_msgs
[2.282s] [ 74%] Built target create3_examples_msgs__py
[2.283s] [ 80%] Built target create3_examples_msgs__rosidl_generator_py
[2.283s] [ 87%] Built target create3_examples_msgs__rosidl_typesupport_introspection_c__pyext
[2.284s] [ 93%] Built target create3_examples_msgs__rosidl_typesupport_c__pyext
[2.285s] [100%] Built target create3_examples_msgs__rosidl_typesupport_fastrtps_c__pyext
[2.615s] running egg_info
[2.618s] writing create3_examples_msgs.egg-info/PKG-INFO
[2.619s] writing dependency_links to create3_examples_msgs.egg-info/dependency_links.txt
[2.621s] writing top-level names to create3_examples_msgs.egg-info/top_level.txt
[2.634s] reading manifest file 'create3_examples_msgs.egg-info/SOURCES.txt'
[2.638s] writing manifest file 'create3_examples_msgs.egg-info/SOURCES.txt'
[2.784s] [100%] Built target ament_cmake_python_build_create3_examples_msgs_egg
[3.936s] Invoked command in '/home/robotics_roomba_2/slam2d/build/create3_examples_msgs' returned '0': CMAKE_PREFIX_PATH=${CMAKE_PREFIX_PATH}:/home/robotics_roomba_2/slam2d/install/tmf882x:/home/robotics_roomba_2/slam2d/install/create3_teleop:/home/robotics_roomba_2/slam2d/install/create3_examples_py:/opt/ros/humble /usr/bin/cmake --build /home/robotics_roomba_2/slam2d/build/create3_examples_msgs -- -j4 -l4
[4.491s] Invoking command in '/home/robotics_roomba_2/slam2d/build/create3_examples_msgs': CMAKE_PREFIX_PATH=${CMAKE_PREFIX_PATH}:/home/robotics_roomba_2/slam2d/install/tmf882x:/home/robotics_roomba_2/slam2d/install/create3_teleop:/home/robotics_roomba_2/slam2d/install/create3_examples_py:/opt/ros/humble /usr/bin/cmake --install /home/robotics_roomba_2/slam2d/build/create3_examples_msgs
[4.558s] -- Install configuration: ""
[4.559s] -- Up-to-date: /home/robotics_roomba_2/slam2d/install/create3_examples_msgs/share/ament_index/resource_index/rosidl_interfaces/create3_examples_msgs
[4.560s] -- Up-to-date: /home/robotics_roomba_2/slam2d/install/create3_examples_msgs/include/create3_examples_msgs/create3_examples_msgs
[4.565s] -- Up-to-date: /home/robotics_roomba_2/slam2d/install/create3_examples_msgs/include/create3_examples_msgs/create3_examples_msgs/msg
[4.565s] -- Up-to-date: /home/robotics_roomba_2/slam2d/install/create3_examples_msgs/include/create3_examples_msgs/create3_examples_msgs/msg/rosidl_generator_c__visibility_control.h
[4.569s] -- Up-to-date: /home/robotics_roomba_2/slam2d/install/create3_examples_msgs/include/create3_examples_msgs/create3_examples_msgs/action
[4.570s] -- Up-to-date: /home/robotics_roomba_2/slam2d/install/create3_examples_msgs/include/create3_examples_msgs/create3_examples_msgs/action/detail
[4.570s] -- Up-to-date: /home/robotics_roomba_2/slam2d/install/create3_examples_msgs/include/create3_examples_msgs/create3_examples_msgs/action/detail/coverage__struct.h
[4.571s] -- Up-to-date: /home/robotics_roomba_2/slam2d/install/create3_examples_msgs/include/create3_examples_msgs/create3_examples_msgs/action/detail/coverage__functions.h
[4.571s] -- Up-to-date: /home/robotics_roomba_2/slam2d/install/create3_examples_msgs/include/create3_examples_msgs/create3_examples_msgs/action/detail/coverage__functions.c
[4.582s] -- Up-to-date: /home/robotics_roomba_2/slam2d/install/create3_examples_msgs/include/create3_examples_msgs/create3_examples_msgs/action/detail/coverage__type_support.h
[4.590s] -- Up-to-date: /home/robotics_roomba_2/slam2d/install/create3_examples_msgs/include/create3_examples_msgs/create3_examples_msgs/action/coverage.h
[4.591s] -- Up-to-date: /home/robotics_roomba_2/slam2d/install/create3_examples_msgs/share/create3_examples_msgs/environment/library_path.sh
[4.593s] -- Up-to-date: /home/robotics_roomba_2/slam2d/install/create3_examples_msgs/share/create3_examples_msgs/environment/library_path.dsv
[4.594s] -- Up-to-date: /home/robotics_roomba_2/slam2d/install/create3_examples_msgs/lib/libcreate3_examples_msgs__rosidl_generator_c.so
[4.611s] -- Up-to-date: /home/robotics_roomba_2/slam2d/install/create3_examples_msgs/include/create3_examples_msgs/create3_examples_msgs
[4.611s] -- Up-to-date: /home/robotics_roomba_2/slam2d/install/create3_examples_msgs/include/create3_examples_msgs/create3_examples_msgs/msg
[4.618s] -- Up-to-date: /home/robotics_roomba_2/slam2d/install/create3_examples_msgs/include/create3_examples_msgs/create3_examples_msgs/msg/rosidl_typesupport_fastrtps_c__visibility_control.h
[4.619s] -- Up-to-date: /home/robotics_roomba_2/slam2d/install/create3_examples_msgs/include/create3_examples_msgs/create3_examples_msgs/action
[4.620s] -- Up-to-date: /home/robotics_roomba_2/slam2d/install/create3_examples_msgs/include/create3_examples_msgs/create3_examples_msgs/action/detail
[4.632s] -- Up-to-date: /home/robotics_roomba_2/slam2d/install/create3_examples_msgs/include/create3_examples_msgs/create3_examples_msgs/action/detail/coverage__rosidl_typesupport_fastrtps_c.h
[4.632s] -- Up-to-date: /home/robotics_roomba_2/slam2d/install/create3_examples_msgs/lib/libcreate3_examples_msgs__rosidl_typesupport_fastrtps_c.so
[4.633s] -- Up-to-date: /home/robotics_roomba_2/slam2d/install/create3_examples_msgs/include/create3_examples_msgs/create3_examples_msgs
[4.633s] -- Up-to-date: /home/robotics_roomba_2/slam2d/install/create3_examples_msgs/include/create3_examples_msgs/create3_examples_msgs/msg
[4.634s] -- Up-to-date: /home/robotics_roomba_2/slam2d/install/create3_examples_msgs/include/create3_examples_msgs/create3_examples_msgs/msg/rosidl_typesupport_introspection_c__visibility_control.h
[4.634s] -- Up-to-date: /home/robotics_roomba_2/slam2d/install/create3_examples_msgs/include/create3_examples_msgs/create3_examples_msgs/action
[4.635s] -- Up-to-date: /home/robotics_roomba_2/slam2d/install/create3_examples_msgs/include/create3_examples_msgs/create3_examples_msgs/action/detail
[4.635s] -- Up-to-date: /home/robotics_roomba_2/slam2d/install/create3_examples_msgs/include/create3_examples_msgs/create3_examples_msgs/action/detail/coverage__type_support.c
[4.636s] -- Up-to-date: /home/robotics_roomba_2/slam2d/install/create3_examples_msgs/include/create3_examples_msgs/create3_examples_msgs/action/detail/coverage__rosidl_typesupport_introspection_c.h
[4.636s] -- Up-to-date: /home/robotics_roomba_2/slam2d/install/create3_examples_msgs/lib/libcreate3_examples_msgs__rosidl_typesupport_introspection_c.so
[4.637s] -- Up-to-date: /home/robotics_roomba_2/slam2d/install/create3_examples_msgs/lib/libcreate3_examples_msgs__rosidl_typesupport_c.so
[4.637s] -- Up-to-date: /home/robotics_roomba_2/slam2d/install/create3_examples_msgs/include/create3_examples_msgs/create3_examples_msgs
[4.638s] -- Up-to-date: /home/robotics_roomba_2/slam2d/install/create3_examples_msgs/include/create3_examples_msgs/create3_examples_msgs/action
[4.638s] -- Up-to-date: /home/robotics_roomba_2/slam2d/install/create3_examples_msgs/include/create3_examples_msgs/create3_examples_msgs/action/detail
[4.638s] -- Up-to-date: /home/robotics_roomba_2/slam2d/install/create3_examples_msgs/include/create3_examples_msgs/create3_examples_msgs/action/detail/coverage__traits.hpp
[4.639s] -- Up-to-date: /home/robotics_roomba_2/slam2d/install/create3_examples_msgs/include/create3_examples_msgs/create3_examples_msgs/action/detail/coverage__builder.hpp
[4.639s] -- Up-to-date: /home/robotics_roomba_2/slam2d/install/create3_examples_msgs/include/create3_examples_msgs/create3_examples_msgs/action/detail/coverage__struct.hpp
[4.640s] -- Up-to-date: /home/robotics_roomba_2/slam2d/install/create3_examples_msgs/include/create3_examples_msgs/create3_examples_msgs/action/coverage.hpp
[4.640s] -- Up-to-date: /home/robotics_roomba_2/slam2d/install/create3_examples_msgs/include/create3_examples_msgs/create3_examples_msgs
[4.663s] -- Up-to-date: /home/robotics_roomba_2/slam2d/install/create3_examples_msgs/include/create3_examples_msgs/create3_examples_msgs/msg
[4.664s] -- Up-to-date: /home/robotics_roomba_2/slam2d/install/create3_examples_msgs/include/create3_examples_msgs/create3_examples_msgs/msg/rosidl_typesupport_fastrtps_cpp__visibility_control.h
[4.665s] -- Up-to-date: /home/robotics_roomba_2/slam2d/install/create3_examples_msgs/include/create3_examples_msgs/create3_examples_msgs/action
[4.665s] -- Up-to-date: /home/robotics_roomba_2/slam2d/install/create3_examples_msgs/include/create3_examples_msgs/create3_examples_msgs/action/detail
[4.666s] -- Up-to-date: /home/robotics_roomba_2/slam2d/install/create3_examples_msgs/include/create3_examples_msgs/create3_examples_msgs/action/detail/dds_fastrtps
[4.666s] -- Up-to-date: /home/robotics_roomba_2/slam2d/install/create3_examples_msgs/include/create3_examples_msgs/create3_examples_msgs/action/detail/coverage__rosidl_typesupport_fastrtps_cpp.hpp
[4.667s] -- Up-to-date: /home/robotics_roomba_2/slam2d/install/create3_examples_msgs/lib/libcreate3_examples_msgs__rosidl_typesupport_fastrtps_cpp.so
[4.667s] -- Up-to-date: /home/robotics_roomba_2/slam2d/install/create3_examples_msgs/include/create3_examples_msgs/create3_examples_msgs
[4.668s] -- Up-to-date: /home/robotics_roomba_2/slam2d/install/create3_examples_msgs/include/create3_examples_msgs/create3_examples_msgs/action
[4.677s] -- Up-to-date: /home/robotics_roomba_2/slam2d/install/create3_examples_msgs/include/create3_examples_msgs/create3_examples_msgs/action/detail
[4.678s] -- Up-to-date: /home/robotics_roomba_2/slam2d/install/create3_examples_msgs/include/create3_examples_msgs/create3_examples_msgs/action/detail/coverage__rosidl_typesupport_introspection_cpp.hpp
[4.678s] -- Up-to-date: /home/robotics_roomba_2/slam2d/install/create3_examples_msgs/include/create3_examples_msgs/create3_examples_msgs/action/detail/coverage__type_support.cpp
[4.679s] -- Up-to-date: /home/robotics_roomba_2/slam2d/install/create3_examples_msgs/lib/libcreate3_examples_msgs__rosidl_typesupport_introspection_cpp.so
[4.679s] -- Up-to-date: /home/robotics_roomba_2/slam2d/install/create3_examples_msgs/lib/libcreate3_examples_msgs__rosidl_typesupport_cpp.so
[4.680s] -- Up-to-date: /home/robotics_roomba_2/slam2d/install/create3_examples_msgs/share/create3_examples_msgs/environment/pythonpath.sh
[4.680s] -- Up-to-date: /home/robotics_roomba_2/slam2d/install/create3_examples_msgs/share/create3_examples_msgs/environment/pythonpath.dsv
[4.681s] -- Up-to-date: /home/robotics_roomba_2/slam2d/install/create3_examples_msgs/local/lib/python3.10/dist-packages/create3_examples_msgs-0.0.1-py3.10.egg-info
[4.681s] -- Installing: /home/robotics_roomba_2/slam2d/install/create3_examples_msgs/local/lib/python3.10/dist-packages/create3_examples_msgs-0.0.1-py3.10.egg-info/SOURCES.txt
[4.682s] -- Installing: /home/robotics_roomba_2/slam2d/install/create3_examples_msgs/local/lib/python3.10/dist-packages/create3_examples_msgs-0.0.1-py3.10.egg-info/PKG-INFO
[4.683s] -- Installing: /home/robotics_roomba_2/slam2d/install/create3_examples_msgs/local/lib/python3.10/dist-packages/create3_examples_msgs-0.0.1-py3.10.egg-info/dependency_links.txt
[4.683s] -- Installing: /home/robotics_roomba_2/slam2d/install/create3_examples_msgs/local/lib/python3.10/dist-packages/create3_examples_msgs-0.0.1-py3.10.egg-info/top_level.txt
[4.684s] -- Up-to-date: /home/robotics_roomba_2/slam2d/install/create3_examples_msgs/local/lib/python3.10/dist-packages/create3_examples_msgs
[4.684s] -- Up-to-date: /home/robotics_roomba_2/slam2d/install/create3_examples_msgs/local/lib/python3.10/dist-packages/create3_examples_msgs/_create3_examples_msgs_s.ep.rosidl_typesupport_introspection_c.c
[4.685s] -- Up-to-date: /home/robotics_roomba_2/slam2d/install/create3_examples_msgs/local/lib/python3.10/dist-packages/create3_examples_msgs/libcreate3_examples_msgs__rosidl_generator_py.so
[4.685s] -- Up-to-date: /home/robotics_roomba_2/slam2d/install/create3_examples_msgs/local/lib/python3.10/dist-packages/create3_examples_msgs/create3_examples_msgs_s__rosidl_typesupport_c.cpython-310-aarch64-linux-gnu.so
[4.686s] -- Up-to-date: /home/robotics_roomba_2/slam2d/install/create3_examples_msgs/local/lib/python3.10/dist-packages/create3_examples_msgs/__init__.py
[4.686s] -- Up-to-date: /home/robotics_roomba_2/slam2d/install/create3_examples_msgs/local/lib/python3.10/dist-packages/create3_examples_msgs/_create3_examples_msgs_s.ep.rosidl_typesupport_fastrtps_c.c
[4.687s] -- Up-to-date: /home/robotics_roomba_2/slam2d/install/create3_examples_msgs/local/lib/python3.10/dist-packages/create3_examples_msgs/_create3_examples_msgs_s.ep.rosidl_typesupport_c.c
[4.687s] -- Up-to-date: /home/robotics_roomba_2/slam2d/install/create3_examples_msgs/local/lib/python3.10/dist-packages/create3_examples_msgs/create3_examples_msgs_s__rosidl_typesupport_introspection_c.cpython-310-aarch64-linux-gnu.so
[4.688s] -- Up-to-date: /home/robotics_roomba_2/slam2d/install/create3_examples_msgs/local/lib/python3.10/dist-packages/create3_examples_msgs/action
[4.702s] -- Up-to-date: /home/robotics_roomba_2/slam2d/install/create3_examples_msgs/local/lib/python3.10/dist-packages/create3_examples_msgs/action/_coverage_s.c
[4.703s] -- Up-to-date: /home/robotics_roomba_2/slam2d/install/create3_examples_msgs/local/lib/python3.10/dist-packages/create3_examples_msgs/action/__init__.py
[4.704s] -- Up-to-date: /home/robotics_roomba_2/slam2d/install/create3_examples_msgs/local/lib/python3.10/dist-packages/create3_examples_msgs/action/_coverage.py
[4.704s] -- Up-to-date: /home/robotics_roomba_2/slam2d/install/create3_examples_msgs/local/lib/python3.10/dist-packages/create3_examples_msgs/create3_examples_msgs_s__rosidl_typesupport_fastrtps_c.cpython-310-aarch64-linux-gnu.so
[4.903s] Listing '/home/robotics_roomba_2/slam2d/install/create3_examples_msgs/local/lib/python3.10/dist-packages/create3_examples_msgs'...
[4.904s] Listing '/home/robotics_roomba_2/slam2d/install/create3_examples_msgs/local/lib/python3.10/dist-packages/create3_examples_msgs/action'...
[4.949s] -- Up-to-date: /home/robotics_roomba_2/slam2d/install/create3_examples_msgs/local/lib/python3.10/dist-packages/create3_examples_msgs/create3_examples_msgs_s__rosidl_typesupport_fastrtps_c.cpython-310-aarch64-linux-gnu.so
[4.952s] -- Up-to-date: /home/robotics_roomba_2/slam2d/install/create3_examples_msgs/local/lib/python3.10/dist-packages/create3_examples_msgs/create3_examples_msgs_s__rosidl_typesupport_introspection_c.cpython-310-aarch64-linux-gnu.so
[4.955s] -- Up-to-date: /home/robotics_roomba_2/slam2d/install/create3_examples_msgs/local/lib/python3.10/dist-packages/create3_examples_msgs/create3_examples_msgs_s__rosidl_typesupport_c.cpython-310-aarch64-linux-gnu.so
[4.964s] -- Up-to-date: /home/robotics_roomba_2/slam2d/install/create3_examples_msgs/lib/libcreate3_examples_msgs__rosidl_generator_py.so
[4.972s] -- Up-to-date: /home/robotics_roomba_2/slam2d/install/create3_examples_msgs/share/create3_examples_msgs/action/Coverage.idl
[4.979s] -- Up-to-date: /home/robotics_roomba_2/slam2d/install/create3_examples_msgs/share/create3_examples_msgs/action/Coverage.action
[4.984s] -- Up-to-date: /home/robotics_roomba_2/slam2d/install/create3_examples_msgs/share/ament_index/resource_index/package_run_dependencies/create3_examples_msgs
[4.989s] -- Up-to-date: /home/robotics_roomba_2/slam2d/install/create3_examples_msgs/share/ament_index/resource_index/parent_prefix_path/create3_examples_msgs
[4.994s] -- Up-to-date: /home/robotics_roomba_2/slam2d/install/create3_examples_msgs/share/create3_examples_msgs/environment/ament_prefix_path.sh
[4.999s] -- Up-to-date: /home/robotics_roomba_2/slam2d/install/create3_examples_msgs/share/create3_examples_msgs/environment/ament_prefix_path.dsv
[5.004s] -- Up-to-date: /home/robotics_roomba_2/slam2d/install/create3_examples_msgs/share/create3_examples_msgs/environment/path.sh
[5.009s] -- Up-to-date: /home/robotics_roomba_2/slam2d/install/create3_examples_msgs/share/create3_examples_msgs/environment/path.dsv
[5.014s] -- Up-to-date: /home/robotics_roomba_2/slam2d/install/create3_examples_msgs/share/create3_examples_msgs/local_setup.bash
[5.019s] -- Up-to-date: /home/robotics_roomba_2/slam2d/install/create3_examples_msgs/share/create3_examples_msgs/local_setup.sh
[5.023s] -- Up-to-date: /home/robotics_roomba_2/slam2d/install/create3_examples_msgs/share/create3_examples_msgs/local_setup.zsh
[5.028s] -- Up-to-date: /home/robotics_roomba_2/slam2d/install/create3_examples_msgs/share/create3_examples_msgs/local_setup.dsv
[5.032s] -- Installing: /home/robotics_roomba_2/slam2d/install/create3_examples_msgs/share/create3_examples_msgs/package.dsv
[5.043s] -- Up-to-date: /home/robotics_roomba_2/slam2d/install/create3_examples_msgs/share/ament_index/resource_index/packages/create3_examples_msgs
[5.048s] -- Up-to-date: /home/robotics_roomba_2/slam2d/install/create3_examples_msgs/share/create3_examples_msgs/cmake/export_create3_examples_msgs__rosidl_generator_cExport.cmake
[5.053s] -- Up-to-date: /home/robotics_roomba_2/slam2d/install/create3_examples_msgs/share/create3_examples_msgs/cmake/export_create3_examples_msgs__rosidl_generator_cExport-noconfig.cmake
[5.058s] -- Up-to-date: /home/robotics_roomba_2/slam2d/install/create3_examples_msgs/share/create3_examples_msgs/cmake/export_create3_examples_msgs__rosidl_typesupport_fastrtps_cExport.cmake
[5.063s] -- Up-to-date: /home/robotics_roomba_2/slam2d/install/create3_examples_msgs/share/create3_examples_msgs/cmake/export_create3_examples_msgs__rosidl_typesupport_fastrtps_cExport-noconfig.cmake
[5.069s] -- Up-to-date: /home/robotics_roomba_2/slam2d/install/create3_examples_msgs/share/create3_examples_msgs/cmake/create3_examples_msgs__rosidl_typesupport_introspection_cExport.cmake
[5.075s] -- Up-to-date: /home/robotics_roomba_2/slam2d/install/create3_examples_msgs/share/create3_examples_msgs/cmake/create3_examples_msgs__rosidl_typesupport_introspection_cExport-noconfig.cmake
[5.085s] -- Up-to-date: /home/robotics_roomba_2/slam2d/install/create3_examples_msgs/share/create3_examples_msgs/cmake/create3_examples_msgs__rosidl_typesupport_cExport.cmake
[5.090s] -- Up-to-date: /home/robotics_roomba_2/slam2d/install/create3_examples_msgs/share/create3_examples_msgs/cmake/create3_examples_msgs__rosidl_typesupport_cExport-noconfig.cmake
[5.095s] -- Up-to-date: /home/robotics_roomba_2/slam2d/install/create3_examples_msgs/share/create3_examples_msgs/cmake/export_create3_examples_msgs__rosidl_generator_cppExport.cmake
[5.101s] -- Up-to-date: /home/robotics_roomba_2/slam2d/install/create3_examples_msgs/share/create3_examples_msgs/cmake/export_create3_examples_msgs__rosidl_typesupport_fastrtps_cppExport.cmake
[5.106s] -- Up-to-date: /home/robotics_roomba_2/slam2d/install/create3_examples_msgs/share/create3_examples_msgs/cmake/export_create3_examples_msgs__rosidl_typesupport_fastrtps_cppExport-noconfig.cmake
[5.111s] -- Up-to-date: /home/robotics_roomba_2/slam2d/install/create3_examples_msgs/share/create3_examples_msgs/cmake/create3_examples_msgs__rosidl_typesupport_introspection_cppExport.cmake
[5.116s] -- Up-to-date: /home/robotics_roomba_2/slam2d/install/create3_examples_msgs/share/create3_examples_msgs/cmake/create3_examples_msgs__rosidl_typesupport_introspection_cppExport-noconfig.cmake
[5.122s] -- Up-to-date: /home/robotics_roomba_2/slam2d/install/create3_examples_msgs/share/create3_examples_msgs/cmake/create3_examples_msgs__rosidl_typesupport_cppExport.cmake
[5.134s] -- Up-to-date: /home/robotics_roomba_2/slam2d/install/create3_examples_msgs/share/create3_examples_msgs/cmake/create3_examples_msgs__rosidl_typesupport_cppExport-noconfig.cmake
[5.145s] -- Up-to-date: /home/robotics_roomba_2/slam2d/install/create3_examples_msgs/share/create3_examples_msgs/cmake/export_create3_examples_msgs__rosidl_generator_pyExport.cmake
[5.147s] -- Up-to-date: /home/robotics_roomba_2/slam2d/install/create3_examples_msgs/share/create3_examples_msgs/cmake/export_create3_examples_msgs__rosidl_generator_pyExport-noconfig.cmake
[5.149s] -- Up-to-date: /home/robotics_roomba_2/slam2d/install/create3_examples_msgs/share/create3_examples_msgs/cmake/rosidl_cmake-extras.cmake
[5.155s] -- Up-to-date: /home/robotics_roomba_2/slam2d/install/create3_examples_msgs/share/create3_examples_msgs/cmake/ament_cmake_export_dependencies-extras.cmake
[5.163s] -- Up-to-date: /home/robotics_roomba_2/slam2d/install/create3_examples_msgs/share/create3_examples_msgs/cmake/ament_cmake_export_include_directories-extras.cmake
[5.169s] -- Up-to-date: /home/robotics_roomba_2/slam2d/install/create3_examples_msgs/share/create3_examples_msgs/cmake/ament_cmake_export_libraries-extras.cmake
[5.177s] -- Up-to-date: /home/robotics_roomba_2/slam2d/install/create3_examples_msgs/share/create3_examples_msgs/cmake/ament_cmake_export_targets-extras.cmake
[5.183s] -- Up-to-date: /home/robotics_roomba_2/slam2d/install/create3_examples_msgs/share/create3_examples_msgs/cmake/rosidl_cmake_export_typesupport_targets-extras.cmake
[5.193s] -- Up-to-date: /home/robotics_roomba_2/slam2d/install/create3_examples_msgs/share/create3_examples_msgs/cmake/rosidl_cmake_export_typesupport_libraries-extras.cmake
[5.194s] -- Up-to-date: /home/robotics_roomba_2/slam2d/install/create3_examples_msgs/share/create3_examples_msgs/cmake/create3_examples_msgsConfig.cmake
[5.195s] -- Up-to-date: /home/robotics_roomba_2/slam2d/install/create3_examples_msgs/share/create3_examples_msgs/cmake/create3_examples_msgsConfig-version.cmake
[5.195s] -- Up-to-date: /home/robotics_roomba_2/slam2d/install/create3_examples_msgs/share/create3_examples_msgs/package.xml
[6.999s] Invoked command in '/home/robotics_roomba_2/slam2d/build/create3_examples_msgs' returned '0': CMAKE_PREFIX_PATH=${CMAKE_PREFIX_PATH}:/home/robotics_roomba_2/slam2d/install/tmf882x:/home/robotics_roomba_2/slam2d/install/create3_teleop:/home/robotics_roomba_2/slam2d/install/create3_examples_py:/opt/ros/humble /usr/bin/cmake --install /home/robotics_roomba_2/slam2d/build/create3_examples_msgs
