[5.319s] Invoking command in '/home/robotics_roomba_2/slam2d/build/tmf882x': PYTHONPATH=/home/robotics_roomba_2/slam2d/build/tmf882x/prefix_override:/home/robotics_roomba_2/slam2d/install/tmf882x/lib/python3.10/site-packages:${PYTHONPATH} /usr/bin/python3 setup.py develop --uninstall --editable --build-directory /home/robotics_roomba_2/slam2d/build/tmf882x/build
[7.629s] running develop
[9.381s] Invoked command in '/home/robotics_roomba_2/slam2d/build/tmf882x' returned '0': PYTHONPATH=/home/robotics_roomba_2/slam2d/build/tmf882x/prefix_override:/home/robotics_roomba_2/slam2d/install/tmf882x/lib/python3.10/site-packages:${PYTHONPATH} /usr/bin/python3 setup.py develop --uninstall --editable --build-directory /home/robotics_roomba_2/slam2d/build/tmf882x/build
[9.396s] Invoking command in '/home/robotics_roomba_2/slam2d/src/tmf882x': PYTHONPATH=/home/robotics_roomba_2/slam2d/build/tmf882x/prefix_override:/home/robotics_roomba_2/slam2d/install/tmf882x/lib/python3.10/site-packages:${PYTHONPATH} /usr/bin/python3 setup.py egg_info --egg-base ../../build/tmf882x build --build-base /home/robotics_roomba_2/slam2d/build/tmf882x/build install --record /home/robotics_roomba_2/slam2d/build/tmf882x/install.log --single-version-externally-managed
[10.819s] running egg_info
[10.822s] writing ../../build/tmf882x/tmf882x.egg-info/PKG-INFO
[10.823s] writing dependency_links to ../../build/tmf882x/tmf882x.egg-info/dependency_links.txt
[10.824s] writing entry points to ../../build/tmf882x/tmf882x.egg-info/entry_points.txt
[10.825s] writing requirements to ../../build/tmf882x/tmf882x.egg-info/requires.txt
[10.826s] writing top-level names to ../../build/tmf882x/tmf882x.egg-info/top_level.txt
[10.836s] reading manifest file '../../build/tmf882x/tmf882x.egg-info/SOURCES.txt'
[10.838s] adding license file 'LICENSE'
[10.841s] writing manifest file '../../build/tmf882x/tmf882x.egg-info/SOURCES.txt'
[10.842s] running build
[10.843s] running build_py
[10.844s] copying tmf882x/tmf882x_vis.py -> /home/robotics_roomba_2/slam2d/build/tmf882x/build/lib/tmf882x
[10.846s] running install
[10.848s] running install_lib
[10.853s] copying /home/robotics_roomba_2/slam2d/build/tmf882x/build/lib/tmf882x/tmf882x_vis.py -> /home/robotics_roomba_2/slam2d/install/tmf882x/lib/python3.10/site-packages/tmf882x
[10.857s] byte-compiling /home/robotics_roomba_2/slam2d/install/tmf882x/lib/python3.10/site-packages/tmf882x/tmf882x_vis.py to tmf882x_vis.cpython-310.pyc
[10.862s] running install_data
[10.864s] running install_egg_info
[10.872s] removing '/home/robotics_roomba_2/slam2d/install/tmf882x/lib/python3.10/site-packages/tmf882x-1.0.0-py3.10.egg-info' (and everything under it)
[10.874s] Copying ../../build/tmf882x/tmf882x.egg-info to /home/robotics_roomba_2/slam2d/install/tmf882x/lib/python3.10/site-packages/tmf882x-1.0.0-py3.10.egg-info
[10.881s] running install_scripts
[10.968s] Installing plane_vis script to /home/robotics_roomba_2/slam2d/install/tmf882x/lib/tmf882x
[10.969s] Installing record_depth script to /home/robotics_roomba_2/slam2d/install/tmf882x/lib/tmf882x
[10.970s] Installing tmf882x_pub script to /home/robotics_roomba_2/slam2d/install/tmf882x/lib/tmf882x
[10.971s] Installing tmf882x_vis script to /home/robotics_roomba_2/slam2d/install/tmf882x/lib/tmf882x
[10.973s] writing list of installed files to '/home/robotics_roomba_2/slam2d/build/tmf882x/install.log'
[11.109s] Invoked command in '/home/robotics_roomba_2/slam2d/src/tmf882x' returned '0': PYTHONPATH=/home/robotics_roomba_2/slam2d/build/tmf882x/prefix_override:/home/robotics_roomba_2/slam2d/install/tmf882x/lib/python3.10/site-packages:${PYTHONPATH} /usr/bin/python3 setup.py egg_info --egg-base ../../build/tmf882x build --build-base /home/robotics_roomba_2/slam2d/build/tmf882x/build install --record /home/robotics_roomba_2/slam2d/build/tmf882x/install.log --single-version-externally-managed
