[8.786s] Invoking command in '/home/robotics_roomba_2/slam2d/build/tmf882x': PYTHONPATH=/home/robotics_roomba_2/slam2d/build/tmf882x/prefix_override:/home/robotics_roomba_2/slam2d/install/tmf882x/lib/python3.10/site-packages:${PYTHONPATH} /usr/bin/python3 setup.py develop --uninstall --editable --build-directory /home/robotics_roomba_2/slam2d/build/tmf882x/build
[11.246s] running develop
[13.325s] Invoked command in '/home/robotics_roomba_2/slam2d/build/tmf882x' returned '0': PYTHONPATH=/home/robotics_roomba_2/slam2d/build/tmf882x/prefix_override:/home/robotics_roomba_2/slam2d/install/tmf882x/lib/python3.10/site-packages:${PYTHONPATH} /usr/bin/python3 setup.py develop --uninstall --editable --build-directory /home/robotics_roomba_2/slam2d/build/tmf882x/build
[13.331s] Invoking command in '/home/robotics_roomba_2/slam2d/src/tmf882x': PYTHONPATH=/home/robotics_roomba_2/slam2d/build/tmf882x/prefix_override:/home/robotics_roomba_2/slam2d/install/tmf882x/lib/python3.10/site-packages:${PYTHONPATH} /usr/bin/python3 setup.py egg_info --egg-base ../../build/tmf882x build --build-base /home/robotics_roomba_2/slam2d/build/tmf882x/build install --record /home/robotics_roomba_2/slam2d/build/tmf882x/install.log --single-version-externally-managed
[15.330s] running egg_info
[15.335s] writing ../../build/tmf882x/tmf882x.egg-info/PKG-INFO
[15.339s] writing dependency_links to ../../build/tmf882x/tmf882x.egg-info/dependency_links.txt
[15.344s] writing entry points to ../../build/tmf882x/tmf882x.egg-info/entry_points.txt
[15.346s] writing requirements to ../../build/tmf882x/tmf882x.egg-info/requires.txt
[15.347s] writing top-level names to ../../build/tmf882x/tmf882x.egg-info/top_level.txt
[15.360s] reading manifest file '../../build/tmf882x/tmf882x.egg-info/SOURCES.txt'
[15.387s] adding license file 'LICENSE'
[15.400s] writing manifest file '../../build/tmf882x/tmf882x.egg-info/SOURCES.txt'
[15.404s] running build
[15.409s] running build_py
[15.414s] copying tmf882x/tmf882x_pub.py -> /home/robotics_roomba_2/slam2d/build/tmf882x/build/lib/tmf882x
[15.421s] running install
[15.428s] running install_lib
[15.442s] copying /home/robotics_roomba_2/slam2d/build/tmf882x/build/lib/tmf882x/tmf882x_pub.py -> /home/robotics_roomba_2/slam2d/install/tmf882x/lib/python3.10/site-packages/tmf882x
[15.461s] byte-compiling /home/robotics_roomba_2/slam2d/install/tmf882x/lib/python3.10/site-packages/tmf882x/tmf882x_pub.py to tmf882x_pub.cpython-310.pyc
[15.498s] running install_data
[15.509s] running install_egg_info
[15.528s] removing '/home/robotics_roomba_2/slam2d/install/tmf882x/lib/python3.10/site-packages/tmf882x-1.0.0-py3.10.egg-info' (and everything under it)
[15.542s] Copying ../../build/tmf882x/tmf882x.egg-info to /home/robotics_roomba_2/slam2d/install/tmf882x/lib/python3.10/site-packages/tmf882x-1.0.0-py3.10.egg-info
[15.563s] running install_scripts
[15.721s] Installing plane_vis script to /home/robotics_roomba_2/slam2d/install/tmf882x/lib/tmf882x
[15.721s] Installing tmf882x_pub script to /home/robotics_roomba_2/slam2d/install/tmf882x/lib/tmf882x
[15.722s] Installing tmf882x_vis script to /home/robotics_roomba_2/slam2d/install/tmf882x/lib/tmf882x
[15.724s] writing list of installed files to '/home/robotics_roomba_2/slam2d/build/tmf882x/install.log'
[15.883s] Invoked command in '/home/robotics_roomba_2/slam2d/src/tmf882x' returned '0': PYTHONPATH=/home/robotics_roomba_2/slam2d/build/tmf882x/prefix_override:/home/robotics_roomba_2/slam2d/install/tmf882x/lib/python3.10/site-packages:${PYTHONPATH} /usr/bin/python3 setup.py egg_info --egg-base ../../build/tmf882x build --build-base /home/robotics_roomba_2/slam2d/build/tmf882x/build install --record /home/robotics_roomba_2/slam2d/build/tmf882x/install.log --single-version-externally-managed
