[6.876s] Invoking command in '/home/robotics_roomba_2/slam2d/src/create3_examples/create3_examples_py': PYTHONPATH=/home/robotics_roomba_2/slam2d/src/build/create3_examples_py/prefix_override:/home/robotics_roomba_2/slam2d/src/install/create3_examples_py/lib/python3.10/site-packages:${PYTHONPATH} /usr/bin/python3 setup.py egg_info --egg-base ../../build/create3_examples_py build --build-base /home/robotics_roomba_2/slam2d/src/build/create3_examples_py/build install --record /home/robotics_roomba_2/slam2d/src/build/create3_examples_py/install.log --single-version-externally-managed
[8.576s] running egg_info
[8.580s] writing ../../build/create3_examples_py/create3_examples_py.egg-info/PKG-INFO
[8.595s] writing dependency_links to ../../build/create3_examples_py/create3_examples_py.egg-info/dependency_links.txt
[8.596s] writing entry points to ../../build/create3_examples_py/create3_examples_py.egg-info/entry_points.txt
[8.603s] writing requirements to ../../build/create3_examples_py/create3_examples_py.egg-info/requires.txt
[8.606s] writing top-level names to ../../build/create3_examples_py/create3_examples_py.egg-info/top_level.txt
[8.635s] reading manifest file '../../build/create3_examples_py/create3_examples_py.egg-info/SOURCES.txt'
[8.645s] writing manifest file '../../build/create3_examples_py/create3_examples_py.egg-info/SOURCES.txt'
[8.647s] running build
[8.648s] running build_py
[8.650s] running install
[8.651s] running install_lib
[8.667s] running install_data
[8.670s] running install_egg_info
[8.689s] removing '/home/robotics_roomba_2/slam2d/src/install/create3_examples_py/lib/python3.10/site-packages/create3_examples_py-0.0.1-py3.10.egg-info' (and everything under it)
[8.690s] Copying ../../build/create3_examples_py/create3_examples_py.egg-info to /home/robotics_roomba_2/slam2d/src/install/create3_examples_py/lib/python3.10/site-packages/create3_examples_py-0.0.1-py3.10.egg-info
[8.690s] running install_scripts
[8.818s] Installing create3_dance script to /home/robotics_roomba_2/slam2d/src/install/create3_examples_py/lib/create3_examples_py
[8.824s] writing list of installed files to '/home/robotics_roomba_2/slam2d/src/build/create3_examples_py/install.log'
[9.082s] Invoked command in '/home/robotics_roomba_2/slam2d/src/create3_examples/create3_examples_py' returned '0': PYTHONPATH=/home/robotics_roomba_2/slam2d/src/build/create3_examples_py/prefix_override:/home/robotics_roomba_2/slam2d/src/install/create3_examples_py/lib/python3.10/site-packages:${PYTHONPATH} /usr/bin/python3 setup.py egg_info --egg-base ../../build/create3_examples_py build --build-base /home/robotics_roomba_2/slam2d/src/build/create3_examples_py/build install --record /home/robotics_roomba_2/slam2d/src/build/create3_examples_py/install.log --single-version-externally-managed
