[0.085s] Invoking command in '/home/robotics_roomba_2/slam2d/build/tmf882x_interfaces': CMAKE_PREFIX_PATH=${CMAKE_PREFIX_PATH}:/home/robotics_roomba_2/slam2d/install/tmf882x:/home/robotics_roomba_2/slam2d/install/create3_teleop:/home/robotics_roomba_2/slam2d/install/create3_examples_py:/opt/ros/humble /usr/bin/cmake --build /home/robotics_roomba_2/slam2d/build/tmf882x_interfaces -- -j4 -l4
[0.480s] [  3%] Built target tmf882x_interfaces__cpp
[0.573s] [ 12%] Built target tmf882x_interfaces__rosidl_generator_c
[0.647s] [ 12%] Built target ament_cmake_python_symlink_tmf882x_interfaces
[0.781s] [ 22%] Built target tmf882x_interfaces__rosidl_typesupport_introspection_cpp
[0.793s] [ 32%] Built target tmf882x_interfaces__rosidl_typesupport_cpp
[0.843s] [ 41%] Built target tmf882x_interfaces__rosidl_typesupport_fastrtps_cpp
[0.999s] [ 51%] Built target tmf882x_interfaces__rosidl_typesupport_fastrtps_c
[1.046s] [ 61%] Built target tmf882x_interfaces__rosidl_typesupport_introspection_c
[1.060s] [ 70%] Built target tmf882x_interfaces__rosidl_typesupport_c
[1.362s] [ 70%] Built target tmf882x_interfaces
[1.509s] [ 74%] Built target tmf882x_interfaces__py
[1.664s] [ 80%] Built target tmf882x_interfaces__rosidl_generator_py
[1.920s] [ 87%] Built target tmf882x_interfaces__rosidl_typesupport_fastrtps_c__pyext
[1.954s] [ 93%] Built target tmf882x_interfaces__rosidl_typesupport_c__pyext
[1.981s] [100%] Built target tmf882x_interfaces__rosidl_typesupport_introspection_c__pyext
[3.216s] running egg_info
[3.220s] writing tmf882x_interfaces.egg-info/PKG-INFO
[3.229s] writing dependency_links to tmf882x_interfaces.egg-info/dependency_links.txt
[3.233s] writing top-level names to tmf882x_interfaces.egg-info/top_level.txt
[3.249s] reading manifest file 'tmf882x_interfaces.egg-info/SOURCES.txt'
[3.256s] writing manifest file 'tmf882x_interfaces.egg-info/SOURCES.txt'
[3.489s] [100%] Built target ament_cmake_python_build_tmf882x_interfaces_egg
[3.622s] Invoked command in '/home/robotics_roomba_2/slam2d/build/tmf882x_interfaces' returned '0': CMAKE_PREFIX_PATH=${CMAKE_PREFIX_PATH}:/home/robotics_roomba_2/slam2d/install/tmf882x:/home/robotics_roomba_2/slam2d/install/create3_teleop:/home/robotics_roomba_2/slam2d/install/create3_examples_py:/opt/ros/humble /usr/bin/cmake --build /home/robotics_roomba_2/slam2d/build/tmf882x_interfaces -- -j4 -l4
[4.294s] Invoking command in '/home/robotics_roomba_2/slam2d/build/tmf882x_interfaces': CMAKE_PREFIX_PATH=${CMAKE_PREFIX_PATH}:/home/robotics_roomba_2/slam2d/install/tmf882x:/home/robotics_roomba_2/slam2d/install/create3_teleop:/home/robotics_roomba_2/slam2d/install/create3_examples_py:/opt/ros/humble /usr/bin/cmake --install /home/robotics_roomba_2/slam2d/build/tmf882x_interfaces
[4.349s] -- Install configuration: ""
[4.353s] -- Execute custom install script
[4.358s] -- Up-to-date symlink: /home/robotics_roomba_2/slam2d/install/tmf882x_interfaces/share/ament_index/resource_index/rosidl_interfaces/tmf882x_interfaces
[4.363s] -- Up-to-date symlink: /home/robotics_roomba_2/slam2d/install/tmf882x_interfaces/include/tmf882x_interfaces/tmf882x_interfaces/msg/detail/tmf882_x_measure__functions.h
[4.367s] -- Up-to-date symlink: /home/robotics_roomba_2/slam2d/install/tmf882x_interfaces/include/tmf882x_interfaces/tmf882x_interfaces/msg/detail/tmf882_x_measure__struct.h
[4.370s] -- Up-to-date symlink: /home/robotics_roomba_2/slam2d/install/tmf882x_interfaces/include/tmf882x_interfaces/tmf882x_interfaces/msg/detail/tmf882_x_measure__type_support.h
[4.374s] -- Up-to-date symlink: /home/robotics_roomba_2/slam2d/install/tmf882x_interfaces/include/tmf882x_interfaces/tmf882x_interfaces/msg/rosidl_generator_c__visibility_control.h
[4.380s] -- Up-to-date symlink: /home/robotics_roomba_2/slam2d/install/tmf882x_interfaces/include/tmf882x_interfaces/tmf882x_interfaces/msg/tmf882_x_measure.h
[4.385s] -- Up-to-date symlink: /home/robotics_roomba_2/slam2d/install/tmf882x_interfaces/share/tmf882x_interfaces/environment/library_path.sh
[4.393s] -- Up-to-date symlink: /home/robotics_roomba_2/slam2d/install/tmf882x_interfaces/share/tmf882x_interfaces/environment/library_path.dsv
[4.396s] -- Up-to-date symlink: /home/robotics_roomba_2/slam2d/install/tmf882x_interfaces/include/tmf882x_interfaces/tmf882x_interfaces/msg/detail/tmf882_x_measure__rosidl_typesupport_fastrtps_c.h
[4.403s] -- Up-to-date symlink: /home/robotics_roomba_2/slam2d/install/tmf882x_interfaces/include/tmf882x_interfaces/tmf882x_interfaces/msg/rosidl_typesupport_fastrtps_c__visibility_control.h
[4.407s] -- Up-to-date symlink: /home/robotics_roomba_2/slam2d/install/tmf882x_interfaces/include/tmf882x_interfaces/tmf882x_interfaces/msg/detail/tmf882_x_measure__rosidl_typesupport_introspection_c.h
[4.416s] -- Up-to-date symlink: /home/robotics_roomba_2/slam2d/install/tmf882x_interfaces/include/tmf882x_interfaces/tmf882x_interfaces/msg/rosidl_typesupport_introspection_c__visibility_control.h
[4.422s] -- Up-to-date symlink: /home/robotics_roomba_2/slam2d/install/tmf882x_interfaces/include/tmf882x_interfaces/tmf882x_interfaces/msg/detail/tmf882_x_measure__builder.hpp
[4.427s] -- Up-to-date symlink: /home/robotics_roomba_2/slam2d/install/tmf882x_interfaces/include/tmf882x_interfaces/tmf882x_interfaces/msg/detail/tmf882_x_measure__struct.hpp
[4.432s] -- Up-to-date symlink: /home/robotics_roomba_2/slam2d/install/tmf882x_interfaces/include/tmf882x_interfaces/tmf882x_interfaces/msg/detail/tmf882_x_measure__traits.hpp
[4.444s] -- Up-to-date symlink: /home/robotics_roomba_2/slam2d/install/tmf882x_interfaces/include/tmf882x_interfaces/tmf882x_interfaces/msg/tmf882_x_measure.hpp
[4.451s] -- Up-to-date symlink: /home/robotics_roomba_2/slam2d/install/tmf882x_interfaces/include/tmf882x_interfaces/tmf882x_interfaces/msg/detail/tmf882_x_measure__rosidl_typesupport_fastrtps_cpp.hpp
[4.460s] -- Up-to-date symlink: /home/robotics_roomba_2/slam2d/install/tmf882x_interfaces/include/tmf882x_interfaces/tmf882x_interfaces/msg/rosidl_typesupport_fastrtps_cpp__visibility_control.h
[4.473s] -- Up-to-date symlink: /home/robotics_roomba_2/slam2d/install/tmf882x_interfaces/include/tmf882x_interfaces/tmf882x_interfaces/msg/detail/tmf882_x_measure__rosidl_typesupport_introspection_cpp.hpp
[4.476s] -- Up-to-date symlink: /home/robotics_roomba_2/slam2d/install/tmf882x_interfaces/share/tmf882x_interfaces/environment/pythonpath.sh
[4.479s] -- Up-to-date symlink: /home/robotics_roomba_2/slam2d/install/tmf882x_interfaces/share/tmf882x_interfaces/environment/pythonpath.dsv
[4.482s] -- Up-to-date symlink: /home/robotics_roomba_2/slam2d/install/tmf882x_interfaces/local/lib/python3.10/dist-packages/tmf882x_interfaces-1.0.0-py3.10.egg-info/PKG-INFO
[4.486s] -- Up-to-date symlink: /home/robotics_roomba_2/slam2d/install/tmf882x_interfaces/local/lib/python3.10/dist-packages/tmf882x_interfaces-1.0.0-py3.10.egg-info/SOURCES.txt
[4.491s] -- Up-to-date symlink: /home/robotics_roomba_2/slam2d/install/tmf882x_interfaces/local/lib/python3.10/dist-packages/tmf882x_interfaces-1.0.0-py3.10.egg-info/dependency_links.txt
[4.494s] -- Up-to-date symlink: /home/robotics_roomba_2/slam2d/install/tmf882x_interfaces/local/lib/python3.10/dist-packages/tmf882x_interfaces-1.0.0-py3.10.egg-info/top_level.txt
[4.497s] -- Up-to-date symlink: /home/robotics_roomba_2/slam2d/install/tmf882x_interfaces/local/lib/python3.10/dist-packages/tmf882x_interfaces/__init__.py
[4.500s] -- Up-to-date symlink: /home/robotics_roomba_2/slam2d/install/tmf882x_interfaces/local/lib/python3.10/dist-packages/tmf882x_interfaces/_tmf882x_interfaces_s.ep.rosidl_typesupport_c.c
[4.504s] -- Up-to-date symlink: /home/robotics_roomba_2/slam2d/install/tmf882x_interfaces/local/lib/python3.10/dist-packages/tmf882x_interfaces/_tmf882x_interfaces_s.ep.rosidl_typesupport_fastrtps_c.c
[4.508s] -- Up-to-date symlink: /home/robotics_roomba_2/slam2d/install/tmf882x_interfaces/local/lib/python3.10/dist-packages/tmf882x_interfaces/_tmf882x_interfaces_s.ep.rosidl_typesupport_introspection_c.c
[4.513s] -- Up-to-date symlink: /home/robotics_roomba_2/slam2d/install/tmf882x_interfaces/local/lib/python3.10/dist-packages/tmf882x_interfaces/libtmf882x_interfaces__rosidl_generator_py.so
[4.517s] -- Up-to-date symlink: /home/robotics_roomba_2/slam2d/install/tmf882x_interfaces/local/lib/python3.10/dist-packages/tmf882x_interfaces/msg/__init__.py
[4.522s] -- Up-to-date symlink: /home/robotics_roomba_2/slam2d/install/tmf882x_interfaces/local/lib/python3.10/dist-packages/tmf882x_interfaces/msg/_tmf882_x_measure.py
[4.527s] -- Up-to-date symlink: /home/robotics_roomba_2/slam2d/install/tmf882x_interfaces/local/lib/python3.10/dist-packages/tmf882x_interfaces/msg/_tmf882_x_measure_s.c
[4.533s] -- Up-to-date symlink: /home/robotics_roomba_2/slam2d/install/tmf882x_interfaces/local/lib/python3.10/dist-packages/tmf882x_interfaces/tmf882x_interfaces_s__rosidl_typesupport_c.cpython-310-aarch64-linux-gnu.so
[4.539s] -- Up-to-date symlink: /home/robotics_roomba_2/slam2d/install/tmf882x_interfaces/local/lib/python3.10/dist-packages/tmf882x_interfaces/tmf882x_interfaces_s__rosidl_typesupport_fastrtps_c.cpython-310-aarch64-linux-gnu.so
[4.545s] -- Up-to-date symlink: /home/robotics_roomba_2/slam2d/install/tmf882x_interfaces/local/lib/python3.10/dist-packages/tmf882x_interfaces/tmf882x_interfaces_s__rosidl_typesupport_introspection_c.cpython-310-aarch64-linux-gnu.so
[4.549s] -- Up-to-date symlink: /home/robotics_roomba_2/slam2d/install/tmf882x_interfaces/local/lib/python3.10/dist-packages/tmf882x_interfaces/tmf882x_interfaces_s__rosidl_typesupport_fastrtps_c.cpython-310-aarch64-linux-gnu.so
[4.553s] -- Up-to-date symlink: /home/robotics_roomba_2/slam2d/install/tmf882x_interfaces/local/lib/python3.10/dist-packages/tmf882x_interfaces/tmf882x_interfaces_s__rosidl_typesupport_introspection_c.cpython-310-aarch64-linux-gnu.so
[4.556s] -- Up-to-date symlink: /home/robotics_roomba_2/slam2d/install/tmf882x_interfaces/local/lib/python3.10/dist-packages/tmf882x_interfaces/tmf882x_interfaces_s__rosidl_typesupport_c.cpython-310-aarch64-linux-gnu.so
[4.560s] -- Up-to-date symlink: /home/robotics_roomba_2/slam2d/install/tmf882x_interfaces/share/tmf882x_interfaces/msg/TMF882XMeasure.idl
[4.563s] -- Up-to-date symlink: /home/robotics_roomba_2/slam2d/install/tmf882x_interfaces/share/tmf882x_interfaces/msg/TMF882XMeasure.msg
[4.567s] -- Up-to-date symlink: /home/robotics_roomba_2/slam2d/install/tmf882x_interfaces/share/ament_index/resource_index/package_run_dependencies/tmf882x_interfaces
[4.570s] -- Up-to-date symlink: /home/robotics_roomba_2/slam2d/install/tmf882x_interfaces/share/ament_index/resource_index/parent_prefix_path/tmf882x_interfaces
[4.573s] -- Up-to-date symlink: /home/robotics_roomba_2/slam2d/install/tmf882x_interfaces/share/tmf882x_interfaces/environment/ament_prefix_path.sh
[4.576s] -- Up-to-date symlink: /home/robotics_roomba_2/slam2d/install/tmf882x_interfaces/share/tmf882x_interfaces/environment/ament_prefix_path.dsv
[4.578s] -- Up-to-date symlink: /home/robotics_roomba_2/slam2d/install/tmf882x_interfaces/share/tmf882x_interfaces/environment/path.sh
[4.581s] -- Up-to-date symlink: /home/robotics_roomba_2/slam2d/install/tmf882x_interfaces/share/tmf882x_interfaces/environment/path.dsv
[4.585s] -- Up-to-date symlink: /home/robotics_roomba_2/slam2d/install/tmf882x_interfaces/share/tmf882x_interfaces/local_setup.bash
[4.588s] -- Up-to-date symlink: /home/robotics_roomba_2/slam2d/install/tmf882x_interfaces/share/tmf882x_interfaces/local_setup.sh
[4.591s] -- Up-to-date symlink: /home/robotics_roomba_2/slam2d/install/tmf882x_interfaces/share/tmf882x_interfaces/local_setup.zsh
[4.594s] -- Up-to-date symlink: /home/robotics_roomba_2/slam2d/install/tmf882x_interfaces/share/tmf882x_interfaces/local_setup.dsv
[4.597s] -- Symlinking: /home/robotics_roomba_2/slam2d/install/tmf882x_interfaces/share/tmf882x_interfaces/package.dsv
[4.601s] -- Up-to-date symlink: /home/robotics_roomba_2/slam2d/install/tmf882x_interfaces/share/ament_index/resource_index/packages/tmf882x_interfaces
[4.604s] -- Up-to-date symlink: /home/robotics_roomba_2/slam2d/install/tmf882x_interfaces/share/tmf882x_interfaces/cmake/rosidl_cmake-extras.cmake
[4.607s] -- Up-to-date symlink: /home/robotics_roomba_2/slam2d/install/tmf882x_interfaces/share/tmf882x_interfaces/cmake/ament_cmake_export_include_directories-extras.cmake
[4.610s] -- Up-to-date symlink: /home/robotics_roomba_2/slam2d/install/tmf882x_interfaces/share/tmf882x_interfaces/cmake/ament_cmake_export_libraries-extras.cmake
[4.614s] -- Up-to-date symlink: /home/robotics_roomba_2/slam2d/install/tmf882x_interfaces/share/tmf882x_interfaces/cmake/ament_cmake_export_targets-extras.cmake
[4.616s] -- Up-to-date symlink: /home/robotics_roomba_2/slam2d/install/tmf882x_interfaces/share/tmf882x_interfaces/cmake/rosidl_cmake_export_typesupport_targets-extras.cmake
[4.619s] -- Up-to-date symlink: /home/robotics_roomba_2/slam2d/install/tmf882x_interfaces/share/tmf882x_interfaces/cmake/ament_cmake_export_dependencies-extras.cmake
[4.622s] -- Up-to-date symlink: /home/robotics_roomba_2/slam2d/install/tmf882x_interfaces/share/tmf882x_interfaces/cmake/rosidl_cmake_export_typesupport_libraries-extras.cmake
[4.626s] -- Up-to-date symlink: /home/robotics_roomba_2/slam2d/install/tmf882x_interfaces/share/tmf882x_interfaces/cmake/tmf882x_interfacesConfig.cmake
[4.629s] -- Up-to-date symlink: /home/robotics_roomba_2/slam2d/install/tmf882x_interfaces/share/tmf882x_interfaces/cmake/tmf882x_interfacesConfig-version.cmake
[4.632s] -- Up-to-date symlink: /home/robotics_roomba_2/slam2d/install/tmf882x_interfaces/share/tmf882x_interfaces/package.xml
[4.635s] -- Up-to-date: /home/robotics_roomba_2/slam2d/install/tmf882x_interfaces/lib/libtmf882x_interfaces__rosidl_generator_c.so
[4.638s] -- Up-to-date: /home/robotics_roomba_2/slam2d/install/tmf882x_interfaces/lib/libtmf882x_interfaces__rosidl_typesupport_fastrtps_c.so
[4.641s] -- Up-to-date: /home/robotics_roomba_2/slam2d/install/tmf882x_interfaces/lib/libtmf882x_interfaces__rosidl_typesupport_introspection_c.so
[4.648s] -- Up-to-date: /home/robotics_roomba_2/slam2d/install/tmf882x_interfaces/lib/libtmf882x_interfaces__rosidl_typesupport_c.so
[4.652s] -- Up-to-date: /home/robotics_roomba_2/slam2d/install/tmf882x_interfaces/lib/libtmf882x_interfaces__rosidl_typesupport_fastrtps_cpp.so
[4.656s] -- Up-to-date: /home/robotics_roomba_2/slam2d/install/tmf882x_interfaces/lib/libtmf882x_interfaces__rosidl_typesupport_introspection_cpp.so
[4.660s] -- Up-to-date: /home/robotics_roomba_2/slam2d/install/tmf882x_interfaces/lib/libtmf882x_interfaces__rosidl_typesupport_cpp.so
[4.827s] Listing '/home/robotics_roomba_2/slam2d/install/tmf882x_interfaces/local/lib/python3.10/dist-packages/tmf882x_interfaces'...
[4.832s] Listing '/home/robotics_roomba_2/slam2d/install/tmf882x_interfaces/local/lib/python3.10/dist-packages/tmf882x_interfaces/msg'...
[4.867s] -- Up-to-date: /home/robotics_roomba_2/slam2d/install/tmf882x_interfaces/lib/libtmf882x_interfaces__rosidl_generator_py.so
[4.869s] -- Up-to-date: /home/robotics_roomba_2/slam2d/install/tmf882x_interfaces/share/tmf882x_interfaces/cmake/export_tmf882x_interfaces__rosidl_generator_cExport.cmake
[4.873s] -- Up-to-date: /home/robotics_roomba_2/slam2d/install/tmf882x_interfaces/share/tmf882x_interfaces/cmake/export_tmf882x_interfaces__rosidl_generator_cExport-noconfig.cmake
[4.878s] -- Up-to-date: /home/robotics_roomba_2/slam2d/install/tmf882x_interfaces/share/tmf882x_interfaces/cmake/export_tmf882x_interfaces__rosidl_typesupport_fastrtps_cExport.cmake
[4.879s] -- Up-to-date: /home/robotics_roomba_2/slam2d/install/tmf882x_interfaces/share/tmf882x_interfaces/cmake/export_tmf882x_interfaces__rosidl_typesupport_fastrtps_cExport-noconfig.cmake
[4.880s] -- Up-to-date: /home/robotics_roomba_2/slam2d/install/tmf882x_interfaces/share/tmf882x_interfaces/cmake/tmf882x_interfaces__rosidl_typesupport_introspection_cExport.cmake
[4.880s] -- Up-to-date: /home/robotics_roomba_2/slam2d/install/tmf882x_interfaces/share/tmf882x_interfaces/cmake/tmf882x_interfaces__rosidl_typesupport_introspection_cExport-noconfig.cmake
[4.902s] -- Up-to-date: /home/robotics_roomba_2/slam2d/install/tmf882x_interfaces/share/tmf882x_interfaces/cmake/tmf882x_interfaces__rosidl_typesupport_cExport.cmake
[4.905s] -- Up-to-date: /home/robotics_roomba_2/slam2d/install/tmf882x_interfaces/share/tmf882x_interfaces/cmake/tmf882x_interfaces__rosidl_typesupport_cExport-noconfig.cmake
[4.908s] -- Up-to-date: /home/robotics_roomba_2/slam2d/install/tmf882x_interfaces/share/tmf882x_interfaces/cmake/export_tmf882x_interfaces__rosidl_generator_cppExport.cmake
[4.912s] -- Up-to-date: /home/robotics_roomba_2/slam2d/install/tmf882x_interfaces/share/tmf882x_interfaces/cmake/export_tmf882x_interfaces__rosidl_typesupport_fastrtps_cppExport.cmake
[4.916s] -- Up-to-date: /home/robotics_roomba_2/slam2d/install/tmf882x_interfaces/share/tmf882x_interfaces/cmake/export_tmf882x_interfaces__rosidl_typesupport_fastrtps_cppExport-noconfig.cmake
[4.925s] -- Up-to-date: /home/robotics_roomba_2/slam2d/install/tmf882x_interfaces/share/tmf882x_interfaces/cmake/tmf882x_interfaces__rosidl_typesupport_introspection_cppExport.cmake
[4.927s] -- Up-to-date: /home/robotics_roomba_2/slam2d/install/tmf882x_interfaces/share/tmf882x_interfaces/cmake/tmf882x_interfaces__rosidl_typesupport_introspection_cppExport-noconfig.cmake
[4.930s] -- Up-to-date: /home/robotics_roomba_2/slam2d/install/tmf882x_interfaces/share/tmf882x_interfaces/cmake/tmf882x_interfaces__rosidl_typesupport_cppExport.cmake
[4.933s] -- Up-to-date: /home/robotics_roomba_2/slam2d/install/tmf882x_interfaces/share/tmf882x_interfaces/cmake/tmf882x_interfaces__rosidl_typesupport_cppExport-noconfig.cmake
[4.936s] -- Up-to-date: /home/robotics_roomba_2/slam2d/install/tmf882x_interfaces/share/tmf882x_interfaces/cmake/export_tmf882x_interfaces__rosidl_generator_pyExport.cmake
[4.945s] -- Up-to-date: /home/robotics_roomba_2/slam2d/install/tmf882x_interfaces/share/tmf882x_interfaces/cmake/export_tmf882x_interfaces__rosidl_generator_pyExport-noconfig.cmake
[4.949s] Invoked command in '/home/robotics_roomba_2/slam2d/build/tmf882x_interfaces' returned '0': CMAKE_PREFIX_PATH=${CMAKE_PREFIX_PATH}:/home/robotics_roomba_2/slam2d/install/tmf882x:/home/robotics_roomba_2/slam2d/install/create3_teleop:/home/robotics_roomba_2/slam2d/install/create3_examples_py:/opt/ros/humble /usr/bin/cmake --install /home/robotics_roomba_2/slam2d/build/tmf882x_interfaces
