[6.977s] Invoking command in '/home/robotics_roomba_2/slam2d/build/create3_examples_py': PYTHONPATH=/home/robotics_roomba_2/slam2d/build/create3_examples_py/prefix_override:/home/robotics_roomba_2/slam2d/install/create3_examples_py/lib/python3.10/site-packages:${PYTHONPATH} /usr/bin/python3 setup.py develop --uninstall --editable --build-directory /home/robotics_roomba_2/slam2d/build/create3_examples_py/build
[9.455s] running develop
[11.320s] Invoked command in '/home/robotics_roomba_2/slam2d/build/create3_examples_py' returned '0': PYTHONPATH=/home/robotics_roomba_2/slam2d/build/create3_examples_py/prefix_override:/home/robotics_roomba_2/slam2d/install/create3_examples_py/lib/python3.10/site-packages:${PYTHONPATH} /usr/bin/python3 setup.py develop --uninstall --editable --build-directory /home/robotics_roomba_2/slam2d/build/create3_examples_py/build
[11.325s] Invoking command in '/home/robotics_roomba_2/slam2d/src/create3_examples/create3_examples_py': PYTHONPATH=/home/robotics_roomba_2/slam2d/build/create3_examples_py/prefix_override:/home/robotics_roomba_2/slam2d/install/create3_examples_py/lib/python3.10/site-packages:${PYTHONPATH} /usr/bin/python3 setup.py egg_info --egg-base ../../../build/create3_examples_py build --build-base /home/robotics_roomba_2/slam2d/build/create3_examples_py/build install --record /home/robotics_roomba_2/slam2d/build/create3_examples_py/install.log --single-version-externally-managed
[13.564s] running egg_info
[13.576s] writing ../../../build/create3_examples_py/create3_examples_py.egg-info/PKG-INFO
[13.583s] writing dependency_links to ../../../build/create3_examples_py/create3_examples_py.egg-info/dependency_links.txt
[13.591s] writing entry points to ../../../build/create3_examples_py/create3_examples_py.egg-info/entry_points.txt
[13.595s] writing requirements to ../../../build/create3_examples_py/create3_examples_py.egg-info/requires.txt
[13.600s] writing top-level names to ../../../build/create3_examples_py/create3_examples_py.egg-info/top_level.txt
[13.615s] reading manifest file '../../../build/create3_examples_py/create3_examples_py.egg-info/SOURCES.txt'
[13.624s] writing manifest file '../../../build/create3_examples_py/create3_examples_py.egg-info/SOURCES.txt'
[13.628s] running build
[13.629s] running build_py
[13.638s] running install
[13.643s] running install_lib
[13.655s] running install_data
[13.662s] running install_egg_info
[13.677s] removing '/home/robotics_roomba_2/slam2d/install/create3_examples_py/lib/python3.10/site-packages/create3_examples_py-0.0.1-py3.10.egg-info' (and everything under it)
[13.694s] Copying ../../../build/create3_examples_py/create3_examples_py.egg-info to /home/robotics_roomba_2/slam2d/install/create3_examples_py/lib/python3.10/site-packages/create3_examples_py-0.0.1-py3.10.egg-info
[13.723s] running install_scripts
[13.871s] Installing create3_dance script to /home/robotics_roomba_2/slam2d/install/create3_examples_py/lib/create3_examples_py
[13.877s] writing list of installed files to '/home/robotics_roomba_2/slam2d/build/create3_examples_py/install.log'
[14.291s] Invoked command in '/home/robotics_roomba_2/slam2d/src/create3_examples/create3_examples_py' returned '0': PYTHONPATH=/home/robotics_roomba_2/slam2d/build/create3_examples_py/prefix_override:/home/robotics_roomba_2/slam2d/install/create3_examples_py/lib/python3.10/site-packages:${PYTHONPATH} /usr/bin/python3 setup.py egg_info --egg-base ../../../build/create3_examples_py build --build-base /home/robotics_roomba_2/slam2d/build/create3_examples_py/build install --record /home/robotics_roomba_2/slam2d/build/create3_examples_py/install.log --single-version-externally-managed
