[2.023s] Invoking command in '/home/robotics_roomba_2/slam2d/src/build/create3_lidar': CMAKE_PREFIX_PATH=${CMAKE_PREFIX_PATH}:/home/robotics_roomba_2/slam2d/install/create3_teleop:/home/robotics_roomba_2/slam2d/install/create3_examples_py:/opt/ros/humble /usr/bin/cmake /home/robotics_roomba_2/slam2d/src/create3_examples/create3_lidar -DCMAKE_INSTALL_PREFIX=/home/robotics_roomba_2/slam2d/src/install/create3_lidar
[2.363s] -- The C compiler identification is GNU 11.4.0
[2.740s] -- The CXX compiler identification is GNU 11.4.0
[2.782s] -- Detecting C compiler ABI info
[3.267s] -- Detecting C compiler ABI info - done
[3.298s] -- Check for working C compiler: /usr/bin/cc - skipped
[3.300s] -- Detecting C compile features
[3.305s] -- Detecting C compile features - done
[3.319s] -- Detecting CXX compiler ABI info
[3.834s] -- Detecting CXX compiler ABI info - done
[3.863s] -- Check for working CXX compiler: /usr/bin/c++ - skipped
[3.864s] -- Detecting CXX compile features
[3.866s] -- Detecting CXX compile features - done
[3.902s] -- Found ament_cmake: 1.3.3 (/opt/ros/humble/share/ament_cmake/cmake)
[5.180s] -- Found Python3: /usr/bin/python3.10 (found version "3.10.12") found components: Interpreter 
[6.699s] -- Configuring done
[6.840s] -- Generating done
[6.890s] -- Build files have been written to: /home/robotics_roomba_2/slam2d/src/build/create3_lidar
[6.927s] Invoked command in '/home/robotics_roomba_2/slam2d/src/build/create3_lidar' returned '0': CMAKE_PREFIX_PATH=${CMAKE_PREFIX_PATH}:/home/robotics_roomba_2/slam2d/install/create3_teleop:/home/robotics_roomba_2/slam2d/install/create3_examples_py:/opt/ros/humble /usr/bin/cmake /home/robotics_roomba_2/slam2d/src/create3_examples/create3_lidar -DCMAKE_INSTALL_PREFIX=/home/robotics_roomba_2/slam2d/src/install/create3_lidar
[6.939s] Invoking command in '/home/robotics_roomba_2/slam2d/src/build/create3_lidar': CMAKE_PREFIX_PATH=${CMAKE_PREFIX_PATH}:/home/robotics_roomba_2/slam2d/install/create3_teleop:/home/robotics_roomba_2/slam2d/install/create3_examples_py:/opt/ros/humble /usr/bin/cmake --build /home/robotics_roomba_2/slam2d/src/build/create3_lidar -- -j4 -l4
[7.212s] Invoked command in '/home/robotics_roomba_2/slam2d/src/build/create3_lidar' returned '0': CMAKE_PREFIX_PATH=${CMAKE_PREFIX_PATH}:/home/robotics_roomba_2/slam2d/install/create3_teleop:/home/robotics_roomba_2/slam2d/install/create3_examples_py:/opt/ros/humble /usr/bin/cmake --build /home/robotics_roomba_2/slam2d/src/build/create3_lidar -- -j4 -l4
[7.437s] Invoking command in '/home/robotics_roomba_2/slam2d/src/build/create3_lidar': CMAKE_PREFIX_PATH=${CMAKE_PREFIX_PATH}:/home/robotics_roomba_2/slam2d/install/create3_teleop:/home/robotics_roomba_2/slam2d/install/create3_examples_py:/opt/ros/humble /usr/bin/cmake --install /home/robotics_roomba_2/slam2d/src/build/create3_lidar
[7.499s] -- Install configuration: ""
[7.502s] -- Installing: /home/robotics_roomba_2/slam2d/src/install/create3_lidar/share/create3_lidar/launch
[7.511s] -- Installing: /home/robotics_roomba_2/slam2d/src/install/create3_lidar/share/create3_lidar/launch/sensors_launch.py
[7.519s] -- Installing: /home/robotics_roomba_2/slam2d/src/install/create3_lidar/share/create3_lidar/launch/slam_toolbox_launch.py
[7.528s] -- Installing: /home/robotics_roomba_2/slam2d/src/install/create3_lidar/share/create3_lidar/config
[7.531s] -- Installing: /home/robotics_roomba_2/slam2d/src/install/create3_lidar/share/create3_lidar/config/rplidar_node.yaml
[7.549s] -- Installing: /home/robotics_roomba_2/slam2d/src/install/create3_lidar/share/create3_lidar/config/mapper_params_online_async.yaml
[7.554s] -- Installing: /home/robotics_roomba_2/slam2d/src/install/create3_lidar/share/create3_lidar/rviz
[7.558s] -- Installing: /home/robotics_roomba_2/slam2d/src/install/create3_lidar/share/create3_lidar/rviz/create3_lidar.rviz
[7.570s] -- Installing: /home/robotics_roomba_2/slam2d/src/install/create3_lidar/share/ament_index/resource_index/package_run_dependencies/create3_lidar
[7.581s] -- Installing: /home/robotics_roomba_2/slam2d/src/install/create3_lidar/share/ament_index/resource_index/parent_prefix_path/create3_lidar
[7.593s] -- Installing: /home/robotics_roomba_2/slam2d/src/install/create3_lidar/share/create3_lidar/environment/ament_prefix_path.sh
[7.601s] -- Installing: /home/robotics_roomba_2/slam2d/src/install/create3_lidar/share/create3_lidar/environment/ament_prefix_path.dsv
[7.610s] -- Installing: /home/robotics_roomba_2/slam2d/src/install/create3_lidar/share/create3_lidar/environment/path.sh
[7.618s] -- Installing: /home/robotics_roomba_2/slam2d/src/install/create3_lidar/share/create3_lidar/environment/path.dsv
[7.626s] -- Installing: /home/robotics_roomba_2/slam2d/src/install/create3_lidar/share/create3_lidar/local_setup.bash
[7.635s] -- Installing: /home/robotics_roomba_2/slam2d/src/install/create3_lidar/share/create3_lidar/local_setup.sh
[7.644s] -- Installing: /home/robotics_roomba_2/slam2d/src/install/create3_lidar/share/create3_lidar/local_setup.zsh
[7.651s] -- Installing: /home/robotics_roomba_2/slam2d/src/install/create3_lidar/share/create3_lidar/local_setup.dsv
[7.659s] -- Installing: /home/robotics_roomba_2/slam2d/src/install/create3_lidar/share/create3_lidar/package.dsv
[7.673s] -- Installing: /home/robotics_roomba_2/slam2d/src/install/create3_lidar/share/ament_index/resource_index/packages/create3_lidar
[7.674s] -- Installing: /home/robotics_roomba_2/slam2d/src/install/create3_lidar/share/create3_lidar/cmake/create3_lidarConfig.cmake
[7.676s] -- Installing: /home/robotics_roomba_2/slam2d/src/install/create3_lidar/share/create3_lidar/cmake/create3_lidarConfig-version.cmake
[7.678s] -- Installing: /home/robotics_roomba_2/slam2d/src/install/create3_lidar/share/create3_lidar/package.xml
[7.688s] Invoked command in '/home/robotics_roomba_2/slam2d/src/build/create3_lidar' returned '0': CMAKE_PREFIX_PATH=${CMAKE_PREFIX_PATH}:/home/robotics_roomba_2/slam2d/install/create3_teleop:/home/robotics_roomba_2/slam2d/install/create3_examples_py:/opt/ros/humble /usr/bin/cmake --install /home/robotics_roomba_2/slam2d/src/build/create3_lidar
