running develop
Removing /home/robotics_roomba_2/slam2d/install/create3_examples_py/lib/python3.10/site-packages/create3-examples-py.egg-link (link to .)
running egg_info
writing ../../../build/create3_examples_py/create3_examples_py.egg-info/PKG-INFO
writing dependency_links to ../../../build/create3_examples_py/create3_examples_py.egg-info/dependency_links.txt
writing entry points to ../../../build/create3_examples_py/create3_examples_py.egg-info/entry_points.txt
writing requirements to ../../../build/create3_examples_py/create3_examples_py.egg-info/requires.txt
writing top-level names to ../../../build/create3_examples_py/create3_examples_py.egg-info/top_level.txt
reading manifest file '../../../build/create3_examples_py/create3_examples_py.egg-info/SOURCES.txt'
writing manifest file '../../../build/create3_examples_py/create3_examples_py.egg-info/SOURCES.txt'
running build
running build_py
running install
running install_lib
creating /home/robotics_roomba_2/slam2d/install/create3_examples_py/lib/python3.10/site-packages/create3_examples_py
creating /home/robotics_roomba_2/slam2d/install/create3_examples_py/lib/python3.10/site-packages/create3_examples_py/dance
copying /home/robotics_roomba_2/slam2d/build/create3_examples_py/build/lib/create3_examples_py/dance/__init__.py -> /home/robotics_roomba_2/slam2d/install/create3_examples_py/lib/python3.10/site-packages/create3_examples_py/dance
copying /home/robotics_roomba_2/slam2d/build/create3_examples_py/build/lib/create3_examples_py/dance/create3_dance.py -> /home/robotics_roomba_2/slam2d/install/create3_examples_py/lib/python3.10/site-packages/create3_examples_py/dance
copying /home/robotics_roomba_2/slam2d/build/create3_examples_py/build/lib/create3_examples_py/dance/dance_choreograph.py -> /home/robotics_roomba_2/slam2d/install/create3_examples_py/lib/python3.10/site-packages/create3_examples_py/dance
copying /home/robotics_roomba_2/slam2d/build/create3_examples_py/build/lib/create3_examples_py/__init__.py -> /home/robotics_roomba_2/slam2d/install/create3_examples_py/lib/python3.10/site-packages/create3_examples_py
byte-compiling /home/robotics_roomba_2/slam2d/install/create3_examples_py/lib/python3.10/site-packages/create3_examples_py/dance/__init__.py to __init__.cpython-310.pyc
byte-compiling /home/robotics_roomba_2/slam2d/install/create3_examples_py/lib/python3.10/site-packages/create3_examples_py/dance/create3_dance.py to create3_dance.cpython-310.pyc
byte-compiling /home/robotics_roomba_2/slam2d/install/create3_examples_py/lib/python3.10/site-packages/create3_examples_py/dance/dance_choreograph.py to dance_choreograph.cpython-310.pyc
byte-compiling /home/robotics_roomba_2/slam2d/install/create3_examples_py/lib/python3.10/site-packages/create3_examples_py/__init__.py to __init__.cpython-310.pyc
running install_data
running install_egg_info
Copying ../../../build/create3_examples_py/create3_examples_py.egg-info to /home/robotics_roomba_2/slam2d/install/create3_examples_py/lib/python3.10/site-packages/create3_examples_py-0.0.1-py3.10.egg-info
running install_scripts
Installing create3_dance script to /home/robotics_roomba_2/slam2d/install/create3_examples_py/lib/create3_examples_py
writing list of installed files to '/home/robotics_roomba_2/slam2d/build/create3_examples_py/install.log'
