/home/robotics_roomba_2/slam2d/install/tmf882x/lib/python3.10/site-packages/tmf882x/tmf882x_pub.py
/home/robotics_roomba_2/slam2d/install/tmf882x/lib/python3.10/site-packages/tmf882x/__init__.py
/home/robotics_roomba_2/slam2d/install/tmf882x/lib/python3.10/site-packages/tmf882x/plane_vis.py
/home/robotics_roomba_2/slam2d/install/tmf882x/lib/python3.10/site-packages/tmf882x/tmf882x_vis.py
/home/robotics_roomba_2/slam2d/install/tmf882x/lib/python3.10/site-packages/tmf882x/__pycache__/tmf882x_pub.cpython-310.pyc
/home/robotics_roomba_2/slam2d/install/tmf882x/lib/python3.10/site-packages/tmf882x/__pycache__/__init__.cpython-310.pyc
/home/robotics_roomba_2/slam2d/install/tmf882x/lib/python3.10/site-packages/tmf882x/__pycache__/plane_vis.cpython-310.pyc
/home/robotics_roomba_2/slam2d/install/tmf882x/lib/python3.10/site-packages/tmf882x/__pycache__/tmf882x_vis.cpython-310.pyc
/home/robotics_roomba_2/slam2d/install/tmf882x/share/ament_index/resource_index/packages/tmf882x
/home/robotics_roomba_2/slam2d/install/tmf882x/share/tmf882x/package.xml
/home/robotics_roomba_2/slam2d/install/tmf882x/lib/python3.10/site-packages/tmf882x-1.0.0-py3.10.egg-info/SOURCES.txt
/home/robotics_roomba_2/slam2d/install/tmf882x/lib/python3.10/site-packages/tmf882x-1.0.0-py3.10.egg-info/entry_points.txt
/home/robotics_roomba_2/slam2d/install/tmf882x/lib/python3.10/site-packages/tmf882x-1.0.0-py3.10.egg-info/zip-safe
/home/robotics_roomba_2/slam2d/install/tmf882x/lib/python3.10/site-packages/tmf882x-1.0.0-py3.10.egg-info/PKG-INFO
/home/robotics_roomba_2/slam2d/install/tmf882x/lib/python3.10/site-packages/tmf882x-1.0.0-py3.10.egg-info/dependency_links.txt
/home/robotics_roomba_2/slam2d/install/tmf882x/lib/python3.10/site-packages/tmf882x-1.0.0-py3.10.egg-info/requires.txt
/home/robotics_roomba_2/slam2d/install/tmf882x/lib/python3.10/site-packages/tmf882x-1.0.0-py3.10.egg-info/top_level.txt
/home/robotics_roomba_2/slam2d/install/tmf882x/lib/tmf882x/plane_vis
/home/robotics_roomba_2/slam2d/install/tmf882x/lib/tmf882x/tmf882x_pub
/home/robotics_roomba_2/slam2d/install/tmf882x/lib/tmf882x/tmf882x_vis
