[0.070s] Invoking command in '/home/robotics_roomba_2/slam2d/src/build/tmf882x_interfaces': CMAKE_PREFIX_PATH=${CMAKE_PREFIX_PATH}:/home/robotics_roomba_2/slam2d/install/create3_teleop:/home/robotics_roomba_2/slam2d/install/create3_examples_py:/opt/ros/humble /usr/bin/cmake /home/robotics_roomba_2/slam2d/src/tmf882x_interfaces -DCMAKE_INSTALL_PREFIX=/home/robotics_roomba_2/slam2d/src/install/tmf882x_interfaces
[1.205s] -- The C compiler identification is GNU 11.4.0
[2.089s] -- The CXX compiler identification is GNU 11.4.0
[2.144s] -- Detecting C compiler ABI info
[2.642s] -- Detecting C compiler ABI info - done
[2.680s] -- Check for working C compiler: /usr/bin/cc - skipped
[2.684s] -- Detecting C compile features
[2.688s] -- Detecting C compile features - done
[2.707s] -- Detecting CXX compiler ABI info
[3.244s] -- Detecting CXX compiler ABI info - done
[3.279s] -- Check for working CXX compiler: /usr/bin/c++ - skipped
[3.281s] -- Detecting CXX compile features
[3.284s] -- Detecting CXX compile features - done
[3.510s] -- Found ament_cmake: 1.3.3 (/opt/ros/humble/share/ament_cmake/cmake)
[4.731s] -- Found Python3: /usr/bin/python3.10 (found version "3.10.12") found components: Interpreter 
[5.532s] -- Found rosidl_default_generators: 1.2.0 (/opt/ros/humble/share/rosidl_default_generators/cmake)
[5.575s] -- Using all available rosidl_typesupport_c: rosidl_typesupport_fastrtps_c;rosidl_typesupport_introspection_c
[5.672s] -- Found rosidl_adapter: 3.1.4 (/opt/ros/humble/share/rosidl_adapter/cmake)
[6.154s] -- Using all available rosidl_typesupport_cpp: rosidl_typesupport_fastrtps_cpp;rosidl_typesupport_introspection_cpp
[7.827s] -- Found ament_cmake_ros: 0.10.0 (/opt/ros/humble/share/ament_cmake_ros/cmake)
[9.030s] -- Using all available rosidl_typesupport_c: rosidl_typesupport_fastrtps_c;rosidl_typesupport_introspection_c
[10.307s] -- Using all available rosidl_typesupport_cpp: rosidl_typesupport_fastrtps_cpp;rosidl_typesupport_introspection_cpp
[10.441s] -- Found PythonInterp: /usr/bin/python3 (found suitable version "3.10.12", minimum required is "3.6") 
[10.470s] -- Found python_cmake_module: 0.10.0 (/opt/ros/humble/share/python_cmake_module/cmake)
[10.616s] -- Found PythonLibs: /usr/lib/aarch64-linux-gnu/libpython3.10.so (found suitable version "3.10.12", minimum required is "3.5") 
[10.617s] -- Using PYTHON_EXECUTABLE: /usr/bin/python3
[10.617s] -- Using PYTHON_INCLUDE_DIRS: /usr/include/python3.10
[10.617s] -- Using PYTHON_LIBRARIES: /usr/lib/aarch64-linux-gnu/libpython3.10.so
[10.732s] -- Found PythonExtra: .so  
[10.932s] -- Found ament_lint_auto: 0.12.5 (/opt/ros/humble/share/ament_lint_auto/cmake)
[11.258s] -- Added test 'lint_cmake' to check CMake code style
[11.307s] -- Added test 'xmllint' to check XML markup files
[11.330s] -- Configuring done
[11.525s] -- Generating done
[11.542s] -- Build files have been written to: /home/robotics_roomba_2/slam2d/src/build/tmf882x_interfaces
[11.565s] Invoked command in '/home/robotics_roomba_2/slam2d/src/build/tmf882x_interfaces' returned '0': CMAKE_PREFIX_PATH=${CMAKE_PREFIX_PATH}:/home/robotics_roomba_2/slam2d/install/create3_teleop:/home/robotics_roomba_2/slam2d/install/create3_examples_py:/opt/ros/humble /usr/bin/cmake /home/robotics_roomba_2/slam2d/src/tmf882x_interfaces -DCMAKE_INSTALL_PREFIX=/home/robotics_roomba_2/slam2d/src/install/tmf882x_interfaces
[11.574s] Invoking command in '/home/robotics_roomba_2/slam2d/src/build/tmf882x_interfaces': CMAKE_PREFIX_PATH=${CMAKE_PREFIX_PATH}:/home/robotics_roomba_2/slam2d/install/create3_teleop:/home/robotics_roomba_2/slam2d/install/create3_examples_py:/opt/ros/humble /usr/bin/cmake --build /home/robotics_roomba_2/slam2d/src/build/tmf882x_interfaces -- -j4 -l4
[11.774s] [  3%] [34m[1mGenerating C code for ROS interfaces[0m
[11.817s] [  6%] [34m[1mGenerating C++ code for ROS interfaces[0m
[11.866s] [  6%] Built target ament_cmake_python_copy_tmf882x_interfaces
[13.493s] [  6%] Built target tmf882x_interfaces__cpp
[13.548s] [  9%] [34m[1mGenerating C++ type support dispatch for ROS interfaces[0m
[13.556s] [ 12%] [34m[1mGenerating C++ type support for eProsima Fast-RTPS[0m
[13.619s] [ 16%] [32mBuilding C object CMakeFiles/tmf882x_interfaces__rosidl_generator_c.dir/rosidl_generator_c/tmf882x_interfaces/msg/detail/tmf882_x_measure__functions.c.o[0m
[13.713s] running egg_info
[13.717s] creating tmf882x_interfaces.egg-info
[13.717s] writing tmf882x_interfaces.egg-info/PKG-INFO
[13.719s] writing dependency_links to tmf882x_interfaces.egg-info/dependency_links.txt
[13.721s] writing top-level names to tmf882x_interfaces.egg-info/top_level.txt
[13.724s] writing manifest file 'tmf882x_interfaces.egg-info/SOURCES.txt'
[13.734s] reading manifest file 'tmf882x_interfaces.egg-info/SOURCES.txt'
[13.737s] writing manifest file 'tmf882x_interfaces.egg-info/SOURCES.txt'
[13.935s] [ 16%] Built target ament_cmake_python_build_tmf882x_interfaces_egg
[13.998s] [ 19%] [34m[1mGenerating C++ introspection for ROS interfaces[0m
[14.167s] [ 22%] [32m[1mLinking C shared library libtmf882x_interfaces__rosidl_generator_c.so[0m
[14.393s] [ 22%] Built target tmf882x_interfaces__rosidl_generator_c
[14.453s] [ 25%] [34m[1mGenerating C type support for eProsima Fast-RTPS[0m
[15.175s] [ 29%] [32mBuilding CXX object CMakeFiles/tmf882x_interfaces__rosidl_typesupport_cpp.dir/rosidl_typesupport_cpp/tmf882x_interfaces/msg/tmf882_x_measure__type_support.cpp.o[0m
[15.397s] [ 32%] [32mBuilding CXX object CMakeFiles/tmf882x_interfaces__rosidl_typesupport_fastrtps_cpp.dir/rosidl_typesupport_fastrtps_cpp/tmf882x_interfaces/msg/detail/dds_fastrtps/tmf882_x_measure__type_support.cpp.o[0m
[15.658s] [ 35%] [32mBuilding CXX object CMakeFiles/tmf882x_interfaces__rosidl_typesupport_introspection_cpp.dir/rosidl_typesupport_introspection_cpp/tmf882x_interfaces/msg/detail/tmf882_x_measure__type_support.cpp.o[0m
[16.229s] [ 38%] [32mBuilding CXX object CMakeFiles/tmf882x_interfaces__rosidl_typesupport_fastrtps_c.dir/rosidl_typesupport_fastrtps_c/tmf882x_interfaces/msg/detail/tmf882_x_measure__type_support_c.cpp.o[0m
[17.244s] [ 41%] [32m[1mLinking CXX shared library libtmf882x_interfaces__rosidl_typesupport_cpp.so[0m
[17.539s] [ 41%] Built target tmf882x_interfaces__rosidl_typesupport_cpp
[17.648s] [ 45%] [34m[1mGenerating C introspection for ROS interfaces[0m
[18.694s] [ 48%] [32m[1mLinking CXX shared library libtmf882x_interfaces__rosidl_typesupport_introspection_cpp.so[0m
[18.762s] [ 51%] [32m[1mLinking CXX shared library libtmf882x_interfaces__rosidl_typesupport_fastrtps_cpp.so[0m
[18.961s] [ 54%] [32m[1mLinking CXX shared library libtmf882x_interfaces__rosidl_typesupport_fastrtps_c.so[0m
[19.191s] [ 54%] Built target tmf882x_interfaces__rosidl_typesupport_introspection_cpp
[19.255s] [ 58%] [34m[1mGenerating C type support dispatch for ROS interfaces[0m
[19.273s] [ 58%] Built target tmf882x_interfaces__rosidl_typesupport_fastrtps_cpp
[19.405s] [ 58%] Built target tmf882x_interfaces__rosidl_typesupport_fastrtps_c
[19.594s] [ 61%] [32mBuilding C object CMakeFiles/tmf882x_interfaces__rosidl_typesupport_introspection_c.dir/rosidl_typesupport_introspection_c/tmf882x_interfaces/msg/detail/tmf882_x_measure__type_support.c.o[0m
[19.875s] [ 64%] [32m[1mLinking C shared library libtmf882x_interfaces__rosidl_typesupport_introspection_c.so[0m
[20.021s] [ 64%] Built target tmf882x_interfaces__rosidl_typesupport_introspection_c
[20.527s] [ 67%] [32mBuilding CXX object CMakeFiles/tmf882x_interfaces__rosidl_typesupport_c.dir/rosidl_typesupport_c/tmf882x_interfaces/msg/tmf882_x_measure__type_support.cpp.o[0m
[20.699s] [ 70%] [32m[1mLinking CXX shared library libtmf882x_interfaces__rosidl_typesupport_c.so[0m
[20.879s] [ 70%] Built target tmf882x_interfaces__rosidl_typesupport_c
[20.981s] [ 70%] Built target tmf882x_interfaces
[21.081s] [ 74%] [34m[1mGenerating Python code for ROS interfaces[0m
[22.828s] [ 74%] Built target tmf882x_interfaces__py
[22.929s] [ 77%] [32mBuilding C object CMakeFiles/tmf882x_interfaces__rosidl_generator_py.dir/rosidl_generator_py/tmf882x_interfaces/msg/_tmf882_x_measure_s.c.o[0m
[23.866s] [ 80%] [32m[1mLinking C shared library rosidl_generator_py/tmf882x_interfaces/libtmf882x_interfaces__rosidl_generator_py.so[0m
[24.073s] [ 80%] Built target tmf882x_interfaces__rosidl_generator_py
[24.180s] [ 83%] [32mBuilding C object CMakeFiles/tmf882x_interfaces__rosidl_typesupport_fastrtps_c__pyext.dir/rosidl_generator_py/tmf882x_interfaces/_tmf882x_interfaces_s.ep.rosidl_typesupport_fastrtps_c.c.o[0m
[24.185s] [ 87%] [32mBuilding C object CMakeFiles/tmf882x_interfaces__rosidl_typesupport_c__pyext.dir/rosidl_generator_py/tmf882x_interfaces/_tmf882x_interfaces_s.ep.rosidl_typesupport_c.c.o[0m
[24.195s] [ 90%] [32mBuilding C object CMakeFiles/tmf882x_interfaces__rosidl_typesupport_introspection_c__pyext.dir/rosidl_generator_py/tmf882x_interfaces/_tmf882x_interfaces_s.ep.rosidl_typesupport_introspection_c.c.o[0m
[24.710s] [ 93%] [32m[1mLinking C shared library rosidl_generator_py/tmf882x_interfaces/tmf882x_interfaces_s__rosidl_typesupport_c.cpython-310-aarch64-linux-gnu.so[0m
[24.746s] [ 96%] [32m[1mLinking C shared library rosidl_generator_py/tmf882x_interfaces/tmf882x_interfaces_s__rosidl_typesupport_introspection_c.cpython-310-aarch64-linux-gnu.so[0m
[24.795s] [100%] [32m[1mLinking C shared library rosidl_generator_py/tmf882x_interfaces/tmf882x_interfaces_s__rosidl_typesupport_fastrtps_c.cpython-310-aarch64-linux-gnu.so[0m
[24.904s] [100%] Built target tmf882x_interfaces__rosidl_typesupport_c__pyext
[24.938s] [100%] Built target tmf882x_interfaces__rosidl_typesupport_introspection_c__pyext
[24.990s] [100%] Built target tmf882x_interfaces__rosidl_typesupport_fastrtps_c__pyext
[25.086s] Invoked command in '/home/robotics_roomba_2/slam2d/src/build/tmf882x_interfaces' returned '0': CMAKE_PREFIX_PATH=${CMAKE_PREFIX_PATH}:/home/robotics_roomba_2/slam2d/install/create3_teleop:/home/robotics_roomba_2/slam2d/install/create3_examples_py:/opt/ros/humble /usr/bin/cmake --build /home/robotics_roomba_2/slam2d/src/build/tmf882x_interfaces -- -j4 -l4
[25.496s] Invoking command in '/home/robotics_roomba_2/slam2d/src/build/tmf882x_interfaces': CMAKE_PREFIX_PATH=${CMAKE_PREFIX_PATH}:/home/robotics_roomba_2/slam2d/install/create3_teleop:/home/robotics_roomba_2/slam2d/install/create3_examples_py:/opt/ros/humble /usr/bin/cmake --install /home/robotics_roomba_2/slam2d/src/build/tmf882x_interfaces
[25.528s] -- Install configuration: ""
[25.529s] -- Installing: /home/robotics_roomba_2/slam2d/src/install/tmf882x_interfaces/share/ament_index/resource_index/rosidl_interfaces/tmf882x_interfaces
[25.530s] -- Installing: /home/robotics_roomba_2/slam2d/src/install/tmf882x_interfaces/include/tmf882x_interfaces/tmf882x_interfaces
[25.531s] -- Installing: /home/robotics_roomba_2/slam2d/src/install/tmf882x_interfaces/include/tmf882x_interfaces/tmf882x_interfaces/msg
[25.532s] -- Installing: /home/robotics_roomba_2/slam2d/src/install/tmf882x_interfaces/include/tmf882x_interfaces/tmf882x_interfaces/msg/detail
[25.533s] -- Installing: /home/robotics_roomba_2/slam2d/src/install/tmf882x_interfaces/include/tmf882x_interfaces/tmf882x_interfaces/msg/detail/tmf882_x_measure__struct.h
[25.535s] -- Installing: /home/robotics_roomba_2/slam2d/src/install/tmf882x_interfaces/include/tmf882x_interfaces/tmf882x_interfaces/msg/detail/tmf882_x_measure__functions.c
[25.536s] -- Installing: /home/robotics_roomba_2/slam2d/src/install/tmf882x_interfaces/include/tmf882x_interfaces/tmf882x_interfaces/msg/detail/tmf882_x_measure__type_support.h
[25.538s] -- Installing: /home/robotics_roomba_2/slam2d/src/install/tmf882x_interfaces/include/tmf882x_interfaces/tmf882x_interfaces/msg/detail/tmf882_x_measure__functions.h
[25.539s] -- Installing: /home/robotics_roomba_2/slam2d/src/install/tmf882x_interfaces/include/tmf882x_interfaces/tmf882x_interfaces/msg/rosidl_generator_c__visibility_control.h
[25.541s] -- Installing: /home/robotics_roomba_2/slam2d/src/install/tmf882x_interfaces/include/tmf882x_interfaces/tmf882x_interfaces/msg/tmf882_x_measure.h
[25.543s] -- Installing: /home/robotics_roomba_2/slam2d/src/install/tmf882x_interfaces/share/tmf882x_interfaces/environment/library_path.sh
[25.544s] -- Installing: /home/robotics_roomba_2/slam2d/src/install/tmf882x_interfaces/share/tmf882x_interfaces/environment/library_path.dsv
[25.546s] -- Installing: /home/robotics_roomba_2/slam2d/src/install/tmf882x_interfaces/lib/libtmf882x_interfaces__rosidl_generator_c.so
[25.549s] -- Set runtime path of "/home/robotics_roomba_2/slam2d/src/install/tmf882x_interfaces/lib/libtmf882x_interfaces__rosidl_generator_c.so" to ""
[25.550s] -- Up-to-date: /home/robotics_roomba_2/slam2d/src/install/tmf882x_interfaces/include/tmf882x_interfaces/tmf882x_interfaces
[25.550s] -- Up-to-date: /home/robotics_roomba_2/slam2d/src/install/tmf882x_interfaces/include/tmf882x_interfaces/tmf882x_interfaces/msg
[25.551s] -- Up-to-date: /home/robotics_roomba_2/slam2d/src/install/tmf882x_interfaces/include/tmf882x_interfaces/tmf882x_interfaces/msg/detail
[25.551s] -- Installing: /home/robotics_roomba_2/slam2d/src/install/tmf882x_interfaces/include/tmf882x_interfaces/tmf882x_interfaces/msg/detail/tmf882_x_measure__rosidl_typesupport_fastrtps_c.h
[25.553s] -- Installing: /home/robotics_roomba_2/slam2d/src/install/tmf882x_interfaces/include/tmf882x_interfaces/tmf882x_interfaces/msg/rosidl_typesupport_fastrtps_c__visibility_control.h
[25.555s] -- Installing: /home/robotics_roomba_2/slam2d/src/install/tmf882x_interfaces/lib/libtmf882x_interfaces__rosidl_typesupport_fastrtps_c.so
[25.558s] -- Set runtime path of "/home/robotics_roomba_2/slam2d/src/install/tmf882x_interfaces/lib/libtmf882x_interfaces__rosidl_typesupport_fastrtps_c.so" to ""
[25.559s] -- Up-to-date: /home/robotics_roomba_2/slam2d/src/install/tmf882x_interfaces/include/tmf882x_interfaces/tmf882x_interfaces
[25.559s] -- Up-to-date: /home/robotics_roomba_2/slam2d/src/install/tmf882x_interfaces/include/tmf882x_interfaces/tmf882x_interfaces/msg
[25.560s] -- Up-to-date: /home/robotics_roomba_2/slam2d/src/install/tmf882x_interfaces/include/tmf882x_interfaces/tmf882x_interfaces/msg/detail
[25.560s] -- Installing: /home/robotics_roomba_2/slam2d/src/install/tmf882x_interfaces/include/tmf882x_interfaces/tmf882x_interfaces/msg/detail/tmf882_x_measure__type_support.c
[25.562s] -- Installing: /home/robotics_roomba_2/slam2d/src/install/tmf882x_interfaces/include/tmf882x_interfaces/tmf882x_interfaces/msg/detail/tmf882_x_measure__rosidl_typesupport_introspection_c.h
[25.564s] -- Installing: /home/robotics_roomba_2/slam2d/src/install/tmf882x_interfaces/include/tmf882x_interfaces/tmf882x_interfaces/msg/rosidl_typesupport_introspection_c__visibility_control.h
[25.566s] -- Installing: /home/robotics_roomba_2/slam2d/src/install/tmf882x_interfaces/lib/libtmf882x_interfaces__rosidl_typesupport_introspection_c.so
[25.569s] -- Set runtime path of "/home/robotics_roomba_2/slam2d/src/install/tmf882x_interfaces/lib/libtmf882x_interfaces__rosidl_typesupport_introspection_c.so" to ""
[25.569s] -- Installing: /home/robotics_roomba_2/slam2d/src/install/tmf882x_interfaces/lib/libtmf882x_interfaces__rosidl_typesupport_c.so
[25.572s] -- Set runtime path of "/home/robotics_roomba_2/slam2d/src/install/tmf882x_interfaces/lib/libtmf882x_interfaces__rosidl_typesupport_c.so" to ""
[25.573s] -- Up-to-date: /home/robotics_roomba_2/slam2d/src/install/tmf882x_interfaces/include/tmf882x_interfaces/tmf882x_interfaces
[25.573s] -- Up-to-date: /home/robotics_roomba_2/slam2d/src/install/tmf882x_interfaces/include/tmf882x_interfaces/tmf882x_interfaces/msg
[25.574s] -- Up-to-date: /home/robotics_roomba_2/slam2d/src/install/tmf882x_interfaces/include/tmf882x_interfaces/tmf882x_interfaces/msg/detail
[25.575s] -- Installing: /home/robotics_roomba_2/slam2d/src/install/tmf882x_interfaces/include/tmf882x_interfaces/tmf882x_interfaces/msg/detail/tmf882_x_measure__traits.hpp
[25.576s] -- Installing: /home/robotics_roomba_2/slam2d/src/install/tmf882x_interfaces/include/tmf882x_interfaces/tmf882x_interfaces/msg/detail/tmf882_x_measure__struct.hpp
[25.577s] -- Installing: /home/robotics_roomba_2/slam2d/src/install/tmf882x_interfaces/include/tmf882x_interfaces/tmf882x_interfaces/msg/detail/tmf882_x_measure__builder.hpp
[25.579s] -- Installing: /home/robotics_roomba_2/slam2d/src/install/tmf882x_interfaces/include/tmf882x_interfaces/tmf882x_interfaces/msg/tmf882_x_measure.hpp
[25.580s] -- Up-to-date: /home/robotics_roomba_2/slam2d/src/install/tmf882x_interfaces/include/tmf882x_interfaces/tmf882x_interfaces
[25.582s] -- Up-to-date: /home/robotics_roomba_2/slam2d/src/install/tmf882x_interfaces/include/tmf882x_interfaces/tmf882x_interfaces/msg
[25.582s] -- Up-to-date: /home/robotics_roomba_2/slam2d/src/install/tmf882x_interfaces/include/tmf882x_interfaces/tmf882x_interfaces/msg/detail
[25.583s] -- Installing: /home/robotics_roomba_2/slam2d/src/install/tmf882x_interfaces/include/tmf882x_interfaces/tmf882x_interfaces/msg/detail/dds_fastrtps
[25.584s] -- Installing: /home/robotics_roomba_2/slam2d/src/install/tmf882x_interfaces/include/tmf882x_interfaces/tmf882x_interfaces/msg/detail/tmf882_x_measure__rosidl_typesupport_fastrtps_cpp.hpp
[25.585s] -- Installing: /home/robotics_roomba_2/slam2d/src/install/tmf882x_interfaces/include/tmf882x_interfaces/tmf882x_interfaces/msg/rosidl_typesupport_fastrtps_cpp__visibility_control.h
[25.586s] -- Installing: /home/robotics_roomba_2/slam2d/src/install/tmf882x_interfaces/lib/libtmf882x_interfaces__rosidl_typesupport_fastrtps_cpp.so
[25.590s] -- Set runtime path of "/home/robotics_roomba_2/slam2d/src/install/tmf882x_interfaces/lib/libtmf882x_interfaces__rosidl_typesupport_fastrtps_cpp.so" to ""
[25.591s] -- Up-to-date: /home/robotics_roomba_2/slam2d/src/install/tmf882x_interfaces/include/tmf882x_interfaces/tmf882x_interfaces
[25.591s] -- Up-to-date: /home/robotics_roomba_2/slam2d/src/install/tmf882x_interfaces/include/tmf882x_interfaces/tmf882x_interfaces/msg
[25.592s] -- Up-to-date: /home/robotics_roomba_2/slam2d/src/install/tmf882x_interfaces/include/tmf882x_interfaces/tmf882x_interfaces/msg/detail
[25.592s] -- Installing: /home/robotics_roomba_2/slam2d/src/install/tmf882x_interfaces/include/tmf882x_interfaces/tmf882x_interfaces/msg/detail/tmf882_x_measure__rosidl_typesupport_introspection_cpp.hpp
[25.594s] -- Installing: /home/robotics_roomba_2/slam2d/src/install/tmf882x_interfaces/include/tmf882x_interfaces/tmf882x_interfaces/msg/detail/tmf882_x_measure__type_support.cpp
[25.596s] -- Installing: /home/robotics_roomba_2/slam2d/src/install/tmf882x_interfaces/lib/libtmf882x_interfaces__rosidl_typesupport_introspection_cpp.so
[25.599s] -- Set runtime path of "/home/robotics_roomba_2/slam2d/src/install/tmf882x_interfaces/lib/libtmf882x_interfaces__rosidl_typesupport_introspection_cpp.so" to ""
[25.600s] -- Installing: /home/robotics_roomba_2/slam2d/src/install/tmf882x_interfaces/lib/libtmf882x_interfaces__rosidl_typesupport_cpp.so
[25.603s] -- Set runtime path of "/home/robotics_roomba_2/slam2d/src/install/tmf882x_interfaces/lib/libtmf882x_interfaces__rosidl_typesupport_cpp.so" to ""
[25.603s] -- Installing: /home/robotics_roomba_2/slam2d/src/install/tmf882x_interfaces/share/tmf882x_interfaces/environment/pythonpath.sh
[25.605s] -- Installing: /home/robotics_roomba_2/slam2d/src/install/tmf882x_interfaces/share/tmf882x_interfaces/environment/pythonpath.dsv
[25.606s] -- Installing: /home/robotics_roomba_2/slam2d/src/install/tmf882x_interfaces/local/lib/python3.10/dist-packages/tmf882x_interfaces-1.0.0-py3.10.egg-info
[25.608s] -- Installing: /home/robotics_roomba_2/slam2d/src/install/tmf882x_interfaces/local/lib/python3.10/dist-packages/tmf882x_interfaces-1.0.0-py3.10.egg-info/SOURCES.txt
[25.609s] -- Installing: /home/robotics_roomba_2/slam2d/src/install/tmf882x_interfaces/local/lib/python3.10/dist-packages/tmf882x_interfaces-1.0.0-py3.10.egg-info/PKG-INFO
[25.610s] -- Installing: /home/robotics_roomba_2/slam2d/src/install/tmf882x_interfaces/local/lib/python3.10/dist-packages/tmf882x_interfaces-1.0.0-py3.10.egg-info/dependency_links.txt
[25.612s] -- Installing: /home/robotics_roomba_2/slam2d/src/install/tmf882x_interfaces/local/lib/python3.10/dist-packages/tmf882x_interfaces-1.0.0-py3.10.egg-info/top_level.txt
[25.613s] -- Installing: /home/robotics_roomba_2/slam2d/src/install/tmf882x_interfaces/local/lib/python3.10/dist-packages/tmf882x_interfaces
[25.614s] -- Installing: /home/robotics_roomba_2/slam2d/src/install/tmf882x_interfaces/local/lib/python3.10/dist-packages/tmf882x_interfaces/_tmf882x_interfaces_s.ep.rosidl_typesupport_introspection_c.c
[25.616s] -- Installing: /home/robotics_roomba_2/slam2d/src/install/tmf882x_interfaces/local/lib/python3.10/dist-packages/tmf882x_interfaces/__init__.py
[25.617s] -- Installing: /home/robotics_roomba_2/slam2d/src/install/tmf882x_interfaces/local/lib/python3.10/dist-packages/tmf882x_interfaces/_tmf882x_interfaces_s.ep.rosidl_typesupport_fastrtps_c.c
[25.619s] -- Installing: /home/robotics_roomba_2/slam2d/src/install/tmf882x_interfaces/local/lib/python3.10/dist-packages/tmf882x_interfaces/tmf882x_interfaces_s__rosidl_typesupport_introspection_c.cpython-310-aarch64-linux-gnu.so
[25.621s] -- Installing: /home/robotics_roomba_2/slam2d/src/install/tmf882x_interfaces/local/lib/python3.10/dist-packages/tmf882x_interfaces/_tmf882x_interfaces_s.ep.rosidl_typesupport_c.c
[25.622s] -- Installing: /home/robotics_roomba_2/slam2d/src/install/tmf882x_interfaces/local/lib/python3.10/dist-packages/tmf882x_interfaces/tmf882x_interfaces_s__rosidl_typesupport_c.cpython-310-aarch64-linux-gnu.so
[25.624s] -- Installing: /home/robotics_roomba_2/slam2d/src/install/tmf882x_interfaces/local/lib/python3.10/dist-packages/tmf882x_interfaces/libtmf882x_interfaces__rosidl_generator_py.so
[25.626s] -- Installing: /home/robotics_roomba_2/slam2d/src/install/tmf882x_interfaces/local/lib/python3.10/dist-packages/tmf882x_interfaces/msg
[25.627s] -- Installing: /home/robotics_roomba_2/slam2d/src/install/tmf882x_interfaces/local/lib/python3.10/dist-packages/tmf882x_interfaces/msg/_tmf882_x_measure_s.c
[25.628s] -- Installing: /home/robotics_roomba_2/slam2d/src/install/tmf882x_interfaces/local/lib/python3.10/dist-packages/tmf882x_interfaces/msg/__init__.py
[25.630s] -- Installing: /home/robotics_roomba_2/slam2d/src/install/tmf882x_interfaces/local/lib/python3.10/dist-packages/tmf882x_interfaces/msg/_tmf882_x_measure.py
[25.631s] -- Installing: /home/robotics_roomba_2/slam2d/src/install/tmf882x_interfaces/local/lib/python3.10/dist-packages/tmf882x_interfaces/tmf882x_interfaces_s__rosidl_typesupport_fastrtps_c.cpython-310-aarch64-linux-gnu.so
[25.822s] Listing '/home/robotics_roomba_2/slam2d/src/install/tmf882x_interfaces/local/lib/python3.10/dist-packages/tmf882x_interfaces'...
[25.823s] Compiling '/home/robotics_roomba_2/slam2d/src/install/tmf882x_interfaces/local/lib/python3.10/dist-packages/tmf882x_interfaces/__init__.py'...
[25.824s] Listing '/home/robotics_roomba_2/slam2d/src/install/tmf882x_interfaces/local/lib/python3.10/dist-packages/tmf882x_interfaces/msg'...
[25.825s] Compiling '/home/robotics_roomba_2/slam2d/src/install/tmf882x_interfaces/local/lib/python3.10/dist-packages/tmf882x_interfaces/msg/__init__.py'...
[25.826s] Compiling '/home/robotics_roomba_2/slam2d/src/install/tmf882x_interfaces/local/lib/python3.10/dist-packages/tmf882x_interfaces/msg/_tmf882_x_measure.py'...
[25.847s] -- Installing: /home/robotics_roomba_2/slam2d/src/install/tmf882x_interfaces/local/lib/python3.10/dist-packages/tmf882x_interfaces/tmf882x_interfaces_s__rosidl_typesupport_fastrtps_c.cpython-310-aarch64-linux-gnu.so
[25.850s] -- Set runtime path of "/home/robotics_roomba_2/slam2d/src/install/tmf882x_interfaces/local/lib/python3.10/dist-packages/tmf882x_interfaces/tmf882x_interfaces_s__rosidl_typesupport_fastrtps_c.cpython-310-aarch64-linux-gnu.so" to ""
[25.852s] -- Installing: /home/robotics_roomba_2/slam2d/src/install/tmf882x_interfaces/local/lib/python3.10/dist-packages/tmf882x_interfaces/tmf882x_interfaces_s__rosidl_typesupport_introspection_c.cpython-310-aarch64-linux-gnu.so
[25.855s] -- Set runtime path of "/home/robotics_roomba_2/slam2d/src/install/tmf882x_interfaces/local/lib/python3.10/dist-packages/tmf882x_interfaces/tmf882x_interfaces_s__rosidl_typesupport_introspection_c.cpython-310-aarch64-linux-gnu.so" to ""
[25.857s] -- Installing: /home/robotics_roomba_2/slam2d/src/install/tmf882x_interfaces/local/lib/python3.10/dist-packages/tmf882x_interfaces/tmf882x_interfaces_s__rosidl_typesupport_c.cpython-310-aarch64-linux-gnu.so
[25.860s] -- Set runtime path of "/home/robotics_roomba_2/slam2d/src/install/tmf882x_interfaces/local/lib/python3.10/dist-packages/tmf882x_interfaces/tmf882x_interfaces_s__rosidl_typesupport_c.cpython-310-aarch64-linux-gnu.so" to ""
[25.861s] -- Installing: /home/robotics_roomba_2/slam2d/src/install/tmf882x_interfaces/lib/libtmf882x_interfaces__rosidl_generator_py.so
[25.864s] -- Set runtime path of "/home/robotics_roomba_2/slam2d/src/install/tmf882x_interfaces/lib/libtmf882x_interfaces__rosidl_generator_py.so" to ""
[25.865s] -- Installing: /home/robotics_roomba_2/slam2d/src/install/tmf882x_interfaces/share/tmf882x_interfaces/msg/TMF882XMeasure.idl
[25.867s] -- Installing: /home/robotics_roomba_2/slam2d/src/install/tmf882x_interfaces/share/tmf882x_interfaces/msg/TMF882XMeasure.msg
[25.868s] -- Installing: /home/robotics_roomba_2/slam2d/src/install/tmf882x_interfaces/share/ament_index/resource_index/package_run_dependencies/tmf882x_interfaces
[25.870s] -- Installing: /home/robotics_roomba_2/slam2d/src/install/tmf882x_interfaces/share/ament_index/resource_index/parent_prefix_path/tmf882x_interfaces
[25.872s] -- Installing: /home/robotics_roomba_2/slam2d/src/install/tmf882x_interfaces/share/tmf882x_interfaces/environment/ament_prefix_path.sh
[25.873s] -- Installing: /home/robotics_roomba_2/slam2d/src/install/tmf882x_interfaces/share/tmf882x_interfaces/environment/ament_prefix_path.dsv
[25.875s] -- Installing: /home/robotics_roomba_2/slam2d/src/install/tmf882x_interfaces/share/tmf882x_interfaces/environment/path.sh
[25.877s] -- Installing: /home/robotics_roomba_2/slam2d/src/install/tmf882x_interfaces/share/tmf882x_interfaces/environment/path.dsv
[25.878s] -- Installing: /home/robotics_roomba_2/slam2d/src/install/tmf882x_interfaces/share/tmf882x_interfaces/local_setup.bash
[25.879s] -- Installing: /home/robotics_roomba_2/slam2d/src/install/tmf882x_interfaces/share/tmf882x_interfaces/local_setup.sh
[25.881s] -- Installing: /home/robotics_roomba_2/slam2d/src/install/tmf882x_interfaces/share/tmf882x_interfaces/local_setup.zsh
[25.883s] -- Installing: /home/robotics_roomba_2/slam2d/src/install/tmf882x_interfaces/share/tmf882x_interfaces/local_setup.dsv
[25.884s] -- Installing: /home/robotics_roomba_2/slam2d/src/install/tmf882x_interfaces/share/tmf882x_interfaces/package.dsv
[25.886s] -- Installing: /home/robotics_roomba_2/slam2d/src/install/tmf882x_interfaces/share/ament_index/resource_index/packages/tmf882x_interfaces
[25.889s] -- Installing: /home/robotics_roomba_2/slam2d/src/install/tmf882x_interfaces/share/tmf882x_interfaces/cmake/export_tmf882x_interfaces__rosidl_generator_cExport.cmake
[25.890s] -- Installing: /home/robotics_roomba_2/slam2d/src/install/tmf882x_interfaces/share/tmf882x_interfaces/cmake/export_tmf882x_interfaces__rosidl_generator_cExport-noconfig.cmake
[25.892s] -- Installing: /home/robotics_roomba_2/slam2d/src/install/tmf882x_interfaces/share/tmf882x_interfaces/cmake/export_tmf882x_interfaces__rosidl_typesupport_fastrtps_cExport.cmake
[25.894s] -- Installing: /home/robotics_roomba_2/slam2d/src/install/tmf882x_interfaces/share/tmf882x_interfaces/cmake/export_tmf882x_interfaces__rosidl_typesupport_fastrtps_cExport-noconfig.cmake
[25.896s] -- Installing: /home/robotics_roomba_2/slam2d/src/install/tmf882x_interfaces/share/tmf882x_interfaces/cmake/tmf882x_interfaces__rosidl_typesupport_introspection_cExport.cmake
[25.898s] -- Installing: /home/robotics_roomba_2/slam2d/src/install/tmf882x_interfaces/share/tmf882x_interfaces/cmake/tmf882x_interfaces__rosidl_typesupport_introspection_cExport-noconfig.cmake
[25.900s] -- Installing: /home/robotics_roomba_2/slam2d/src/install/tmf882x_interfaces/share/tmf882x_interfaces/cmake/tmf882x_interfaces__rosidl_typesupport_cExport.cmake
[25.901s] -- Installing: /home/robotics_roomba_2/slam2d/src/install/tmf882x_interfaces/share/tmf882x_interfaces/cmake/tmf882x_interfaces__rosidl_typesupport_cExport-noconfig.cmake
[25.903s] -- Installing: /home/robotics_roomba_2/slam2d/src/install/tmf882x_interfaces/share/tmf882x_interfaces/cmake/export_tmf882x_interfaces__rosidl_generator_cppExport.cmake
[25.905s] -- Installing: /home/robotics_roomba_2/slam2d/src/install/tmf882x_interfaces/share/tmf882x_interfaces/cmake/export_tmf882x_interfaces__rosidl_typesupport_fastrtps_cppExport.cmake
[25.907s] -- Installing: /home/robotics_roomba_2/slam2d/src/install/tmf882x_interfaces/share/tmf882x_interfaces/cmake/export_tmf882x_interfaces__rosidl_typesupport_fastrtps_cppExport-noconfig.cmake
[25.909s] -- Installing: /home/robotics_roomba_2/slam2d/src/install/tmf882x_interfaces/share/tmf882x_interfaces/cmake/tmf882x_interfaces__rosidl_typesupport_introspection_cppExport.cmake
[25.911s] -- Installing: /home/robotics_roomba_2/slam2d/src/install/tmf882x_interfaces/share/tmf882x_interfaces/cmake/tmf882x_interfaces__rosidl_typesupport_introspection_cppExport-noconfig.cmake
[25.913s] -- Installing: /home/robotics_roomba_2/slam2d/src/install/tmf882x_interfaces/share/tmf882x_interfaces/cmake/tmf882x_interfaces__rosidl_typesupport_cppExport.cmake
[25.915s] -- Installing: /home/robotics_roomba_2/slam2d/src/install/tmf882x_interfaces/share/tmf882x_interfaces/cmake/tmf882x_interfaces__rosidl_typesupport_cppExport-noconfig.cmake
[25.917s] -- Installing: /home/robotics_roomba_2/slam2d/src/install/tmf882x_interfaces/share/tmf882x_interfaces/cmake/export_tmf882x_interfaces__rosidl_generator_pyExport.cmake
[25.918s] -- Installing: /home/robotics_roomba_2/slam2d/src/install/tmf882x_interfaces/share/tmf882x_interfaces/cmake/export_tmf882x_interfaces__rosidl_generator_pyExport-noconfig.cmake
[25.920s] -- Installing: /home/robotics_roomba_2/slam2d/src/install/tmf882x_interfaces/share/tmf882x_interfaces/cmake/rosidl_cmake-extras.cmake
[25.922s] -- Installing: /home/robotics_roomba_2/slam2d/src/install/tmf882x_interfaces/share/tmf882x_interfaces/cmake/ament_cmake_export_include_directories-extras.cmake
[25.923s] -- Installing: /home/robotics_roomba_2/slam2d/src/install/tmf882x_interfaces/share/tmf882x_interfaces/cmake/ament_cmake_export_libraries-extras.cmake
[25.925s] -- Installing: /home/robotics_roomba_2/slam2d/src/install/tmf882x_interfaces/share/tmf882x_interfaces/cmake/ament_cmake_export_targets-extras.cmake
[25.927s] -- Installing: /home/robotics_roomba_2/slam2d/src/install/tmf882x_interfaces/share/tmf882x_interfaces/cmake/rosidl_cmake_export_typesupport_targets-extras.cmake
[25.928s] -- Installing: /home/robotics_roomba_2/slam2d/src/install/tmf882x_interfaces/share/tmf882x_interfaces/cmake/ament_cmake_export_dependencies-extras.cmake
[25.930s] -- Installing: /home/robotics_roomba_2/slam2d/src/install/tmf882x_interfaces/share/tmf882x_interfaces/cmake/rosidl_cmake_export_typesupport_libraries-extras.cmake
[25.932s] -- Installing: /home/robotics_roomba_2/slam2d/src/install/tmf882x_interfaces/share/tmf882x_interfaces/cmake/tmf882x_interfacesConfig.cmake
[25.933s] -- Installing: /home/robotics_roomba_2/slam2d/src/install/tmf882x_interfaces/share/tmf882x_interfaces/cmake/tmf882x_interfacesConfig-version.cmake
[25.934s] -- Installing: /home/robotics_roomba_2/slam2d/src/install/tmf882x_interfaces/share/tmf882x_interfaces/package.xml
[25.952s] Invoked command in '/home/robotics_roomba_2/slam2d/src/build/tmf882x_interfaces' returned '0': CMAKE_PREFIX_PATH=${CMAKE_PREFIX_PATH}:/home/robotics_roomba_2/slam2d/install/create3_teleop:/home/robotics_roomba_2/slam2d/install/create3_examples_py:/opt/ros/humble /usr/bin/cmake --install /home/robotics_roomba_2/slam2d/src/build/tmf882x_interfaces
